2025-05-25 04:48:35   --- Hyperparameters ---
2025-05-25 04:48:35   model = AAConvNet(
2025-05-25 04:48:35     (conv_layer): Sequential(
2025-05-25 04:48:35       (0): Conv1d(22, 64, kernel_size=(1,), stride=(1,))
2025-05-25 04:48:35       (1): ReLU()
2025-05-25 04:48:35       (2): AvgPool1d(kernel_size=(4851,), stride=(4851,), padding=(0,))
2025-05-25 04:48:35       (3): Dropout(p=0.2, inplace=False)
2025-05-25 04:48:35     )
2025-05-25 04:48:35     (dense_layer): Linear(in_features=64, out_features=1, bias=True)
2025-05-25 04:48:35   )
2025-05-25 04:48:35   split_proportion = 0.9
2025-05-25 04:48:35   batch_pad_sequences = False
2025-05-25 04:48:35   learning_rate = 0.01
2025-05-25 04:48:35   batch_size = 64
2025-05-25 04:48:35   max_epochs = 500
2025-05-25 04:48:35   early_stopping_patience = 20
2025-05-25 04:48:35   --- Creating loaders ---
2025-05-25 04:48:35   --- nvidia-smi output ---
2025-05-25 04:48:35   nvidia-smi cannot be run: Command 'nvidia-smi' returned non-zero exit status 18.
2025-05-25 04:48:35   --- Training start ---
2025-05-25 04:48:35   Start training using cuda device.
2025-05-25 04:48:35   Number of model parameters: 1537.
2025-05-25 04:48:35   Epoch   Train loss   Valid loss   Valid acc    F1-score        Lr   Best
2025-05-25 04:48:35   ------------------------------------------------------------------------
2025-05-25 04:48:37       1        0.683        0.682       0.372       0.000   0.00000      *
2025-05-25 04:48:39       2        0.665        0.658       0.372       0.000   0.00250      *
2025-05-25 04:48:40       3        0.658        0.647       0.503       0.500   0.00500      *
2025-05-25 04:48:41       4        0.641        0.622       0.674       0.793   0.00750      *
2025-05-25 04:48:43       5        0.612        0.586       0.703       0.809   0.01000      *
2025-05-25 04:48:45       6        0.583        0.553       0.772       0.844   0.00990      *
2025-05-25 04:48:46       7        0.547        0.511       0.754       0.836   0.00980      *
2025-05-25 04:48:48       8        0.503        0.476       0.828       0.880   0.00970      *
2025-05-25 04:48:49       9        0.460        0.430       0.818       0.873   0.00961      *
2025-05-25 04:48:51      10        0.422        0.390       0.821       0.875   0.00951      *
2025-05-25 04:48:52      11        0.383        0.353       0.851       0.894   0.00941      *
2025-05-25 04:48:54      12        0.349        0.323       0.892       0.921   0.00932      *
2025-05-25 04:48:55      13        0.324        0.295       0.872       0.907   0.00923      *
2025-05-25 04:48:57      14        0.296        0.272       0.921       0.940   0.00914      *
2025-05-25 04:48:58      15        0.275        0.252       0.938       0.953   0.00904      *
2025-05-25 04:49:00      16        0.257        0.233       0.944       0.957   0.00895      *
2025-05-25 04:49:02      17        0.241        0.218       0.954       0.965   0.00886      *
2025-05-25 04:49:03      18        0.227        0.206       0.962       0.970   0.00878      *
2025-05-25 04:49:04      19        0.215        0.195       0.967       0.974   0.00869      *
2025-05-25 04:49:06      20        0.204        0.186       0.972       0.978   0.00860      *
2025-05-25 04:49:07      21        0.194        0.176       0.972       0.978   0.00851      *
2025-05-25 04:49:08      22        0.185        0.167       0.967       0.974   0.00843      *
2025-05-25 04:49:10      23        0.178        0.160       0.967       0.974   0.00835      *
2025-05-25 04:49:11      24        0.171        0.153       0.972       0.978   0.00826      *
2025-05-25 04:49:12      25        0.165        0.147       0.969       0.976   0.00818      *
2025-05-25 04:49:14      26        0.159        0.142       0.974       0.980   0.00810      *
2025-05-25 04:49:15      27        0.153        0.137       0.977       0.982   0.00802      *
2025-05-25 04:49:17      28        0.148        0.133       0.982       0.986   0.00794      *
2025-05-25 04:49:18      29        0.147        0.133       0.990       0.992   0.00786       
2025-05-25 04:49:20      30        0.140        0.124       0.977       0.982   0.00778      *
2025-05-25 04:49:21      31        0.136        0.120       0.977       0.982   0.00770      *
2025-05-25 04:49:22      32        0.132        0.118       0.982       0.986   0.00762      *
2025-05-25 04:49:23      33        0.129        0.115       0.982       0.986   0.00755      *
2025-05-25 04:49:25      34        0.127        0.112       0.977       0.982   0.00747      *
2025-05-25 04:49:27      35        0.124        0.109       0.977       0.982   0.00740      *
2025-05-25 04:49:28      36        0.121        0.106       0.982       0.986   0.00732      *
2025-05-25 04:49:29      37        0.118        0.105       0.985       0.988   0.00725      *
2025-05-25 04:49:31      38        0.116        0.103       0.985       0.988   0.00718      *
2025-05-25 04:49:32      39        0.114        0.101       0.985       0.988   0.00711      *
2025-05-25 04:49:34      40        0.112        0.099       0.985       0.988   0.00703      *
2025-05-25 04:49:36      41        0.110        0.099       0.990       0.992   0.00696       
2025-05-25 04:49:37      42        0.109        0.097       0.982       0.986   0.00689      *
2025-05-25 04:49:39      43        0.106        0.095       0.985       0.988   0.00683      *
2025-05-25 04:49:40      44        0.105        0.093       0.985       0.988   0.00676      *
2025-05-25 04:49:42      45        0.105        0.091       0.982       0.986   0.00669      *
2025-05-25 04:49:44      46        0.102        0.090       0.985       0.988   0.00662      *
2025-05-25 04:49:45      47        0.100        0.089       0.990       0.992   0.00656      *
2025-05-25 04:49:47      48        0.099        0.088       0.985       0.988   0.00649      *
2025-05-25 04:49:48      49        0.097        0.087       0.990       0.992   0.00643      *
2025-05-25 04:49:50      50        0.096        0.086       0.987       0.990   0.00636      *
2025-05-25 04:49:51      51        0.095        0.085       0.987       0.990   0.00630      *
2025-05-25 04:49:53      52        0.094        0.084       0.990       0.992   0.00624      *
2025-05-25 04:49:54      53        0.093        0.083       0.987       0.990   0.00617      *
2025-05-25 04:49:56      54        0.092        0.083       0.990       0.992   0.00611      *
2025-05-25 04:49:57      55        0.091        0.081       0.990       0.992   0.00605      *
2025-05-25 04:49:58      56        0.090        0.080       0.990       0.992   0.00599      *
2025-05-25 04:50:00      57        0.089        0.080       0.990       0.992   0.00593      *
2025-05-25 04:50:01      58        0.089        0.079       0.990       0.992   0.00587      *
2025-05-25 04:50:03      59        0.088        0.079       0.990       0.992   0.00581      *
2025-05-25 04:50:04      60        0.087        0.078       0.990       0.992   0.00575      *
2025-05-25 04:50:05      61        0.086        0.078       0.990       0.992   0.00570      *
2025-05-25 04:50:07      62        0.086        0.077       0.990       0.992   0.00564      *
2025-05-25 04:50:08      63        0.086        0.076       0.987       0.990   0.00558      *
2025-05-25 04:50:09      64        0.084        0.075       0.990       0.992   0.00553      *
2025-05-25 04:50:11      65        0.083        0.075       0.990       0.992   0.00547      *
2025-05-25 04:50:12      66        0.083        0.074       0.990       0.992   0.00542      *
2025-05-25 04:50:13      67        0.082        0.074       0.990       0.992   0.00536      *
2025-05-25 04:50:15      68        0.082        0.073       0.990       0.992   0.00531      *
2025-05-25 04:50:16      69        0.081        0.073       0.990       0.992   0.00526      *
2025-05-25 04:50:18      70        0.080        0.072       0.990       0.992   0.00520      *
2025-05-25 04:50:19      71        0.080        0.072       0.990       0.992   0.00515      *
2025-05-25 04:50:20      72        0.080        0.073       0.990       0.992   0.00510       
2025-05-25 04:50:22      73        0.079        0.071       0.990       0.992   0.00505      *
2025-05-25 04:50:23      74        0.078        0.071       0.990       0.992   0.00500      *
2025-05-25 04:50:25      75        0.078        0.070       0.990       0.992   0.00495      *
2025-05-25 04:50:26      76        0.077        0.070       0.990       0.992   0.00490      *
2025-05-25 04:50:28      77        0.077        0.069       0.990       0.992   0.00485      *
2025-05-25 04:50:29      78        0.077        0.069       0.990       0.992   0.00480      *
2025-05-25 04:50:30      79        0.077        0.068       0.990       0.992   0.00475      *
2025-05-25 04:50:32      80        0.076        0.068       0.990       0.992   0.00471      *
2025-05-25 04:50:33      81        0.076        0.067       0.990       0.992   0.00466      *
2025-05-25 04:50:34      82        0.075        0.067       0.990       0.992   0.00461      *
2025-05-25 04:50:36      83        0.075        0.066       0.990       0.992   0.00457      *
2025-05-25 04:50:37      84        0.074        0.067       0.990       0.992   0.00452       
2025-05-25 04:50:38      85        0.074        0.066       0.990       0.992   0.00448      *
2025-05-25 04:50:40      86        0.073        0.066       0.990       0.992   0.00443      *
2025-05-25 04:50:41      87        0.073        0.066       0.990       0.992   0.00439      *
2025-05-25 04:50:42      88        0.072        0.065       0.990       0.992   0.00434      *
2025-05-25 04:50:44      89        0.073        0.065       0.990       0.992   0.00430      *
2025-05-25 04:50:45      90        0.072        0.065       0.990       0.992   0.00426      *
2025-05-25 04:50:46      91        0.072        0.064       0.990       0.992   0.00421      *
2025-05-25 04:50:48      92        0.071        0.064       0.990       0.992   0.00417      *
2025-05-25 04:50:49      93        0.071        0.064       0.990       0.992   0.00413      *
2025-05-25 04:50:51      94        0.071        0.064       0.990       0.992   0.00409      *
2025-05-25 04:50:52      95        0.071        0.064       0.990       0.992   0.00405      *
2025-05-25 04:50:53      96        0.070        0.063       0.990       0.992   0.00401      *
2025-05-25 04:50:55      97        0.070        0.063       0.990       0.992   0.00397      *
2025-05-25 04:50:56      98        0.070        0.063       0.990       0.992   0.00393      *
2025-05-25 04:50:57      99        0.069        0.062       0.990       0.992   0.00389      *
2025-05-25 04:50:59     100        0.069        0.062       0.990       0.992   0.00385       
2025-05-25 04:51:00     101        0.069        0.062       0.990       0.992   0.00381      *
2025-05-25 04:51:02     102        0.068        0.062       0.990       0.992   0.00377      *
2025-05-25 04:51:03     103        0.068        0.062       0.990       0.992   0.00373      *
2025-05-25 04:51:05     104        0.068        0.062       0.990       0.992   0.00370      *
2025-05-25 04:51:06     105        0.068        0.061       0.990       0.992   0.00366      *
2025-05-25 04:51:07     106        0.067        0.061       0.990       0.992   0.00362      *
2025-05-25 04:51:09     107        0.067        0.061       0.990       0.992   0.00359      *
2025-05-25 04:51:10     108        0.067        0.061       0.990       0.992   0.00355       
2025-05-25 04:51:12     109        0.068        0.060       0.990       0.992   0.00352      *
2025-05-25 04:51:13     110        0.067        0.060       0.990       0.992   0.00348      *
2025-05-25 04:51:14     111        0.068        0.061       0.990       0.992   0.00345       
2025-05-25 04:51:16     112        0.067        0.059       0.990       0.992   0.00341      *
2025-05-25 04:51:17     113        0.066        0.059       0.990       0.992   0.00338      *
2025-05-25 04:51:18     114        0.067        0.060       0.990       0.992   0.00334       
2025-05-25 04:51:20     115        0.069        0.061       0.995       0.996   0.00331       
2025-05-25 04:51:22     116        0.065        0.059       0.990       0.992   0.00328      *
2025-05-25 04:51:23     117        0.065        0.059       0.990       0.992   0.00324       
2025-05-25 04:51:25     118        0.065        0.059       0.990       0.992   0.00321       
2025-05-25 04:51:26     119        0.065        0.059       0.990       0.992   0.00318      *
2025-05-25 04:51:28     120        0.065        0.059       0.990       0.992   0.00315       
2025-05-25 04:51:29     121        0.065        0.059       0.990       0.992   0.00312       
2025-05-25 04:51:31     122        0.065        0.059       0.990       0.992   0.00309      *
2025-05-25 04:51:32     123        0.064        0.059       0.990       0.992   0.00305      *
2025-05-25 04:51:34     124        0.064        0.059       0.990       0.992   0.00302      *
2025-05-25 04:51:36     125        0.064        0.059       0.990       0.992   0.00299      *
2025-05-25 04:51:37     126        0.064        0.059       0.990       0.992   0.00296       
2025-05-25 04:51:39     127        0.064        0.059       0.990       0.992   0.00293      *
2025-05-25 04:51:41     128        0.064        0.058       0.990       0.992   0.00290      *
2025-05-25 04:51:42     129        0.064        0.058       0.990       0.992   0.00288      *
2025-05-25 04:51:44     130        0.063        0.058       0.990       0.992   0.00285      *
2025-05-25 04:51:45     131        0.063        0.058       0.990       0.992   0.00282      *
2025-05-25 04:51:47     132        0.063        0.057       0.990       0.992   0.00279      *
2025-05-25 04:51:48     133        0.063        0.057       0.990       0.992   0.00276      *
2025-05-25 04:51:50     134        0.063        0.057       0.990       0.992   0.00273       
2025-05-25 04:51:51     135        0.063        0.057       0.990       0.992   0.00271      *
2025-05-25 04:51:53     136        0.063        0.057       0.990       0.992   0.00268      *
2025-05-25 04:51:54     137        0.062        0.057       0.990       0.992   0.00265       
2025-05-25 04:51:56     138        0.062        0.057       0.990       0.992   0.00263      *
2025-05-25 04:51:57     139        0.062        0.057       0.990       0.992   0.00260      *
2025-05-25 04:51:59     140        0.062        0.057       0.990       0.992   0.00257      *
2025-05-25 04:52:01     141        0.062        0.057       0.990       0.992   0.00255      *
2025-05-25 04:52:02     142        0.062        0.056       0.990       0.992   0.00252      *
2025-05-25 04:52:04     143        0.062        0.056       0.990       0.992   0.00250      *
2025-05-25 04:52:05     144        0.061        0.056       0.990       0.992   0.00247      *
2025-05-25 04:52:06     145        0.062        0.056       0.990       0.992   0.00245      *
2025-05-25 04:52:08     146        0.061        0.056       0.990       0.992   0.00242      *
2025-05-25 04:52:09     147        0.062        0.056       0.990       0.992   0.00240       
2025-05-25 04:52:10     148        0.062        0.055       0.990       0.992   0.00238      *
2025-05-25 04:52:12     149        0.061        0.055       0.990       0.992   0.00235      *
2025-05-25 04:52:13     150        0.061        0.055       0.990       0.992   0.00233      *
2025-05-25 04:52:14     151        0.061        0.055       0.990       0.992   0.00231      *
2025-05-25 04:52:16     152        0.061        0.055       0.990       0.992   0.00228      *
2025-05-25 04:52:17     153        0.061        0.055       0.990       0.992   0.00226      *
2025-05-25 04:52:19     154        0.061        0.055       0.990       0.992   0.00224      *
2025-05-25 04:52:21     155        0.060        0.055       0.990       0.992   0.00221      *
2025-05-25 04:52:22     156        0.060        0.055       0.990       0.992   0.00219       
2025-05-25 04:52:24     157        0.060        0.055       0.990       0.992   0.00217       
2025-05-25 04:52:25     158        0.060        0.055       0.990       0.992   0.00215       
2025-05-25 04:52:26     159        0.060        0.055       0.990       0.992   0.00213       
2025-05-25 04:52:28     160        0.060        0.055       0.990       0.992   0.00211       
2025-05-25 04:52:29     161        0.060        0.054       0.990       0.992   0.00208      *
2025-05-25 04:52:30     162        0.060        0.054       0.990       0.992   0.00206      *
2025-05-25 04:52:32     163        0.060        0.054       0.990       0.992   0.00204      *
2025-05-25 04:52:33     164        0.059        0.054       0.990       0.992   0.00202       
2025-05-25 04:52:35     165        0.060        0.054       0.990       0.992   0.00200      *
2025-05-25 04:52:39     166        0.060        0.054       0.990       0.992   0.00198      *
2025-05-25 04:52:41     167        0.059        0.054       0.990       0.992   0.00196      *
2025-05-25 04:52:42     168        0.059        0.054       0.990       0.992   0.00194      *
2025-05-25 04:52:44     169        0.059        0.054       0.990       0.992   0.00192       
2025-05-25 04:52:45     170        0.059        0.054       0.990       0.992   0.00190       
2025-05-25 04:52:47     171        0.059        0.054       0.990       0.992   0.00189       
2025-05-25 04:52:48     172        0.059        0.054       0.990       0.992   0.00187       
2025-05-25 04:52:49     173        0.059        0.054       0.990       0.992   0.00185      *
2025-05-25 04:52:51     174        0.059        0.054       0.990       0.992   0.00183      *
2025-05-25 04:52:52     175        0.059        0.054       0.990       0.992   0.00181       
2025-05-25 04:52:53     176        0.059        0.054       0.990       0.992   0.00179       
2025-05-25 04:52:54     177        0.059        0.054       0.990       0.992   0.00178      *
2025-05-25 04:52:56     178        0.059        0.054       0.990       0.992   0.00176      *
2025-05-25 04:52:57     179        0.059        0.054       0.990       0.992   0.00174      *
2025-05-25 04:52:58     180        0.058        0.054       0.990       0.992   0.00172      *
2025-05-25 04:53:00     181        0.058        0.053       0.990       0.992   0.00171      *
2025-05-25 04:53:01     182        0.058        0.053       0.990       0.992   0.00169      *
2025-05-25 04:53:02     183        0.058        0.053       0.990       0.992   0.00167      *
2025-05-25 04:53:03     184        0.058        0.053       0.990       0.992   0.00165      *
2025-05-25 04:53:05     185        0.058        0.053       0.990       0.992   0.00164      *
2025-05-25 04:53:06     186        0.058        0.053       0.990       0.992   0.00162      *
2025-05-25 04:53:07     187        0.058        0.053       0.990       0.992   0.00161      *
2025-05-25 04:53:09     188        0.058        0.053       0.990       0.992   0.00159       
2025-05-25 04:53:10     189        0.058        0.053       0.990       0.992   0.00157       
2025-05-25 04:53:11     190        0.058        0.053       0.990       0.992   0.00156      *
2025-05-25 04:53:13     191        0.058        0.053       0.990       0.992   0.00154      *
2025-05-25 04:53:14     192        0.058        0.053       0.990       0.992   0.00153       
2025-05-25 04:53:15     193        0.058        0.053       0.990       0.992   0.00151      *
2025-05-25 04:53:17     194        0.058        0.053       0.990       0.992   0.00150      *
2025-05-25 04:53:19     195        0.058        0.053       0.990       0.992   0.00148       
2025-05-25 04:53:20     196        0.058        0.053       0.990       0.992   0.00147      *
2025-05-25 04:53:22     197        0.058        0.053       0.990       0.992   0.00145       
2025-05-25 04:53:23     198        0.058        0.053       0.990       0.992   0.00144      *
2025-05-25 04:53:24     199        0.058        0.053       0.990       0.992   0.00142      *
2025-05-25 04:53:26     200        0.057        0.053       0.990       0.992   0.00141       
2025-05-25 04:53:27     201        0.057        0.053       0.990       0.992   0.00139      *
2025-05-25 04:53:28     202        0.057        0.053       0.990       0.992   0.00138      *
2025-05-25 04:53:30     203        0.057        0.053       0.990       0.992   0.00137      *
2025-05-25 04:53:31     204        0.057        0.052       0.990       0.992   0.00135      *
2025-05-25 04:53:32     205        0.057        0.052       0.990       0.992   0.00134      *
2025-05-25 04:53:34     206        0.057        0.052       0.990       0.992   0.00133      *
2025-05-25 04:53:35     207        0.057        0.052       0.990       0.992   0.00131       
2025-05-25 04:53:36     208        0.057        0.052       0.990       0.992   0.00130       
2025-05-25 04:53:38     209        0.057        0.052       0.990       0.992   0.00129       
2025-05-25 04:53:39     210        0.057        0.052       0.990       0.992   0.00127       
2025-05-25 04:53:40     211        0.057        0.052       0.990       0.992   0.00126      *
2025-05-25 04:53:42     212        0.057        0.052       0.990       0.992   0.00125      *
2025-05-25 04:53:43     213        0.057        0.053       0.990       0.992   0.00124       
2025-05-25 04:53:44     214        0.057        0.052       0.990       0.992   0.00122      *
2025-05-25 04:53:46     215        0.057        0.052       0.990       0.992   0.00121       
2025-05-25 04:53:47     216        0.057        0.052       0.990       0.992   0.00120       
2025-05-25 04:53:48     217        0.057        0.052       0.990       0.992   0.00119      *
2025-05-25 04:53:50     218        0.057        0.052       0.990       0.992   0.00118      *
2025-05-25 04:53:51     219        0.057        0.052       0.990       0.992   0.00116      *
2025-05-25 04:53:52     220        0.057        0.052       0.990       0.992   0.00115      *
2025-05-25 04:53:54     221        0.057        0.052       0.990       0.992   0.00114      *
2025-05-25 04:53:55     222        0.057        0.052       0.990       0.992   0.00113       
2025-05-25 04:53:56     223        0.057        0.052       0.990       0.992   0.00112      *
2025-05-25 04:53:58     224        0.057        0.052       0.990       0.992   0.00111       
2025-05-25 04:53:59     225        0.057        0.052       0.990       0.992   0.00110       
2025-05-25 04:54:00     226        0.057        0.052       0.990       0.992   0.00108       
2025-05-25 04:54:02     227        0.057        0.052       0.990       0.992   0.00107      *
2025-05-25 04:54:03     228        0.056        0.052       0.990       0.992   0.00106       
2025-05-25 04:54:04     229        0.056        0.052       0.990       0.992   0.00105      *
2025-05-25 04:54:06     230        0.056        0.052       0.990       0.992   0.00104      *
2025-05-25 04:54:07     231        0.056        0.052       0.990       0.992   0.00103      *
2025-05-25 04:54:08     232        0.057        0.052       0.990       0.992   0.00102       
2025-05-25 04:54:10     233        0.056        0.052       0.990       0.992   0.00101       
2025-05-25 04:54:11     234        0.056        0.052       0.990       0.992   0.00100      *
2025-05-25 04:54:12     235        0.056        0.052       0.990       0.992   0.00099      *
2025-05-25 04:54:14     236        0.056        0.052       0.990       0.992   0.00098       
2025-05-25 04:54:15     237        0.056        0.052       0.990       0.992   0.00097       
2025-05-25 04:54:16     238        0.056        0.052       0.990       0.992   0.00096       
2025-05-25 04:54:17     239        0.056        0.052       0.990       0.992   0.00095       
2025-05-25 04:54:19     240        0.056        0.052       0.990       0.992   0.00094       
2025-05-25 04:54:20     241        0.056        0.052       0.990       0.992   0.00093       
2025-05-25 04:54:21     242        0.056        0.052       0.990       0.992   0.00092       
2025-05-25 04:54:23     243        0.056        0.052       0.990       0.992   0.00091       
2025-05-25 04:54:24     244        0.056        0.052       0.990       0.992   0.00091       
2025-05-25 04:54:25     245        0.056        0.052       0.990       0.992   0.00090       
2025-05-25 04:54:26     246        0.056        0.052       0.990       0.992   0.00089       
2025-05-25 04:54:28     247        0.056        0.052       0.990       0.992   0.00088       
2025-05-25 04:54:29     248        0.056        0.052       0.990       0.992   0.00087       
2025-05-25 04:54:30     249        0.056        0.052       0.990       0.992   0.00086       
2025-05-25 04:54:32     250        0.056        0.052       0.990       0.992   0.00085       
2025-05-25 04:54:33     251        0.056        0.052       0.990       0.992   0.00084       
2025-05-25 04:54:35     252        0.056        0.052       0.990       0.992   0.00084       
2025-05-25 04:54:37     253        0.056        0.052       0.990       0.992   0.00083       
2025-05-25 04:54:38     254        0.056        0.052       0.990       0.992   0.00082      *
2025-05-25 04:54:39     255        0.056        0.052       0.990       0.992   0.00081      *
2025-05-25 04:54:41     256        0.056        0.052       0.990       0.992   0.00080       
2025-05-25 04:54:42     257        0.056        0.052       0.990       0.992   0.00079      *
2025-05-25 04:54:43     258        0.056        0.052       0.990       0.992   0.00079       
2025-05-25 04:54:45     259        0.056        0.052       0.990       0.992   0.00078       
2025-05-25 04:54:46     260        0.056        0.051       0.990       0.992   0.00077      *
2025-05-25 04:54:47     261        0.056        0.051       0.990       0.992   0.00076      *
2025-05-25 04:54:49     262        0.056        0.051       0.990       0.992   0.00076       
2025-05-25 04:54:50     263        0.056        0.051       0.990       0.992   0.00075      *
2025-05-25 04:54:51     264        0.056        0.051       0.990       0.992   0.00074       
2025-05-25 04:54:53     265        0.056        0.051       0.990       0.992   0.00073      *
2025-05-25 04:54:54     266        0.056        0.051       0.990       0.992   0.00073      *
2025-05-25 04:54:55     267        0.056        0.051       0.990       0.992   0.00072      *
2025-05-25 04:54:57     268        0.056        0.051       0.990       0.992   0.00071       
2025-05-25 04:54:59     269        0.056        0.051       0.990       0.992   0.00070       
2025-05-25 04:55:00     270        0.056        0.051       0.990       0.992   0.00070       
2025-05-25 04:55:02     271        0.056        0.051       0.990       0.992   0.00069       
2025-05-25 04:55:03     272        0.056        0.051       0.990       0.992   0.00068       
2025-05-25 04:55:04     273        0.056        0.051       0.990       0.992   0.00068       
2025-05-25 04:55:06     274        0.056        0.051       0.990       0.992   0.00067       
2025-05-25 04:55:07     275        0.056        0.051       0.990       0.992   0.00066       
2025-05-25 04:55:08     276        0.056        0.051       0.990       0.992   0.00066       
2025-05-25 04:55:09     277        0.056        0.051       0.990       0.992   0.00065       
2025-05-25 04:55:11     278        0.056        0.051       0.990       0.992   0.00064       
2025-05-25 04:55:12     279        0.056        0.051       0.990       0.992   0.00064       
2025-05-25 04:55:13     280        0.056        0.051       0.990       0.992   0.00063       
2025-05-25 04:55:15     281        0.056        0.051       0.990       0.992   0.00062       
2025-05-25 04:55:16     282        0.056        0.051       0.990       0.992   0.00062       
2025-05-25 04:55:17     283        0.056        0.051       0.990       0.992   0.00061       
2025-05-25 04:55:18     284        0.056        0.051       0.990       0.992   0.00061      *
2025-05-25 04:55:20     285        0.056        0.051       0.990       0.992   0.00060       
2025-05-25 04:55:21     286        0.056        0.051       0.990       0.992   0.00059       
2025-05-25 04:55:22     287        0.056        0.051       0.990       0.992   0.00059      *
2025-05-25 04:55:24     288        0.056        0.051       0.990       0.992   0.00058       
2025-05-25 04:55:25     289        0.056        0.051       0.990       0.992   0.00058      *
2025-05-25 04:55:26     290        0.055        0.051       0.990       0.992   0.00057      *
2025-05-25 04:55:28     291        0.055        0.051       0.990       0.992   0.00056      *
2025-05-25 04:55:29     292        0.056        0.051       0.990       0.992   0.00056       
2025-05-25 04:55:30     293        0.055        0.051       0.990       0.992   0.00055       
2025-05-25 04:55:32     294        0.055        0.051       0.990       0.992   0.00055      *
2025-05-25 04:55:33     295        0.055        0.051       0.990       0.992   0.00054      *
2025-05-25 04:55:34     296        0.055        0.051       0.990       0.992   0.00054       
2025-05-25 04:55:36     297        0.055        0.051       0.990       0.992   0.00053      *
2025-05-25 04:55:37     298        0.055        0.051       0.990       0.992   0.00053      *
2025-05-25 04:55:38     299        0.055        0.051       0.990       0.992   0.00052      *
2025-05-25 04:55:40     300        0.056        0.051       0.990       0.992   0.00052       
2025-05-25 04:55:41     301        0.055        0.051       0.990       0.992   0.00051      *
2025-05-25 04:55:42     302        0.055        0.051       0.990       0.992   0.00051      *
2025-05-25 04:55:44     303        0.055        0.051       0.990       0.992   0.00050      *
2025-05-25 04:55:45     304        0.055        0.051       0.990       0.992   0.00050      *
2025-05-25 04:55:46     305        0.055        0.051       0.990       0.992   0.00049      *
2025-05-25 04:55:48     306        0.055        0.051       0.990       0.992   0.00049      *
2025-05-25 04:55:49     307        0.055        0.051       0.990       0.992   0.00048      *
2025-05-25 04:55:50     308        0.055        0.051       0.990       0.992   0.00048       
2025-05-25 04:55:52     309        0.055        0.051       0.990       0.992   0.00047      *
2025-05-25 04:55:53     310        0.055        0.051       0.990       0.992   0.00047      *
2025-05-25 04:55:54     311        0.055        0.051       0.990       0.992   0.00046      *
2025-05-25 04:55:56     312        0.055        0.051       0.990       0.992   0.00046      *
2025-05-25 04:55:57     313        0.055        0.051       0.990       0.992   0.00045       
2025-05-25 04:55:58     314        0.055        0.051       0.990       0.992   0.00045      *
2025-05-25 04:56:00     315        0.055        0.051       0.990       0.992   0.00044      *
2025-05-25 04:56:01     316        0.055        0.051       0.990       0.992   0.00044      *
2025-05-25 04:56:03     317        0.055        0.051       0.990       0.992   0.00043       
2025-05-25 04:56:04     318        0.055        0.050       0.990       0.992   0.00043      *
2025-05-25 04:56:06     319        0.055        0.050       0.990       0.992   0.00043      *
2025-05-25 04:56:08     320        0.055        0.050       0.990       0.992   0.00042      *
2025-05-25 04:56:09     321        0.055        0.050       0.990       0.992   0.00042      *
2025-05-25 04:56:10     322        0.055        0.050       0.990       0.992   0.00041      *
2025-05-25 04:56:12     323        0.055        0.050       0.990       0.992   0.00041      *
2025-05-25 04:56:13     324        0.055        0.050       0.990       0.992   0.00041       
2025-05-25 04:56:15     325        0.055        0.050       0.990       0.992   0.00040       
2025-05-25 04:56:17     326        0.055        0.050       0.990       0.992   0.00040       
2025-05-25 04:56:18     327        0.055        0.050       0.990       0.992   0.00039       
2025-05-25 04:56:19     328        0.055        0.050       0.990       0.992   0.00039       
2025-05-25 04:56:21     329        0.055        0.050       0.990       0.992   0.00039       
2025-05-25 04:56:22     330        0.055        0.050       0.990       0.992   0.00038       
2025-05-25 04:56:23     331        0.055        0.050       0.990       0.992   0.00038       
2025-05-25 04:56:25     332        0.055        0.050       0.990       0.992   0.00037       
2025-05-25 04:56:26     333        0.055        0.050       0.990       0.992   0.00037       
2025-05-25 04:56:27     334        0.055        0.050       0.990       0.992   0.00037       
2025-05-25 04:56:29     335        0.055        0.050       0.990       0.992   0.00036       
2025-05-25 04:56:30     336        0.055        0.050       0.990       0.992   0.00036       
2025-05-25 04:56:32     337        0.055        0.050       0.990       0.992   0.00036      *
2025-05-25 04:56:33     338        0.055        0.050       0.990       0.992   0.00035       
2025-05-25 04:56:34     339        0.055        0.050       0.990       0.992   0.00035       
2025-05-25 04:56:36     340        0.055        0.050       0.990       0.992   0.00034       
2025-05-25 04:56:37     341        0.055        0.050       0.990       0.992   0.00034       
2025-05-25 04:56:38     342        0.055        0.050       0.990       0.992   0.00034       
2025-05-25 04:56:40     343        0.055        0.050       0.990       0.992   0.00033       
2025-05-25 04:56:41     344        0.055        0.050       0.990       0.992   0.00033       
2025-05-25 04:56:42     345        0.055        0.050       0.990       0.992   0.00033       
2025-05-25 04:56:44     346        0.055        0.050       0.990       0.992   0.00032      *
2025-05-25 04:56:45     347        0.055        0.050       0.990       0.992   0.00032       
2025-05-25 04:56:46     348        0.055        0.050       0.990       0.992   0.00032       
2025-05-25 04:56:48     349        0.055        0.050       0.990       0.992   0.00032       
2025-05-25 04:56:49     350        0.055        0.050       0.990       0.992   0.00031       
2025-05-25 04:56:51     351        0.055        0.050       0.990       0.992   0.00031       
2025-05-25 04:56:52     352        0.055        0.050       0.990       0.992   0.00031       
2025-05-25 04:56:53     353        0.055        0.050       0.990       0.992   0.00030       
2025-05-25 04:56:54     354        0.055        0.050       0.990       0.992   0.00030       
2025-05-25 04:56:56     355        0.055        0.050       0.990       0.992   0.00030       
2025-05-25 04:56:57     356        0.055        0.050       0.990       0.992   0.00029       
2025-05-25 04:56:58     357        0.055        0.050       0.990       0.992   0.00029       
2025-05-25 04:57:00     358        0.055        0.050       0.990       0.992   0.00029      *
2025-05-25 04:57:01     359        0.055        0.050       0.990       0.992   0.00029       
2025-05-25 04:57:03     360        0.055        0.050       0.990       0.992   0.00028       
2025-05-25 04:57:05     361        0.055        0.050       0.990       0.992   0.00028       
2025-05-25 04:57:06     362        0.055        0.050       0.990       0.992   0.00028       
2025-05-25 04:57:07     363        0.055        0.050       0.990       0.992   0.00027       
2025-05-25 04:57:09     364        0.055        0.050       0.990       0.992   0.00027       
2025-05-25 04:57:10     365        0.055        0.050       0.990       0.992   0.00027       
2025-05-25 04:57:11     366        0.055        0.050       0.990       0.992   0.00027       
2025-05-25 04:57:12     367        0.055        0.050       0.990       0.992   0.00026       
2025-05-25 04:57:14     368        0.055        0.050       0.990       0.992   0.00026       
2025-05-25 04:57:15     369        0.055        0.050       0.990       0.992   0.00026       
2025-05-25 04:57:17     370        0.055        0.050       0.990       0.992   0.00026       
2025-05-25 04:57:19     371        0.055        0.050       0.990       0.992   0.00025       
2025-05-25 04:57:20     372        0.055        0.050       0.990       0.992   0.00025       
2025-05-25 04:57:21     373        0.055        0.050       0.990       0.992   0.00025       
2025-05-25 04:57:22     374        0.055        0.050       0.990       0.992   0.00025       
2025-05-25 04:57:24     375        0.055        0.050       0.990       0.992   0.00024       
2025-05-25 04:57:25     376        0.055        0.050       0.990       0.992   0.00024       
2025-05-25 04:57:26     377        0.055        0.050       0.990       0.992   0.00024      *
2025-05-25 04:57:28     378        0.055        0.050       0.990       0.992   0.00024      *
2025-05-25 04:57:30     379        0.055        0.050       0.990       0.992   0.00023      *
2025-05-25 04:57:31     380        0.055        0.050       0.990       0.992   0.00023      *
2025-05-25 04:57:32     381        0.055        0.050       0.990       0.992   0.00023      *
2025-05-25 04:57:34     382        0.055        0.050       0.990       0.992   0.00023      *
2025-05-25 04:57:35     383        0.055        0.050       0.990       0.992   0.00022       
2025-05-25 04:57:37     384        0.055        0.050       0.990       0.992   0.00022       
2025-05-25 04:57:38     385        0.055        0.050       0.990       0.992   0.00022       
2025-05-25 04:57:40     386        0.055        0.050       0.990       0.992   0.00022       
2025-05-25 04:57:41     387        0.055        0.050       0.990       0.992   0.00022       
2025-05-25 04:57:42     388        0.055        0.050       0.990       0.992   0.00021       
2025-05-25 04:57:44     389        0.055        0.050       0.990       0.992   0.00021       
2025-05-25 04:57:45     390        0.055        0.050       0.990       0.992   0.00021       
2025-05-25 04:57:47     391        0.054        0.050       0.990       0.992   0.00021      *
2025-05-25 04:57:48     392        0.054        0.050       0.990       0.992   0.00020       
2025-05-25 04:57:50     393        0.054        0.050       0.990       0.992   0.00020       
2025-05-25 04:57:52     394        0.054        0.050       0.990       0.992   0.00020       
2025-05-25 04:57:54     395        0.054        0.050       0.990       0.992   0.00020       
2025-05-25 04:57:55     396        0.054        0.050       0.990       0.992   0.00020       
2025-05-25 04:57:57     397        0.054        0.050       0.990       0.992   0.00019       
2025-05-25 04:57:58     398        0.054        0.050       0.990       0.992   0.00019       
2025-05-25 04:57:59     399        0.054        0.050       0.990       0.992   0.00019       
2025-05-25 04:58:01     400        0.054        0.050       0.990       0.992   0.00019       
2025-05-25 04:58:02     401        0.054        0.050       0.990       0.992   0.00019       
2025-05-25 04:58:04     402        0.055        0.050       0.990       0.992   0.00019       
2025-05-25 04:58:05     403        0.054        0.050       0.990       0.992   0.00018       
2025-05-25 04:58:06     404        0.054        0.050       0.990       0.992   0.00018       
2025-05-25 04:58:08     405        0.054        0.050       0.990       0.992   0.00018       
2025-05-25 04:58:10     406        0.054        0.050       0.990       0.992   0.00018       
2025-05-25 04:58:11     407        0.054        0.050       0.990       0.992   0.00018       
2025-05-25 04:58:12     408        0.054        0.050       0.990       0.992   0.00017       
2025-05-25 04:58:14     409        0.054        0.050       0.990       0.992   0.00017       
2025-05-25 04:58:15     410        0.054        0.050       0.990       0.992   0.00017       
2025-05-25 04:58:16     411        0.054        0.050       0.990       0.992   0.00017       
2025-05-25 04:58:16   --- Training ended ---
2025-05-25 04:58:16   Number of model parameters: 1537
2025-05-25 04:58:16   Training time: 0:09:41
2025-05-25 04:58:16   Best epoch: 391
2025-05-25 04:58:16   Best valid loss: 0.050
2025-05-25 04:58:16   Best valid accuracy (macro): 0.990
2025-05-25 04:58:16   Best F1 score: 0.992
