2025-05-24 20:51:21   --- Preprocessing base data ---
2025-05-24 20:51:21   Tokenizing real alignments...
2025-05-24 20:51:22   Removing sequences with ambiguous tokens...
2025-05-24 20:51:22   0/20290 sequences have been removed from 0/1497 alignements due to ambiguous sites.
2025-05-24 20:51:22   Tokenizing simulated alignments...
2025-05-24 20:51:22   Removing sequences with ambiguous tokens...
2025-05-24 20:51:22   0/17109 sequences have been removed from 0/2413 alignements due to ambiguous sites.
2025-05-24 20:51:22   Checking alignments...
2025-05-24 20:51:22   30 renamed keys in simulated aligns.
2025-05-24 20:51:22   Creating labels...
2025-05-24 20:51:22   Merging aligns and labels...
2025-05-24 20:51:22   Total number of alignments: 3910
2025-05-24 20:51:22   --- Start running LogisticRegressionClassifier ---
2025-05-24 20:51:23   --- End running LogisticRegressionClassifier ---
2025-05-24 20:51:23   --- Start running DenseMsaClassifier ---
2025-05-24 20:51:55   --- End running DenseMsaClassifier ---
2025-05-24 20:51:55   --- Start running DenseSiteClassifier ---
2025-05-24 20:52:23   --- End running DenseSiteClassifier ---
2025-05-24 20:52:23   --- Start running AACnnClassifier ---
2025-05-24 20:57:04   --- End running AACnnClassifier ---
