2025-05-25 02:52:42   --- Preprocessing base data ---
2025-05-25 02:52:42   Tokenizing real alignments...
2025-05-25 02:52:42   Removing sequences with ambiguous tokens...
2025-05-25 02:52:42   0/20290 sequences have been removed from 0/1497 alignements due to ambiguous sites.
2025-05-25 02:52:42   Tokenizing simulated alignments...
2025-05-25 02:52:43   Removing sequences with ambiguous tokens...
2025-05-25 02:52:43   0/17109 sequences have been removed from 0/2413 alignements due to ambiguous sites.
2025-05-25 02:52:43   Checking alignments...
2025-05-25 02:52:43   30 renamed keys in simulated aligns.
2025-05-25 02:52:43   Creating labels...
2025-05-25 02:52:43   Merging aligns and labels...
2025-05-25 02:52:43   Total number of alignments: 3910
2025-05-25 02:52:43   --- Start running LogisticRegressionClassifier ---
2025-05-25 02:52:47   --- End running LogisticRegressionClassifier ---
2025-05-25 02:52:47   --- Start running DenseMsaClassifier ---
2025-05-25 02:53:32   --- End running DenseMsaClassifier ---
2025-05-25 02:53:32   --- Start running DenseSiteClassifier ---
2025-05-25 02:54:05   --- End running DenseSiteClassifier ---
2025-05-25 02:54:05   --- Start running AACnnClassifier ---
2025-05-25 02:58:02   --- End running AACnnClassifier ---
