2025-11-07 17:40:10   --- Preprocessing base data ---
2025-11-07 17:40:10   Tokenizing real alignments...
2025-11-07 17:40:10   Removing sequences with ambiguous tokens...
2025-11-07 17:40:10   0/11037 sequences have been removed from 0/861 alignements due to ambiguous sites.
2025-11-07 17:40:10   Tokenizing simulated alignments...
2025-11-07 17:40:11   Removing sequences with ambiguous tokens...
2025-11-07 17:40:11   0/11037 sequences have been removed from 0/861 alignements due to ambiguous sites.
2025-11-07 17:40:11   Checking alignments...
2025-11-07 17:40:11   861 renamed keys in simulated aligns.
2025-11-07 17:40:11   Creating labels...
2025-11-07 17:40:11   Merging aligns and labels...
2025-11-07 17:40:11   Total number of alignments: 1722
2025-11-07 17:40:11   --- Start running LogisticRegressionClassifier ---
2025-11-07 17:40:12   --- End running LogisticRegressionClassifier ---
2025-11-07 17:40:12   --- Start running DenseMsaClassifier ---
2025-11-07 17:40:15   --- End running DenseMsaClassifier ---
2025-11-07 17:40:15   --- Start running DenseSiteClassifier ---
2025-11-07 17:40:35   --- End running DenseSiteClassifier ---
2025-11-07 17:40:35   --- Start running AACnnClassifier ---
2025-11-07 17:48:54   --- End running AACnnClassifier ---
