2025-11-13 10:22:28   --- Preprocessing base data ---
2025-11-13 10:22:28   Tokenizing real alignments...
2025-11-13 10:22:28   Removing sequences with ambiguous tokens...
2025-11-13 10:22:28   0/11037 sequences have been removed from 0/861 alignements due to ambiguous sites.
2025-11-13 10:22:28   Tokenizing simulated alignments...
2025-11-13 10:22:29   Removing sequences with ambiguous tokens...
2025-11-13 10:22:29   0/11037 sequences have been removed from 0/861 alignements due to ambiguous sites.
2025-11-13 10:22:29   Checking alignments...
2025-11-13 10:22:29   861 renamed keys in simulated aligns.
2025-11-13 10:22:29   Creating labels...
2025-11-13 10:22:29   Merging aligns and labels...
2025-11-13 10:22:29   Total number of alignments: 1722
2025-11-13 10:22:29   --- Start running LogisticRegressionClassifier ---
2025-11-13 10:22:30   --- End running LogisticRegressionClassifier ---
2025-11-13 10:22:30   --- Start running DenseMsaClassifier ---
2025-11-13 10:22:36   --- End running DenseMsaClassifier ---
2025-11-13 10:22:36   --- Start running DenseSiteClassifier ---
2025-11-13 10:23:01   --- End running DenseSiteClassifier ---
2025-11-13 10:23:01   --- Start running AACnnClassifier ---
2025-11-13 10:34:22   --- End running AACnnClassifier ---
