2025-05-25 04:37:12   --- Hyperparameters ---
2025-05-25 04:37:12   model = DenseSiteNet(
2025-05-25 04:37:12     (dense_layer1): Sequential(
2025-05-25 04:37:12       (0): Linear(in_features=106722, out_features=100, bias=True)
2025-05-25 04:37:12       (1): ReLU()
2025-05-25 04:37:12       (2): Dropout(p=0.2, inplace=False)
2025-05-25 04:37:12     )
2025-05-25 04:37:12     (dense_layer2): Linear(in_features=100, out_features=1, bias=True)
2025-05-25 04:37:12   )
2025-05-25 04:37:12   split_proportion = 0.9
2025-05-25 04:37:12   batch_pad_sequences = False
2025-05-25 04:37:12   learning_rate = 0.01
2025-05-25 04:37:12   batch_size = 64
2025-05-25 04:37:12   max_epochs = 500
2025-05-25 04:37:12   early_stopping_patience = 20
2025-05-25 04:37:12   --- Creating loaders ---
2025-05-25 04:37:12   --- nvidia-smi output ---
2025-05-25 04:37:12   nvidia-smi cannot be run: Command 'nvidia-smi' returned non-zero exit status 18.
2025-05-25 04:37:12   --- Training start ---
2025-05-25 04:37:12   Start training using cuda device.
2025-05-25 04:37:12   Number of model parameters: 10672401.
2025-05-25 04:37:12   Epoch   Train loss   Valid loss   Valid acc    F1-score        Lr   Best
2025-05-25 04:37:12   ------------------------------------------------------------------------
2025-05-25 04:37:14       1        0.699        0.699       0.372       0.000   0.00000      *
2025-05-25 04:37:17       2        0.242        0.376       0.838       0.874   0.00250      *
2025-05-25 04:37:18       3        0.132        0.394       0.838       0.872   0.00500       
2025-05-25 04:37:19       4        0.064        0.516       0.846       0.877   0.00750       
2025-05-25 04:37:20       5        0.049        0.683       0.826       0.858   0.01000       
2025-05-25 04:37:22       6        0.026        0.700       0.831       0.864   0.00990       
2025-05-25 04:37:23       7        0.012        0.788       0.826       0.857   0.00980       
2025-05-25 04:37:24       8        0.006        0.903       0.828       0.857   0.00970       
2025-05-25 04:37:25       9        0.003        0.971       0.831       0.864   0.00961       
2025-05-25 04:37:26      10        0.002        1.035       0.828       0.861   0.00951       
2025-05-25 04:37:27      11        0.002        1.221       0.831       0.867   0.00941       
2025-05-25 04:37:28      12        0.002        1.243       0.815       0.848   0.00932       
2025-05-25 04:37:30      13        0.002        1.332       0.831       0.867   0.00923       
2025-05-25 04:37:31      14        0.001        1.215       0.828       0.861   0.00914       
2025-05-25 04:37:32      15        0.001        1.603       0.826       0.862   0.00904       
2025-05-25 04:37:34      16        0.003        1.321       0.821       0.857   0.00895       
2025-05-25 04:37:35      17        0.003        1.292       0.823       0.858   0.00886       
2025-05-25 04:37:36      18        0.002        1.278       0.818       0.851   0.00878       
2025-05-25 04:37:37      19        0.001        1.380       0.831       0.863   0.00869       
2025-05-25 04:37:38      20        0.002        1.422       0.836       0.870   0.00860       
2025-05-25 04:37:39      21        0.001        1.412       0.838       0.870   0.00851       
2025-05-25 04:37:41      22        0.022        1.861       0.828       0.872   0.00843       
2025-05-25 04:37:41   --- Training ended ---
2025-05-25 04:37:41   Number of model parameters: 10672401
2025-05-25 04:37:41   Training time: 0:00:29
2025-05-25 04:37:41   Best epoch: 2
2025-05-25 04:37:41   Best valid loss: 0.376
2025-05-25 04:37:41   Best valid accuracy (macro): 0.838
2025-05-25 04:37:41   Best F1 score: 0.874
