2025-05-25 04:18:05   --- Hyperparameters ---
2025-05-25 04:18:05   model = AAConvNet(
2025-05-25 04:18:05     (conv_layer): Sequential(
2025-05-25 04:18:05       (0): Conv1d(22, 64, kernel_size=(1,), stride=(1,))
2025-05-25 04:18:05       (1): ReLU()
2025-05-25 04:18:05       (2): AvgPool1d(kernel_size=(4851,), stride=(4851,), padding=(0,))
2025-05-25 04:18:05       (3): Dropout(p=0.2, inplace=False)
2025-05-25 04:18:05     )
2025-05-25 04:18:05     (dense_layer): Linear(in_features=64, out_features=1, bias=True)
2025-05-25 04:18:05   )
2025-05-25 04:18:05   split_proportion = 0.9
2025-05-25 04:18:05   batch_pad_sequences = False
2025-05-25 04:18:05   learning_rate = 0.01
2025-05-25 04:18:05   batch_size = 64
2025-05-25 04:18:05   max_epochs = 500
2025-05-25 04:18:05   early_stopping_patience = 20
2025-05-25 04:18:05   --- Creating loaders ---
2025-05-25 04:18:05   --- nvidia-smi output ---
2025-05-25 04:18:06   nvidia-smi cannot be run: Command 'nvidia-smi' returned non-zero exit status 18.
2025-05-25 04:18:06   --- Training start ---
2025-05-25 04:18:06   Start training using cuda device.
2025-05-25 04:18:06   Number of model parameters: 1537.
2025-05-25 04:18:06   Epoch   Train loss   Valid loss   Valid acc    F1-score        Lr   Best
2025-05-25 04:18:06   ------------------------------------------------------------------------
2025-05-25 04:18:07       1        0.691        0.691       0.372       0.000   0.00000      *
2025-05-25 04:18:09       2        0.666        0.660       0.379       0.154   0.00250      *
2025-05-25 04:18:10       3        0.665        0.658       0.372       0.000   0.00500      *
2025-05-25 04:18:11       4        0.661        0.653       0.679       0.677   0.00750      *
2025-05-25 04:18:12       5        0.654        0.643       0.685       0.740   0.01000      *
2025-05-25 04:18:14       6        0.642        0.629       0.682       0.792   0.00990      *
2025-05-25 04:18:15       7        0.626        0.612       0.669       0.791   0.00980      *
2025-05-25 04:18:16       8        0.612        0.605       0.721       0.816   0.00970      *
2025-05-25 04:18:17       9        0.593        0.576       0.672       0.793   0.00961      *
2025-05-25 04:18:19      10        0.573        0.559       0.705       0.808   0.00951      *
2025-05-25 04:18:20      11        0.564        0.548       0.700       0.807   0.00941      *
2025-05-25 04:18:21      12        0.547        0.530       0.728       0.821   0.00932      *
2025-05-25 04:18:22      13        0.534        0.524       0.772       0.845   0.00923      *
2025-05-25 04:18:24      14        0.523        0.507       0.782       0.848   0.00914      *
2025-05-25 04:18:25      15        0.512        0.498       0.792       0.853   0.00904      *
2025-05-25 04:18:26      16        0.503        0.484       0.792       0.852   0.00895      *
2025-05-25 04:18:27      17        0.495        0.477       0.795       0.855   0.00886      *
2025-05-25 04:18:29      18        0.488        0.470       0.813       0.863   0.00878      *
2025-05-25 04:18:30      19        0.482        0.463       0.818       0.866   0.00869      *
2025-05-25 04:18:31      20        0.477        0.457       0.823       0.870   0.00860      *
2025-05-25 04:18:32      21        0.473        0.456       0.826       0.873   0.00851      *
2025-05-25 04:18:34      22        0.469        0.445       0.818       0.862   0.00843      *
2025-05-25 04:18:35      23        0.464        0.442       0.818       0.866   0.00835      *
2025-05-25 04:18:36      24        0.460        0.436       0.823       0.872   0.00826      *
2025-05-25 04:18:37      25        0.456        0.432       0.826       0.872   0.00818      *
2025-05-25 04:18:39      26        0.454        0.433       0.823       0.871   0.00810       
2025-05-25 04:18:40      27        0.451        0.434       0.826       0.872   0.00802       
2025-05-25 04:18:41      28        0.447        0.422       0.826       0.869   0.00794      *
2025-05-25 04:18:42      29        0.444        0.422       0.821       0.866   0.00786      *
2025-05-25 04:18:44      30        0.442        0.418       0.833       0.874   0.00778      *
2025-05-25 04:18:45      31        0.440        0.416       0.826       0.870   0.00770      *
2025-05-25 04:18:47      32        0.438        0.413       0.826       0.871   0.00762      *
2025-05-25 04:18:48      33        0.435        0.409       0.828       0.872   0.00755      *
2025-05-25 04:18:49      34        0.434        0.411       0.828       0.872   0.00747       
2025-05-25 04:18:50      35        0.432        0.410       0.836       0.877   0.00740       
2025-05-25 04:18:52      36        0.432        0.410       0.831       0.875   0.00732       
2025-05-25 04:18:53      37        0.428        0.403       0.838       0.875   0.00725      *
2025-05-25 04:18:54      38        0.426        0.400       0.838       0.876   0.00718      *
2025-05-25 04:18:56      39        0.425        0.401       0.836       0.877   0.00711       
2025-05-25 04:18:57      40        0.423        0.397       0.838       0.876   0.00703      *
2025-05-25 04:18:58      41        0.422        0.396       0.831       0.873   0.00696      *
2025-05-25 04:18:59      42        0.424        0.397       0.833       0.869   0.00689       
2025-05-25 04:19:01      43        0.419        0.393       0.846       0.881   0.00683      *
2025-05-25 04:19:02      44        0.419        0.396       0.841       0.880   0.00676       
2025-05-25 04:19:03      45        0.418        0.394       0.833       0.875   0.00669       
2025-05-25 04:19:04      46        0.418        0.392       0.844       0.878   0.00662      *
2025-05-25 04:19:06      47        0.415        0.389       0.846       0.881   0.00656      *
2025-05-25 04:19:07      48        0.414        0.388       0.833       0.873   0.00649      *
2025-05-25 04:19:08      49        0.414        0.389       0.833       0.873   0.00643       
2025-05-25 04:19:10      50        0.413        0.387       0.846       0.881   0.00636      *
2025-05-25 04:19:11      51        0.411        0.385       0.846       0.881   0.00630      *
2025-05-25 04:19:12      52        0.411        0.385       0.846       0.881   0.00624      *
2025-05-25 04:19:14      53        0.410        0.384       0.846       0.881   0.00617      *
2025-05-25 04:19:15      54        0.413        0.390       0.844       0.884   0.00611       
2025-05-25 04:19:16      55        0.408        0.384       0.841       0.878   0.00605      *
2025-05-25 04:19:17      56        0.407        0.382       0.841       0.878   0.00599      *
2025-05-25 04:19:18      57        0.406        0.383       0.836       0.875   0.00593       
2025-05-25 04:19:20      58        0.407        0.384       0.836       0.875   0.00587       
2025-05-25 04:19:21      59        0.405        0.382       0.836       0.875   0.00581       
2025-05-25 04:19:22      60        0.406        0.381       0.856       0.888   0.00575      *
2025-05-25 04:19:23      61        0.404        0.381       0.838       0.877   0.00570      *
2025-05-25 04:19:25      62        0.403        0.380       0.841       0.878   0.00564      *
2025-05-25 04:19:26      63        0.402        0.378       0.846       0.881   0.00558      *
2025-05-25 04:19:27      64        0.401        0.378       0.838       0.876   0.00553       
2025-05-25 04:19:28      65        0.401        0.377       0.841       0.878   0.00547      *
2025-05-25 04:19:30      66        0.401        0.379       0.841       0.879   0.00542       
2025-05-25 04:19:31      67        0.400        0.378       0.841       0.878   0.00536       
2025-05-25 04:19:32      68        0.399        0.377       0.844       0.880   0.00531      *
2025-05-25 04:19:33      69        0.400        0.379       0.841       0.879   0.00526       
2025-05-25 04:19:35      70        0.398        0.377       0.841       0.878   0.00520       
2025-05-25 04:19:36      71        0.397        0.374       0.846       0.881   0.00515      *
2025-05-25 04:19:37      72        0.397        0.373       0.841       0.878   0.00510      *
2025-05-25 04:19:38      73        0.396        0.372       0.846       0.881   0.00505      *
2025-05-25 04:19:40      74        0.396        0.373       0.841       0.878   0.00500       
2025-05-25 04:19:41      75        0.395        0.372       0.844       0.880   0.00495       
2025-05-25 04:19:42      76        0.395        0.373       0.841       0.878   0.00490       
2025-05-25 04:19:43      77        0.400        0.377       0.838       0.881   0.00485       
2025-05-25 04:19:45      78        0.395        0.370       0.854       0.887   0.00480      *
2025-05-25 04:19:46      79        0.393        0.371       0.844       0.880   0.00475       
2025-05-25 04:19:47      80        0.393        0.371       0.844       0.880   0.00471       
2025-05-25 04:19:48      81        0.393        0.372       0.841       0.878   0.00466       
2025-05-25 04:19:50      82        0.392        0.370       0.841       0.878   0.00461      *
2025-05-25 04:19:51      83        0.393        0.369       0.856       0.888   0.00457      *
2025-05-25 04:19:53      84        0.392        0.370       0.841       0.878   0.00452       
2025-05-25 04:19:54      85        0.391        0.369       0.844       0.880   0.00448      *
2025-05-25 04:19:55      86        0.390        0.368       0.846       0.881   0.00443      *
2025-05-25 04:19:56      87        0.391        0.368       0.854       0.887   0.00439       
2025-05-25 04:19:58      88        0.390        0.368       0.844       0.880   0.00434      *
2025-05-25 04:19:59      89        0.389        0.367       0.844       0.880   0.00430      *
2025-05-25 04:20:00      90        0.389        0.367       0.844       0.880   0.00426      *
2025-05-25 04:20:02      91        0.388        0.367       0.844       0.880   0.00421       
2025-05-25 04:20:03      92        0.388        0.366       0.844       0.880   0.00417      *
2025-05-25 04:20:04      93        0.388        0.365       0.849       0.883   0.00413      *
2025-05-25 04:20:05      94        0.387        0.365       0.844       0.880   0.00409      *
2025-05-25 04:20:07      95        0.388        0.367       0.844       0.881   0.00405       
2025-05-25 04:20:08      96        0.387        0.364       0.854       0.887   0.00401      *
2025-05-25 04:20:09      97        0.387        0.364       0.854       0.887   0.00397      *
2025-05-25 04:20:11      98        0.387        0.366       0.844       0.881   0.00393       
2025-05-25 04:20:12      99        0.386        0.363       0.844       0.880   0.00389      *
2025-05-25 04:20:13     100        0.386        0.363       0.846       0.882   0.00385      *
2025-05-25 04:20:14     101        0.386        0.366       0.844       0.881   0.00381       
2025-05-25 04:20:16     102        0.386        0.366       0.844       0.881   0.00377       
2025-05-25 04:20:17     103        0.385        0.365       0.844       0.880   0.00373       
2025-05-25 04:20:19     104        0.385        0.364       0.844       0.880   0.00370       
2025-05-25 04:20:20     105        0.384        0.363       0.844       0.880   0.00366      *
2025-05-25 04:20:21     106        0.387        0.367       0.851       0.889   0.00362       
2025-05-25 04:20:23     107        0.384        0.363       0.849       0.884   0.00359       
2025-05-25 04:20:24     108        0.384        0.361       0.856       0.888   0.00355      *
2025-05-25 04:20:25     109        0.383        0.362       0.851       0.885   0.00352       
2025-05-25 04:20:27     110        0.384        0.364       0.844       0.881   0.00348       
2025-05-25 04:20:28     111        0.382        0.362       0.846       0.882   0.00345       
2025-05-25 04:20:29     112        0.382        0.361       0.846       0.882   0.00341      *
2025-05-25 04:20:31     113        0.382        0.361       0.844       0.880   0.00338      *
2025-05-25 04:20:32     114        0.382        0.360       0.849       0.884   0.00334      *
2025-05-25 04:20:33     115        0.381        0.360       0.844       0.880   0.00331       
2025-05-25 04:20:35     116        0.381        0.361       0.846       0.882   0.00328       
2025-05-25 04:20:36     117        0.382        0.362       0.844       0.881   0.00324       
2025-05-25 04:20:37     118        0.381        0.361       0.846       0.882   0.00321       
2025-05-25 04:20:39     119        0.382        0.359       0.864       0.893   0.00318      *
2025-05-25 04:20:40     120        0.381        0.360       0.844       0.880   0.00315       
2025-05-25 04:20:41     121        0.380        0.359       0.844       0.880   0.00312       
2025-05-25 04:20:43     122        0.380        0.359       0.854       0.887   0.00309       
2025-05-25 04:20:44     123        0.383        0.360       0.844       0.883   0.00305       
2025-05-25 04:20:45     124        0.380        0.359       0.844       0.880   0.00302       
2025-05-25 04:20:47     125        0.380        0.358       0.849       0.884   0.00299      *
2025-05-25 04:20:48     126        0.380        0.357       0.859       0.890   0.00296      *
2025-05-25 04:20:49     127        0.380        0.360       0.846       0.882   0.00293       
2025-05-25 04:20:50     128        0.379        0.358       0.844       0.880   0.00290       
2025-05-25 04:20:52     129        0.379        0.358       0.844       0.880   0.00288       
2025-05-25 04:20:53     130        0.379        0.358       0.844       0.880   0.00285       
2025-05-25 04:20:54     131        0.381        0.362       0.859       0.888   0.00282       
2025-05-25 04:20:55     132        0.379        0.357       0.856       0.889   0.00279       
2025-05-25 04:20:57     133        0.379        0.358       0.844       0.880   0.00276       
2025-05-25 04:20:58     134        0.378        0.357       0.844       0.880   0.00273       
2025-05-25 04:20:59     135        0.378        0.356       0.849       0.884   0.00271      *
2025-05-25 04:21:01     136        0.378        0.356       0.844       0.880   0.00268      *
2025-05-25 04:21:02     137        0.378        0.357       0.844       0.880   0.00265       
2025-05-25 04:21:03     138        0.378        0.355       0.854       0.887   0.00263      *
2025-05-25 04:21:04     139        0.378        0.358       0.846       0.882   0.00260       
2025-05-25 04:21:06     140        0.378        0.355       0.864       0.894   0.00257      *
2025-05-25 04:21:07     141        0.378        0.358       0.846       0.883   0.00255       
2025-05-25 04:21:08     142        0.377        0.357       0.844       0.880   0.00252       
2025-05-25 04:21:10     143        0.377        0.356       0.846       0.882   0.00250       
2025-05-25 04:21:11     144        0.377        0.355       0.849       0.884   0.00247       
2025-05-25 04:21:12     145        0.377        0.357       0.846       0.882   0.00245       
2025-05-25 04:21:14     146        0.377        0.356       0.846       0.882   0.00242       
2025-05-25 04:21:15     147        0.376        0.356       0.844       0.880   0.00240       
2025-05-25 04:21:16     148        0.376        0.356       0.844       0.880   0.00238       
2025-05-25 04:21:18     149        0.376        0.355       0.844       0.880   0.00235       
2025-05-25 04:21:19     150        0.376        0.356       0.846       0.882   0.00233       
2025-05-25 04:21:20     151        0.376        0.355       0.844       0.880   0.00231      *
2025-05-25 04:21:21     152        0.376        0.356       0.846       0.882   0.00228       
2025-05-25 04:21:23     153        0.376        0.354       0.851       0.885   0.00226      *
2025-05-25 04:21:24     154        0.376        0.355       0.844       0.880   0.00224       
2025-05-25 04:21:26     155        0.376        0.356       0.846       0.882   0.00221       
2025-05-25 04:21:27     156        0.375        0.355       0.846       0.882   0.00219       
2025-05-25 04:21:28     157        0.375        0.355       0.844       0.880   0.00217       
2025-05-25 04:21:29     158        0.376        0.356       0.846       0.882   0.00215       
2025-05-25 04:21:31     159        0.376        0.357       0.849       0.885   0.00213       
2025-05-25 04:21:33     160        0.375        0.354       0.859       0.891   0.00211       
2025-05-25 04:21:34     161        0.375        0.354       0.849       0.884   0.00208       
2025-05-25 04:21:35     162        0.375        0.353       0.851       0.885   0.00206      *
2025-05-25 04:21:37     163        0.375        0.353       0.844       0.880   0.00204      *
2025-05-25 04:21:38     164        0.374        0.353       0.849       0.884   0.00202      *
2025-05-25 04:21:39     165        0.374        0.353       0.846       0.882   0.00200       
2025-05-25 04:21:41     166        0.374        0.353       0.844       0.880   0.00198       
2025-05-25 04:21:42     167        0.374        0.353       0.851       0.885   0.00196       
2025-05-25 04:21:43     168        0.374        0.354       0.846       0.882   0.00194       
2025-05-25 04:21:45     169        0.374        0.353       0.849       0.884   0.00192       
2025-05-25 04:21:46     170        0.374        0.352       0.862       0.892   0.00190      *
2025-05-25 04:21:47     171        0.374        0.354       0.846       0.882   0.00189       
2025-05-25 04:21:48     172        0.374        0.353       0.846       0.882   0.00187       
2025-05-25 04:21:50     173        0.374        0.353       0.846       0.882   0.00185       
2025-05-25 04:21:51     174        0.373        0.353       0.846       0.882   0.00183       
2025-05-25 04:21:52     175        0.373        0.353       0.846       0.882   0.00181       
2025-05-25 04:21:53     176        0.373        0.352       0.851       0.885   0.00179      *
2025-05-25 04:21:55     177        0.373        0.353       0.846       0.882   0.00178       
2025-05-25 04:21:56     178        0.373        0.353       0.846       0.882   0.00176       
2025-05-25 04:21:57     179        0.373        0.352       0.849       0.884   0.00174       
2025-05-25 04:21:58     180        0.373        0.353       0.846       0.882   0.00172       
2025-05-25 04:22:00     181        0.373        0.352       0.849       0.884   0.00171       
2025-05-25 04:22:01     182        0.373        0.354       0.846       0.882   0.00169       
2025-05-25 04:22:02     183        0.373        0.352       0.849       0.884   0.00167       
2025-05-25 04:22:04     184        0.373        0.353       0.846       0.882   0.00165       
2025-05-25 04:22:05     185        0.372        0.352       0.851       0.886   0.00164       
2025-05-25 04:22:06     186        0.372        0.353       0.849       0.884   0.00162       
2025-05-25 04:22:08     187        0.372        0.352       0.851       0.885   0.00161      *
2025-05-25 04:22:09     188        0.372        0.352       0.849       0.884   0.00159       
2025-05-25 04:22:10     189        0.372        0.351       0.854       0.887   0.00157      *
2025-05-25 04:22:12     190        0.373        0.350       0.862       0.892   0.00156      *
2025-05-25 04:22:13     191        0.372        0.350       0.859       0.891   0.00154       
2025-05-25 04:22:14     192        0.372        0.351       0.851       0.886   0.00153       
2025-05-25 04:22:16     193        0.372        0.350       0.851       0.885   0.00151       
2025-05-25 04:22:17     194        0.372        0.352       0.846       0.882   0.00150       
2025-05-25 04:22:19     195        0.372        0.352       0.846       0.882   0.00148       
2025-05-25 04:22:20     196        0.372        0.352       0.849       0.884   0.00147       
2025-05-25 04:22:21     197        0.372        0.351       0.851       0.885   0.00145       
2025-05-25 04:22:22     198        0.372        0.351       0.851       0.885   0.00144       
2025-05-25 04:22:23     199        0.372        0.352       0.849       0.884   0.00142       
2025-05-25 04:22:25     200        0.372        0.352       0.846       0.882   0.00141       
2025-05-25 04:22:26     201        0.371        0.351       0.854       0.887   0.00139       
2025-05-25 04:22:27     202        0.371        0.351       0.849       0.884   0.00138       
2025-05-25 04:22:29     203        0.371        0.351       0.854       0.888   0.00137       
2025-05-25 04:22:30     204        0.371        0.351       0.854       0.888   0.00135       
2025-05-25 04:22:31     205        0.371        0.351       0.854       0.888   0.00134       
2025-05-25 04:22:33     206        0.371        0.350       0.854       0.888   0.00133       
2025-05-25 04:22:34     207        0.371        0.351       0.849       0.884   0.00131       
2025-05-25 04:22:35     208        0.371        0.351       0.849       0.884   0.00130       
2025-05-25 04:22:36     209        0.371        0.350       0.851       0.885   0.00129      *
2025-05-25 04:22:38     210        0.371        0.350       0.854       0.888   0.00127      *
2025-05-25 04:22:39     211        0.371        0.350       0.851       0.885   0.00126       
2025-05-25 04:22:40     212        0.371        0.350       0.854       0.888   0.00125       
2025-05-25 04:22:41     213        0.371        0.350       0.854       0.888   0.00124       
2025-05-25 04:22:42     214        0.371        0.350       0.851       0.885   0.00122      *
2025-05-25 04:22:44     215        0.371        0.350       0.851       0.886   0.00121       
2025-05-25 04:22:45     216        0.371        0.350       0.854       0.888   0.00120       
2025-05-25 04:22:46     217        0.371        0.351       0.849       0.884   0.00119       
2025-05-25 04:22:47     218        0.371        0.351       0.846       0.882   0.00118       
2025-05-25 04:22:49     219        0.370        0.350       0.854       0.888   0.00116       
2025-05-25 04:22:50     220        0.370        0.350       0.854       0.888   0.00115       
2025-05-25 04:22:51     221        0.370        0.351       0.849       0.884   0.00114       
2025-05-25 04:22:52     222        0.370        0.351       0.849       0.884   0.00113       
2025-05-25 04:22:54     223        0.370        0.350       0.854       0.888   0.00112       
2025-05-25 04:22:55     224        0.370        0.351       0.849       0.884   0.00111       
2025-05-25 04:22:56     225        0.370        0.350       0.854       0.888   0.00110       
2025-05-25 04:22:57     226        0.370        0.351       0.849       0.884   0.00108       
2025-05-25 04:22:58     227        0.370        0.351       0.849       0.884   0.00107       
2025-05-25 04:23:00     228        0.370        0.351       0.851       0.886   0.00106       
2025-05-25 04:23:01     229        0.370        0.350       0.859       0.891   0.00105       
2025-05-25 04:23:02     230        0.370        0.350       0.854       0.888   0.00104       
2025-05-25 04:23:03     231        0.370        0.350       0.856       0.889   0.00103      *
2025-05-25 04:23:04     232        0.370        0.350       0.854       0.888   0.00102       
2025-05-25 04:23:06     233        0.370        0.350       0.854       0.888   0.00101       
2025-05-25 04:23:07     234        0.370        0.350       0.851       0.886   0.00100       
2025-05-25 04:23:08     235        0.370        0.351       0.849       0.884   0.00099       
2025-05-25 04:23:09     236        0.370        0.350       0.851       0.886   0.00098       
2025-05-25 04:23:11     237        0.370        0.350       0.854       0.888   0.00097       
2025-05-25 04:23:12     238        0.370        0.350       0.849       0.884   0.00096       
2025-05-25 04:23:13     239        0.370        0.350       0.851       0.886   0.00095       
2025-05-25 04:23:15     240        0.370        0.350       0.851       0.886   0.00094       
2025-05-25 04:23:16     241        0.370        0.350       0.849       0.884   0.00093       
2025-05-25 04:23:17     242        0.370        0.350       0.851       0.886   0.00092       
2025-05-25 04:23:18     243        0.370        0.349       0.859       0.891   0.00091      *
2025-05-25 04:23:20     244        0.369        0.349       0.854       0.888   0.00091      *
2025-05-25 04:23:21     245        0.369        0.349       0.854       0.888   0.00090      *
2025-05-25 04:23:22     246        0.369        0.350       0.862       0.892   0.00089       
2025-05-25 04:23:24     247        0.369        0.350       0.849       0.884   0.00088       
2025-05-25 04:23:25     248        0.369        0.350       0.854       0.888   0.00087       
2025-05-25 04:23:26     249        0.369        0.349       0.854       0.888   0.00086      *
2025-05-25 04:23:27     250        0.369        0.349       0.854       0.888   0.00085       
2025-05-25 04:23:29     251        0.369        0.350       0.849       0.884   0.00084       
2025-05-25 04:23:30     252        0.369        0.349       0.854       0.888   0.00084       
2025-05-25 04:23:31     253        0.369        0.349       0.856       0.889   0.00083       
2025-05-25 04:23:32     254        0.369        0.350       0.851       0.886   0.00082       
2025-05-25 04:23:34     255        0.369        0.350       0.851       0.886   0.00081       
2025-05-25 04:23:35     256        0.369        0.350       0.851       0.886   0.00080       
2025-05-25 04:23:36     257        0.369        0.350       0.849       0.884   0.00079       
2025-05-25 04:23:37     258        0.369        0.350       0.856       0.889   0.00079       
2025-05-25 04:23:39     259        0.369        0.349       0.862       0.893   0.00078      *
2025-05-25 04:23:40     260        0.369        0.349       0.856       0.889   0.00077       
2025-05-25 04:23:41     261        0.369        0.350       0.851       0.886   0.00076       
2025-05-25 04:23:42     262        0.369        0.350       0.849       0.884   0.00076       
2025-05-25 04:23:43     263        0.369        0.350       0.851       0.886   0.00075       
2025-05-25 04:23:45     264        0.369        0.350       0.851       0.886   0.00074       
2025-05-25 04:23:46     265        0.369        0.349       0.856       0.889   0.00073       
2025-05-25 04:23:47     266        0.369        0.349       0.854       0.888   0.00073       
2025-05-25 04:23:48     267        0.369        0.350       0.849       0.884   0.00072       
2025-05-25 04:23:50     268        0.369        0.350       0.849       0.884   0.00071       
2025-05-25 04:23:51     269        0.369        0.350       0.851       0.886   0.00070       
2025-05-25 04:23:53     270        0.369        0.349       0.862       0.893   0.00070      *
2025-05-25 04:23:54     271        0.368        0.349       0.862       0.893   0.00069      *
2025-05-25 04:23:55     272        0.368        0.349       0.851       0.886   0.00068       
2025-05-25 04:23:56     273        0.368        0.349       0.851       0.886   0.00068       
2025-05-25 04:23:58     274        0.368        0.349       0.854       0.888   0.00067       
2025-05-25 04:23:59     275        0.368        0.349       0.854       0.888   0.00066       
2025-05-25 04:24:00     276        0.368        0.349       0.854       0.888   0.00066       
2025-05-25 04:24:01     277        0.368        0.349       0.851       0.886   0.00065       
2025-05-25 04:24:02     278        0.368        0.349       0.854       0.888   0.00064       
2025-05-25 04:24:04     279        0.368        0.350       0.849       0.884   0.00064       
2025-05-25 04:24:05     280        0.368        0.349       0.851       0.886   0.00063       
2025-05-25 04:24:06     281        0.368        0.349       0.854       0.888   0.00062       
2025-05-25 04:24:07     282        0.368        0.349       0.851       0.886   0.00062       
2025-05-25 04:24:09     283        0.368        0.349       0.851       0.886   0.00061       
2025-05-25 04:24:10     284        0.368        0.349       0.851       0.886   0.00061       
2025-05-25 04:24:11     285        0.368        0.349       0.854       0.888   0.00060       
2025-05-25 04:24:12     286        0.368        0.349       0.856       0.889   0.00059       
2025-05-25 04:24:13     287        0.368        0.349       0.854       0.888   0.00059       
2025-05-25 04:24:15     288        0.368        0.349       0.851       0.886   0.00058       
2025-05-25 04:24:16     289        0.368        0.348       0.859       0.891   0.00058      *
2025-05-25 04:24:17     290        0.368        0.349       0.851       0.886   0.00057       
2025-05-25 04:24:18     291        0.368        0.349       0.854       0.888   0.00056       
2025-05-25 04:24:19     292        0.368        0.348       0.862       0.893   0.00056      *
2025-05-25 04:24:21     293        0.368        0.349       0.854       0.888   0.00055       
2025-05-25 04:24:22     294        0.368        0.349       0.854       0.888   0.00055       
2025-05-25 04:24:23     295        0.368        0.348       0.854       0.888   0.00054       
2025-05-25 04:24:25     296        0.368        0.348       0.854       0.888   0.00054       
2025-05-25 04:24:26     297        0.368        0.348       0.854       0.888   0.00053       
2025-05-25 04:24:27     298        0.368        0.348       0.862       0.893   0.00053      *
2025-05-25 04:24:28     299        0.368        0.348       0.854       0.888   0.00052       
2025-05-25 04:24:30     300        0.368        0.348       0.862       0.893   0.00052      *
2025-05-25 04:24:31     301        0.368        0.347       0.862       0.893   0.00051      *
2025-05-25 04:24:32     302        0.368        0.347       0.856       0.889   0.00051       
2025-05-25 04:24:33     303        0.368        0.348       0.854       0.888   0.00050       
2025-05-25 04:24:34     304        0.368        0.348       0.854       0.888   0.00050       
2025-05-25 04:24:36     305        0.368        0.348       0.854       0.888   0.00049       
2025-05-25 04:24:37     306        0.368        0.349       0.851       0.886   0.00049       
2025-05-25 04:24:38     307        0.368        0.348       0.854       0.888   0.00048       
2025-05-25 04:24:40     308        0.368        0.348       0.854       0.888   0.00048       
2025-05-25 04:24:41     309        0.368        0.348       0.854       0.888   0.00047       
2025-05-25 04:24:42     310        0.368        0.349       0.851       0.886   0.00047       
2025-05-25 04:24:43     311        0.368        0.348       0.854       0.888   0.00046       
2025-05-25 04:24:45     312        0.368        0.349       0.851       0.886   0.00046       
2025-05-25 04:24:46     313        0.368        0.348       0.854       0.888   0.00045       
2025-05-25 04:24:47     314        0.368        0.349       0.851       0.886   0.00045       
2025-05-25 04:24:48     315        0.368        0.349       0.851       0.886   0.00044       
2025-05-25 04:24:49     316        0.368        0.349       0.851       0.886   0.00044       
2025-05-25 04:24:51     317        0.368        0.349       0.851       0.886   0.00043       
2025-05-25 04:24:52     318        0.367        0.348       0.854       0.888   0.00043       
2025-05-25 04:24:53     319        0.367        0.349       0.851       0.886   0.00043       
2025-05-25 04:24:54     320        0.367        0.348       0.856       0.889   0.00042       
2025-05-25 04:24:55     321        0.367        0.348       0.854       0.888   0.00042       
2025-05-25 04:24:55   --- Training ended ---
2025-05-25 04:24:55   Number of model parameters: 1537
2025-05-25 04:24:55   Training time: 0:06:50
2025-05-25 04:24:55   Best epoch: 301
2025-05-25 04:24:55   Best valid loss: 0.347
2025-05-25 04:24:55   Best valid accuracy (macro): 0.862
2025-05-25 04:24:55   Best F1 score: 0.893
