2025-05-25 03:00:01   --- Hyperparameters ---
2025-05-25 03:00:01   model = DenseSiteNet(
2025-05-25 03:00:01     (dense_layer1): Sequential(
2025-05-25 03:00:01       (0): Linear(in_features=106722, out_features=100, bias=True)
2025-05-25 03:00:01       (1): ReLU()
2025-05-25 03:00:01       (2): Dropout(p=0.2, inplace=False)
2025-05-25 03:00:01     )
2025-05-25 03:00:01     (dense_layer2): Linear(in_features=100, out_features=1, bias=True)
2025-05-25 03:00:01   )
2025-05-25 03:00:01   split_proportion = 0.9
2025-05-25 03:00:01   batch_pad_sequences = False
2025-05-25 03:00:01   learning_rate = 0.01
2025-05-25 03:00:01   batch_size = 64
2025-05-25 03:00:01   max_epochs = 500
2025-05-25 03:00:01   early_stopping_patience = 20
2025-05-25 03:00:01   --- Creating loaders ---
2025-05-25 03:00:01   --- nvidia-smi output ---
2025-05-25 03:00:01   nvidia-smi cannot be run: Command 'nvidia-smi' returned non-zero exit status 18.
2025-05-25 03:00:01   --- Training start ---
2025-05-25 03:00:01   Start training using cuda device.
2025-05-25 03:00:01   Number of model parameters: 10672401.
2025-05-25 03:00:01   Epoch   Train loss   Valid loss   Valid acc    F1-score        Lr   Best
2025-05-25 03:00:01   ------------------------------------------------------------------------
2025-05-25 03:00:03       1        0.685        0.684       0.372       0.000   0.00000      *
2025-05-25 03:00:05       2        0.263        0.454       0.800       0.844   0.00250      *
2025-05-25 03:00:06       3        0.155        0.559       0.774       0.810   0.00500       
2025-05-25 03:00:07       4        0.099        0.689       0.782       0.827   0.00750       
2025-05-25 03:00:09       5        0.077        0.928       0.746       0.773   0.01000       
2025-05-25 03:00:10       6        0.042        1.133       0.759       0.807   0.00990       
2025-05-25 03:00:11       7        0.017        1.182       0.772       0.814   0.00980       
2025-05-25 03:00:13       8        0.008        1.578       0.769       0.813   0.00970       
2025-05-25 03:00:14       9        0.034        1.688       0.733       0.763   0.00961       
2025-05-25 03:00:15      10        0.006        1.572       0.759       0.803   0.00951       
2025-05-25 03:00:17      11        0.011        1.876       0.774       0.826   0.00941       
2025-05-25 03:00:18      12        0.014        1.790       0.749       0.783   0.00932       
2025-05-25 03:00:19      13        0.004        2.115       0.762       0.808   0.00923       
2025-05-25 03:00:21      14        0.002        2.033       0.767       0.809   0.00914       
2025-05-25 03:00:22      15        0.004        2.144       0.767       0.816   0.00904       
2025-05-25 03:00:24      16        0.010        1.818       0.736       0.772   0.00895       
2025-05-25 03:00:25      17        0.004        2.209       0.738       0.788   0.00886       
2025-05-25 03:00:26      18        0.004        1.992       0.744       0.792   0.00878       
2025-05-25 03:00:28      19        0.004        2.080       0.767       0.818   0.00869       
2025-05-25 03:00:29      20        0.002        2.081       0.767       0.815   0.00860       
2025-05-25 03:00:30      21        0.001        2.210       0.767       0.812   0.00851       
2025-05-25 03:00:32      22        0.001        2.363       0.769       0.813   0.00843       
2025-05-25 03:00:32   --- Training ended ---
2025-05-25 03:00:32   Number of model parameters: 10672401
2025-05-25 03:00:32   Training time: 0:00:31
2025-05-25 03:00:32   Best epoch: 2
2025-05-25 03:00:32   Best valid loss: 0.454
2025-05-25 03:00:32   Best valid accuracy (macro): 0.800
2025-05-25 03:00:32   Best F1 score: 0.844
