2025-05-25 05:46:12   --- Hyperparameters ---
2025-05-25 05:46:12   model = AAConvNet(
2025-05-25 05:46:12     (conv_layer): Sequential(
2025-05-25 05:46:12       (0): Conv1d(22, 64, kernel_size=(1,), stride=(1,))
2025-05-25 05:46:12       (1): ReLU()
2025-05-25 05:46:12       (2): AvgPool1d(kernel_size=(4851,), stride=(4851,), padding=(0,))
2025-05-25 05:46:12       (3): Dropout(p=0.2, inplace=False)
2025-05-25 05:46:12     )
2025-05-25 05:46:12     (dense_layer): Linear(in_features=64, out_features=1, bias=True)
2025-05-25 05:46:12   )
2025-05-25 05:46:12   split_proportion = 0.9
2025-05-25 05:46:12   batch_pad_sequences = False
2025-05-25 05:46:12   learning_rate = 0.01
2025-05-25 05:46:12   batch_size = 64
2025-05-25 05:46:12   max_epochs = 500
2025-05-25 05:46:12   early_stopping_patience = 20
2025-05-25 05:46:12   --- Creating loaders ---
2025-05-25 05:46:12   --- nvidia-smi output ---
2025-05-25 05:46:12   nvidia-smi cannot be run: Command 'nvidia-smi' returned non-zero exit status 18.
2025-05-25 05:46:12   --- Training start ---
2025-05-25 05:46:12   Start training using cuda device.
2025-05-25 05:46:12   Number of model parameters: 1537.
2025-05-25 05:46:12   Epoch   Train loss   Valid loss   Valid acc    F1-score        Lr   Best
2025-05-25 05:46:12   ------------------------------------------------------------------------
2025-05-25 05:46:15       1        0.693        0.693       0.367       0.115   0.00000      *
2025-05-25 05:46:17       2        0.666        0.660       0.367       0.000   0.00250      *
2025-05-25 05:46:18       3        0.667        0.662       0.372       0.000   0.00500       
2025-05-25 05:46:20       4        0.665        0.657       0.628       0.772   0.00750      *
2025-05-25 05:46:22       5        0.659        0.654       0.382       0.040   0.01000      *
2025-05-25 05:46:23       6        0.648        0.641       0.654       0.729   0.00990      *
2025-05-25 05:46:24       7        0.639        0.628       0.618       0.736   0.00980      *
2025-05-25 05:46:26       8        0.627        0.622       0.672       0.787   0.00970      *
2025-05-25 05:46:27       9        0.616        0.612       0.646       0.780   0.00961      *
2025-05-25 05:46:28      10        0.604        0.599       0.662       0.786   0.00951      *
2025-05-25 05:46:30      11        0.593        0.591       0.669       0.790   0.00941      *
2025-05-25 05:46:31      12        0.586        0.582       0.664       0.788   0.00932      *
2025-05-25 05:46:32      13        0.581        0.585       0.664       0.787   0.00923       
2025-05-25 05:46:34      14        0.568        0.564       0.731       0.821   0.00914      *
2025-05-25 05:46:35      15        0.566        0.566       0.687       0.799   0.00904       
2025-05-25 05:46:37      16        0.557        0.544       0.759       0.834   0.00895      *
2025-05-25 05:46:38      17        0.553        0.547       0.728       0.819   0.00886       
2025-05-25 05:46:40      18        0.547        0.537       0.764       0.838   0.00878      *
2025-05-25 05:46:41      19        0.543        0.535       0.772       0.842   0.00869      *
2025-05-25 05:46:43      20        0.541        0.528       0.777       0.837   0.00860      *
2025-05-25 05:46:45      21        0.537        0.526       0.782       0.845   0.00851      *
2025-05-25 05:46:46      22        0.534        0.523       0.777       0.845   0.00843      *
2025-05-25 05:46:47      23        0.531        0.522       0.777       0.845   0.00835      *
2025-05-25 05:46:49      24        0.527        0.508       0.777       0.844   0.00826      *
2025-05-25 05:46:50      25        0.526        0.510       0.777       0.844   0.00818       
2025-05-25 05:46:52      26        0.523        0.506       0.785       0.848   0.00810      *
2025-05-25 05:46:53      27        0.521        0.500       0.795       0.854   0.00802      *
2025-05-25 05:46:55      28        0.519        0.499       0.787       0.848   0.00794      *
2025-05-25 05:46:56      29        0.517        0.502       0.785       0.847   0.00786       
2025-05-25 05:46:59      30        0.515        0.492       0.795       0.853   0.00778      *
2025-05-25 05:47:01      31        0.513        0.490       0.792       0.850   0.00770      *
2025-05-25 05:47:03      32        0.512        0.490       0.792       0.851   0.00762      *
2025-05-25 05:47:04      33        0.510        0.485       0.795       0.852   0.00755      *
2025-05-25 05:47:05      34        0.510        0.491       0.779       0.844   0.00747       
2025-05-25 05:47:07      35        0.510        0.482       0.803       0.849   0.00740      *
2025-05-25 05:47:08      36        0.506        0.479       0.800       0.856   0.00732      *
2025-05-25 05:47:10      37        0.505        0.473       0.808       0.858   0.00725      *
2025-05-25 05:47:11      38        0.505        0.484       0.790       0.849   0.00718       
2025-05-25 05:47:12      39        0.503        0.481       0.808       0.860   0.00711       
2025-05-25 05:47:14      40        0.502        0.474       0.805       0.859   0.00703       
2025-05-25 05:47:15      41        0.501        0.472       0.803       0.857   0.00696      *
2025-05-25 05:47:16      42        0.501        0.474       0.808       0.860   0.00689       
2025-05-25 05:47:18      43        0.500        0.476       0.805       0.859   0.00683       
2025-05-25 05:47:19      44        0.499        0.477       0.808       0.860   0.00676       
2025-05-25 05:47:20      45        0.499        0.478       0.803       0.857   0.00669       
2025-05-25 05:47:22      46        0.498        0.462       0.808       0.855   0.00662      *
2025-05-25 05:47:23      47        0.497        0.470       0.813       0.863   0.00656       
2025-05-25 05:47:24      48        0.496        0.467       0.815       0.865   0.00649       
2025-05-25 05:47:26      49        0.496        0.475       0.805       0.859   0.00643       
2025-05-25 05:47:27      50        0.494        0.459       0.818       0.864   0.00636      *
2025-05-25 05:47:29      51        0.494        0.465       0.800       0.856   0.00630       
2025-05-25 05:47:30      52        0.493        0.455       0.813       0.861   0.00624      *
2025-05-25 05:47:32      53        0.493        0.457       0.818       0.864   0.00617       
2025-05-25 05:47:33      54        0.493        0.454       0.815       0.862   0.00611      *
2025-05-25 05:47:35      55        0.492        0.454       0.818       0.864   0.00605       
2025-05-25 05:47:36      56        0.492        0.458       0.810       0.861   0.00599       
2025-05-25 05:47:37      57        0.491        0.458       0.810       0.861   0.00593       
2025-05-25 05:47:39      58        0.491        0.449       0.818       0.863   0.00587      *
2025-05-25 05:47:40      59        0.490        0.452       0.810       0.861   0.00581       
2025-05-25 05:47:42      60        0.490        0.456       0.810       0.860   0.00575       
2025-05-25 05:47:43      61        0.490        0.460       0.810       0.861   0.00570       
2025-05-25 05:47:44      62        0.489        0.454       0.808       0.859   0.00564       
2025-05-25 05:47:46      63        0.489        0.450       0.813       0.859   0.00558       
2025-05-25 05:47:47      64        0.488        0.453       0.813       0.860   0.00553       
2025-05-25 05:47:48      65        0.488        0.451       0.813       0.859   0.00547       
2025-05-25 05:47:50      66        0.487        0.455       0.813       0.861   0.00542       
2025-05-25 05:47:51      67        0.488        0.447       0.810       0.857   0.00536      *
2025-05-25 05:47:53      68        0.489        0.468       0.800       0.856   0.00531       
2025-05-25 05:47:54      69        0.487        0.453       0.810       0.858   0.00526       
2025-05-25 05:47:55      70        0.488        0.464       0.805       0.859   0.00520       
2025-05-25 05:47:57      71        0.486        0.452       0.813       0.861   0.00515       
2025-05-25 05:47:58      72        0.489        0.449       0.813       0.854   0.00510       
2025-05-25 05:47:59      73        0.486        0.452       0.813       0.862   0.00505       
2025-05-25 05:48:01      74        0.486        0.452       0.813       0.861   0.00500       
2025-05-25 05:48:02      75        0.486        0.458       0.810       0.860   0.00495       
2025-05-25 05:48:04      76        0.485        0.452       0.813       0.861   0.00490       
2025-05-25 05:48:05      77        0.485        0.455       0.810       0.860   0.00485       
2025-05-25 05:48:06      78        0.485        0.454       0.810       0.860   0.00480       
2025-05-25 05:48:08      79        0.484        0.454       0.810       0.860   0.00475       
2025-05-25 05:48:09      80        0.484        0.453       0.810       0.859   0.00471       
2025-05-25 05:48:11      81        0.483        0.449       0.818       0.864   0.00466       
2025-05-25 05:48:12      82        0.483        0.449       0.818       0.864   0.00461       
2025-05-25 05:48:13      83        0.483        0.447       0.818       0.864   0.00457      *
2025-05-25 05:48:15      84        0.483        0.457       0.810       0.861   0.00452       
2025-05-25 05:48:16      85        0.483        0.455       0.810       0.860   0.00448       
2025-05-25 05:48:17      86        0.483        0.453       0.810       0.859   0.00443       
2025-05-25 05:48:19      87        0.482        0.451       0.810       0.859   0.00439       
2025-05-25 05:48:20      88        0.482        0.446       0.818       0.864   0.00434      *
2025-05-25 05:48:22      89        0.482        0.448       0.810       0.859   0.00430       
2025-05-25 05:48:23      90        0.481        0.447       0.818       0.864   0.00426       
2025-05-25 05:48:25      91        0.484        0.443       0.813       0.854   0.00421      *
2025-05-25 05:48:26      92        0.481        0.449       0.810       0.859   0.00417       
2025-05-25 05:48:27      93        0.481        0.446       0.815       0.859   0.00413       
2025-05-25 05:48:29      94        0.481        0.443       0.821       0.865   0.00409      *
2025-05-25 05:48:30      95        0.481        0.443       0.815       0.863   0.00405      *
2025-05-25 05:48:32      96        0.481        0.451       0.810       0.860   0.00401       
2025-05-25 05:48:33      97        0.480        0.443       0.815       0.863   0.00397       
2025-05-25 05:48:34      98        0.480        0.450       0.808       0.858   0.00393       
2025-05-25 05:48:36      99        0.480        0.446       0.821       0.866   0.00389       
2025-05-25 05:48:37     100        0.480        0.446       0.813       0.861   0.00385       
2025-05-25 05:48:38     101        0.480        0.447       0.810       0.859   0.00381       
2025-05-25 05:48:40     102        0.480        0.448       0.808       0.858   0.00377       
2025-05-25 05:48:41     103        0.481        0.450       0.800       0.856   0.00373       
2025-05-25 05:48:42     104        0.482        0.433       0.815       0.859   0.00370      *
2025-05-25 05:48:44     105        0.481        0.453       0.808       0.859   0.00366       
2025-05-25 05:48:45     106        0.479        0.441       0.823       0.868   0.00362       
2025-05-25 05:48:47     107        0.479        0.440       0.826       0.869   0.00359       
2025-05-25 05:48:48     108        0.479        0.447       0.808       0.858   0.00355       
2025-05-25 05:48:50     109        0.479        0.441       0.823       0.867   0.00352       
2025-05-25 05:48:51     110        0.479        0.445       0.810       0.859   0.00348       
2025-05-25 05:48:53     111        0.479        0.446       0.813       0.861   0.00345       
2025-05-25 05:48:54     112        0.479        0.450       0.808       0.858   0.00341       
2025-05-25 05:48:56     113        0.478        0.446       0.813       0.861   0.00338       
2025-05-25 05:48:57     114        0.479        0.449       0.808       0.858   0.00334       
2025-05-25 05:48:59     115        0.478        0.444       0.815       0.862   0.00331       
2025-05-25 05:49:00     116        0.478        0.441       0.818       0.863   0.00328       
2025-05-25 05:49:01     117        0.478        0.448       0.813       0.860   0.00324       
2025-05-25 05:49:03     118        0.478        0.445       0.813       0.861   0.00321       
2025-05-25 05:49:04     119        0.478        0.435       0.818       0.862   0.00318       
2025-05-25 05:49:05     120        0.478        0.440       0.821       0.865   0.00315       
2025-05-25 05:49:07     121        0.478        0.443       0.815       0.863   0.00312       
2025-05-25 05:49:08     122        0.478        0.447       0.813       0.861   0.00309       
2025-05-25 05:49:09     123        0.477        0.439       0.823       0.866   0.00305       
2025-05-25 05:49:11     124        0.477        0.443       0.821       0.866   0.00302       
2025-05-25 05:49:11   --- Training ended ---
2025-05-25 05:49:11   Number of model parameters: 1537
2025-05-25 05:49:11   Training time: 0:02:59
2025-05-25 05:49:11   Best epoch: 104
2025-05-25 05:49:11   Best valid loss: 0.433
2025-05-25 05:49:11   Best valid accuracy (macro): 0.815
2025-05-25 05:49:11   Best F1 score: 0.859
