2025-05-25 02:59:30   --- Hyperparameters ---
2025-05-25 02:59:30   model = DenseMsaNet(
2025-05-25 02:59:30     (dense_layer1): Sequential(
2025-05-25 02:59:30       (0): Linear(in_features=22, out_features=100, bias=True)
2025-05-25 02:59:30       (1): ReLU()
2025-05-25 02:59:30       (2): Dropout(p=0.2, inplace=False)
2025-05-25 02:59:30     )
2025-05-25 02:59:30     (dense_layer2): Linear(in_features=100, out_features=1, bias=True)
2025-05-25 02:59:30   )
2025-05-25 02:59:30   split_proportion = 0.9
2025-05-25 02:59:30   batch_pad_sequences = False
2025-05-25 02:59:30   learning_rate = 0.01
2025-05-25 02:59:30   batch_size = 64
2025-05-25 02:59:30   max_epochs = 500
2025-05-25 02:59:30   early_stopping_patience = 20
2025-05-25 02:59:30   --- Creating loaders ---
2025-05-25 02:59:31   --- nvidia-smi output ---
2025-05-25 02:59:31   nvidia-smi cannot be run: Command 'nvidia-smi' returned non-zero exit status 18.
2025-05-25 02:59:31   --- Training start ---
2025-05-25 02:59:31   Start training using cuda device.
2025-05-25 02:59:31   Number of model parameters: 2401.
2025-05-25 02:59:31   Epoch   Train loss   Valid loss   Valid acc    F1-score        Lr   Best
2025-05-25 02:59:31   ------------------------------------------------------------------------
2025-05-25 02:59:32       1        0.680        0.678       0.372       0.000   0.00000      *
2025-05-25 02:59:32       2        0.650        0.644       0.679       0.675   0.00250      *
2025-05-25 02:59:33       3        0.548        0.539       0.728       0.822   0.00500      *
2025-05-25 02:59:33       4        0.449        0.439       0.818       0.866   0.00750      *
2025-05-25 02:59:33       5        0.436        0.431       0.813       0.861   0.01000      *
2025-05-25 02:59:33       6        0.438        0.434       0.815       0.865   0.00990       
2025-05-25 02:59:34       7        0.426        0.425       0.808       0.854   0.00980      *
2025-05-25 02:59:34       8        0.430        0.433       0.808       0.845   0.00970       
2025-05-25 02:59:34       9        0.422        0.428       0.803       0.841   0.00961       
2025-05-25 02:59:34      10        0.412        0.412       0.815       0.857   0.00951      *
2025-05-25 02:59:35      11        0.408        0.409       0.805       0.847   0.00941      *
2025-05-25 02:59:35      12        0.401        0.404       0.818       0.857   0.00932      *
2025-05-25 02:59:35      13        0.402        0.407       0.815       0.849   0.00923       
2025-05-25 02:59:36      14        0.397        0.402       0.815       0.849   0.00914      *
2025-05-25 02:59:36      15        0.388        0.388       0.844       0.882   0.00904      *
2025-05-25 02:59:36      16        0.382        0.380       0.831       0.869   0.00895      *
2025-05-25 02:59:36      17        0.382        0.387       0.810       0.847   0.00886       
2025-05-25 02:59:37      18        0.378        0.376       0.831       0.869   0.00878      *
2025-05-25 02:59:37      19        0.380        0.385       0.808       0.844   0.00869       
2025-05-25 02:59:37      20        0.394        0.389       0.833       0.877   0.00860       
2025-05-25 02:59:38      21        0.371        0.374       0.821       0.858   0.00851      *
2025-05-25 02:59:38      22        0.379        0.386       0.821       0.854   0.00843       
2025-05-25 02:59:38      23        0.377        0.383       0.821       0.854   0.00835       
2025-05-25 02:59:38      24        0.379        0.391       0.813       0.848   0.00826       
2025-05-25 02:59:39      25        0.369        0.371       0.833       0.870   0.00818      *
2025-05-25 02:59:39      26        0.377        0.376       0.844       0.882   0.00810       
2025-05-25 02:59:39      27        0.373        0.376       0.844       0.882   0.00802       
2025-05-25 02:59:39      28        0.377        0.385       0.828       0.858   0.00794       
2025-05-25 02:59:40      29        0.363        0.368       0.833       0.870   0.00786      *
2025-05-25 02:59:40      30        0.364        0.369       0.828       0.867   0.00778       
2025-05-25 02:59:40      31        0.361        0.370       0.826       0.863   0.00770       
2025-05-25 02:59:41      32        0.361        0.368       0.831       0.867   0.00762       
2025-05-25 02:59:41      33        0.371        0.384       0.826       0.857   0.00755       
2025-05-25 02:59:41      34        0.374        0.373       0.838       0.879   0.00747       
2025-05-25 02:59:41      35        0.360        0.371       0.818       0.854   0.00740       
2025-05-25 02:59:42      36        0.357        0.363       0.828       0.865   0.00732      *
2025-05-25 02:59:42      37        0.364        0.366       0.823       0.863   0.00725       
2025-05-25 02:59:42      38        0.356        0.364       0.828       0.863   0.00718       
2025-05-25 02:59:42      39        0.355        0.361       0.831       0.868   0.00711      *
2025-05-25 02:59:43      40        0.367        0.386       0.826       0.858   0.00703       
2025-05-25 02:59:43      41        0.354        0.365       0.836       0.872   0.00696       
2025-05-25 02:59:43      42        0.358        0.363       0.833       0.871   0.00689       
2025-05-25 02:59:44      43        0.363        0.372       0.838       0.878   0.00683       
2025-05-25 02:59:44      44        0.352        0.366       0.833       0.869   0.00676       
2025-05-25 02:59:44      45        0.352        0.362       0.838       0.872   0.00669       
2025-05-25 02:59:44      46        0.350        0.362       0.838       0.874   0.00662       
2025-05-25 02:59:45      47        0.349        0.363       0.831       0.866   0.00656       
2025-05-25 02:59:45      48        0.353        0.360       0.838       0.877   0.00649      *
2025-05-25 02:59:45      49        0.348        0.361       0.838       0.872   0.00643       
2025-05-25 02:59:45      50        0.348        0.360       0.831       0.865   0.00636      *
2025-05-25 02:59:46      51        0.348        0.355       0.836       0.869   0.00630      *
2025-05-25 02:59:46      52        0.352        0.359       0.846       0.882   0.00624       
2025-05-25 02:59:46      53        0.349        0.367       0.833       0.866   0.00617       
2025-05-25 02:59:47      54        0.344        0.357       0.833       0.869   0.00611       
2025-05-25 02:59:47      55        0.346        0.358       0.841       0.878   0.00605       
2025-05-25 02:59:47      56        0.348        0.364       0.828       0.861   0.00599       
2025-05-25 02:59:47      57        0.348        0.358       0.838       0.876   0.00593       
2025-05-25 02:59:48      58        0.345        0.362       0.831       0.865   0.00587       
2025-05-25 02:59:48      59        0.345        0.355       0.844       0.879   0.00581       
2025-05-25 02:59:48      60        0.343        0.355       0.836       0.870   0.00575       
2025-05-25 02:59:48      61        0.345        0.360       0.841       0.876   0.00570       
2025-05-25 02:59:49      62        0.341        0.354       0.844       0.878   0.00564      *
2025-05-25 02:59:49      63        0.343        0.354       0.841       0.874   0.00558       
2025-05-25 02:59:49      64        0.341        0.357       0.833       0.867   0.00553       
2025-05-25 02:59:49      65        0.340        0.356       0.844       0.877   0.00547       
2025-05-25 02:59:50      66        0.340        0.358       0.841       0.876   0.00542       
2025-05-25 02:59:50      67        0.340        0.355       0.838       0.871   0.00536       
2025-05-25 02:59:50      68        0.339        0.354       0.841       0.876   0.00531       
2025-05-25 02:59:51      69        0.338        0.354       0.841       0.876   0.00526       
2025-05-25 02:59:51      70        0.339        0.357       0.836       0.868   0.00520       
2025-05-25 02:59:51      71        0.339        0.359       0.833       0.867   0.00515       
2025-05-25 02:59:51      72        0.347        0.372       0.831       0.861   0.00510       
2025-05-25 02:59:52      73        0.341        0.362       0.836       0.868   0.00505       
2025-05-25 02:59:52      74        0.338        0.357       0.841       0.874   0.00500       
2025-05-25 02:59:52      75        0.337        0.353       0.844       0.878   0.00495      *
2025-05-25 02:59:52      76        0.336        0.357       0.844       0.876   0.00490       
2025-05-25 02:59:53      77        0.341        0.356       0.849       0.884   0.00485       
2025-05-25 02:59:53      78        0.337        0.353       0.849       0.882   0.00480      *
2025-05-25 02:59:53      79        0.335        0.355       0.844       0.876   0.00475       
2025-05-25 02:59:54      80        0.336        0.351       0.841       0.876   0.00471      *
2025-05-25 02:59:54      81        0.337        0.358       0.844       0.875   0.00466       
2025-05-25 02:59:54      82        0.336        0.351       0.851       0.884   0.00461      *
2025-05-25 02:59:54      83        0.335        0.356       0.844       0.878   0.00457       
2025-05-25 02:59:55      84        0.334        0.351       0.849       0.880   0.00452       
2025-05-25 02:59:55      85        0.337        0.353       0.854       0.888   0.00448       
2025-05-25 02:59:55      86        0.342        0.358       0.846       0.883   0.00443       
2025-05-25 02:59:56      87        0.335        0.353       0.849       0.883   0.00439       
2025-05-25 02:59:56      88        0.336        0.362       0.833       0.865   0.00434       
2025-05-25 02:59:56      89        0.337        0.354       0.846       0.883   0.00430       
2025-05-25 02:59:56      90        0.336        0.354       0.846       0.882   0.00426       
2025-05-25 02:59:57      91        0.332        0.352       0.849       0.881   0.00421       
2025-05-25 02:59:57      92        0.332        0.353       0.846       0.877   0.00417       
2025-05-25 02:59:57      93        0.332        0.354       0.849       0.879   0.00413       
2025-05-25 02:59:57      94        0.335        0.356       0.846       0.881   0.00409       
2025-05-25 02:59:58      95        0.331        0.353       0.851       0.883   0.00405       
2025-05-25 02:59:58      96        0.331        0.353       0.841       0.874   0.00401       
2025-05-25 02:59:58      97        0.337        0.361       0.841       0.871   0.00397       
2025-05-25 02:59:59      98        0.334        0.361       0.841       0.872   0.00393       
2025-05-25 02:59:59      99        0.332        0.353       0.846       0.881   0.00389       
2025-05-25 02:59:59     100        0.330        0.353       0.851       0.883   0.00385       
2025-05-25 02:59:59     101        0.333        0.352       0.851       0.885   0.00381       
2025-05-25 03:00:00     102        0.337        0.365       0.836       0.866   0.00377       
2025-05-25 03:00:00   --- Training ended ---
2025-05-25 03:00:00   Number of model parameters: 2401
2025-05-25 03:00:00   Training time: 0:00:29
2025-05-25 03:00:00   Best epoch: 82
2025-05-25 03:00:00   Best valid loss: 0.351
2025-05-25 03:00:00   Best valid accuracy (macro): 0.851
2025-05-25 03:00:00   Best F1 score: 0.884
