2025-05-25 03:40:28   --- Hyperparameters ---
2025-05-25 03:40:28   model = AAConvNet(
2025-05-25 03:40:28     (conv_layer): Sequential(
2025-05-25 03:40:28       (0): Conv1d(22, 64, kernel_size=(1,), stride=(1,))
2025-05-25 03:40:28       (1): ReLU()
2025-05-25 03:40:28       (2): AvgPool1d(kernel_size=(4851,), stride=(4851,), padding=(0,))
2025-05-25 03:40:28       (3): Dropout(p=0.2, inplace=False)
2025-05-25 03:40:28     )
2025-05-25 03:40:28     (dense_layer): Linear(in_features=64, out_features=1, bias=True)
2025-05-25 03:40:28   )
2025-05-25 03:40:28   split_proportion = 0.9
2025-05-25 03:40:28   batch_pad_sequences = False
2025-05-25 03:40:28   learning_rate = 0.01
2025-05-25 03:40:28   batch_size = 64
2025-05-25 03:40:28   max_epochs = 500
2025-05-25 03:40:28   early_stopping_patience = 20
2025-05-25 03:40:28   --- Creating loaders ---
2025-05-25 03:40:28   --- nvidia-smi output ---
2025-05-25 03:40:28   nvidia-smi cannot be run: Command 'nvidia-smi' returned non-zero exit status 18.
2025-05-25 03:40:28   --- Training start ---
2025-05-25 03:40:28   Start training using cuda device.
2025-05-25 03:40:28   Number of model parameters: 1537.
2025-05-25 03:40:28   Epoch   Train loss   Valid loss   Valid acc    F1-score        Lr   Best
2025-05-25 03:40:28   ------------------------------------------------------------------------
2025-05-25 03:40:31       1        0.693        0.693       0.605       0.721   0.00000      *
2025-05-25 03:40:32       2        0.666        0.660       0.369       0.000   0.00250      *
2025-05-25 03:40:34       3        0.666        0.660       0.372       0.000   0.00500       
2025-05-25 03:40:35       4        0.660        0.652       0.464       0.437   0.00750      *
2025-05-25 03:40:37       5        0.657        0.639       0.654       0.783   0.01000      *
2025-05-25 03:40:38       6        0.633        0.619       0.638       0.747   0.00990      *
2025-05-25 03:40:39       7        0.613        0.594       0.700       0.806   0.00980      *
2025-05-25 03:40:41       8        0.593        0.574       0.687       0.800   0.00970      *
2025-05-25 03:40:42       9        0.573        0.552       0.715       0.815   0.00961      *
2025-05-25 03:40:44      10        0.554        0.532       0.764       0.841   0.00951      *
2025-05-25 03:40:45      11        0.538        0.515       0.723       0.819   0.00941      *
2025-05-25 03:40:47      12        0.519        0.494       0.815       0.869   0.00932      *
2025-05-25 03:40:48      13        0.500        0.475       0.808       0.865   0.00923      *
2025-05-25 03:40:49      14        0.483        0.458       0.808       0.866   0.00914      *
2025-05-25 03:40:51      15        0.468        0.437       0.828       0.878   0.00904      *
2025-05-25 03:40:52      16        0.454        0.424       0.826       0.876   0.00895      *
2025-05-25 03:40:54      17        0.442        0.411       0.841       0.885   0.00886      *
2025-05-25 03:40:55      18        0.431        0.402       0.854       0.894   0.00878      *
2025-05-25 03:40:57      19        0.421        0.390       0.877       0.908   0.00869      *
2025-05-25 03:40:58      20        0.411        0.378       0.864       0.901   0.00860      *
2025-05-25 03:41:00      21        0.405        0.374       0.846       0.890   0.00851      *
2025-05-25 03:41:02      22        0.394        0.360       0.885       0.913   0.00843      *
2025-05-25 03:41:03      23        0.387        0.352       0.882       0.912   0.00835      *
2025-05-25 03:41:05      24        0.380        0.343       0.877       0.908   0.00826      *
2025-05-25 03:41:06      25        0.374        0.337       0.877       0.908   0.00818      *
2025-05-25 03:41:08      26        0.369        0.333       0.877       0.908   0.00810      *
2025-05-25 03:41:09      27        0.363        0.325       0.892       0.919   0.00802      *
2025-05-25 03:41:10      28        0.358        0.321       0.892       0.919   0.00794      *
2025-05-25 03:41:12      29        0.353        0.316       0.890       0.917   0.00786      *
2025-05-25 03:41:13      30        0.349        0.311       0.892       0.919   0.00778      *
2025-05-25 03:41:15      31        0.345        0.307       0.892       0.918   0.00770      *
2025-05-25 03:41:16      32        0.345        0.306       0.877       0.909   0.00762      *
2025-05-25 03:41:18      33        0.337        0.299       0.897       0.922   0.00755      *
2025-05-25 03:41:19      34        0.334        0.295       0.897       0.922   0.00747      *
2025-05-25 03:41:20      35        0.332        0.294       0.890       0.917   0.00740      *
2025-05-25 03:41:22      36        0.329        0.292       0.897       0.922   0.00732      *
2025-05-25 03:41:23      37        0.326        0.288       0.903       0.925   0.00725      *
2025-05-25 03:41:25      38        0.323        0.284       0.905       0.927   0.00718      *
2025-05-25 03:41:26      39        0.321        0.282       0.905       0.927   0.00711      *
2025-05-25 03:41:27      40        0.319        0.281       0.897       0.922   0.00703      *
2025-05-25 03:41:29      41        0.317        0.278       0.905       0.927   0.00696      *
2025-05-25 03:41:30      42        0.315        0.276       0.908       0.929   0.00689      *
2025-05-25 03:41:32      43        0.313        0.273       0.900       0.923   0.00683      *
2025-05-25 03:41:33      44        0.311        0.271       0.905       0.927   0.00676      *
2025-05-25 03:41:35      45        0.309        0.270       0.908       0.929   0.00669      *
2025-05-25 03:41:36      46        0.308        0.267       0.897       0.922   0.00662      *
2025-05-25 03:41:38      47        0.306        0.265       0.897       0.922   0.00656      *
2025-05-25 03:41:39      48        0.304        0.265       0.910       0.931   0.00649      *
2025-05-25 03:41:41      49        0.303        0.263       0.908       0.929   0.00643      *
2025-05-25 03:41:42      50        0.302        0.261       0.903       0.925   0.00636      *
2025-05-25 03:41:43      51        0.300        0.260       0.908       0.929   0.00630      *
2025-05-25 03:41:45      52        0.300        0.263       0.903       0.926   0.00624       
2025-05-25 03:41:46      53        0.299        0.258       0.921       0.938   0.00617      *
2025-05-25 03:41:47      54        0.296        0.256       0.908       0.929   0.00611      *
2025-05-25 03:41:49      55        0.296        0.256       0.903       0.926   0.00605       
2025-05-25 03:41:50      56        0.295        0.258       0.908       0.930   0.00599       
2025-05-25 03:41:52      57        0.293        0.254       0.910       0.931   0.00593      *
2025-05-25 03:41:53      58        0.292        0.252       0.910       0.931   0.00587      *
2025-05-25 03:41:55      59        0.290        0.251       0.910       0.931   0.00581      *
2025-05-25 03:41:56      60        0.290        0.250       0.923       0.940   0.00575      *
2025-05-25 03:41:58      61        0.288        0.248       0.910       0.931   0.00570      *
2025-05-25 03:41:59      62        0.288        0.250       0.910       0.931   0.00564       
2025-05-25 03:42:01      63        0.287        0.248       0.910       0.931   0.00558      *
2025-05-25 03:42:02      64        0.287        0.248       0.903       0.926   0.00553       
2025-05-25 03:42:04      65        0.286        0.245       0.926       0.942   0.00547      *
2025-05-25 03:42:05      66        0.284        0.244       0.918       0.937   0.00542      *
2025-05-25 03:42:06      67        0.283        0.244       0.908       0.929   0.00536      *
2025-05-25 03:42:08      68        0.283        0.243       0.910       0.931   0.00531      *
2025-05-25 03:42:09      69        0.282        0.241       0.918       0.936   0.00526      *
2025-05-25 03:42:10      70        0.282        0.240       0.918       0.936   0.00520      *
2025-05-25 03:42:12      71        0.281        0.240       0.918       0.937   0.00515      *
2025-05-25 03:42:13      72        0.280        0.239       0.918       0.937   0.00510      *
2025-05-25 03:42:15      73        0.279        0.239       0.921       0.938   0.00505      *
2025-05-25 03:42:16      74        0.279        0.238       0.923       0.940   0.00500      *
2025-05-25 03:42:17      75        0.278        0.237       0.921       0.938   0.00495      *
2025-05-25 03:42:19      76        0.277        0.238       0.915       0.935   0.00490       
2025-05-25 03:42:20      77        0.277        0.237       0.915       0.935   0.00485      *
2025-05-25 03:42:22      78        0.277        0.236       0.926       0.942   0.00480      *
2025-05-25 03:42:23      79        0.275        0.235       0.923       0.940   0.00475      *
2025-05-25 03:42:25      80        0.275        0.234       0.926       0.942   0.00471      *
2025-05-25 03:42:26      81        0.274        0.234       0.921       0.938   0.00466      *
2025-05-25 03:42:27      82        0.274        0.234       0.921       0.938   0.00461       
2025-05-25 03:42:29      83        0.274        0.234       0.918       0.937   0.00457       
2025-05-25 03:42:30      84        0.273        0.232       0.923       0.940   0.00452      *
2025-05-25 03:42:32      85        0.274        0.232       0.926       0.942   0.00448      *
2025-05-25 03:42:33      86        0.272        0.231       0.923       0.940   0.00443      *
2025-05-25 03:42:35      87        0.272        0.231       0.928       0.944   0.00439      *
2025-05-25 03:42:36      88        0.271        0.232       0.915       0.935   0.00434       
2025-05-25 03:42:37      89        0.271        0.230       0.928       0.944   0.00430      *
2025-05-25 03:42:39      90        0.271        0.229       0.926       0.942   0.00426      *
2025-05-25 03:42:40      91        0.270        0.229       0.921       0.938   0.00421      *
2025-05-25 03:42:42      92        0.270        0.229       0.926       0.942   0.00417      *
2025-05-25 03:42:43      93        0.269        0.229       0.923       0.940   0.00413       
2025-05-25 03:42:45      94        0.269        0.230       0.921       0.939   0.00409       
2025-05-25 03:42:46      95        0.268        0.229       0.926       0.942   0.00405      *
2025-05-25 03:42:47      96        0.271        0.233       0.908       0.930   0.00401       
2025-05-25 03:42:49      97        0.268        0.228       0.928       0.944   0.00397      *
2025-05-25 03:42:50      98        0.267        0.227       0.926       0.942   0.00393      *
2025-05-25 03:42:52      99        0.267        0.228       0.926       0.942   0.00389       
2025-05-25 03:42:53     100        0.267        0.226       0.926       0.942   0.00385      *
2025-05-25 03:42:54     101        0.266        0.227       0.926       0.942   0.00381       
2025-05-25 03:42:56     102        0.266        0.226       0.926       0.942   0.00377       
2025-05-25 03:42:57     103        0.265        0.225       0.923       0.940   0.00373      *
2025-05-25 03:42:59     104        0.265        0.224       0.928       0.944   0.00370      *
2025-05-25 03:43:00     105        0.265        0.225       0.923       0.940   0.00366       
2025-05-25 03:43:02     106        0.265        0.225       0.926       0.942   0.00362       
2025-05-25 03:43:03     107        0.264        0.224       0.926       0.942   0.00359      *
2025-05-25 03:43:05     108        0.265        0.226       0.923       0.941   0.00355       
2025-05-25 03:43:06     109        0.264        0.223       0.926       0.942   0.00352      *
2025-05-25 03:43:07     110        0.263        0.223       0.926       0.942   0.00348       
2025-05-25 03:43:09     111        0.263        0.224       0.926       0.942   0.00345       
2025-05-25 03:43:10     112        0.263        0.222       0.926       0.942   0.00341      *
2025-05-25 03:43:11     113        0.263        0.222       0.926       0.942   0.00338      *
2025-05-25 03:43:13     114        0.263        0.224       0.928       0.945   0.00334       
2025-05-25 03:43:14     115        0.262        0.221       0.928       0.944   0.00331      *
2025-05-25 03:43:16     116        0.261        0.222       0.926       0.942   0.00328       
2025-05-25 03:43:17     117        0.261        0.221       0.928       0.944   0.00324      *
2025-05-25 03:43:18     118        0.261        0.222       0.928       0.944   0.00321       
2025-05-25 03:43:20     119        0.261        0.220       0.928       0.944   0.00318      *
2025-05-25 03:43:21     120        0.260        0.220       0.928       0.944   0.00315      *
2025-05-25 03:43:22     121        0.260        0.219       0.928       0.944   0.00312      *
2025-05-25 03:43:24     122        0.260        0.219       0.931       0.946   0.00309      *
2025-05-25 03:43:25     123        0.260        0.219       0.928       0.944   0.00305      *
2025-05-25 03:43:27     124        0.259        0.219       0.926       0.942   0.00302      *
2025-05-25 03:43:28     125        0.259        0.219       0.928       0.944   0.00299       
2025-05-25 03:43:30     126        0.259        0.219       0.931       0.946   0.00296       
2025-05-25 03:43:31     127        0.259        0.218       0.931       0.946   0.00293      *
2025-05-25 03:43:32     128        0.258        0.218       0.931       0.946   0.00290      *
2025-05-25 03:43:34     129        0.258        0.218       0.931       0.946   0.00288      *
2025-05-25 03:43:35     130        0.258        0.218       0.931       0.946   0.00285      *
2025-05-25 03:43:37     131        0.258        0.219       0.926       0.942   0.00282       
2025-05-25 03:43:38     132        0.258        0.217       0.931       0.946   0.00279      *
2025-05-25 03:43:40     133        0.258        0.218       0.928       0.944   0.00276       
2025-05-25 03:43:41     134        0.257        0.218       0.928       0.944   0.00273       
2025-05-25 03:43:43     135        0.257        0.217       0.931       0.946   0.00271      *
2025-05-25 03:43:44     136        0.257        0.218       0.926       0.942   0.00268       
2025-05-25 03:43:45     137        0.257        0.217       0.931       0.946   0.00265       
2025-05-25 03:43:47     138        0.257        0.217       0.931       0.946   0.00263       
2025-05-25 03:43:48     139        0.256        0.216       0.931       0.946   0.00260      *
2025-05-25 03:43:50     140        0.256        0.216       0.931       0.946   0.00257      *
2025-05-25 03:43:51     141        0.256        0.215       0.928       0.944   0.00255      *
2025-05-25 03:43:53     142        0.256        0.215       0.931       0.946   0.00252      *
2025-05-25 03:43:54     143        0.256        0.215       0.931       0.946   0.00250      *
2025-05-25 03:43:55     144        0.255        0.215       0.931       0.946   0.00247      *
2025-05-25 03:43:57     145        0.255        0.214       0.926       0.942   0.00245      *
2025-05-25 03:43:58     146        0.255        0.215       0.931       0.946   0.00242       
2025-05-25 03:44:00     147        0.255        0.214       0.928       0.944   0.00240       
2025-05-25 03:44:01     148        0.255        0.214       0.931       0.946   0.00238      *
2025-05-25 03:44:02     149        0.255        0.215       0.928       0.944   0.00235       
2025-05-25 03:44:04     150        0.254        0.214       0.928       0.944   0.00233       
2025-05-25 03:44:05     151        0.254        0.215       0.928       0.944   0.00231       
2025-05-25 03:44:07     152        0.254        0.214       0.931       0.946   0.00228      *
2025-05-25 03:44:08     153        0.254        0.213       0.931       0.946   0.00226      *
2025-05-25 03:44:10     154        0.254        0.213       0.931       0.946   0.00224      *
2025-05-25 03:44:11     155        0.254        0.213       0.931       0.946   0.00221      *
2025-05-25 03:44:13     156        0.254        0.213       0.931       0.946   0.00219      *
2025-05-25 03:44:14     157        0.253        0.213       0.931       0.946   0.00217       
2025-05-25 03:44:15     158        0.253        0.213       0.931       0.946   0.00215       
2025-05-25 03:44:17     159        0.253        0.212       0.928       0.944   0.00213      *
2025-05-25 03:44:18     160        0.253        0.212       0.931       0.946   0.00211       
2025-05-25 03:44:20     161        0.253        0.212       0.931       0.946   0.00208      *
2025-05-25 03:44:21     162        0.253        0.213       0.928       0.944   0.00206       
2025-05-25 03:44:22     163        0.253        0.212       0.928       0.944   0.00204      *
2025-05-25 03:44:24     164        0.253        0.212       0.931       0.946   0.00202      *
2025-05-25 03:44:25     165        0.252        0.212       0.928       0.944   0.00200       
2025-05-25 03:44:26     166        0.252        0.212       0.931       0.946   0.00198      *
2025-05-25 03:44:28     167        0.252        0.211       0.931       0.946   0.00196      *
2025-05-25 03:44:29     168        0.253        0.212       0.928       0.945   0.00194       
2025-05-25 03:44:31     169        0.252        0.211       0.931       0.946   0.00192      *
2025-05-25 03:44:32     170        0.252        0.212       0.931       0.946   0.00190       
2025-05-25 03:44:33     171        0.252        0.211       0.931       0.946   0.00189      *
2025-05-25 03:44:35     172        0.252        0.212       0.928       0.945   0.00187       
2025-05-25 03:44:36     173        0.252        0.212       0.933       0.948   0.00185       
2025-05-25 03:44:37     174        0.251        0.211       0.931       0.946   0.00183       
2025-05-25 03:44:39     175        0.251        0.211       0.933       0.948   0.00181       
2025-05-25 03:44:40     176        0.251        0.211       0.933       0.948   0.00179      *
2025-05-25 03:44:42     177        0.251        0.210       0.933       0.948   0.00178      *
2025-05-25 03:44:43     178        0.251        0.210       0.933       0.948   0.00176       
2025-05-25 03:44:45     179        0.251        0.210       0.931       0.946   0.00174      *
2025-05-25 03:44:46     180        0.251        0.210       0.933       0.948   0.00172      *
2025-05-25 03:44:47     181        0.251        0.211       0.928       0.944   0.00171       
2025-05-25 03:44:49     182        0.251        0.210       0.931       0.946   0.00169       
2025-05-25 03:44:50     183        0.251        0.210       0.931       0.946   0.00167       
2025-05-25 03:44:52     184        0.251        0.210       0.933       0.948   0.00165      *
2025-05-25 03:44:53     185        0.251        0.210       0.926       0.943   0.00164       
2025-05-25 03:44:54     186        0.250        0.210       0.933       0.948   0.00162      *
2025-05-25 03:44:56     187        0.250        0.210       0.931       0.946   0.00161       
2025-05-25 03:44:57     188        0.250        0.210       0.933       0.948   0.00159      *
2025-05-25 03:44:59     189        0.250        0.210       0.931       0.946   0.00157       
2025-05-25 03:45:00     190        0.250        0.210       0.931       0.946   0.00156       
2025-05-25 03:45:01     191        0.250        0.210       0.936       0.950   0.00154      *
2025-05-25 03:45:03     192        0.250        0.209       0.936       0.950   0.00153      *
2025-05-25 03:45:04     193        0.250        0.209       0.931       0.946   0.00151      *
2025-05-25 03:45:06     194        0.250        0.210       0.931       0.946   0.00150       
2025-05-25 03:45:07     195        0.250        0.210       0.931       0.946   0.00148       
2025-05-25 03:45:08     196        0.250        0.210       0.931       0.946   0.00147       
2025-05-25 03:45:10     197        0.250        0.209       0.933       0.948   0.00145       
2025-05-25 03:45:11     198        0.250        0.209       0.931       0.946   0.00144      *
2025-05-25 03:45:12     199        0.250        0.210       0.933       0.948   0.00142       
2025-05-25 03:45:14     200        0.250        0.209       0.933       0.948   0.00141      *
2025-05-25 03:45:15     201        0.249        0.209       0.933       0.948   0.00139       
2025-05-25 03:45:17     202        0.249        0.209       0.933       0.948   0.00138       
2025-05-25 03:45:18     203        0.249        0.209       0.933       0.948   0.00137       
2025-05-25 03:45:19     204        0.249        0.209       0.936       0.950   0.00135      *
2025-05-25 03:45:21     205        0.249        0.209       0.933       0.948   0.00134      *
2025-05-25 03:45:22     206        0.249        0.209       0.936       0.950   0.00133       
2025-05-25 03:45:23     207        0.249        0.209       0.933       0.948   0.00131       
2025-05-25 03:45:25     208        0.249        0.209       0.936       0.950   0.00130      *
2025-05-25 03:45:26     209        0.249        0.209       0.933       0.948   0.00129       
2025-05-25 03:45:28     210        0.249        0.209       0.928       0.944   0.00127       
2025-05-25 03:45:29     211        0.249        0.209       0.936       0.950   0.00126      *
2025-05-25 03:45:30     212        0.249        0.208       0.933       0.948   0.00125      *
2025-05-25 03:45:32     213        0.249        0.208       0.928       0.944   0.00124      *
2025-05-25 03:45:33     214        0.248        0.209       0.933       0.948   0.00122       
2025-05-25 03:45:34     215        0.248        0.208       0.931       0.946   0.00121      *
2025-05-25 03:45:36     216        0.248        0.208       0.936       0.950   0.00120      *
2025-05-25 03:45:37     217        0.248        0.208       0.936       0.950   0.00119       
2025-05-25 03:45:39     218        0.248        0.208       0.933       0.948   0.00118       
2025-05-25 03:45:40     219        0.248        0.208       0.933       0.948   0.00116       
2025-05-25 03:45:41     220        0.248        0.208       0.936       0.950   0.00115      *
2025-05-25 03:45:43     221        0.248        0.208       0.933       0.948   0.00114       
2025-05-25 03:45:44     222        0.248        0.208       0.933       0.948   0.00113       
2025-05-25 03:45:45     223        0.248        0.208       0.933       0.948   0.00112      *
2025-05-25 03:45:47     224        0.248        0.207       0.936       0.950   0.00111      *
2025-05-25 03:45:48     225        0.248        0.208       0.933       0.948   0.00110       
2025-05-25 03:45:50     226        0.248        0.207       0.936       0.950   0.00108      *
2025-05-25 03:45:51     227        0.248        0.207       0.933       0.948   0.00107      *
2025-05-25 03:45:52     228        0.248        0.207       0.933       0.948   0.00106       
2025-05-25 03:45:54     229        0.248        0.207       0.933       0.948   0.00105       
2025-05-25 03:45:55     230        0.248        0.208       0.936       0.950   0.00104       
2025-05-25 03:45:56     231        0.247        0.208       0.936       0.950   0.00103       
2025-05-25 03:45:58     232        0.247        0.207       0.936       0.950   0.00102       
2025-05-25 03:45:59     233        0.247        0.207       0.936       0.950   0.00101      *
2025-05-25 03:46:00     234        0.247        0.208       0.933       0.948   0.00100       
2025-05-25 03:46:02     235        0.247        0.207       0.933       0.948   0.00099      *
2025-05-25 03:46:03     236        0.247        0.207       0.936       0.950   0.00098      *
2025-05-25 03:46:04     237        0.247        0.207       0.936       0.950   0.00097      *
2025-05-25 03:46:06     238        0.247        0.207       0.936       0.950   0.00096      *
2025-05-25 03:46:07     239        0.247        0.207       0.928       0.944   0.00095       
2025-05-25 03:46:09     240        0.247        0.207       0.936       0.950   0.00094       
2025-05-25 03:46:10     241        0.247        0.207       0.933       0.948   0.00093      *
2025-05-25 03:46:11     242        0.247        0.206       0.936       0.950   0.00092      *
2025-05-25 03:46:13     243        0.247        0.206       0.936       0.950   0.00091       
2025-05-25 03:46:14     244        0.247        0.206       0.933       0.948   0.00091       
2025-05-25 03:46:16     245        0.247        0.206       0.936       0.950   0.00090       
2025-05-25 03:46:17     246        0.247        0.206       0.936       0.950   0.00089      *
2025-05-25 03:46:18     247        0.247        0.207       0.936       0.950   0.00088       
2025-05-25 03:46:20     248        0.247        0.206       0.936       0.950   0.00087      *
2025-05-25 03:46:21     249        0.246        0.206       0.936       0.950   0.00086       
2025-05-25 03:46:22     250        0.246        0.206       0.936       0.950   0.00085      *
2025-05-25 03:46:24     251        0.246        0.206       0.938       0.952   0.00084       
2025-05-25 03:46:25     252        0.246        0.206       0.936       0.950   0.00084      *
2025-05-25 03:46:27     253        0.246        0.206       0.936       0.950   0.00083       
2025-05-25 03:46:28     254        0.246        0.206       0.936       0.950   0.00082       
2025-05-25 03:46:29     255        0.246        0.206       0.936       0.950   0.00081      *
2025-05-25 03:46:31     256        0.246        0.206       0.936       0.950   0.00080      *
2025-05-25 03:46:32     257        0.246        0.206       0.933       0.948   0.00079       
2025-05-25 03:46:33     258        0.246        0.206       0.936       0.950   0.00079       
2025-05-25 03:46:35     259        0.246        0.206       0.938       0.952   0.00078       
2025-05-25 03:46:36     260        0.246        0.206       0.938       0.952   0.00077       
2025-05-25 03:46:38     261        0.246        0.206       0.936       0.950   0.00076      *
2025-05-25 03:46:39     262        0.246        0.206       0.933       0.948   0.00076      *
2025-05-25 03:46:40     263        0.246        0.205       0.936       0.950   0.00075      *
2025-05-25 03:46:42     264        0.246        0.205       0.933       0.948   0.00074      *
2025-05-25 03:46:43     265        0.246        0.206       0.936       0.950   0.00073       
2025-05-25 03:46:44     266        0.246        0.206       0.931       0.947   0.00073       
2025-05-25 03:46:46     267        0.246        0.206       0.936       0.950   0.00072       
2025-05-25 03:46:47     268        0.246        0.205       0.936       0.950   0.00071       
2025-05-25 03:46:49     269        0.246        0.205       0.933       0.948   0.00070      *
2025-05-25 03:46:50     270        0.246        0.205       0.933       0.948   0.00070      *
2025-05-25 03:46:52     271        0.246        0.205       0.936       0.950   0.00069       
2025-05-25 03:46:53     272        0.246        0.205       0.936       0.950   0.00068      *
2025-05-25 03:46:54     273        0.246        0.206       0.936       0.950   0.00068       
2025-05-25 03:46:56     274        0.246        0.205       0.938       0.952   0.00067       
2025-05-25 03:46:57     275        0.246        0.205       0.938       0.952   0.00066       
2025-05-25 03:46:59     276        0.246        0.205       0.936       0.950   0.00066       
2025-05-25 03:47:00     277        0.246        0.205       0.936       0.950   0.00065      *
2025-05-25 03:47:01     278        0.245        0.205       0.938       0.952   0.00064       
2025-05-25 03:47:03     279        0.245        0.205       0.938       0.952   0.00064       
2025-05-25 03:47:04     280        0.245        0.205       0.938       0.952   0.00063       
2025-05-25 03:47:05     281        0.245        0.205       0.936       0.950   0.00062       
2025-05-25 03:47:07     282        0.245        0.205       0.938       0.952   0.00062       
2025-05-25 03:47:08     283        0.245        0.205       0.936       0.950   0.00061      *
2025-05-25 03:47:10     284        0.245        0.205       0.938       0.952   0.00061       
2025-05-25 03:47:11     285        0.245        0.205       0.938       0.952   0.00060       
2025-05-25 03:47:12     286        0.245        0.205       0.938       0.952   0.00059       
2025-05-25 03:47:14     287        0.245        0.205       0.936       0.950   0.00059      *
2025-05-25 03:47:15     288        0.245        0.205       0.938       0.952   0.00058       
2025-05-25 03:47:16     289        0.245        0.205       0.938       0.952   0.00058       
2025-05-25 03:47:18     290        0.245        0.205       0.938       0.952   0.00057       
2025-05-25 03:47:19     291        0.245        0.205       0.938       0.952   0.00056       
2025-05-25 03:47:20     292        0.245        0.205       0.938       0.952   0.00056       
2025-05-25 03:47:22     293        0.245        0.205       0.938       0.952   0.00055      *
2025-05-25 03:47:23     294        0.245        0.205       0.936       0.950   0.00055      *
2025-05-25 03:47:24     295        0.245        0.205       0.938       0.952   0.00054       
2025-05-25 03:47:26     296        0.245        0.205       0.938       0.952   0.00054       
2025-05-25 03:47:27     297        0.245        0.205       0.938       0.952   0.00053       
2025-05-25 03:47:28     298        0.245        0.205       0.936       0.950   0.00053      *
2025-05-25 03:47:30     299        0.245        0.205       0.938       0.952   0.00052      *
2025-05-25 03:47:31     300        0.245        0.205       0.938       0.952   0.00052       
2025-05-25 03:47:33     301        0.245        0.205       0.938       0.952   0.00051       
2025-05-25 03:47:34     302        0.245        0.205       0.938       0.952   0.00051       
2025-05-25 03:47:35     303        0.245        0.205       0.938       0.952   0.00050       
2025-05-25 03:47:37     304        0.245        0.205       0.938       0.952   0.00050       
2025-05-25 03:47:38     305        0.245        0.205       0.936       0.950   0.00049       
2025-05-25 03:47:40     306        0.245        0.205       0.936       0.950   0.00049       
2025-05-25 03:47:41     307        0.245        0.205       0.938       0.952   0.00048      *
2025-05-25 03:47:42     308        0.245        0.205       0.938       0.952   0.00048       
2025-05-25 03:47:44     309        0.245        0.205       0.938       0.952   0.00047      *
2025-05-25 03:47:45     310        0.245        0.205       0.938       0.952   0.00047      *
2025-05-25 03:47:47     311        0.245        0.205       0.938       0.952   0.00046      *
2025-05-25 03:47:48     312        0.245        0.205       0.938       0.952   0.00046       
2025-05-25 03:47:50     313        0.245        0.205       0.938       0.952   0.00045       
2025-05-25 03:47:51     314        0.245        0.205       0.938       0.952   0.00045       
2025-05-25 03:47:52     315        0.245        0.205       0.938       0.952   0.00044       
2025-05-25 03:47:54     316        0.245        0.205       0.936       0.950   0.00044      *
2025-05-25 03:47:55     317        0.245        0.205       0.938       0.952   0.00043      *
2025-05-25 03:47:57     318        0.245        0.205       0.938       0.952   0.00043      *
2025-05-25 03:47:58     319        0.244        0.205       0.938       0.952   0.00043       
2025-05-25 03:48:00     320        0.244        0.205       0.938       0.952   0.00042       
2025-05-25 03:48:01     321        0.244        0.205       0.938       0.952   0.00042       
2025-05-25 03:48:03     322        0.244        0.205       0.938       0.952   0.00041       
2025-05-25 03:48:04     323        0.244        0.205       0.938       0.952   0.00041       
2025-05-25 03:48:05     324        0.245        0.205       0.931       0.947   0.00041       
2025-05-25 03:48:07     325        0.244        0.205       0.936       0.950   0.00040       
2025-05-25 03:48:08     326        0.244        0.205       0.938       0.952   0.00040       
2025-05-25 03:48:10     327        0.244        0.205       0.938       0.952   0.00039       
2025-05-25 03:48:11     328        0.244        0.205       0.938       0.952   0.00039       
2025-05-25 03:48:12     329        0.244        0.205       0.938       0.952   0.00039       
2025-05-25 03:48:14     330        0.244        0.205       0.938       0.952   0.00038       
2025-05-25 03:48:15     331        0.244        0.205       0.931       0.947   0.00038       
2025-05-25 03:48:16     332        0.244        0.205       0.938       0.952   0.00037       
2025-05-25 03:48:18     333        0.244        0.205       0.938       0.952   0.00037       
2025-05-25 03:48:19     334        0.244        0.205       0.938       0.952   0.00037       
2025-05-25 03:48:21     335        0.244        0.205       0.938       0.952   0.00036      *
2025-05-25 03:48:22     336        0.244        0.205       0.938       0.952   0.00036       
2025-05-25 03:48:23     337        0.244        0.205       0.938       0.952   0.00036      *
2025-05-25 03:48:25     338        0.244        0.205       0.938       0.952   0.00035      *
2025-05-25 03:48:26     339        0.244        0.204       0.938       0.952   0.00035      *
2025-05-25 03:48:28     340        0.244        0.204       0.938       0.952   0.00034      *
2025-05-25 03:48:29     341        0.244        0.204       0.938       0.952   0.00034      *
2025-05-25 03:48:30     342        0.244        0.204       0.938       0.952   0.00034       
2025-05-25 03:48:32     343        0.244        0.204       0.938       0.952   0.00033       
2025-05-25 03:48:33     344        0.244        0.205       0.938       0.952   0.00033       
2025-05-25 03:48:35     345        0.244        0.204       0.938       0.952   0.00033       
2025-05-25 03:48:36     346        0.244        0.204       0.938       0.952   0.00032      *
2025-05-25 03:48:38     347        0.244        0.205       0.938       0.952   0.00032       
2025-05-25 03:48:39     348        0.244        0.205       0.938       0.952   0.00032       
2025-05-25 03:48:41     349        0.244        0.205       0.938       0.952   0.00032       
2025-05-25 03:48:42     350        0.244        0.204       0.938       0.952   0.00031       
2025-05-25 03:48:44     351        0.244        0.205       0.938       0.952   0.00031       
2025-05-25 03:48:45     352        0.244        0.204       0.938       0.952   0.00031       
2025-05-25 03:48:46     353        0.244        0.204       0.938       0.952   0.00030       
2025-05-25 03:48:48     354        0.244        0.204       0.938       0.952   0.00030      *
2025-05-25 03:48:49     355        0.244        0.204       0.938       0.952   0.00030      *
2025-05-25 03:48:51     356        0.244        0.204       0.938       0.952   0.00029       
2025-05-25 03:48:52     357        0.244        0.204       0.938       0.952   0.00029       
2025-05-25 03:48:53     358        0.244        0.204       0.938       0.952   0.00029       
2025-05-25 03:48:55     359        0.244        0.204       0.938       0.952   0.00029       
2025-05-25 03:48:56     360        0.244        0.204       0.938       0.952   0.00028       
2025-05-25 03:48:57     361        0.244        0.204       0.938       0.952   0.00028       
2025-05-25 03:48:59     362        0.244        0.204       0.938       0.952   0.00028      *
2025-05-25 03:49:00     363        0.244        0.204       0.938       0.952   0.00027       
2025-05-25 03:49:02     364        0.244        0.204       0.938       0.952   0.00027       
2025-05-25 03:49:03     365        0.244        0.204       0.938       0.952   0.00027       
2025-05-25 03:49:05     366        0.244        0.204       0.938       0.952   0.00027       
2025-05-25 03:49:06     367        0.244        0.204       0.938       0.952   0.00026       
2025-05-25 03:49:08     368        0.244        0.204       0.938       0.952   0.00026       
2025-05-25 03:49:09     369        0.244        0.204       0.938       0.952   0.00026       
2025-05-25 03:49:10     370        0.244        0.204       0.938       0.952   0.00026       
2025-05-25 03:49:12     371        0.244        0.204       0.938       0.952   0.00025       
2025-05-25 03:49:13     372        0.244        0.204       0.938       0.952   0.00025      *
2025-05-25 03:49:15     373        0.244        0.204       0.938       0.952   0.00025       
2025-05-25 03:49:16     374        0.244        0.204       0.938       0.952   0.00025      *
2025-05-25 03:49:18     375        0.244        0.204       0.938       0.952   0.00024       
2025-05-25 03:49:19     376        0.244        0.204       0.938       0.952   0.00024       
2025-05-25 03:49:20     377        0.244        0.204       0.936       0.950   0.00024      *
2025-05-25 03:49:22     378        0.244        0.204       0.936       0.950   0.00024       
2025-05-25 03:49:23     379        0.244        0.204       0.938       0.952   0.00023       
2025-05-25 03:49:24     380        0.244        0.204       0.938       0.952   0.00023       
2025-05-25 03:49:26     381        0.244        0.204       0.938       0.952   0.00023       
2025-05-25 03:49:27     382        0.244        0.204       0.938       0.952   0.00023       
2025-05-25 03:49:29     383        0.244        0.204       0.938       0.952   0.00022       
2025-05-25 03:49:30     384        0.244        0.204       0.938       0.952   0.00022       
2025-05-25 03:49:31     385        0.244        0.204       0.938       0.952   0.00022       
2025-05-25 03:49:33     386        0.244        0.204       0.938       0.952   0.00022       
2025-05-25 03:49:34     387        0.244        0.204       0.938       0.952   0.00022      *
2025-05-25 03:49:36     388        0.244        0.204       0.938       0.952   0.00021      *
2025-05-25 03:49:37     389        0.244        0.204       0.938       0.952   0.00021      *
2025-05-25 03:49:38     390        0.244        0.204       0.938       0.952   0.00021      *
2025-05-25 03:49:40     391        0.244        0.204       0.938       0.952   0.00021       
2025-05-25 03:49:41     392        0.244        0.204       0.938       0.952   0.00020       
2025-05-25 03:49:43     393        0.244        0.204       0.938       0.952   0.00020       
2025-05-25 03:49:44     394        0.244        0.204       0.938       0.952   0.00020       
2025-05-25 03:49:45     395        0.244        0.204       0.938       0.952   0.00020      *
2025-05-25 03:49:47     396        0.244        0.204       0.938       0.952   0.00020       
2025-05-25 03:49:48     397        0.244        0.204       0.938       0.952   0.00019       
2025-05-25 03:49:50     398        0.244        0.204       0.938       0.952   0.00019       
2025-05-25 03:49:51     399        0.243        0.204       0.938       0.952   0.00019       
2025-05-25 03:49:52     400        0.243        0.204       0.938       0.952   0.00019       
2025-05-25 03:49:54     401        0.243        0.204       0.938       0.952   0.00019       
2025-05-25 03:49:55     402        0.243        0.204       0.938       0.952   0.00019       
2025-05-25 03:49:57     403        0.243        0.204       0.938       0.952   0.00018       
2025-05-25 03:49:58     404        0.243        0.204       0.938       0.952   0.00018       
2025-05-25 03:49:59     405        0.243        0.204       0.938       0.952   0.00018       
2025-05-25 03:50:01     406        0.243        0.204       0.938       0.952   0.00018       
2025-05-25 03:50:02     407        0.243        0.204       0.938       0.952   0.00018       
2025-05-25 03:50:04     408        0.243        0.204       0.938       0.952   0.00017      *
2025-05-25 03:50:05     409        0.243        0.204       0.938       0.952   0.00017       
2025-05-25 03:50:07     410        0.243        0.204       0.938       0.952   0.00017       
2025-05-25 03:50:08     411        0.243        0.204       0.938       0.952   0.00017       
2025-05-25 03:50:09     412        0.243        0.204       0.938       0.952   0.00017       
2025-05-25 03:50:11     413        0.243        0.204       0.938       0.952   0.00017       
2025-05-25 03:50:12     414        0.243        0.204       0.938       0.952   0.00016       
2025-05-25 03:50:14     415        0.243        0.204       0.938       0.952   0.00016       
2025-05-25 03:50:15     416        0.243        0.204       0.938       0.952   0.00016       
2025-05-25 03:50:16     417        0.243        0.204       0.938       0.952   0.00016       
2025-05-25 03:50:18     418        0.243        0.204       0.938       0.952   0.00016       
2025-05-25 03:50:19     419        0.243        0.204       0.938       0.952   0.00016       
2025-05-25 03:50:20     420        0.243        0.204       0.938       0.952   0.00015       
2025-05-25 03:50:22     421        0.243        0.204       0.938       0.952   0.00015       
2025-05-25 03:50:23     422        0.243        0.204       0.938       0.952   0.00015       
2025-05-25 03:50:25     423        0.243        0.204       0.938       0.952   0.00015       
2025-05-25 03:50:26     424        0.243        0.204       0.938       0.952   0.00015       
2025-05-25 03:50:28     425        0.243        0.204       0.938       0.952   0.00015       
2025-05-25 03:50:29     426        0.243        0.204       0.938       0.952   0.00015       
2025-05-25 03:50:30     427        0.243        0.204       0.941       0.954   0.00014       
2025-05-25 03:50:32     428        0.243        0.204       0.938       0.952   0.00014       
2025-05-25 03:50:32   --- Training ended ---
2025-05-25 03:50:32   Number of model parameters: 1537
2025-05-25 03:50:32   Training time: 0:10:03
2025-05-25 03:50:32   Best epoch: 408
2025-05-25 03:50:32   Best valid loss: 0.204
2025-05-25 03:50:32   Best valid accuracy (macro): 0.938
2025-05-25 03:50:32   Best F1 score: 0.952
