2025-05-25 04:26:43   --- Hyperparameters ---
2025-05-25 04:26:43   model = DenseSiteNet(
2025-05-25 04:26:43     (dense_layer1): Sequential(
2025-05-25 04:26:43       (0): Linear(in_features=106722, out_features=100, bias=True)
2025-05-25 04:26:43       (1): ReLU()
2025-05-25 04:26:43       (2): Dropout(p=0.2, inplace=False)
2025-05-25 04:26:43     )
2025-05-25 04:26:43     (dense_layer2): Linear(in_features=100, out_features=1, bias=True)
2025-05-25 04:26:43   )
2025-05-25 04:26:43   split_proportion = 0.9
2025-05-25 04:26:43   batch_pad_sequences = False
2025-05-25 04:26:43   learning_rate = 0.01
2025-05-25 04:26:43   batch_size = 64
2025-05-25 04:26:43   max_epochs = 500
2025-05-25 04:26:43   early_stopping_patience = 20
2025-05-25 04:26:43   --- Creating loaders ---
2025-05-25 04:26:43   --- nvidia-smi output ---
2025-05-25 04:26:43   nvidia-smi cannot be run: Command 'nvidia-smi' returned non-zero exit status 18.
2025-05-25 04:26:43   --- Training start ---
2025-05-25 04:26:43   Start training using cuda device.
2025-05-25 04:26:43   Number of model parameters: 10672401.
2025-05-25 04:26:43   Epoch   Train loss   Valid loss   Valid acc    F1-score        Lr   Best
2025-05-25 04:26:43   ------------------------------------------------------------------------
2025-05-25 04:26:45       1        0.695        0.696       0.367       0.000   0.00000      *
2025-05-25 04:26:47       2        0.297        0.428       0.810       0.855   0.00250      *
2025-05-25 04:26:48       3        0.158        0.538       0.777       0.814   0.00500       
2025-05-25 04:26:49       4        0.074        0.719       0.762       0.801   0.00750       
2025-05-25 04:26:50       5        0.041        0.970       0.764       0.815   0.01000       
2025-05-25 04:26:51       6        0.017        1.217       0.767       0.817   0.00990       
2025-05-25 04:26:52       7        0.009        1.192       0.769       0.813   0.00980       
2025-05-25 04:26:54       8        0.007        1.252       0.777       0.824   0.00970       
2025-05-25 04:26:55       9        0.003        1.338       0.759       0.803   0.00961       
2025-05-25 04:26:56      10        0.002        1.777       0.777       0.826   0.00951       
2025-05-25 04:26:57      11        0.002        1.577       0.738       0.781   0.00941       
2025-05-25 04:26:59      12        0.003        1.559       0.767       0.807   0.00932       
2025-05-25 04:27:00      13        0.004        1.657       0.751       0.790   0.00923       
2025-05-25 04:27:02      14        0.002        1.738       0.749       0.794   0.00914       
2025-05-25 04:27:03      15        0.001        1.874       0.749       0.796   0.00904       
2025-05-25 04:27:04      16        0.001        1.954       0.754       0.804   0.00895       
2025-05-25 04:27:05      17        0.001        1.863       0.746       0.790   0.00886       
2025-05-25 04:27:06      18        0.001        1.863       0.756       0.804   0.00878       
2025-05-25 04:27:07      19        0.001        1.916       0.754       0.800   0.00869       
2025-05-25 04:27:08      20        0.001        1.999       0.759       0.808   0.00860       
2025-05-25 04:27:10      21        0.001        1.988       0.751       0.801   0.00851       
2025-05-25 04:27:11      22        0.001        2.013       0.756       0.805   0.00843       
2025-05-25 04:27:11   --- Training ended ---
2025-05-25 04:27:11   Number of model parameters: 10672401
2025-05-25 04:27:11   Training time: 0:00:27
2025-05-25 04:27:11   Best epoch: 2
2025-05-25 04:27:11   Best valid loss: 0.428
2025-05-25 04:27:11   Best valid accuracy (macro): 0.810
2025-05-25 04:27:11   Best F1 score: 0.855
