2025-05-24 21:04:10   --- Hyperparameters ---
2025-05-24 21:04:10   model = DenseSiteNet(
2025-05-24 21:04:10     (dense_layer1): Sequential(
2025-05-24 21:04:10       (0): Linear(in_features=106722, out_features=100, bias=True)
2025-05-24 21:04:10       (1): ReLU()
2025-05-24 21:04:10       (2): Dropout(p=0.2, inplace=False)
2025-05-24 21:04:10     )
2025-05-24 21:04:10     (dense_layer2): Linear(in_features=100, out_features=1, bias=True)
2025-05-24 21:04:10   )
2025-05-24 21:04:10   split_proportion = 0.9
2025-05-24 21:04:10   batch_pad_sequences = False
2025-05-24 21:04:10   learning_rate = 0.01
2025-05-24 21:04:10   batch_size = 64
2025-05-24 21:04:10   max_epochs = 500
2025-05-24 21:04:10   early_stopping_patience = 20
2025-05-24 21:04:10   --- Creating loaders ---
2025-05-24 21:04:10   --- nvidia-smi output ---
2025-05-24 21:04:10   nvidia-smi cannot be run: Command 'nvidia-smi' returned non-zero exit status 18.
2025-05-24 21:04:10   --- Training start ---
2025-05-24 21:04:10   Start training using cuda device.
2025-05-24 21:04:10   Number of model parameters: 10672401.
2025-05-24 21:04:10   Epoch   Train loss   Valid loss   Valid acc    F1-score        Lr   Best
2025-05-24 21:04:10   ------------------------------------------------------------------------
2025-05-24 21:04:12       1        0.690        0.689       0.415       0.260   0.00000      *
2025-05-24 21:04:14       2        0.297        0.516       0.759       0.790   0.00250      *
2025-05-24 21:04:16       3        0.178        0.533       0.772       0.832   0.00500       
2025-05-24 21:04:17       4        0.082        0.646       0.772       0.818   0.00750       
2025-05-24 21:04:18       5        0.056        0.860       0.774       0.820   0.01000       
2025-05-24 21:04:20       6        0.050        1.181       0.726       0.762   0.00990       
2025-05-24 21:04:21       7        0.023        1.232       0.751       0.791   0.00980       
2025-05-24 21:04:23       8        0.022        1.697       0.736       0.786   0.00970       
2025-05-24 21:04:24       9        0.018        2.024       0.713       0.773   0.00961       
2025-05-24 21:04:26      10        0.009        1.642       0.754       0.809   0.00951       
2025-05-24 21:04:27      11        0.003        1.712       0.754       0.805   0.00941       
2025-05-24 21:04:29      12        0.002        2.036       0.733       0.794   0.00932       
2025-05-24 21:04:31      13        0.001        1.975       0.721       0.782   0.00923       
2025-05-24 21:04:32      14        0.001        1.864       0.723       0.775   0.00914       
2025-05-24 21:04:34      15        0.001        1.995       0.721       0.771   0.00904       
2025-05-24 21:04:35      16        0.001        2.007       0.721       0.772   0.00895       
2025-05-24 21:04:37      17        0.001        2.078       0.721       0.772   0.00886       
2025-05-24 21:04:38      18        0.001        2.084       0.726       0.772   0.00878       
2025-05-24 21:04:40      19        0.001        2.156       0.723       0.773   0.00869       
2025-05-24 21:04:42      20        0.000        2.165       0.726       0.776   0.00860       
2025-05-24 21:04:44      21        0.000        2.192       0.726       0.776   0.00851       
2025-05-24 21:04:45      22        0.000        2.203       0.723       0.773   0.00843       
2025-05-24 21:04:45   --- Training ended ---
2025-05-24 21:04:45   Number of model parameters: 10672401
2025-05-24 21:04:45   Training time: 0:00:35
2025-05-24 21:04:45   Best epoch: 2
2025-05-24 21:04:45   Best valid loss: 0.516
2025-05-24 21:04:45   Best valid accuracy (macro): 0.759
2025-05-24 21:04:45   Best F1 score: 0.790
