2025-05-24 20:41:45   --- Hyperparameters ---
2025-05-24 20:41:45   model = AAConvNet(
2025-05-24 20:41:45     (conv_layer): Sequential(
2025-05-24 20:41:45       (0): Conv1d(22, 64, kernel_size=(1,), stride=(1,))
2025-05-24 20:41:45       (1): ReLU()
2025-05-24 20:41:45       (2): AvgPool1d(kernel_size=(4851,), stride=(4851,), padding=(0,))
2025-05-24 20:41:45       (3): Dropout(p=0.2, inplace=False)
2025-05-24 20:41:45     )
2025-05-24 20:41:45     (dense_layer): Linear(in_features=64, out_features=1, bias=True)
2025-05-24 20:41:45   )
2025-05-24 20:41:45   split_proportion = 0.9
2025-05-24 20:41:45   batch_pad_sequences = False
2025-05-24 20:41:45   learning_rate = 0.01
2025-05-24 20:41:45   batch_size = 64
2025-05-24 20:41:45   max_epochs = 500
2025-05-24 20:41:45   early_stopping_patience = 20
2025-05-24 20:41:45   --- Creating loaders ---
2025-05-24 20:41:45   --- nvidia-smi output ---
2025-05-24 20:41:45   nvidia-smi cannot be run: Command 'nvidia-smi' returned non-zero exit status 18.
2025-05-24 20:41:45   --- Training start ---
2025-05-24 20:41:45   Start training using cuda device.
2025-05-24 20:41:45   Number of model parameters: 1537.
2025-05-24 20:41:45   Epoch   Train loss   Valid loss   Valid acc    F1-score        Lr   Best
2025-05-24 20:41:45   ------------------------------------------------------------------------
2025-05-24 20:41:48       1        0.678        0.676       0.372       0.000   0.00000      *
2025-05-24 20:41:49       2        0.666        0.659       0.669       0.792   0.00250      *
2025-05-24 20:41:51       3        0.664        0.656       0.662       0.787   0.00500      *
2025-05-24 20:41:53       4        0.661        0.648       0.659       0.786   0.00750      *
2025-05-24 20:41:55       5        0.654        0.636       0.662       0.786   0.01000      *
2025-05-24 20:41:56       6        0.638        0.621       0.654       0.763   0.00990      *
2025-05-24 20:41:58       7        0.623        0.604       0.692       0.789   0.00980      *
2025-05-24 20:41:59       8        0.605        0.582       0.710       0.813   0.00970      *
2025-05-24 20:42:00       9        0.587        0.561       0.692       0.803   0.00961      *
2025-05-24 20:42:02      10        0.565        0.540       0.764       0.841   0.00951      *
2025-05-24 20:42:03      11        0.548        0.521       0.744       0.830   0.00941      *
2025-05-24 20:42:05      12        0.531        0.508       0.756       0.837   0.00932      *
2025-05-24 20:42:07      13        0.514        0.488       0.803       0.863   0.00923      *
2025-05-24 20:42:08      14        0.499        0.474       0.813       0.868   0.00914      *
2025-05-24 20:42:10      15        0.487        0.459       0.782       0.851   0.00904      *
2025-05-24 20:42:11      16        0.472        0.445       0.826       0.876   0.00895      *
2025-05-24 20:42:13      17        0.462        0.432       0.864       0.900   0.00886      *
2025-05-24 20:42:14      18        0.451        0.423       0.826       0.876   0.00878      *
2025-05-24 20:42:16      19        0.441        0.408       0.833       0.881   0.00869      *
2025-05-24 20:42:17      20        0.432        0.394       0.859       0.897   0.00860      *
2025-05-24 20:42:19      21        0.426        0.388       0.874       0.906   0.00851      *
2025-05-24 20:42:20      22        0.418        0.380       0.872       0.904   0.00843      *
2025-05-24 20:42:22      23        0.412        0.374       0.864       0.901   0.00835      *
2025-05-24 20:42:23      24        0.405        0.363       0.885       0.913   0.00826      *
2025-05-24 20:42:25      25        0.399        0.358       0.877       0.908   0.00818      *
2025-05-24 20:42:26      26        0.394        0.351       0.882       0.912   0.00810      *
2025-05-24 20:42:28      27        0.390        0.349       0.877       0.909   0.00802      *
2025-05-24 20:42:29      28        0.384        0.341       0.882       0.912   0.00794      *
2025-05-24 20:42:31      29        0.381        0.336       0.895       0.919   0.00786      *
2025-05-24 20:42:33      30        0.378        0.339       0.877       0.909   0.00778       
2025-05-24 20:42:34      31        0.373        0.331       0.887       0.916   0.00770      *
2025-05-24 20:42:35      32        0.371        0.331       0.879       0.911   0.00762      *
2025-05-24 20:42:37      33        0.366        0.320       0.890       0.917   0.00755      *
2025-05-24 20:42:38      34        0.363        0.318       0.890       0.917   0.00747      *
2025-05-24 20:42:40      35        0.360        0.316       0.887       0.915   0.00740      *
2025-05-24 20:42:41      36        0.358        0.314       0.887       0.915   0.00732      *
2025-05-24 20:42:43      37        0.355        0.307       0.897       0.922   0.00725      *
2025-05-24 20:42:44      38        0.352        0.307       0.890       0.917   0.00718      *
2025-05-24 20:42:46      39        0.349        0.304       0.892       0.918   0.00711      *
2025-05-24 20:42:47      40        0.347        0.300       0.895       0.920   0.00703      *
2025-05-24 20:42:48      41        0.345        0.298       0.895       0.920   0.00696      *
2025-05-24 20:42:50      42        0.344        0.295       0.897       0.922   0.00689      *
2025-05-24 20:42:52      43        0.341        0.294       0.895       0.920   0.00683      *
2025-05-24 20:42:53      44        0.340        0.291       0.897       0.922   0.00676      *
2025-05-24 20:42:55      45        0.337        0.291       0.895       0.920   0.00669      *
2025-05-24 20:42:56      46        0.336        0.291       0.897       0.922   0.00662      *
2025-05-24 20:42:58      47        0.334        0.289       0.895       0.920   0.00656      *
2025-05-24 20:42:59      48        0.333        0.290       0.900       0.925   0.00649       
2025-05-24 20:43:01      49        0.331        0.285       0.900       0.924   0.00643      *
2025-05-24 20:43:02      50        0.330        0.285       0.900       0.925   0.00636      *
2025-05-24 20:43:03      51        0.327        0.282       0.900       0.924   0.00630      *
2025-05-24 20:43:05      52        0.326        0.281       0.900       0.924   0.00624      *
2025-05-24 20:43:06      53        0.325        0.278       0.892       0.918   0.00617      *
2025-05-24 20:43:08      54        0.324        0.277       0.892       0.918   0.00611      *
2025-05-24 20:43:09      55        0.323        0.277       0.900       0.924   0.00605      *
2025-05-24 20:43:10      56        0.322        0.276       0.900       0.924   0.00599      *
2025-05-24 20:43:12      57        0.322        0.273       0.908       0.929   0.00593      *
2025-05-24 20:43:13      58        0.320        0.273       0.903       0.926   0.00587      *
2025-05-24 20:43:15      59        0.320        0.271       0.905       0.927   0.00581      *
2025-05-24 20:43:17      60        0.318        0.270       0.897       0.922   0.00575      *
2025-05-24 20:43:18      61        0.317        0.271       0.900       0.924   0.00570       
2025-05-24 20:43:19      62        0.316        0.269       0.897       0.922   0.00564      *
2025-05-24 20:43:21      63        0.315        0.268       0.903       0.925   0.00558      *
2025-05-24 20:43:23      64        0.315        0.267       0.905       0.927   0.00553      *
2025-05-24 20:43:24      65        0.314        0.266       0.903       0.925   0.00547      *
2025-05-24 20:43:26      66        0.313        0.265       0.908       0.929   0.00542      *
2025-05-24 20:43:27      67        0.312        0.265       0.900       0.924   0.00536      *
2025-05-24 20:43:28      68        0.311        0.264       0.905       0.928   0.00531      *
2025-05-24 20:43:30      69        0.310        0.263       0.905       0.928   0.00526      *
2025-05-24 20:43:31      70        0.309        0.263       0.905       0.928   0.00520       
2025-05-24 20:43:32      71        0.309        0.264       0.900       0.924   0.00515       
2025-05-24 20:43:34      72        0.308        0.261       0.905       0.928   0.00510      *
2025-05-24 20:43:35      73        0.307        0.260       0.905       0.928   0.00505      *
2025-05-24 20:43:37      74        0.306        0.258       0.910       0.931   0.00500      *
2025-05-24 20:43:38      75        0.306        0.259       0.908       0.930   0.00495       
2025-05-24 20:43:39      76        0.306        0.262       0.900       0.924   0.00490       
2025-05-24 20:43:40      77        0.305        0.259       0.908       0.930   0.00485       
2025-05-24 20:43:42      78        0.304        0.258       0.908       0.929   0.00480       
2025-05-24 20:43:43      79        0.304        0.260       0.905       0.928   0.00475       
2025-05-24 20:43:44      80        0.303        0.256       0.910       0.931   0.00471      *
2025-05-24 20:43:46      81        0.304        0.254       0.918       0.936   0.00466      *
2025-05-24 20:43:47      82        0.302        0.253       0.910       0.931   0.00461      *
2025-05-24 20:43:48      83        0.301        0.253       0.910       0.931   0.00457      *
2025-05-24 20:43:50      84        0.301        0.255       0.905       0.928   0.00452       
2025-05-24 20:43:52      85        0.301        0.254       0.908       0.930   0.00448       
2025-05-24 20:43:53      86        0.300        0.254       0.908       0.930   0.00443       
2025-05-24 20:43:54      87        0.300        0.252       0.908       0.930   0.00439      *
2025-05-24 20:43:56      88        0.300        0.254       0.905       0.928   0.00434       
2025-05-24 20:43:57      89        0.299        0.251       0.908       0.930   0.00430      *
2025-05-24 20:43:58      90        0.299        0.253       0.908       0.930   0.00426       
2025-05-24 20:44:00      91        0.298        0.249       0.913       0.933   0.00421      *
2025-05-24 20:44:01      92        0.298        0.248       0.915       0.934   0.00417      *
2025-05-24 20:44:02      93        0.298        0.248       0.915       0.934   0.00413      *
2025-05-24 20:44:04      94        0.297        0.249       0.910       0.932   0.00409       
2025-05-24 20:44:06      95        0.296        0.250       0.910       0.932   0.00405       
2025-05-24 20:44:07      96        0.296        0.248       0.910       0.932   0.00401       
2025-05-24 20:44:09      97        0.296        0.246       0.913       0.933   0.00397      *
2025-05-24 20:44:10      98        0.296        0.249       0.908       0.930   0.00393       
2025-05-24 20:44:12      99        0.295        0.247       0.910       0.932   0.00389       
2025-05-24 20:44:13     100        0.294        0.246       0.913       0.933   0.00385      *
2025-05-24 20:44:15     101        0.295        0.249       0.908       0.930   0.00381       
2025-05-24 20:44:16     102        0.294        0.245       0.915       0.935   0.00377      *
2025-05-24 20:44:17     103        0.294        0.246       0.913       0.933   0.00373       
2025-05-24 20:44:19     104        0.295        0.250       0.903       0.926   0.00370       
2025-05-24 20:44:20     105        0.293        0.247       0.915       0.935   0.00366       
2025-05-24 20:44:22     106        0.293        0.245       0.921       0.939   0.00362      *
2025-05-24 20:44:23     107        0.292        0.245       0.921       0.939   0.00359      *
2025-05-24 20:44:24     108        0.292        0.245       0.913       0.933   0.00355       
2025-05-24 20:44:26     109        0.292        0.246       0.913       0.933   0.00352       
2025-05-24 20:44:27     110        0.291        0.244       0.915       0.935   0.00348      *
2025-05-24 20:44:28     111        0.291        0.244       0.915       0.935   0.00345      *
2025-05-24 20:44:30     112        0.291        0.245       0.910       0.932   0.00341       
2025-05-24 20:44:31     113        0.291        0.242       0.915       0.935   0.00338      *
2025-05-24 20:44:32     114        0.295        0.247       0.923       0.939   0.00334       
2025-05-24 20:44:34     115        0.290        0.243       0.913       0.933   0.00331       
2025-05-24 20:44:35     116        0.290        0.242       0.918       0.937   0.00328      *
2025-05-24 20:44:37     117        0.290        0.243       0.910       0.932   0.00324       
2025-05-24 20:44:38     118        0.289        0.242       0.913       0.933   0.00321       
2025-05-24 20:44:39     119        0.289        0.243       0.915       0.935   0.00318       
2025-05-24 20:44:41     120        0.289        0.241       0.915       0.935   0.00315      *
2025-05-24 20:44:42     121        0.290        0.245       0.910       0.932   0.00312       
2025-05-24 20:44:43     122        0.288        0.240       0.915       0.935   0.00309      *
2025-05-24 20:44:45     123        0.288        0.241       0.915       0.935   0.00305       
2025-05-24 20:44:46     124        0.288        0.240       0.918       0.937   0.00302      *
2025-05-24 20:44:48     125        0.288        0.240       0.918       0.937   0.00299      *
2025-05-24 20:44:49     126        0.287        0.239       0.918       0.937   0.00296      *
2025-05-24 20:44:50     127        0.287        0.241       0.913       0.933   0.00293       
2025-05-24 20:44:52     128        0.287        0.241       0.913       0.933   0.00290       
2025-05-24 20:44:53     129        0.287        0.239       0.918       0.937   0.00288       
2025-05-24 20:44:55     130        0.287        0.239       0.915       0.935   0.00285       
2025-05-24 20:44:56     131        0.286        0.239       0.918       0.937   0.00282      *
2025-05-24 20:44:58     132        0.286        0.238       0.918       0.937   0.00279      *
2025-05-24 20:44:59     133        0.286        0.238       0.915       0.935   0.00276      *
2025-05-24 20:45:01     134        0.286        0.239       0.913       0.933   0.00273       
2025-05-24 20:45:02     135        0.285        0.236       0.915       0.935   0.00271      *
2025-05-24 20:45:03     136        0.286        0.238       0.910       0.932   0.00268       
2025-05-24 20:45:04     137        0.285        0.237       0.918       0.937   0.00265       
2025-05-24 20:45:06     138        0.285        0.238       0.913       0.933   0.00263       
2025-05-24 20:45:07     139        0.285        0.237       0.918       0.937   0.00260       
2025-05-24 20:45:08     140        0.285        0.238       0.913       0.933   0.00257       
2025-05-24 20:45:10     141        0.284        0.236       0.915       0.935   0.00255      *
2025-05-24 20:45:11     142        0.284        0.236       0.915       0.935   0.00252      *
2025-05-24 20:45:13     143        0.284        0.237       0.913       0.933   0.00250       
2025-05-24 20:45:14     144        0.284        0.236       0.915       0.935   0.00247       
2025-05-24 20:45:15     145        0.284        0.235       0.915       0.935   0.00245      *
2025-05-24 20:45:16     146        0.283        0.235       0.915       0.935   0.00242       
2025-05-24 20:45:18     147        0.283        0.237       0.913       0.933   0.00240       
2025-05-24 20:45:19     148        0.283        0.235       0.915       0.935   0.00238      *
2025-05-24 20:45:20     149        0.283        0.235       0.915       0.935   0.00235      *
2025-05-24 20:45:22     150        0.283        0.234       0.918       0.937   0.00233      *
2025-05-24 20:45:23     151        0.283        0.234       0.923       0.940   0.00231      *
2025-05-24 20:45:24     152        0.282        0.234       0.915       0.935   0.00228       
2025-05-24 20:45:26     153        0.282        0.235       0.915       0.935   0.00226       
2025-05-24 20:45:27     154        0.282        0.235       0.918       0.937   0.00224       
2025-05-24 20:45:28     155        0.282        0.235       0.913       0.933   0.00221       
2025-05-24 20:45:29     156        0.282        0.233       0.915       0.935   0.00219      *
2025-05-24 20:45:31     157        0.282        0.235       0.913       0.933   0.00217       
2025-05-24 20:45:32     158        0.282        0.233       0.921       0.939   0.00215      *
2025-05-24 20:45:33     159        0.281        0.233       0.915       0.935   0.00213       
2025-05-24 20:45:35     160        0.282        0.232       0.923       0.940   0.00211      *
2025-05-24 20:45:36     161        0.281        0.233       0.918       0.937   0.00208       
2025-05-24 20:45:38     162        0.281        0.232       0.926       0.942   0.00206      *
2025-05-24 20:45:39     163        0.281        0.232       0.915       0.935   0.00204       
2025-05-24 20:45:40     164        0.281        0.232       0.918       0.937   0.00202      *
2025-05-24 20:45:41     165        0.281        0.232       0.918       0.937   0.00200      *
2025-05-24 20:45:43     166        0.281        0.232       0.915       0.935   0.00198       
2025-05-24 20:45:44     167        0.281        0.231       0.923       0.940   0.00196      *
2025-05-24 20:45:46     168        0.280        0.232       0.915       0.935   0.00194       
2025-05-24 20:45:47     169        0.280        0.232       0.915       0.935   0.00192       
2025-05-24 20:45:49     170        0.280        0.232       0.915       0.935   0.00190       
2025-05-24 20:45:50     171        0.280        0.232       0.915       0.935   0.00189       
2025-05-24 20:45:52     172        0.280        0.231       0.915       0.935   0.00187       
2025-05-24 20:45:53     173        0.279        0.231       0.915       0.935   0.00185      *
2025-05-24 20:45:54     174        0.279        0.231       0.915       0.935   0.00183      *
2025-05-24 20:45:56     175        0.280        0.230       0.923       0.940   0.00181      *
2025-05-24 20:45:57     176        0.279        0.231       0.915       0.935   0.00179       
2025-05-24 20:45:58     177        0.279        0.231       0.913       0.933   0.00178       
2025-05-24 20:45:59     178        0.279        0.231       0.915       0.935   0.00176       
2025-05-24 20:46:01     179        0.279        0.230       0.921       0.939   0.00174      *
2025-05-24 20:46:02     180        0.279        0.232       0.913       0.933   0.00172       
2025-05-24 20:46:03     181        0.279        0.231       0.918       0.937   0.00171       
2025-05-24 20:46:05     182        0.278        0.231       0.915       0.935   0.00169       
2025-05-24 20:46:06     183        0.278        0.230       0.915       0.935   0.00167       
2025-05-24 20:46:07     184        0.278        0.230       0.915       0.935   0.00165       
2025-05-24 20:46:09     185        0.278        0.231       0.915       0.935   0.00164       
2025-05-24 20:46:10     186        0.278        0.230       0.915       0.935   0.00162      *
2025-05-24 20:46:12     187        0.278        0.230       0.915       0.935   0.00161      *
2025-05-24 20:46:13     188        0.278        0.230       0.918       0.937   0.00159       
2025-05-24 20:46:14     189        0.278        0.229       0.915       0.935   0.00157      *
2025-05-24 20:46:16     190        0.278        0.229       0.915       0.935   0.00156       
2025-05-24 20:46:17     191        0.278        0.229       0.921       0.939   0.00154      *
2025-05-24 20:46:19     192        0.277        0.229       0.918       0.937   0.00153      *
2025-05-24 20:46:21     193        0.277        0.229       0.918       0.937   0.00151      *
2025-05-24 20:46:22     194        0.277        0.229       0.918       0.937   0.00150      *
2025-05-24 20:46:24     195        0.277        0.228       0.915       0.935   0.00148      *
2025-05-24 20:46:25     196        0.277        0.228       0.918       0.937   0.00147      *
2025-05-24 20:46:26     197        0.277        0.229       0.915       0.935   0.00145       
2025-05-24 20:46:28     198        0.277        0.229       0.918       0.937   0.00144       
2025-05-24 20:46:29     199        0.277        0.230       0.913       0.933   0.00142       
2025-05-24 20:46:31     200        0.277        0.230       0.915       0.935   0.00141       
2025-05-24 20:46:32     201        0.277        0.229       0.915       0.935   0.00139       
2025-05-24 20:46:33     202        0.277        0.228       0.921       0.939   0.00138      *
2025-05-24 20:46:35     203        0.277        0.228       0.921       0.939   0.00137      *
2025-05-24 20:46:36     204        0.276        0.228       0.915       0.935   0.00135       
2025-05-24 20:46:37     205        0.276        0.228       0.921       0.939   0.00134      *
2025-05-24 20:46:38     206        0.276        0.229       0.918       0.937   0.00133       
2025-05-24 20:46:40     207        0.276        0.228       0.915       0.935   0.00131       
2025-05-24 20:46:41     208        0.276        0.228       0.918       0.937   0.00130       
2025-05-24 20:46:42     209        0.276        0.228       0.915       0.935   0.00129       
2025-05-24 20:46:43     210        0.276        0.228       0.915       0.935   0.00127       
2025-05-24 20:46:44     211        0.276        0.229       0.915       0.935   0.00126       
2025-05-24 20:46:46     212        0.276        0.228       0.915       0.935   0.00125       
2025-05-24 20:46:47     213        0.276        0.228       0.915       0.935   0.00124       
2025-05-24 20:46:48     214        0.276        0.228       0.915       0.935   0.00122       
2025-05-24 20:46:49     215        0.275        0.228       0.915       0.935   0.00121      *
2025-05-24 20:46:51     216        0.275        0.227       0.921       0.939   0.00120      *
2025-05-24 20:46:52     217        0.276        0.227       0.926       0.942   0.00119      *
2025-05-24 20:46:53     218        0.275        0.227       0.921       0.939   0.00118       
2025-05-24 20:46:54     219        0.275        0.227       0.915       0.935   0.00116       
2025-05-24 20:46:56     220        0.275        0.227       0.921       0.939   0.00115       
2025-05-24 20:46:57     221        0.275        0.227       0.915       0.935   0.00114       
2025-05-24 20:46:58     222        0.275        0.227       0.921       0.939   0.00113       
2025-05-24 20:46:59     223        0.275        0.227       0.918       0.937   0.00112       
2025-05-24 20:47:00     224        0.275        0.228       0.915       0.935   0.00111       
2025-05-24 20:47:02     225        0.275        0.228       0.915       0.935   0.00110       
2025-05-24 20:47:03     226        0.275        0.228       0.915       0.935   0.00108       
2025-05-24 20:47:04     227        0.275        0.228       0.915       0.935   0.00107       
2025-05-24 20:47:05     228        0.275        0.227       0.918       0.937   0.00106       
2025-05-24 20:47:06     229        0.275        0.227       0.915       0.935   0.00105       
2025-05-24 20:47:08     230        0.274        0.227       0.915       0.935   0.00104       
2025-05-24 20:47:09     231        0.274        0.227       0.923       0.940   0.00103       
2025-05-24 20:47:10     232        0.274        0.226       0.923       0.940   0.00102      *
2025-05-24 20:47:11     233        0.274        0.226       0.923       0.940   0.00101      *
2025-05-24 20:47:13     234        0.274        0.226       0.923       0.940   0.00100       
2025-05-24 20:47:14     235        0.274        0.226       0.923       0.940   0.00099       
2025-05-24 20:47:15     236        0.274        0.227       0.915       0.935   0.00098       
2025-05-24 20:47:17     237        0.274        0.227       0.915       0.935   0.00097       
2025-05-24 20:47:18     238        0.274        0.226       0.921       0.939   0.00096       
2025-05-24 20:47:19     239        0.274        0.227       0.915       0.935   0.00095       
2025-05-24 20:47:20     240        0.274        0.226       0.915       0.935   0.00094       
2025-05-24 20:47:22     241        0.274        0.226       0.921       0.939   0.00093      *
2025-05-24 20:47:23     242        0.274        0.225       0.923       0.940   0.00092      *
2025-05-24 20:47:24     243        0.274        0.226       0.921       0.939   0.00091       
2025-05-24 20:47:25     244        0.274        0.226       0.915       0.935   0.00091       
2025-05-24 20:47:27     245        0.274        0.226       0.918       0.937   0.00090       
2025-05-24 20:47:28     246        0.274        0.225       0.921       0.939   0.00089       
2025-05-24 20:47:29     247        0.274        0.226       0.921       0.939   0.00088       
2025-05-24 20:47:30     248        0.274        0.225       0.921       0.939   0.00087      *
2025-05-24 20:47:32     249        0.274        0.226       0.915       0.935   0.00086       
2025-05-24 20:47:33     250        0.274        0.226       0.915       0.935   0.00085       
2025-05-24 20:47:35     251        0.273        0.226       0.915       0.935   0.00084       
2025-05-24 20:47:36     252        0.273        0.226       0.921       0.939   0.00084       
2025-05-24 20:47:37     253        0.273        0.226       0.915       0.935   0.00083       
2025-05-24 20:47:39     254        0.273        0.225       0.921       0.939   0.00082      *
2025-05-24 20:47:40     255        0.273        0.225       0.921       0.939   0.00081      *
2025-05-24 20:47:42     256        0.273        0.225       0.921       0.939   0.00080      *
2025-05-24 20:47:43     257        0.273        0.225       0.921       0.939   0.00079       
2025-05-24 20:47:44     258        0.273        0.225       0.921       0.939   0.00079       
2025-05-24 20:47:46     259        0.273        0.225       0.921       0.939   0.00078       
2025-05-24 20:47:47     260        0.273        0.225       0.921       0.939   0.00077      *
2025-05-24 20:47:49     261        0.273        0.225       0.921       0.939   0.00076       
2025-05-24 20:47:51     262        0.273        0.225       0.915       0.935   0.00076       
2025-05-24 20:47:52     263        0.273        0.226       0.915       0.935   0.00075       
2025-05-24 20:47:54     264        0.273        0.225       0.921       0.939   0.00074       
2025-05-24 20:47:55     265        0.273        0.225       0.921       0.939   0.00073      *
2025-05-24 20:47:56     266        0.273        0.225       0.921       0.939   0.00073       
2025-05-24 20:47:58     267        0.273        0.225       0.921       0.939   0.00072      *
2025-05-24 20:47:59     268        0.273        0.225       0.921       0.939   0.00071      *
2025-05-24 20:48:00     269        0.273        0.225       0.918       0.937   0.00070       
2025-05-24 20:48:01     270        0.273        0.225       0.915       0.935   0.00070       
2025-05-24 20:48:03     271        0.272        0.225       0.921       0.939   0.00069       
2025-05-24 20:48:04     272        0.272        0.225       0.921       0.939   0.00068       
2025-05-24 20:48:05     273        0.272        0.224       0.923       0.940   0.00068      *
2025-05-24 20:48:06     274        0.272        0.225       0.921       0.939   0.00067       
2025-05-24 20:48:07     275        0.272        0.225       0.921       0.939   0.00066       
2025-05-24 20:48:09     276        0.272        0.225       0.921       0.939   0.00066       
2025-05-24 20:48:10     277        0.272        0.225       0.921       0.939   0.00065       
2025-05-24 20:48:12     278        0.272        0.224       0.921       0.939   0.00064       
2025-05-24 20:48:13     279        0.272        0.225       0.915       0.935   0.00064       
2025-05-24 20:48:14     280        0.272        0.225       0.915       0.935   0.00063       
2025-05-24 20:48:15     281        0.272        0.225       0.921       0.939   0.00062       
2025-05-24 20:48:17     282        0.272        0.225       0.921       0.939   0.00062       
2025-05-24 20:48:18     283        0.272        0.224       0.923       0.940   0.00061      *
2025-05-24 20:48:19     284        0.272        0.224       0.923       0.940   0.00061      *
2025-05-24 20:48:20     285        0.272        0.225       0.918       0.937   0.00060       
2025-05-24 20:48:22     286        0.272        0.225       0.915       0.935   0.00059       
2025-05-24 20:48:23     287        0.272        0.224       0.921       0.939   0.00059       
2025-05-24 20:48:24     288        0.272        0.224       0.923       0.940   0.00058       
2025-05-24 20:48:26     289        0.272        0.224       0.923       0.940   0.00058       
2025-05-24 20:48:27     290        0.272        0.224       0.923       0.940   0.00057       
2025-05-24 20:48:28     291        0.272        0.224       0.923       0.940   0.00056      *
2025-05-24 20:48:29     292        0.272        0.224       0.921       0.939   0.00056       
2025-05-24 20:48:30     293        0.272        0.224       0.921       0.939   0.00055       
2025-05-24 20:48:32     294        0.272        0.224       0.923       0.940   0.00055       
2025-05-24 20:48:33     295        0.272        0.224       0.921       0.939   0.00054       
2025-05-24 20:48:34     296        0.272        0.224       0.921       0.939   0.00054       
2025-05-24 20:48:35     297        0.272        0.223       0.923       0.940   0.00053      *
2025-05-24 20:48:36     298        0.272        0.223       0.923       0.940   0.00053       
2025-05-24 20:48:38     299        0.272        0.223       0.923       0.940   0.00052      *
2025-05-24 20:48:39     300        0.271        0.224       0.921       0.939   0.00052       
2025-05-24 20:48:41     301        0.271        0.224       0.921       0.939   0.00051       
2025-05-24 20:48:42     302        0.271        0.224       0.921       0.939   0.00051       
2025-05-24 20:48:44     303        0.271        0.224       0.921       0.939   0.00050       
2025-05-24 20:48:45     304        0.271        0.224       0.921       0.939   0.00050       
2025-05-24 20:48:46     305        0.271        0.224       0.921       0.939   0.00049       
2025-05-24 20:48:47     306        0.271        0.224       0.921       0.939   0.00049       
2025-05-24 20:48:49     307        0.271        0.224       0.921       0.939   0.00048       
2025-05-24 20:48:50     308        0.271        0.224       0.921       0.939   0.00048       
2025-05-24 20:48:51     309        0.271        0.224       0.921       0.939   0.00047       
2025-05-24 20:48:52     310        0.271        0.224       0.921       0.939   0.00047       
2025-05-24 20:48:53     311        0.271        0.224       0.921       0.939   0.00046       
2025-05-24 20:48:55     312        0.271        0.224       0.921       0.939   0.00046       
2025-05-24 20:48:56     313        0.271        0.224       0.921       0.939   0.00045       
2025-05-24 20:48:57     314        0.271        0.224       0.921       0.939   0.00045       
2025-05-24 20:48:58     315        0.271        0.224       0.921       0.939   0.00044       
2025-05-24 20:48:59     316        0.271        0.223       0.921       0.939   0.00044       
2025-05-24 20:49:01     317        0.271        0.223       0.921       0.939   0.00043      *
2025-05-24 20:49:02     318        0.271        0.224       0.921       0.939   0.00043       
2025-05-24 20:49:03     319        0.271        0.224       0.921       0.939   0.00043       
2025-05-24 20:49:04     320        0.271        0.224       0.921       0.939   0.00042       
2025-05-24 20:49:06     321        0.271        0.223       0.921       0.939   0.00042      *
2025-05-24 20:49:07     322        0.271        0.223       0.921       0.939   0.00041       
2025-05-24 20:49:09     323        0.271        0.223       0.921       0.939   0.00041       
2025-05-24 20:49:10     324        0.271        0.224       0.921       0.939   0.00041       
2025-05-24 20:49:11     325        0.271        0.224       0.915       0.935   0.00040       
2025-05-24 20:49:12     326        0.271        0.224       0.921       0.939   0.00040       
2025-05-24 20:49:13     327        0.271        0.224       0.921       0.939   0.00039       
2025-05-24 20:49:15     328        0.271        0.224       0.921       0.939   0.00039       
2025-05-24 20:49:16     329        0.271        0.224       0.921       0.939   0.00039       
2025-05-24 20:49:18     330        0.271        0.223       0.921       0.939   0.00038       
2025-05-24 20:49:19     331        0.271        0.223       0.921       0.939   0.00038       
2025-05-24 20:49:20     332        0.271        0.224       0.921       0.939   0.00037       
2025-05-24 20:49:22     333        0.271        0.224       0.921       0.939   0.00037       
2025-05-24 20:49:23     334        0.271        0.223       0.921       0.939   0.00037       
2025-05-24 20:49:25     335        0.271        0.224       0.921       0.939   0.00036       
2025-05-24 20:49:26     336        0.271        0.224       0.921       0.939   0.00036       
2025-05-24 20:49:27     337        0.271        0.224       0.921       0.939   0.00036       
2025-05-24 20:49:28     338        0.271        0.223       0.921       0.939   0.00035      *
2025-05-24 20:49:30     339        0.271        0.223       0.921       0.939   0.00035       
2025-05-24 20:49:31     340        0.271        0.223       0.926       0.942   0.00034      *
2025-05-24 20:49:32     341        0.270        0.223       0.921       0.939   0.00034       
2025-05-24 20:49:33     342        0.270        0.223       0.921       0.939   0.00034       
2025-05-24 20:49:35     343        0.270        0.223       0.921       0.939   0.00033       
2025-05-24 20:49:36     344        0.270        0.223       0.921       0.939   0.00033       
2025-05-24 20:49:37     345        0.270        0.223       0.921       0.939   0.00033       
2025-05-24 20:49:38     346        0.270        0.223       0.921       0.939   0.00032       
2025-05-24 20:49:40     347        0.270        0.223       0.921       0.939   0.00032       
2025-05-24 20:49:41     348        0.270        0.223       0.921       0.939   0.00032       
2025-05-24 20:49:42     349        0.270        0.223       0.921       0.939   0.00032       
2025-05-24 20:49:43     350        0.270        0.223       0.921       0.939   0.00031       
2025-05-24 20:49:44     351        0.270        0.223       0.921       0.939   0.00031       
2025-05-24 20:49:46     352        0.270        0.223       0.921       0.939   0.00031       
2025-05-24 20:49:47     353        0.270        0.223       0.921       0.939   0.00030       
2025-05-24 20:49:48     354        0.270        0.223       0.921       0.939   0.00030       
2025-05-24 20:49:49     355        0.270        0.223       0.921       0.939   0.00030       
2025-05-24 20:49:51     356        0.270        0.223       0.921       0.939   0.00029       
2025-05-24 20:49:52     357        0.270        0.223       0.921       0.939   0.00029       
2025-05-24 20:49:54     358        0.270        0.223       0.921       0.939   0.00029      *
2025-05-24 20:49:55     359        0.270        0.223       0.921       0.939   0.00029      *
2025-05-24 20:49:56     360        0.270        0.223       0.921       0.939   0.00028       
2025-05-24 20:49:57     361        0.270        0.223       0.921       0.939   0.00028       
2025-05-24 20:49:59     362        0.270        0.223       0.918       0.937   0.00028       
2025-05-24 20:50:00     363        0.270        0.223       0.921       0.939   0.00027       
2025-05-24 20:50:01     364        0.270        0.223       0.921       0.939   0.00027       
2025-05-24 20:50:02     365        0.270        0.223       0.921       0.939   0.00027       
2025-05-24 20:50:03     366        0.270        0.223       0.921       0.939   0.00027       
2025-05-24 20:50:05     367        0.270        0.223       0.921       0.939   0.00026       
2025-05-24 20:50:06     368        0.270        0.223       0.921       0.939   0.00026       
2025-05-24 20:50:07     369        0.270        0.223       0.921       0.939   0.00026       
2025-05-24 20:50:09     370        0.270        0.223       0.921       0.939   0.00026       
2025-05-24 20:50:10     371        0.270        0.223       0.921       0.939   0.00025       
2025-05-24 20:50:11     372        0.270        0.223       0.921       0.939   0.00025       
2025-05-24 20:50:12     373        0.270        0.223       0.921       0.939   0.00025       
2025-05-24 20:50:14     374        0.270        0.223       0.921       0.939   0.00025       
2025-05-24 20:50:15     375        0.270        0.223       0.921       0.939   0.00024       
2025-05-24 20:50:16     376        0.270        0.223       0.921       0.939   0.00024       
2025-05-24 20:50:17     377        0.270        0.223       0.921       0.939   0.00024       
2025-05-24 20:50:19     378        0.270        0.223       0.921       0.939   0.00024       
2025-05-24 20:50:20     379        0.270        0.223       0.921       0.939   0.00023       
2025-05-24 20:50:20   --- Training ended ---
2025-05-24 20:50:20   Number of model parameters: 1537
2025-05-24 20:50:20   Training time: 0:08:35
2025-05-24 20:50:20   Best epoch: 359
2025-05-24 20:50:20   Best valid loss: 0.223
2025-05-24 20:50:20   Best valid accuracy (macro): 0.921
2025-05-24 20:50:20   Best F1 score: 0.939
