2025-05-24 20:51:23   --- Hyperparameters ---
2025-05-24 20:51:23   model = DenseMsaNet(
2025-05-24 20:51:23     (dense_layer1): Sequential(
2025-05-24 20:51:23       (0): Linear(in_features=22, out_features=100, bias=True)
2025-05-24 20:51:23       (1): ReLU()
2025-05-24 20:51:23       (2): Dropout(p=0.2, inplace=False)
2025-05-24 20:51:23     )
2025-05-24 20:51:23     (dense_layer2): Linear(in_features=100, out_features=1, bias=True)
2025-05-24 20:51:23   )
2025-05-24 20:51:23   split_proportion = 0.9
2025-05-24 20:51:23   batch_pad_sequences = False
2025-05-24 20:51:23   learning_rate = 0.01
2025-05-24 20:51:23   batch_size = 64
2025-05-24 20:51:23   max_epochs = 500
2025-05-24 20:51:23   early_stopping_patience = 20
2025-05-24 20:51:23   --- Creating loaders ---
2025-05-24 20:51:23   --- nvidia-smi output ---
2025-05-24 20:51:23   nvidia-smi cannot be run: Command 'nvidia-smi' returned non-zero exit status 18.
2025-05-24 20:51:23   --- Training start ---
2025-05-24 20:51:23   Start training using cuda device.
2025-05-24 20:51:23   Number of model parameters: 2401.
2025-05-24 20:51:23   Epoch   Train loss   Valid loss   Valid acc    F1-score        Lr   Best
2025-05-24 20:51:23   ------------------------------------------------------------------------
2025-05-24 20:51:25       1        0.704        0.705       0.372       0.000   0.00000      *
2025-05-24 20:51:26       2        0.651        0.645       0.692       0.707   0.00250      *
2025-05-24 20:51:26       3        0.564        0.549       0.692       0.801   0.00500      *
2025-05-24 20:51:26       4        0.476        0.451       0.790       0.848   0.00750      *
2025-05-24 20:51:27       5        0.461        0.431       0.795       0.837   0.01000      *
2025-05-24 20:51:27       6        0.454        0.428       0.815       0.863   0.00990      *
2025-05-24 20:51:27       7        0.448        0.422       0.821       0.861   0.00980      *
2025-05-24 20:51:28       8        0.480        0.452       0.779       0.814   0.00970       
2025-05-24 20:51:28       9        0.468        0.438       0.795       0.831   0.00961       
2025-05-24 20:51:28      10        0.448        0.420       0.815       0.855   0.00951      *
2025-05-24 20:51:29      11        0.447        0.420       0.826       0.864   0.00941       
2025-05-24 20:51:29      12        0.438        0.412       0.823       0.864   0.00932      *
2025-05-24 20:51:30      13        0.437        0.409       0.823       0.863   0.00923      *
2025-05-24 20:51:30      14        0.437        0.409       0.826       0.864   0.00914      *
2025-05-24 20:51:30      15        0.433        0.410       0.828       0.871   0.00904       
2025-05-24 20:51:31      16        0.434        0.411       0.828       0.872   0.00895       
2025-05-24 20:51:31      17        0.428        0.405       0.831       0.871   0.00886      *
2025-05-24 20:51:31      18        0.425        0.401       0.826       0.870   0.00878      *
2025-05-24 20:51:32      19        0.429        0.408       0.821       0.868   0.00869       
2025-05-24 20:51:32      20        0.420        0.394       0.831       0.872   0.00860      *
2025-05-24 20:51:33      21        0.423        0.399       0.828       0.871   0.00851       
2025-05-24 20:51:33      22        0.427        0.406       0.831       0.865   0.00843       
2025-05-24 20:51:33      23        0.416        0.397       0.833       0.870   0.00835       
2025-05-24 20:51:33      24        0.413        0.392       0.828       0.869   0.00826      *
2025-05-24 20:51:34      25        0.416        0.397       0.831       0.874   0.00818       
2025-05-24 20:51:34      26        0.416        0.396       0.833       0.875   0.00810       
2025-05-24 20:51:34      27        0.415        0.397       0.831       0.866   0.00802       
2025-05-24 20:51:34      28        0.415        0.394       0.826       0.862   0.00794       
2025-05-24 20:51:35      29        0.409        0.393       0.833       0.873   0.00786       
2025-05-24 20:51:35      30        0.408        0.390       0.826       0.864   0.00778      *
2025-05-24 20:51:35      31        0.406        0.392       0.833       0.871   0.00770       
2025-05-24 20:51:35      32        0.407        0.389       0.833       0.871   0.00762      *
2025-05-24 20:51:36      33        0.405        0.394       0.833       0.874   0.00755       
2025-05-24 20:51:36      34        0.407        0.396       0.828       0.871   0.00747       
2025-05-24 20:51:36      35        0.402        0.389       0.836       0.873   0.00740       
2025-05-24 20:51:36      36        0.409        0.394       0.838       0.871   0.00732       
2025-05-24 20:51:37      37        0.402        0.389       0.836       0.874   0.00725      *
2025-05-24 20:51:37      38        0.404        0.392       0.828       0.863   0.00718       
2025-05-24 20:51:37      39        0.401        0.389       0.838       0.878   0.00711       
2025-05-24 20:51:38      40        0.400        0.394       0.826       0.865   0.00703       
2025-05-24 20:51:38      41        0.402        0.396       0.821       0.865   0.00696       
2025-05-24 20:51:38      42        0.398        0.390       0.828       0.865   0.00689       
2025-05-24 20:51:38      43        0.412        0.409       0.795       0.851   0.00683       
2025-05-24 20:51:39      44        0.400        0.391       0.826       0.862   0.00676       
2025-05-24 20:51:39      45        0.395        0.389       0.831       0.867   0.00669       
2025-05-24 20:51:39      46        0.399        0.393       0.841       0.876   0.00662       
2025-05-24 20:51:39      47        0.392        0.388       0.831       0.867   0.00656      *
2025-05-24 20:51:40      48        0.392        0.384       0.838       0.876   0.00649      *
2025-05-24 20:51:40      49        0.392        0.389       0.836       0.875   0.00643       
2025-05-24 20:51:40      50        0.391        0.389       0.838       0.874   0.00636       
2025-05-24 20:51:40      51        0.403        0.401       0.808       0.858   0.00630       
2025-05-24 20:51:41      52        0.390        0.388       0.833       0.869   0.00624       
2025-05-24 20:51:41      53        0.391        0.387       0.833       0.869   0.00617       
2025-05-24 20:51:41      54        0.388        0.388       0.823       0.862   0.00611       
2025-05-24 20:51:41      55        0.388        0.384       0.838       0.872   0.00605      *
2025-05-24 20:51:42      56        0.391        0.394       0.826       0.863   0.00599       
2025-05-24 20:51:42      57        0.401        0.401       0.805       0.857   0.00593       
2025-05-24 20:51:42      58        0.386        0.387       0.841       0.879   0.00587       
2025-05-24 20:51:42      59        0.399        0.398       0.836       0.867   0.00581       
2025-05-24 20:51:43      60        0.388        0.389       0.833       0.868   0.00575       
2025-05-24 20:51:43      61        0.388        0.393       0.833       0.875   0.00570       
2025-05-24 20:51:43      62        0.383        0.386       0.836       0.875   0.00564       
2025-05-24 20:51:43      63        0.383        0.386       0.836       0.874   0.00558       
2025-05-24 20:51:44      64        0.385        0.389       0.831       0.865   0.00553       
2025-05-24 20:51:44      65        0.383        0.387       0.831       0.868   0.00547       
2025-05-24 20:51:44      66        0.384        0.389       0.838       0.876   0.00542       
2025-05-24 20:51:45      67        0.386        0.394       0.831       0.872   0.00536       
2025-05-24 20:51:45      68        0.387        0.392       0.823       0.867   0.00531       
2025-05-24 20:51:45      69        0.383        0.388       0.831       0.864   0.00526       
2025-05-24 20:51:46      70        0.381        0.386       0.836       0.874   0.00520       
2025-05-24 20:51:46      71        0.379        0.383       0.841       0.876   0.00515      *
2025-05-24 20:51:47      72        0.380        0.387       0.836       0.874   0.00510       
2025-05-24 20:51:47      73        0.387        0.396       0.818       0.863   0.00505       
2025-05-24 20:51:47      74        0.378        0.381       0.846       0.881   0.00500      *
2025-05-24 20:51:48      75        0.378        0.385       0.838       0.871   0.00495       
2025-05-24 20:51:48      76        0.381        0.389       0.828       0.862   0.00490       
2025-05-24 20:51:48      77        0.382        0.383       0.844       0.874   0.00485       
2025-05-24 20:51:49      78        0.378        0.389       0.833       0.872   0.00480       
2025-05-24 20:51:49      79        0.376        0.386       0.833       0.870   0.00475       
2025-05-24 20:51:49      80        0.375        0.389       0.833       0.871   0.00471       
2025-05-24 20:51:50      81        0.381        0.395       0.823       0.867   0.00466       
2025-05-24 20:51:50      82        0.384        0.394       0.826       0.869   0.00461       
2025-05-24 20:51:51      83        0.376        0.388       0.836       0.869   0.00457       
2025-05-24 20:51:51      84        0.381        0.395       0.833       0.864   0.00452       
2025-05-24 20:51:51      85        0.374        0.385       0.841       0.874   0.00448       
2025-05-24 20:51:52      86        0.376        0.391       0.828       0.863   0.00443       
2025-05-24 20:51:52      87        0.375        0.387       0.833       0.868   0.00439       
2025-05-24 20:51:52      88        0.382        0.395       0.826       0.870   0.00434       
2025-05-24 20:51:53      89        0.372        0.384       0.844       0.879   0.00430       
2025-05-24 20:51:53      90        0.373        0.387       0.833       0.868   0.00426       
2025-05-24 20:51:53      91        0.374        0.384       0.844       0.876   0.00421       
2025-05-24 20:51:54      92        0.373        0.389       0.828       0.864   0.00417       
2025-05-24 20:51:54      93        0.371        0.392       0.838       0.875   0.00413       
2025-05-24 20:51:55      94        0.371        0.384       0.846       0.880   0.00409       
2025-05-24 20:51:55   --- Training ended ---
2025-05-24 20:51:55   Number of model parameters: 2401
2025-05-24 20:51:55   Training time: 0:00:31
2025-05-24 20:51:55   Best epoch: 74
2025-05-24 20:51:55   Best valid loss: 0.381
2025-05-24 20:51:55   Best valid accuracy (macro): 0.846
2025-05-24 20:51:55   Best F1 score: 0.881
