2025-05-25 05:11:40   --- Hyperparameters ---
2025-05-25 05:11:40   model = DenseMsaNet(
2025-05-25 05:11:40     (dense_layer1): Sequential(
2025-05-25 05:11:40       (0): Linear(in_features=22, out_features=100, bias=True)
2025-05-25 05:11:40       (1): ReLU()
2025-05-25 05:11:40       (2): Dropout(p=0.2, inplace=False)
2025-05-25 05:11:40     )
2025-05-25 05:11:40     (dense_layer2): Linear(in_features=100, out_features=1, bias=True)
2025-05-25 05:11:40   )
2025-05-25 05:11:40   split_proportion = 0.9
2025-05-25 05:11:40   batch_pad_sequences = False
2025-05-25 05:11:40   learning_rate = 0.01
2025-05-25 05:11:40   batch_size = 64
2025-05-25 05:11:40   max_epochs = 500
2025-05-25 05:11:40   early_stopping_patience = 20
2025-05-25 05:11:40   --- Creating loaders ---
2025-05-25 05:11:40   --- nvidia-smi output ---
2025-05-25 05:11:40   nvidia-smi cannot be run: Command 'nvidia-smi' returned non-zero exit status 18.
2025-05-25 05:11:40   --- Training start ---
2025-05-25 05:11:40   Start training using cuda device.
2025-05-25 05:11:40   Number of model parameters: 2401.
2025-05-25 05:11:40   Epoch   Train loss   Valid loss   Valid acc    F1-score        Lr   Best
2025-05-25 05:11:40   ------------------------------------------------------------------------
2025-05-25 05:11:41       1        0.680        0.678       0.372       0.000   0.00000      *
2025-05-25 05:11:42       2        0.654        0.648       0.387       0.048   0.00250      *
2025-05-25 05:11:42       3        0.563        0.548       0.703       0.807   0.00500      *
2025-05-25 05:11:42       4        0.481        0.458       0.777       0.839   0.00750      *
2025-05-25 05:11:43       5        0.471        0.450       0.785       0.836   0.01000      *
2025-05-25 05:11:43       6        0.468        0.446       0.790       0.833   0.00990      *
2025-05-25 05:11:44       7        0.481        0.466       0.777       0.842   0.00980       
2025-05-25 05:11:44       8        0.468        0.452       0.792       0.848   0.00970       
2025-05-25 05:11:44       9        0.466        0.445       0.797       0.838   0.00961      *
2025-05-25 05:11:45      10        0.458        0.440       0.792       0.840   0.00951      *
2025-05-25 05:11:45      11        0.468        0.455       0.779       0.841   0.00941       
2025-05-25 05:11:45      12        0.457        0.442       0.790       0.842   0.00932       
2025-05-25 05:11:46      13        0.454        0.438       0.803       0.846   0.00923      *
2025-05-25 05:11:46      14        0.460        0.444       0.803       0.847   0.00914       
2025-05-25 05:11:46      15        0.448        0.433       0.800       0.846   0.00904      *
2025-05-25 05:11:47      16        0.447        0.432       0.795       0.846   0.00895      *
2025-05-25 05:11:47      17        0.441        0.426       0.813       0.856   0.00886      *
2025-05-25 05:11:47      18        0.442        0.426       0.815       0.861   0.00878      *
2025-05-25 05:11:48      19        0.457        0.436       0.797       0.834   0.00869       
2025-05-25 05:11:48      20        0.437        0.418       0.815       0.858   0.00860      *
2025-05-25 05:11:48      21        0.435        0.416       0.810       0.850   0.00851      *
2025-05-25 05:11:48      22        0.434        0.417       0.810       0.851   0.00843       
2025-05-25 05:11:49      23        0.434        0.416       0.821       0.863   0.00835      *
2025-05-25 05:11:49      24        0.432        0.412       0.821       0.862   0.00826      *
2025-05-25 05:11:49      25        0.436        0.419       0.813       0.850   0.00818       
2025-05-25 05:11:49      26        0.433        0.415       0.815       0.851   0.00810       
2025-05-25 05:11:50      27        0.438        0.422       0.815       0.864   0.00802       
2025-05-25 05:11:50      28        0.431        0.415       0.818       0.855   0.00794       
2025-05-25 05:11:50      29        0.438        0.422       0.810       0.860   0.00786       
2025-05-25 05:11:51      30        0.428        0.409       0.818       0.856   0.00778      *
2025-05-25 05:11:51      31        0.426        0.409       0.818       0.859   0.00770      *
2025-05-25 05:11:51      32        0.426        0.411       0.815       0.859   0.00762       
2025-05-25 05:11:51      33        0.423        0.407       0.826       0.867   0.00755      *
2025-05-25 05:11:52      34        0.424        0.410       0.813       0.859   0.00747       
2025-05-25 05:11:52      35        0.421        0.405       0.821       0.862   0.00740      *
2025-05-25 05:11:53      36        0.427        0.415       0.810       0.859   0.00732       
2025-05-25 05:11:53      37        0.419        0.403       0.823       0.861   0.00725      *
2025-05-25 05:11:53      38        0.419        0.403       0.818       0.858   0.00718       
2025-05-25 05:11:54      39        0.425        0.409       0.813       0.848   0.00711       
2025-05-25 05:11:54      40        0.417        0.402       0.828       0.868   0.00703      *
2025-05-25 05:11:54      41        0.417        0.403       0.813       0.858   0.00696       
2025-05-25 05:11:55      42        0.424        0.406       0.818       0.852   0.00689       
2025-05-25 05:11:55      43        0.424        0.408       0.813       0.848   0.00683       
2025-05-25 05:11:56      44        0.417        0.406       0.818       0.862   0.00676       
2025-05-25 05:11:56      45        0.415        0.403       0.823       0.865   0.00669       
2025-05-25 05:11:56      46        0.411        0.396       0.831       0.870   0.00662      *
2025-05-25 05:11:57      47        0.414        0.398       0.821       0.857   0.00656       
2025-05-25 05:11:57      48        0.420        0.405       0.813       0.848   0.00649       
2025-05-25 05:11:57      49        0.415        0.399       0.828       0.863   0.00643       
2025-05-25 05:11:58      50        0.409        0.395       0.831       0.871   0.00636      *
2025-05-25 05:11:58      51        0.410        0.393       0.833       0.870   0.00630      *
2025-05-25 05:11:58      52        0.413        0.401       0.826       0.869   0.00624       
2025-05-25 05:11:59      53        0.407        0.392       0.828       0.864   0.00617      *
2025-05-25 05:11:59      54        0.406        0.394       0.831       0.866   0.00611       
2025-05-25 05:11:59      55        0.407        0.394       0.821       0.860   0.00605       
2025-05-25 05:12:00      56        0.423        0.407       0.805       0.839   0.00599       
2025-05-25 05:12:00      57        0.408        0.396       0.818       0.855   0.00593       
2025-05-25 05:12:00      58        0.403        0.392       0.823       0.863   0.00587      *
2025-05-25 05:12:01      59        0.412        0.401       0.826       0.870   0.00581       
2025-05-25 05:12:01      60        0.409        0.402       0.818       0.864   0.00575       
2025-05-25 05:12:01      61        0.408        0.394       0.815       0.851   0.00570       
2025-05-25 05:12:02      62        0.404        0.393       0.826       0.861   0.00564       
2025-05-25 05:12:02      63        0.398        0.388       0.844       0.879   0.00558      *
2025-05-25 05:12:03      64        0.400        0.390       0.841       0.877   0.00553       
2025-05-25 05:12:03      65        0.399        0.391       0.828       0.866   0.00547       
2025-05-25 05:12:03      66        0.401        0.393       0.841       0.879   0.00542       
2025-05-25 05:12:04      67        0.398        0.389       0.826       0.863   0.00536       
2025-05-25 05:12:04      68        0.403        0.397       0.831       0.873   0.00531       
2025-05-25 05:12:04      69        0.395        0.385       0.841       0.877   0.00526      *
2025-05-25 05:12:05      70        0.396        0.386       0.836       0.871   0.00520       
2025-05-25 05:12:05      71        0.395        0.385       0.828       0.867   0.00515       
2025-05-25 05:12:06      72        0.397        0.388       0.838       0.874   0.00510       
2025-05-25 05:12:06      73        0.396        0.392       0.828       0.868   0.00505       
2025-05-25 05:12:06      74        0.395        0.388       0.833       0.868   0.00500       
2025-05-25 05:12:07      75        0.394        0.385       0.841       0.876   0.00495      *
2025-05-25 05:12:07      76        0.394        0.391       0.833       0.873   0.00490       
2025-05-25 05:12:08      77        0.393        0.384       0.833       0.870   0.00485      *
2025-05-25 05:12:08      78        0.395        0.386       0.828       0.864   0.00480       
2025-05-25 05:12:08      79        0.393        0.388       0.831       0.866   0.00475       
2025-05-25 05:12:09      80        0.391        0.388       0.844       0.881   0.00471       
2025-05-25 05:12:09      81        0.390        0.387       0.844       0.880   0.00466       
2025-05-25 05:12:09      82        0.394        0.391       0.838       0.878   0.00461       
2025-05-25 05:12:10      83        0.390        0.387       0.833       0.871   0.00457       
2025-05-25 05:12:10      84        0.390        0.386       0.831       0.868   0.00452       
2025-05-25 05:12:11      85        0.403        0.404       0.821       0.867   0.00448       
2025-05-25 05:12:11      86        0.389        0.384       0.844       0.881   0.00443      *
2025-05-25 05:12:11      87        0.389        0.385       0.836       0.873   0.00439       
2025-05-25 05:12:12      88        0.389        0.387       0.838       0.876   0.00434       
2025-05-25 05:12:12      89        0.389        0.382       0.836       0.872   0.00430      *
2025-05-25 05:12:12      90        0.389        0.387       0.844       0.882   0.00426       
2025-05-25 05:12:13      91        0.387        0.383       0.838       0.876   0.00421       
2025-05-25 05:12:13      92        0.389        0.388       0.823       0.858   0.00417       
2025-05-25 05:12:14      93        0.395        0.393       0.833       0.875   0.00413       
2025-05-25 05:12:14      94        0.386        0.384       0.841       0.876   0.00409       
2025-05-25 05:12:14      95        0.393        0.387       0.821       0.856   0.00405       
2025-05-25 05:12:15      96        0.389        0.390       0.833       0.874   0.00401       
2025-05-25 05:12:15      97        0.385        0.382       0.836       0.873   0.00397       
2025-05-25 05:12:15      98        0.387        0.387       0.841       0.877   0.00393       
2025-05-25 05:12:16      99        0.384        0.385       0.833       0.870   0.00389       
2025-05-25 05:12:16     100        0.385        0.382       0.846       0.881   0.00385       
2025-05-25 05:12:17     101        0.389        0.389       0.828       0.871   0.00381       
2025-05-25 05:12:17     102        0.384        0.385       0.831       0.866   0.00377       
2025-05-25 05:12:17     103        0.386        0.386       0.844       0.881   0.00373       
2025-05-25 05:12:18     104        0.383        0.384       0.851       0.886   0.00370       
2025-05-25 05:12:18     105        0.383        0.381       0.844       0.878   0.00366      *
2025-05-25 05:12:18     106        0.384        0.386       0.844       0.880   0.00362       
2025-05-25 05:12:19     107        0.388        0.391       0.828       0.871   0.00359       
2025-05-25 05:12:19     108        0.382        0.382       0.833       0.869   0.00355       
2025-05-25 05:12:19     109        0.384        0.388       0.841       0.879   0.00352       
2025-05-25 05:12:19     110        0.383        0.386       0.841       0.879   0.00348       
2025-05-25 05:12:20     111        0.384        0.384       0.844       0.882   0.00345       
2025-05-25 05:12:20     112        0.382        0.381       0.844       0.879   0.00341       
2025-05-25 05:12:20     113        0.380        0.381       0.841       0.876   0.00338       
2025-05-25 05:12:20     114        0.380        0.381       0.836       0.871   0.00334       
2025-05-25 05:12:21     115        0.380        0.378       0.841       0.876   0.00331      *
2025-05-25 05:12:21     116        0.380        0.383       0.838       0.873   0.00328       
2025-05-25 05:12:22     117        0.379        0.383       0.844       0.879   0.00324       
2025-05-25 05:12:22     118        0.382        0.385       0.851       0.887   0.00321       
2025-05-25 05:12:22     119        0.381        0.384       0.831       0.866   0.00318       
2025-05-25 05:12:23     120        0.383        0.383       0.831       0.865   0.00315       
2025-05-25 05:12:23     121        0.378        0.381       0.844       0.878   0.00312       
2025-05-25 05:12:23     122        0.383        0.383       0.838       0.871   0.00309       
2025-05-25 05:12:24     123        0.382        0.382       0.836       0.870   0.00305       
2025-05-25 05:12:24     124        0.381        0.384       0.833       0.872   0.00302       
2025-05-25 05:12:24     125        0.380        0.386       0.846       0.883   0.00299       
2025-05-25 05:12:24     126        0.380        0.385       0.844       0.881   0.00296       
2025-05-25 05:12:25     127        0.378        0.383       0.854       0.888   0.00293       
2025-05-25 05:12:25     128        0.377        0.382       0.846       0.881   0.00290       
2025-05-25 05:12:25     129        0.377        0.380       0.838       0.875   0.00288       
2025-05-25 05:12:25     130        0.377        0.382       0.844       0.879   0.00285       
2025-05-25 05:12:26     131        0.377        0.381       0.836       0.871   0.00282       
2025-05-25 05:12:26     132        0.378        0.380       0.841       0.878   0.00279       
2025-05-25 05:12:26     133        0.376        0.382       0.838       0.875   0.00276       
2025-05-25 05:12:26     134        0.375        0.380       0.844       0.878   0.00273       
2025-05-25 05:12:27     135        0.376        0.381       0.844       0.877   0.00271       
2025-05-25 05:12:27   --- Training ended ---
2025-05-25 05:12:27   Number of model parameters: 2401
2025-05-25 05:12:27   Training time: 0:00:47
2025-05-25 05:12:27   Best epoch: 115
2025-05-25 05:12:27   Best valid loss: 0.378
2025-05-25 05:12:27   Best valid accuracy (macro): 0.841
2025-05-25 05:12:27   Best F1 score: 0.876
