2025-05-25 05:06:32   --- Hyperparameters ---
2025-05-25 05:06:32   model = DenseSiteNet(
2025-05-25 05:06:32     (dense_layer1): Sequential(
2025-05-25 05:06:32       (0): Linear(in_features=106722, out_features=100, bias=True)
2025-05-25 05:06:32       (1): ReLU()
2025-05-25 05:06:32       (2): Dropout(p=0.2, inplace=False)
2025-05-25 05:06:32     )
2025-05-25 05:06:32     (dense_layer2): Linear(in_features=100, out_features=1, bias=True)
2025-05-25 05:06:32   )
2025-05-25 05:06:32   split_proportion = 0.9
2025-05-25 05:06:32   batch_pad_sequences = False
2025-05-25 05:06:32   learning_rate = 0.01
2025-05-25 05:06:32   batch_size = 64
2025-05-25 05:06:32   max_epochs = 500
2025-05-25 05:06:32   early_stopping_patience = 20
2025-05-25 05:06:32   --- Creating loaders ---
2025-05-25 05:06:32   --- nvidia-smi output ---
2025-05-25 05:06:32   nvidia-smi cannot be run: Command 'nvidia-smi' returned non-zero exit status 18.
2025-05-25 05:06:32   --- Training start ---
2025-05-25 05:06:32   Start training using cuda device.
2025-05-25 05:06:32   Number of model parameters: 10672401.
2025-05-25 05:06:32   Epoch   Train loss   Valid loss   Valid acc    F1-score        Lr   Best
2025-05-25 05:06:32   ------------------------------------------------------------------------
2025-05-25 05:06:33       1        0.686        0.685       0.372       0.000   0.00000      *
2025-05-25 05:06:35       2        0.231        0.358       0.844       0.878   0.00250      *
2025-05-25 05:06:37       3        0.148        0.360       0.846       0.874   0.00500       
2025-05-25 05:06:38       4        0.069        0.589       0.828       0.862   0.00750       
2025-05-25 05:06:39       5        0.106        0.871       0.828       0.872   0.01000       
2025-05-25 05:06:41       6        0.028        0.803       0.805       0.840   0.00990       
2025-05-25 05:06:42       7        0.017        1.157       0.808       0.848   0.00980       
2025-05-25 05:06:43       8        0.031        1.411       0.818       0.864   0.00970       
2025-05-25 05:06:45       9        0.019        1.266       0.821       0.858   0.00961       
2025-05-25 05:06:46      10        0.035        1.650       0.813       0.855   0.00951       
2025-05-25 05:06:47      11        0.010        1.156       0.823       0.859   0.00941       
2025-05-25 05:06:48      12        0.004        1.012       0.844       0.875   0.00932       
2025-05-25 05:06:50      13        0.002        1.018       0.841       0.871   0.00923       
2025-05-25 05:06:51      14        0.001        1.129       0.849       0.880   0.00914       
2025-05-25 05:06:52      15        0.005        1.502       0.831       0.869   0.00904       
2025-05-25 05:06:53      16        0.001        1.163       0.838       0.871   0.00895       
2025-05-25 05:06:54      17        0.001        0.979       0.849       0.878   0.00886       
2025-05-25 05:06:56      18        0.001        1.009       0.854       0.883   0.00878       
2025-05-25 05:06:57      19        0.000        1.118       0.854       0.884   0.00869       
2025-05-25 05:06:58      20        0.001        1.317       0.836       0.872   0.00860       
2025-05-25 05:07:00      21        0.000        1.171       0.841       0.873   0.00851       
2025-05-25 05:07:01      22        0.000        1.182       0.844       0.876   0.00843       
2025-05-25 05:07:01   --- Training ended ---
2025-05-25 05:07:01   Number of model parameters: 10672401
2025-05-25 05:07:01   Training time: 0:00:29
2025-05-25 05:07:01   Best epoch: 2
2025-05-25 05:07:01   Best valid loss: 0.358
2025-05-25 05:07:01   Best valid accuracy (macro): 0.844
2025-05-25 05:07:01   Best F1 score: 0.878
