2025-05-25 04:16:51   --- Hyperparameters ---
2025-05-25 04:16:51   model = DenseMsaNet(
2025-05-25 04:16:51     (dense_layer1): Sequential(
2025-05-25 04:16:51       (0): Linear(in_features=22, out_features=100, bias=True)
2025-05-25 04:16:51       (1): ReLU()
2025-05-25 04:16:51       (2): Dropout(p=0.2, inplace=False)
2025-05-25 04:16:51     )
2025-05-25 04:16:51     (dense_layer2): Linear(in_features=100, out_features=1, bias=True)
2025-05-25 04:16:51   )
2025-05-25 04:16:51   split_proportion = 0.9
2025-05-25 04:16:51   batch_pad_sequences = False
2025-05-25 04:16:51   learning_rate = 0.01
2025-05-25 04:16:51   batch_size = 64
2025-05-25 04:16:51   max_epochs = 500
2025-05-25 04:16:51   early_stopping_patience = 20
2025-05-25 04:16:51   --- Creating loaders ---
2025-05-25 04:16:51   --- nvidia-smi output ---
2025-05-25 04:16:51   nvidia-smi cannot be run: Command 'nvidia-smi' returned non-zero exit status 18.
2025-05-25 04:16:51   --- Training start ---
2025-05-25 04:16:51   Start training using cuda device.
2025-05-25 04:16:51   Number of model parameters: 2401.
2025-05-25 04:16:51   Epoch   Train loss   Valid loss   Valid acc    F1-score        Lr   Best
2025-05-25 04:16:51   ------------------------------------------------------------------------
2025-05-25 04:16:53       1        0.686        0.684       0.372       0.000   0.00000      *
2025-05-25 04:16:53       2        0.651        0.645       0.746       0.823   0.00250      *
2025-05-25 04:16:53       3        0.554        0.548       0.759       0.833   0.00500      *
2025-05-25 04:16:54       4        0.470        0.460       0.779       0.834   0.00750      *
2025-05-25 04:16:54       5        0.448        0.438       0.790       0.841   0.01000      *
2025-05-25 04:16:54       6        0.451        0.446       0.800       0.853   0.00990       
2025-05-25 04:16:55       7        0.440        0.435       0.797       0.839   0.00980      *
2025-05-25 04:16:55       8        0.439        0.433       0.803       0.849   0.00970      *
2025-05-25 04:16:55       9        0.436        0.432       0.797       0.842   0.00961      *
2025-05-25 04:16:55      10        0.438        0.433       0.795       0.837   0.00951       
2025-05-25 04:16:56      11        0.449        0.446       0.797       0.853   0.00941       
2025-05-25 04:16:56      12        0.451        0.448       0.800       0.856   0.00932       
2025-05-25 04:16:57      13        0.436        0.432       0.805       0.855   0.00923       
2025-05-25 04:16:57      14        0.433        0.432       0.803       0.845   0.00914      *
2025-05-25 04:16:57      15        0.432        0.431       0.797       0.838   0.00904      *
2025-05-25 04:16:58      16        0.426        0.423       0.805       0.849   0.00895      *
2025-05-25 04:16:58      17        0.449        0.447       0.792       0.824   0.00886       
2025-05-25 04:16:58      18        0.422        0.422       0.805       0.848   0.00878      *
2025-05-25 04:16:59      19        0.421        0.419       0.803       0.850   0.00869      *
2025-05-25 04:16:59      20        0.419        0.418       0.803       0.843   0.00860      *
2025-05-25 04:17:00      21        0.418        0.418       0.810       0.854   0.00851       
2025-05-25 04:17:00      22        0.414        0.414       0.810       0.856   0.00843      *
2025-05-25 04:17:01      23        0.411        0.410       0.810       0.851   0.00835      *
2025-05-25 04:17:01      24        0.413        0.409       0.810       0.857   0.00826      *
2025-05-25 04:17:02      25        0.413        0.414       0.813       0.862   0.00818       
2025-05-25 04:17:02      26        0.420        0.418       0.803       0.838   0.00810       
2025-05-25 04:17:02      27        0.411        0.412       0.805       0.844   0.00802       
2025-05-25 04:17:03      28        0.405        0.405       0.795       0.843   0.00794      *
2025-05-25 04:17:03      29        0.407        0.405       0.810       0.848   0.00786       
2025-05-25 04:17:03      30        0.411        0.415       0.808       0.858   0.00778       
2025-05-25 04:17:04      31        0.401        0.404       0.808       0.851   0.00770      *
2025-05-25 04:17:04      32        0.400        0.402       0.815       0.859   0.00762      *
2025-05-25 04:17:05      33        0.402        0.405       0.813       0.860   0.00755       
2025-05-25 04:17:05      34        0.400        0.403       0.813       0.854   0.00747       
2025-05-25 04:17:05      35        0.398        0.401       0.808       0.851   0.00740      *
2025-05-25 04:17:05      36        0.400        0.400       0.803       0.844   0.00732      *
2025-05-25 04:17:06      37        0.398        0.402       0.821       0.865   0.00725       
2025-05-25 04:17:06      38        0.396        0.399       0.813       0.856   0.00718      *
2025-05-25 04:17:06      39        0.394        0.398       0.823       0.863   0.00711      *
2025-05-25 04:17:07      40        0.398        0.399       0.815       0.852   0.00703       
2025-05-25 04:17:07      41        0.399        0.403       0.815       0.863   0.00696       
2025-05-25 04:17:07      42        0.397        0.405       0.818       0.855   0.00689       
2025-05-25 04:17:07      43        0.389        0.396       0.828       0.868   0.00683      *
2025-05-25 04:17:08      44        0.397        0.407       0.803       0.854   0.00676       
2025-05-25 04:17:08      45        0.389        0.397       0.828       0.868   0.00669       
2025-05-25 04:17:08      46        0.388        0.398       0.831       0.871   0.00662       
2025-05-25 04:17:09      47        0.387        0.398       0.815       0.860   0.00656       
2025-05-25 04:17:09      48        0.386        0.400       0.821       0.864   0.00649       
2025-05-25 04:17:09      49        0.385        0.394       0.828       0.868   0.00643      *
2025-05-25 04:17:09      50        0.384        0.394       0.826       0.866   0.00636      *
2025-05-25 04:17:10      51        0.383        0.397       0.828       0.868   0.00630       
2025-05-25 04:17:10      52        0.384        0.395       0.818       0.856   0.00624       
2025-05-25 04:17:10      53        0.382        0.394       0.821       0.862   0.00617      *
2025-05-25 04:17:11      54        0.381        0.398       0.828       0.867   0.00611       
2025-05-25 04:17:11      55        0.385        0.403       0.815       0.860   0.00605       
2025-05-25 04:17:11      56        0.380        0.396       0.821       0.864   0.00599       
2025-05-25 04:17:12      57        0.385        0.401       0.810       0.858   0.00593       
2025-05-25 04:17:12      58        0.386        0.398       0.828       0.863   0.00587       
2025-05-25 04:17:13      59        0.385        0.404       0.821       0.858   0.00581       
2025-05-25 04:17:13      60        0.378        0.396       0.826       0.863   0.00575       
2025-05-25 04:17:13      61        0.385        0.402       0.828       0.862   0.00570       
2025-05-25 04:17:14      62        0.376        0.391       0.823       0.865   0.00564      *
2025-05-25 04:17:14      63        0.379        0.398       0.805       0.854   0.00558       
2025-05-25 04:17:14      64        0.377        0.395       0.826       0.861   0.00553       
2025-05-25 04:17:15      65        0.380        0.397       0.815       0.852   0.00547       
2025-05-25 04:17:15      66        0.377        0.397       0.813       0.859   0.00542       
2025-05-25 04:17:15      67        0.374        0.389       0.826       0.865   0.00536      *
2025-05-25 04:17:16      68        0.374        0.397       0.810       0.857   0.00531       
2025-05-25 04:17:16      69        0.376        0.393       0.838       0.871   0.00526       
2025-05-25 04:17:16      70        0.373        0.392       0.810       0.857   0.00520       
2025-05-25 04:17:17      71        0.371        0.388       0.815       0.859   0.00515      *
2025-05-25 04:17:17      72        0.372        0.393       0.810       0.857   0.00510       
2025-05-25 04:17:17      73        0.370        0.390       0.821       0.863   0.00505       
2025-05-25 04:17:17      74        0.375        0.396       0.826       0.860   0.00500       
2025-05-25 04:17:18      75        0.371        0.394       0.810       0.857   0.00495       
2025-05-25 04:17:18      76        0.368        0.390       0.821       0.863   0.00490       
2025-05-25 04:17:18      77        0.367        0.391       0.818       0.861   0.00485       
2025-05-25 04:17:19      78        0.368        0.394       0.808       0.854   0.00480       
2025-05-25 04:17:19      79        0.377        0.397       0.828       0.862   0.00475       
2025-05-25 04:17:19      80        0.368        0.388       0.821       0.861   0.00471       
2025-05-25 04:17:20      81        0.369        0.395       0.808       0.854   0.00466       
2025-05-25 04:17:20      82        0.365        0.392       0.821       0.860   0.00461       
2025-05-25 04:17:20      83        0.366        0.389       0.821       0.859   0.00457       
2025-05-25 04:17:21      84        0.366        0.394       0.808       0.854   0.00452       
2025-05-25 04:17:21      85        0.369        0.392       0.826       0.861   0.00448       
2025-05-25 04:17:21      86        0.369        0.394       0.810       0.858   0.00443       
2025-05-25 04:17:21      87        0.364        0.388       0.815       0.859   0.00439      *
2025-05-25 04:17:22      88        0.362        0.389       0.813       0.856   0.00434       
2025-05-25 04:17:22      89        0.368        0.394       0.815       0.861   0.00430       
2025-05-25 04:17:22      90        0.365        0.390       0.828       0.864   0.00426       
2025-05-25 04:17:23      91        0.363        0.392       0.808       0.854   0.00421       
2025-05-25 04:17:23      92        0.365        0.391       0.810       0.857   0.00417       
2025-05-25 04:17:23      93        0.361        0.387       0.823       0.862   0.00413      *
2025-05-25 04:17:24      94        0.362        0.391       0.808       0.854   0.00409       
2025-05-25 04:17:24      95        0.360        0.389       0.823       0.862   0.00405       
2025-05-25 04:17:24      96        0.362        0.391       0.803       0.850   0.00401       
2025-05-25 04:17:25      97        0.362        0.392       0.810       0.857   0.00397       
2025-05-25 04:17:25      98        0.359        0.384       0.821       0.862   0.00393      *
2025-05-25 04:17:25      99        0.361        0.390       0.800       0.848   0.00389       
2025-05-25 04:17:26     100        0.360        0.387       0.828       0.865   0.00385       
2025-05-25 04:17:26     101        0.357        0.388       0.818       0.858   0.00381       
2025-05-25 04:17:26     102        0.357        0.388       0.808       0.853   0.00377       
2025-05-25 04:17:27     103        0.358        0.387       0.813       0.857   0.00373       
2025-05-25 04:17:27     104        0.355        0.385       0.813       0.857   0.00370       
2025-05-25 04:17:28     105        0.356        0.383       0.823       0.862   0.00366      *
2025-05-25 04:17:28     106        0.356        0.386       0.808       0.850   0.00362       
2025-05-25 04:17:28     107        0.355        0.384       0.821       0.861   0.00359       
2025-05-25 04:17:29     108        0.355        0.385       0.815       0.859   0.00355       
2025-05-25 04:17:29     109        0.354        0.386       0.823       0.862   0.00352       
2025-05-25 04:17:29     110        0.356        0.387       0.805       0.852   0.00348       
2025-05-25 04:17:30     111        0.354        0.390       0.818       0.859   0.00345       
2025-05-25 04:17:30     112        0.355        0.386       0.828       0.866   0.00341       
2025-05-25 04:17:30     113        0.354        0.384       0.821       0.861   0.00338       
2025-05-25 04:17:30     114        0.361        0.391       0.828       0.862   0.00334       
2025-05-25 04:17:31     115        0.354        0.390       0.805       0.852   0.00331       
2025-05-25 04:17:31     116        0.352        0.383       0.815       0.858   0.00328       
2025-05-25 04:17:31     117        0.353        0.387       0.828       0.865   0.00324       
2025-05-25 04:17:32     118        0.351        0.384       0.815       0.858   0.00321       
2025-05-25 04:17:32     119        0.353        0.388       0.808       0.853   0.00318       
2025-05-25 04:17:32     120        0.350        0.384       0.821       0.861   0.00315       
2025-05-25 04:17:33     121        0.351        0.385       0.815       0.858   0.00312       
2025-05-25 04:17:33     122        0.350        0.384       0.826       0.864   0.00309       
2025-05-25 04:17:33     123        0.350        0.383       0.818       0.860   0.00305       
2025-05-25 04:17:34     124        0.350        0.384       0.826       0.864   0.00302       
2025-05-25 04:17:34     125        0.349        0.385       0.808       0.853   0.00299       
2025-05-25 04:17:34   --- Training ended ---
2025-05-25 04:17:34   Number of model parameters: 2401
2025-05-25 04:17:34   Training time: 0:00:43
2025-05-25 04:17:34   Best epoch: 105
2025-05-25 04:17:34   Best valid loss: 0.383
2025-05-25 04:17:34   Best valid accuracy (macro): 0.823
2025-05-25 04:17:34   Best F1 score: 0.862
