2025-05-24 21:04:47   --- Hyperparameters ---
2025-05-24 21:04:47   model = AAConvNet(
2025-05-24 21:04:47     (conv_layer): Sequential(
2025-05-24 21:04:47       (0): Conv1d(22, 64, kernel_size=(1,), stride=(1,))
2025-05-24 21:04:47       (1): ReLU()
2025-05-24 21:04:47       (2): AvgPool1d(kernel_size=(4851,), stride=(4851,), padding=(0,))
2025-05-24 21:04:47       (3): Dropout(p=0.2, inplace=False)
2025-05-24 21:04:47     )
2025-05-24 21:04:47     (dense_layer): Linear(in_features=64, out_features=1, bias=True)
2025-05-24 21:04:47   )
2025-05-24 21:04:47   split_proportion = 0.9
2025-05-24 21:04:47   batch_pad_sequences = False
2025-05-24 21:04:47   learning_rate = 0.01
2025-05-24 21:04:47   batch_size = 64
2025-05-24 21:04:47   max_epochs = 500
2025-05-24 21:04:47   early_stopping_patience = 20
2025-05-24 21:04:47   --- Creating loaders ---
2025-05-24 21:04:47   --- nvidia-smi output ---
2025-05-24 21:04:47   nvidia-smi cannot be run: Command 'nvidia-smi' returned non-zero exit status 18.
2025-05-24 21:04:47   --- Training start ---
2025-05-24 21:04:47   Start training using cuda device.
2025-05-24 21:04:47   Number of model parameters: 1537.
2025-05-24 21:04:47   Epoch   Train loss   Valid loss   Valid acc    F1-score        Lr   Best
2025-05-24 21:04:47   ------------------------------------------------------------------------
2025-05-24 21:04:49       1        0.684        0.683       0.372       0.000   0.00000      *
2025-05-24 21:04:51       2        0.666        0.661       0.372       0.000   0.00250      *
2025-05-24 21:04:52       3        0.664        0.658       0.372       0.000   0.00500      *
2025-05-24 21:04:54       4        0.663        0.652       0.644       0.779   0.00750      *
2025-05-24 21:04:55       5        0.653        0.642       0.508       0.560   0.01000      *
2025-05-24 21:04:57       6        0.638        0.627       0.674       0.750   0.00990      *
2025-05-24 21:04:58       7        0.622        0.612       0.669       0.779   0.00980      *
2025-05-24 21:04:59       8        0.610        0.597       0.654       0.784   0.00970      *
2025-05-24 21:05:01       9        0.595        0.579       0.705       0.807   0.00961      *
2025-05-24 21:05:02      10        0.579        0.570       0.703       0.806   0.00951      *
2025-05-24 21:05:04      11        0.568        0.552       0.769       0.840   0.00941      *
2025-05-24 21:05:06      12        0.554        0.541       0.779       0.846   0.00932      *
2025-05-24 21:05:07      13        0.543        0.527       0.779       0.846   0.00923      *
2025-05-24 21:05:09      14        0.532        0.516       0.782       0.847   0.00914      *
2025-05-24 21:05:11      15        0.523        0.505       0.800       0.858   0.00904      *
2025-05-24 21:05:12      16        0.516        0.496       0.795       0.853   0.00895      *
2025-05-24 21:05:14      17        0.509        0.488       0.795       0.854   0.00886      *
2025-05-24 21:05:15      18        0.503        0.493       0.800       0.858   0.00878       
2025-05-24 21:05:16      19        0.499        0.488       0.782       0.848   0.00869       
2025-05-24 21:05:18      20        0.491        0.467       0.818       0.867   0.00860      *
2025-05-24 21:05:20      21        0.487        0.466       0.826       0.872   0.00851      *
2025-05-24 21:05:21      22        0.483        0.459       0.831       0.875   0.00843      *
2025-05-24 21:05:23      23        0.480        0.469       0.810       0.863   0.00835       
2025-05-24 21:05:24      24        0.475        0.454       0.838       0.880   0.00826      *
2025-05-24 21:05:26      25        0.474        0.445       0.823       0.866   0.00818      *
2025-05-24 21:05:27      26        0.469        0.447       0.833       0.878   0.00810       
2025-05-24 21:05:29      27        0.466        0.443       0.838       0.880   0.00802      *
2025-05-24 21:05:30      28        0.465        0.435       0.831       0.873   0.00794      *
2025-05-24 21:05:32      29        0.461        0.434       0.836       0.878   0.00786      *
2025-05-24 21:05:34      30        0.459        0.434       0.838       0.880   0.00778      *
2025-05-24 21:05:35      31        0.458        0.441       0.833       0.878   0.00770       
2025-05-24 21:05:37      32        0.459        0.426       0.826       0.866   0.00762      *
2025-05-24 21:05:39      33        0.455        0.427       0.833       0.873   0.00755       
2025-05-24 21:05:41      34        0.452        0.432       0.838       0.880   0.00747       
2025-05-24 21:05:42      35        0.451        0.434       0.833       0.877   0.00740       
2025-05-24 21:05:44      36        0.449        0.427       0.838       0.879   0.00732       
2025-05-24 21:05:45      37        0.448        0.419       0.836       0.877   0.00725      *
2025-05-24 21:05:47      38        0.448        0.430       0.831       0.875   0.00718       
2025-05-24 21:05:48      39        0.445        0.422       0.838       0.880   0.00711       
2025-05-24 21:05:50      40        0.445        0.413       0.841       0.879   0.00703      *
2025-05-24 21:05:51      41        0.442        0.416       0.838       0.879   0.00696       
2025-05-24 21:05:53      42        0.443        0.425       0.836       0.879   0.00689       
2025-05-24 21:05:55      43        0.440        0.417       0.836       0.878   0.00683       
2025-05-24 21:05:56      44        0.440        0.408       0.844       0.882   0.00676      *
2025-05-24 21:05:58      45        0.438        0.415       0.838       0.880   0.00669       
2025-05-24 21:06:00      46        0.438        0.409       0.841       0.880   0.00662       
2025-05-24 21:06:02      47        0.437        0.418       0.838       0.880   0.00656       
2025-05-24 21:06:03      48        0.436        0.409       0.841       0.880   0.00649       
2025-05-24 21:06:05      49        0.435        0.417       0.836       0.877   0.00643       
2025-05-24 21:06:07      50        0.436        0.421       0.836       0.878   0.00636       
2025-05-24 21:06:08      51        0.434        0.410       0.844       0.882   0.00630       
2025-05-24 21:06:10      52        0.433        0.409       0.841       0.881   0.00624       
2025-05-24 21:06:11      53        0.433        0.413       0.838       0.880   0.00617       
2025-05-24 21:06:13      54        0.432        0.411       0.838       0.879   0.00611       
2025-05-24 21:06:14      55        0.433        0.420       0.831       0.875   0.00605       
2025-05-24 21:06:16      56        0.430        0.406       0.844       0.882   0.00599      *
2025-05-24 21:06:17      57        0.430        0.408       0.841       0.880   0.00593       
2025-05-24 21:06:19      58        0.430        0.412       0.833       0.875   0.00587       
2025-05-24 21:06:20      59        0.428        0.404       0.844       0.882   0.00581      *
2025-05-24 21:06:22      60        0.429        0.396       0.846       0.883   0.00575      *
2025-05-24 21:06:23      61        0.428        0.401       0.841       0.880   0.00570       
2025-05-24 21:06:25      62        0.428        0.395       0.846       0.884   0.00564      *
2025-05-24 21:06:27      63        0.427        0.397       0.844       0.882   0.00558       
2025-05-24 21:06:28      64        0.426        0.396       0.846       0.884   0.00553       
2025-05-24 21:06:30      65        0.426        0.401       0.841       0.880   0.00547       
2025-05-24 21:06:31      66        0.425        0.397       0.849       0.885   0.00542       
2025-05-24 21:06:33      67        0.425        0.400       0.838       0.879   0.00536       
2025-05-24 21:06:34      68        0.424        0.394       0.851       0.887   0.00531      *
2025-05-24 21:06:36      69        0.425        0.406       0.836       0.877   0.00526       
2025-05-24 21:06:37      70        0.424        0.402       0.841       0.880   0.00520       
2025-05-24 21:06:39      71        0.423        0.399       0.849       0.885   0.00515       
2025-05-24 21:06:40      72        0.423        0.398       0.849       0.885   0.00510       
2025-05-24 21:06:42      73        0.422        0.396       0.851       0.887   0.00505       
2025-05-24 21:06:44      74        0.422        0.393       0.849       0.885   0.00500      *
2025-05-24 21:06:45      75        0.423        0.406       0.841       0.881   0.00495       
2025-05-24 21:06:47      76        0.421        0.393       0.851       0.887   0.00490      *
2025-05-24 21:06:48      77        0.421        0.399       0.846       0.884   0.00485       
2025-05-24 21:06:50      78        0.420        0.396       0.849       0.885   0.00480       
2025-05-24 21:06:52      79        0.420        0.401       0.844       0.882   0.00475       
2025-05-24 21:06:53      80        0.420        0.395       0.849       0.885   0.00471       
2025-05-24 21:06:55      81        0.420        0.401       0.844       0.882   0.00466       
2025-05-24 21:06:56      82        0.419        0.401       0.844       0.882   0.00461       
2025-05-24 21:06:58      83        0.419        0.393       0.849       0.885   0.00457       
2025-05-24 21:07:00      84        0.419        0.404       0.844       0.882   0.00452       
2025-05-24 21:07:01      85        0.418        0.393       0.849       0.885   0.00448      *
2025-05-24 21:07:03      86        0.418        0.392       0.849       0.885   0.00443      *
2025-05-24 21:07:04      87        0.417        0.389       0.851       0.887   0.00439      *
2025-05-24 21:07:06      88        0.417        0.390       0.849       0.885   0.00434       
2025-05-24 21:07:08      89        0.416        0.390       0.851       0.887   0.00430       
2025-05-24 21:07:09      90        0.417        0.394       0.849       0.885   0.00426       
2025-05-24 21:07:11      91        0.416        0.386       0.849       0.885   0.00421      *
2025-05-24 21:07:12      92        0.416        0.387       0.849       0.885   0.00417       
2025-05-24 21:07:14      93        0.416        0.394       0.846       0.884   0.00413       
2025-05-24 21:07:15      94        0.416        0.384       0.849       0.885   0.00409      *
2025-05-24 21:07:17      95        0.416        0.383       0.851       0.887   0.00405      *
2025-05-24 21:07:19      96        0.416        0.394       0.844       0.882   0.00401       
2025-05-24 21:07:20      97        0.415        0.393       0.846       0.884   0.00397       
2025-05-24 21:07:22      98        0.415        0.391       0.846       0.884   0.00393       
2025-05-24 21:07:23      99        0.415        0.389       0.849       0.885   0.00389       
2025-05-24 21:07:25     100        0.414        0.385       0.849       0.885   0.00385       
2025-05-24 21:07:27     101        0.414        0.387       0.849       0.885   0.00381       
2025-05-24 21:07:28     102        0.415        0.396       0.844       0.882   0.00377       
2025-05-24 21:07:30     103        0.414        0.392       0.849       0.885   0.00373       
2025-05-24 21:07:31     104        0.414        0.384       0.846       0.882   0.00370       
2025-05-24 21:07:33     105        0.413        0.390       0.846       0.883   0.00366       
2025-05-24 21:07:35     106        0.414        0.383       0.849       0.885   0.00362       
2025-05-24 21:07:36     107        0.413        0.390       0.849       0.885   0.00359       
2025-05-24 21:07:38     108        0.413        0.385       0.849       0.885   0.00355       
2025-05-24 21:07:39     109        0.413        0.390       0.846       0.884   0.00352       
2025-05-24 21:07:41     110        0.413        0.391       0.844       0.882   0.00348       
2025-05-24 21:07:42     111        0.412        0.390       0.849       0.885   0.00345       
2025-05-24 21:07:44     112        0.412        0.387       0.846       0.883   0.00341       
2025-05-24 21:07:46     113        0.412        0.387       0.846       0.883   0.00338       
2025-05-24 21:07:47     114        0.412        0.385       0.849       0.885   0.00334       
2025-05-24 21:07:49     115        0.412        0.393       0.844       0.882   0.00331       
2025-05-24 21:07:49   --- Training ended ---
2025-05-24 21:07:49   Number of model parameters: 1537
2025-05-24 21:07:49   Training time: 0:03:02
2025-05-24 21:07:49   Best epoch: 95
2025-05-24 21:07:49   Best valid loss: 0.383
2025-05-24 21:07:49   Best valid accuracy (macro): 0.851
2025-05-24 21:07:49   Best F1 score: 0.887
