2025-05-25 04:36:04   --- Preprocessing base data ---
2025-05-25 04:36:04   Tokenizing real alignments...
2025-05-25 04:36:04   Removing sequences with ambiguous tokens...
2025-05-25 04:36:04   0/20290 sequences have been removed from 0/1497 alignements due to ambiguous sites.
2025-05-25 04:36:04   Tokenizing simulated alignments...
2025-05-25 04:36:05   Removing sequences with ambiguous tokens...
2025-05-25 04:36:05   0/17109 sequences have been removed from 0/2413 alignements due to ambiguous sites.
2025-05-25 04:36:05   Checking alignments...
2025-05-25 04:36:05   30 renamed keys in simulated aligns.
2025-05-25 04:36:05   Creating labels...
2025-05-25 04:36:05   Merging aligns and labels...
2025-05-25 04:36:05   Total number of alignments: 3910
2025-05-25 04:36:05   --- Start running LogisticRegressionClassifier ---
2025-05-25 04:36:06   --- End running LogisticRegressionClassifier ---
2025-05-25 04:36:06   --- Start running DenseMsaClassifier ---
2025-05-25 04:37:10   --- End running DenseMsaClassifier ---
2025-05-25 04:37:10   --- Start running DenseSiteClassifier ---
2025-05-25 04:37:41   --- End running DenseSiteClassifier ---
2025-05-25 04:37:41   --- Start running AACnnClassifier ---
2025-05-25 04:40:44   --- End running AACnnClassifier ---
