2025-05-25 03:32:31   --- Hyperparameters ---
2025-05-25 03:32:31   model = AAConvNet(
2025-05-25 03:32:31     (conv_layer): Sequential(
2025-05-25 03:32:31       (0): Conv1d(22, 64, kernel_size=(1,), stride=(1,))
2025-05-25 03:32:31       (1): ReLU()
2025-05-25 03:32:31       (2): AvgPool1d(kernel_size=(4851,), stride=(4851,), padding=(0,))
2025-05-25 03:32:31       (3): Dropout(p=0.2, inplace=False)
2025-05-25 03:32:31     )
2025-05-25 03:32:31     (dense_layer): Linear(in_features=64, out_features=1, bias=True)
2025-05-25 03:32:31   )
2025-05-25 03:32:31   split_proportion = 0.9
2025-05-25 03:32:31   batch_pad_sequences = False
2025-05-25 03:32:31   learning_rate = 0.01
2025-05-25 03:32:31   batch_size = 64
2025-05-25 03:32:31   max_epochs = 500
2025-05-25 03:32:31   early_stopping_patience = 20
2025-05-25 03:32:31   --- Creating loaders ---
2025-05-25 03:32:31   --- nvidia-smi output ---
2025-05-25 03:32:31   nvidia-smi cannot be run: Command 'nvidia-smi' returned non-zero exit status 18.
2025-05-25 03:32:31   --- Training start ---
2025-05-25 03:32:31   Start training using cuda device.
2025-05-25 03:32:31   Number of model parameters: 1537.
2025-05-25 03:32:31   Epoch   Train loss   Valid loss   Valid acc    F1-score        Lr   Best
2025-05-25 03:32:31   ------------------------------------------------------------------------
2025-05-25 03:32:34       1        0.703        0.704       0.372       0.000   0.00000      *
2025-05-25 03:32:35       2        0.666        0.660       0.633       0.774   0.00250      *
2025-05-25 03:32:36       3        0.666        0.661       0.369       0.000   0.00500       
2025-05-25 03:32:38       4        0.665        0.658       0.628       0.772   0.00750      *
2025-05-25 03:32:39       5        0.656        0.648       0.649       0.780   0.01000      *
2025-05-25 03:32:41       6        0.646        0.637       0.749       0.827   0.00990      *
2025-05-25 03:32:42       7        0.633        0.623       0.636       0.736   0.00980      *
2025-05-25 03:32:44       8        0.619        0.609       0.646       0.776   0.00970      *
2025-05-25 03:32:45       9        0.605        0.596       0.679       0.792   0.00961      *
2025-05-25 03:32:47      10        0.590        0.579       0.669       0.790   0.00951      *
2025-05-25 03:32:48      11        0.578        0.569       0.674       0.791   0.00941      *
2025-05-25 03:32:50      12        0.565        0.555       0.710       0.808   0.00932      *
2025-05-25 03:32:52      13        0.554        0.545       0.710       0.808   0.00923      *
2025-05-25 03:32:53      14        0.544        0.529       0.762       0.835   0.00914      *
2025-05-25 03:32:55      15        0.536        0.522       0.764       0.835   0.00904      *
2025-05-25 03:32:57      16        0.528        0.516       0.767       0.838   0.00895      *
2025-05-25 03:32:58      17        0.522        0.507       0.808       0.860   0.00886      *
2025-05-25 03:33:00      18        0.516        0.503       0.772       0.841   0.00878      *
2025-05-25 03:33:01      19        0.510        0.497       0.779       0.845   0.00869      *
2025-05-25 03:33:03      20        0.504        0.490       0.787       0.848   0.00860      *
2025-05-25 03:33:04      21        0.500        0.481       0.828       0.873   0.00851      *
2025-05-25 03:33:06      22        0.494        0.476       0.797       0.855   0.00843      *
2025-05-25 03:33:07      23        0.490        0.474       0.792       0.851   0.00835      *
2025-05-25 03:33:09      24        0.488        0.477       0.800       0.857   0.00826       
2025-05-25 03:33:10      25        0.483        0.464       0.818       0.867   0.00818      *
2025-05-25 03:33:12      26        0.481        0.464       0.797       0.855   0.00810       
2025-05-25 03:33:13      27        0.476        0.455       0.823       0.870   0.00802      *
2025-05-25 03:33:15      28        0.475        0.454       0.831       0.875   0.00794      *
2025-05-25 03:33:17      29        0.472        0.452       0.813       0.864   0.00786      *
2025-05-25 03:33:18      30        0.470        0.447       0.844       0.882   0.00778      *
2025-05-25 03:33:20      31        0.468        0.448       0.805       0.860   0.00770       
2025-05-25 03:33:21      32        0.465        0.443       0.826       0.872   0.00762      *
2025-05-25 03:33:23      33        0.464        0.445       0.826       0.872   0.00755       
2025-05-25 03:33:24      34        0.462        0.437       0.813       0.864   0.00747      *
2025-05-25 03:33:26      35        0.461        0.435       0.849       0.886   0.00740      *
2025-05-25 03:33:27      36        0.458        0.432       0.838       0.880   0.00732      *
2025-05-25 03:33:29      37        0.457        0.435       0.831       0.876   0.00725       
2025-05-25 03:33:30      38        0.457        0.437       0.818       0.869   0.00718       
2025-05-25 03:33:32      39        0.453        0.431       0.841       0.882   0.00711      *
2025-05-25 03:33:33      40        0.453        0.432       0.846       0.885   0.00703       
2025-05-25 03:33:35      41        0.451        0.429       0.844       0.883   0.00696      *
2025-05-25 03:33:36      42        0.451        0.432       0.828       0.875   0.00689       
2025-05-25 03:33:38      43        0.450        0.429       0.836       0.880   0.00683       
2025-05-25 03:33:40      44        0.448        0.422       0.851       0.888   0.00676      *
2025-05-25 03:33:41      45        0.447        0.422       0.841       0.882   0.00669      *
2025-05-25 03:33:43      46        0.446        0.420       0.841       0.882   0.00662      *
2025-05-25 03:33:44      47        0.445        0.419       0.849       0.886   0.00656      *
2025-05-25 03:33:46      48        0.444        0.420       0.844       0.884   0.00649       
2025-05-25 03:33:47      49        0.443        0.418       0.851       0.888   0.00643      *
2025-05-25 03:33:49      50        0.442        0.418       0.849       0.887   0.00636      *
2025-05-25 03:33:50      51        0.441        0.418       0.846       0.885   0.00630       
2025-05-25 03:33:52      52        0.440        0.416       0.856       0.892   0.00624      *
2025-05-25 03:33:53      53        0.440        0.416       0.849       0.887   0.00617       
2025-05-25 03:33:55      54        0.439        0.416       0.849       0.887   0.00611       
2025-05-25 03:33:56      55        0.438        0.413       0.851       0.888   0.00605      *
2025-05-25 03:33:58      56        0.437        0.413       0.854       0.890   0.00599      *
2025-05-25 03:33:59      57        0.437        0.412       0.856       0.892   0.00593      *
2025-05-25 03:34:01      58        0.436        0.412       0.854       0.890   0.00587       
2025-05-25 03:34:02      59        0.436        0.416       0.849       0.887   0.00581       
2025-05-25 03:34:04      60        0.434        0.412       0.854       0.890   0.00575      *
2025-05-25 03:34:06      61        0.434        0.410       0.859       0.894   0.00570      *
2025-05-25 03:34:07      62        0.433        0.412       0.854       0.890   0.00564       
2025-05-25 03:34:09      63        0.434        0.408       0.859       0.892   0.00558      *
2025-05-25 03:34:10      64        0.433        0.411       0.854       0.890   0.00553       
2025-05-25 03:34:12      65        0.432        0.410       0.854       0.890   0.00547       
2025-05-25 03:34:13      66        0.432        0.409       0.859       0.894   0.00542       
2025-05-25 03:34:15      67        0.431        0.407       0.856       0.891   0.00536      *
2025-05-25 03:34:16      68        0.431        0.405       0.859       0.893   0.00531      *
2025-05-25 03:34:18      69        0.432        0.405       0.856       0.890   0.00526      *
2025-05-25 03:34:19      70        0.430        0.404       0.864       0.897   0.00520      *
2025-05-25 03:34:21      71        0.430        0.407       0.854       0.891   0.00515       
2025-05-25 03:34:22      72        0.429        0.405       0.856       0.892   0.00510       
2025-05-25 03:34:24      73        0.428        0.403       0.856       0.892   0.00505      *
2025-05-25 03:34:25      74        0.428        0.402       0.856       0.892   0.00500      *
2025-05-25 03:34:27      75        0.430        0.404       0.872       0.901   0.00495       
2025-05-25 03:34:28      76        0.427        0.402       0.859       0.894   0.00490      *
2025-05-25 03:34:30      77        0.428        0.404       0.851       0.889   0.00485       
2025-05-25 03:34:31      78        0.426        0.401       0.859       0.894   0.00480      *
2025-05-25 03:34:33      79        0.426        0.402       0.856       0.892   0.00475       
2025-05-25 03:34:34      80        0.427        0.405       0.856       0.892   0.00471       
2025-05-25 03:34:36      81        0.426        0.400       0.859       0.893   0.00466      *
2025-05-25 03:34:38      82        0.427        0.405       0.854       0.891   0.00461       
2025-05-25 03:34:39      83        0.425        0.399       0.862       0.895   0.00457      *
2025-05-25 03:34:41      84        0.425        0.399       0.859       0.894   0.00452       
2025-05-25 03:34:42      85        0.424        0.398       0.859       0.894   0.00448      *
2025-05-25 03:34:44      86        0.424        0.399       0.859       0.894   0.00443       
2025-05-25 03:34:45      87        0.424        0.399       0.856       0.892   0.00439       
2025-05-25 03:34:47      88        0.424        0.398       0.859       0.894   0.00434      *
2025-05-25 03:34:49      89        0.423        0.397       0.859       0.894   0.00430      *
2025-05-25 03:34:50      90        0.423        0.397       0.856       0.892   0.00426      *
2025-05-25 03:34:52      91        0.423        0.398       0.856       0.892   0.00421       
2025-05-25 03:34:53      92        0.422        0.397       0.859       0.894   0.00417      *
2025-05-25 03:34:55      93        0.422        0.396       0.862       0.895   0.00413      *
2025-05-25 03:34:56      94        0.422        0.397       0.856       0.892   0.00409       
2025-05-25 03:34:58      95        0.422        0.396       0.856       0.892   0.00405       
2025-05-25 03:34:59      96        0.423        0.395       0.862       0.895   0.00401      *
2025-05-25 03:35:01      97        0.422        0.397       0.859       0.894   0.00397       
2025-05-25 03:35:02      98        0.421        0.395       0.856       0.892   0.00393       
2025-05-25 03:35:04      99        0.421        0.398       0.859       0.894   0.00389       
2025-05-25 03:35:06     100        0.420        0.394       0.859       0.893   0.00385      *
2025-05-25 03:35:07     101        0.421        0.400       0.862       0.896   0.00381       
2025-05-25 03:35:09     102        0.420        0.395       0.856       0.892   0.00377       
2025-05-25 03:35:10     103        0.420        0.393       0.856       0.891   0.00373      *
2025-05-25 03:35:12     104        0.419        0.392       0.859       0.893   0.00370      *
2025-05-25 03:35:13     105        0.419        0.393       0.859       0.894   0.00366       
2025-05-25 03:35:15     106        0.419        0.393       0.859       0.893   0.00362       
2025-05-25 03:35:16     107        0.419        0.392       0.862       0.895   0.00359      *
2025-05-25 03:35:18     108        0.419        0.392       0.862       0.895   0.00355      *
2025-05-25 03:35:19     109        0.418        0.393       0.859       0.894   0.00352       
2025-05-25 03:35:21     110        0.419        0.395       0.859       0.894   0.00348       
2025-05-25 03:35:22     111        0.419        0.396       0.859       0.894   0.00345       
2025-05-25 03:35:24     112        0.418        0.395       0.856       0.892   0.00341       
2025-05-25 03:35:25     113        0.418        0.393       0.862       0.895   0.00338       
2025-05-25 03:35:26     114        0.417        0.392       0.862       0.895   0.00334       
2025-05-25 03:35:28     115        0.417        0.392       0.862       0.895   0.00331       
2025-05-25 03:35:29     116        0.417        0.391       0.862       0.895   0.00328      *
2025-05-25 03:35:31     117        0.417        0.392       0.864       0.897   0.00324       
2025-05-25 03:35:32     118        0.417        0.394       0.859       0.894   0.00321       
2025-05-25 03:35:34     119        0.417        0.393       0.864       0.897   0.00318       
2025-05-25 03:35:35     120        0.417        0.391       0.864       0.897   0.00315       
2025-05-25 03:35:37     121        0.417        0.393       0.859       0.894   0.00312       
2025-05-25 03:35:38     122        0.416        0.390       0.864       0.897   0.00309      *
2025-05-25 03:35:40     123        0.416        0.390       0.862       0.895   0.00305      *
2025-05-25 03:35:41     124        0.416        0.390       0.862       0.895   0.00302      *
2025-05-25 03:35:43     125        0.416        0.391       0.862       0.895   0.00299       
2025-05-25 03:35:44     126        0.416        0.389       0.864       0.896   0.00296      *
2025-05-25 03:35:46     127        0.416        0.391       0.859       0.894   0.00293       
2025-05-25 03:35:47     128        0.415        0.388       0.864       0.897   0.00290      *
2025-05-25 03:35:49     129        0.415        0.389       0.862       0.895   0.00288       
2025-05-25 03:35:51     130        0.415        0.388       0.862       0.895   0.00285      *
2025-05-25 03:35:52     131        0.415        0.389       0.862       0.895   0.00282       
2025-05-25 03:35:54     132        0.415        0.389       0.862       0.895   0.00279       
2025-05-25 03:35:55     133        0.415        0.388       0.862       0.895   0.00276      *
2025-05-25 03:35:57     134        0.415        0.389       0.862       0.895   0.00273       
2025-05-25 03:35:58     135        0.414        0.388       0.862       0.895   0.00271       
2025-05-25 03:36:00     136        0.414        0.390       0.859       0.894   0.00268       
2025-05-25 03:36:01     137        0.414        0.388       0.862       0.895   0.00265      *
2025-05-25 03:36:03     138        0.414        0.388       0.864       0.897   0.00263      *
2025-05-25 03:36:04     139        0.414        0.391       0.862       0.896   0.00260       
2025-05-25 03:36:06     140        0.414        0.389       0.862       0.895   0.00257       
2025-05-25 03:36:07     141        0.414        0.389       0.862       0.895   0.00255       
2025-05-25 03:36:09     142        0.414        0.390       0.862       0.896   0.00252       
2025-05-25 03:36:10     143        0.413        0.386       0.864       0.897   0.00250      *
2025-05-25 03:36:12     144        0.413        0.386       0.864       0.897   0.00247       
2025-05-25 03:36:13     145        0.413        0.388       0.862       0.895   0.00245       
2025-05-25 03:36:15     146        0.413        0.387       0.862       0.895   0.00242       
2025-05-25 03:36:16     147        0.413        0.385       0.862       0.895   0.00240      *
2025-05-25 03:36:18     148        0.413        0.388       0.862       0.896   0.00238       
2025-05-25 03:36:19     149        0.413        0.386       0.862       0.894   0.00235       
2025-05-25 03:36:21     150        0.413        0.386       0.864       0.897   0.00233       
2025-05-25 03:36:22     151        0.413        0.385       0.862       0.895   0.00231       
2025-05-25 03:36:24     152        0.412        0.386       0.864       0.897   0.00228       
2025-05-25 03:36:25     153        0.412        0.386       0.862       0.895   0.00226       
2025-05-25 03:36:27     154        0.412        0.385       0.864       0.897   0.00224      *
2025-05-25 03:36:28     155        0.413        0.386       0.856       0.892   0.00221       
2025-05-25 03:36:30     156        0.412        0.386       0.862       0.895   0.00219       
2025-05-25 03:36:31     157        0.412        0.387       0.862       0.895   0.00217       
2025-05-25 03:36:33     158        0.413        0.389       0.867       0.900   0.00215       
2025-05-25 03:36:34     159        0.412        0.386       0.864       0.897   0.00213       
2025-05-25 03:36:36     160        0.412        0.386       0.864       0.897   0.00211       
2025-05-25 03:36:37     161        0.412        0.386       0.864       0.897   0.00208       
2025-05-25 03:36:39     162        0.412        0.386       0.864       0.897   0.00206       
2025-05-25 03:36:40     163        0.412        0.386       0.864       0.897   0.00204       
2025-05-25 03:36:42     164        0.412        0.384       0.862       0.895   0.00202      *
2025-05-25 03:36:43     165        0.411        0.385       0.864       0.897   0.00200       
2025-05-25 03:36:44     166        0.411        0.385       0.862       0.895   0.00198       
2025-05-25 03:36:46     167        0.411        0.384       0.864       0.897   0.00196      *
2025-05-25 03:36:47     168        0.411        0.384       0.867       0.899   0.00194      *
2025-05-25 03:36:49     169        0.411        0.385       0.862       0.895   0.00192       
2025-05-25 03:36:50     170        0.411        0.384       0.867       0.899   0.00190      *
2025-05-25 03:36:52     171        0.411        0.384       0.867       0.899   0.00189      *
2025-05-25 03:36:53     172        0.411        0.384       0.862       0.895   0.00187       
2025-05-25 03:36:55     173        0.411        0.385       0.864       0.897   0.00185       
2025-05-25 03:36:56     174        0.411        0.384       0.862       0.895   0.00183       
2025-05-25 03:36:58     175        0.411        0.386       0.864       0.897   0.00181       
2025-05-25 03:36:59     176        0.411        0.383       0.867       0.899   0.00179      *
2025-05-25 03:37:01     177        0.411        0.383       0.864       0.897   0.00178      *
2025-05-25 03:37:02     178        0.411        0.384       0.864       0.897   0.00176       
2025-05-25 03:37:03     179        0.411        0.384       0.864       0.897   0.00174       
2025-05-25 03:37:05     180        0.411        0.385       0.867       0.899   0.00172       
2025-05-25 03:37:06     181        0.411        0.383       0.864       0.897   0.00171      *
2025-05-25 03:37:07     182        0.410        0.383       0.867       0.899   0.00169       
2025-05-25 03:37:09     183        0.410        0.383       0.864       0.897   0.00167       
2025-05-25 03:37:10     184        0.410        0.384       0.864       0.897   0.00165       
2025-05-25 03:37:11     185        0.410        0.383       0.864       0.897   0.00164       
2025-05-25 03:37:12     186        0.410        0.383       0.862       0.895   0.00162       
2025-05-25 03:37:14     187        0.410        0.383       0.864       0.897   0.00161       
2025-05-25 03:37:15     188        0.410        0.384       0.864       0.897   0.00159       
2025-05-25 03:37:17     189        0.410        0.383       0.862       0.895   0.00157      *
2025-05-25 03:37:18     190        0.410        0.383       0.867       0.899   0.00156       
2025-05-25 03:37:19     191        0.410        0.385       0.867       0.900   0.00154       
2025-05-25 03:37:21     192        0.410        0.383       0.867       0.899   0.00153       
2025-05-25 03:37:22     193        0.410        0.383       0.864       0.897   0.00151       
2025-05-25 03:37:23     194        0.410        0.382       0.867       0.899   0.00150      *
2025-05-25 03:37:25     195        0.410        0.383       0.864       0.897   0.00148       
2025-05-25 03:37:26     196        0.409        0.382       0.864       0.897   0.00147      *
2025-05-25 03:37:27     197        0.410        0.382       0.862       0.895   0.00145       
2025-05-25 03:37:29     198        0.410        0.381       0.864       0.897   0.00144      *
2025-05-25 03:37:30     199        0.410        0.383       0.864       0.897   0.00142       
2025-05-25 03:37:31     200        0.409        0.382       0.867       0.899   0.00141       
2025-05-25 03:37:33     201        0.409        0.383       0.867       0.899   0.00139       
2025-05-25 03:37:34     202        0.409        0.382       0.864       0.897   0.00138       
2025-05-25 03:37:36     203        0.409        0.383       0.867       0.899   0.00137       
2025-05-25 03:37:37     204        0.409        0.383       0.864       0.897   0.00135       
2025-05-25 03:37:38     205        0.409        0.384       0.867       0.899   0.00134       
2025-05-25 03:37:40     206        0.409        0.383       0.864       0.897   0.00133       
2025-05-25 03:37:41     207        0.409        0.381       0.862       0.895   0.00131       
2025-05-25 03:37:42     208        0.409        0.381       0.867       0.899   0.00130       
2025-05-25 03:37:44     209        0.409        0.381       0.867       0.899   0.00129       
2025-05-25 03:37:45     210        0.409        0.382       0.867       0.899   0.00127       
2025-05-25 03:37:46     211        0.409        0.382       0.862       0.895   0.00126       
2025-05-25 03:37:48     212        0.409        0.381       0.867       0.899   0.00125       
2025-05-25 03:37:49     213        0.409        0.383       0.867       0.899   0.00124       
2025-05-25 03:37:50     214        0.409        0.383       0.867       0.899   0.00122       
2025-05-25 03:37:51     215        0.409        0.385       0.869       0.901   0.00121       
2025-05-25 03:37:53     216        0.409        0.383       0.867       0.899   0.00120       
2025-05-25 03:37:54     217        0.409        0.382       0.867       0.899   0.00119       
2025-05-25 03:37:55     218        0.408        0.382       0.867       0.899   0.00118       
2025-05-25 03:37:55   --- Training ended ---
2025-05-25 03:37:55   Number of model parameters: 1537
2025-05-25 03:37:55   Training time: 0:05:24
2025-05-25 03:37:55   Best epoch: 198
2025-05-25 03:37:55   Best valid loss: 0.381
2025-05-25 03:37:55   Best valid accuracy (macro): 0.864
2025-05-25 03:37:55   Best F1 score: 0.897
