2025-05-25 05:28:01   --- Hyperparameters ---
2025-05-25 05:28:01   model = DenseSiteNet(
2025-05-25 05:28:01     (dense_layer1): Sequential(
2025-05-25 05:28:01       (0): Linear(in_features=106722, out_features=100, bias=True)
2025-05-25 05:28:01       (1): ReLU()
2025-05-25 05:28:01       (2): Dropout(p=0.2, inplace=False)
2025-05-25 05:28:01     )
2025-05-25 05:28:01     (dense_layer2): Linear(in_features=100, out_features=1, bias=True)
2025-05-25 05:28:01   )
2025-05-25 05:28:01   split_proportion = 0.9
2025-05-25 05:28:01   batch_pad_sequences = False
2025-05-25 05:28:01   learning_rate = 0.01
2025-05-25 05:28:01   batch_size = 64
2025-05-25 05:28:01   max_epochs = 500
2025-05-25 05:28:01   early_stopping_patience = 20
2025-05-25 05:28:01   --- Creating loaders ---
2025-05-25 05:28:01   --- nvidia-smi output ---
2025-05-25 05:28:01   nvidia-smi cannot be run: Command 'nvidia-smi' returned non-zero exit status 18.
2025-05-25 05:28:01   --- Training start ---
2025-05-25 05:28:01   Start training using cuda device.
2025-05-25 05:28:01   Number of model parameters: 10672401.
2025-05-25 05:28:01   Epoch   Train loss   Valid loss   Valid acc    F1-score        Lr   Best
2025-05-25 05:28:01   ------------------------------------------------------------------------
2025-05-25 05:28:03       1        0.683        0.682       0.372       0.000   0.00000      *
2025-05-25 05:28:05       2        0.251        0.565       0.764       0.825   0.00250      *
2025-05-25 05:28:06       3        0.147        0.697       0.756       0.815   0.00500       
2025-05-25 05:28:07       4        0.098        0.744       0.764       0.817   0.00750       
2025-05-25 05:28:09       5        0.040        1.160       0.759       0.824   0.01000       
2025-05-25 05:28:10       6        0.017        1.122       0.767       0.829   0.00990       
2025-05-25 05:28:11       7        0.013        1.383       0.749       0.805   0.00980       
2025-05-25 05:28:12       8        0.007        1.793       0.777       0.838   0.00970       
2025-05-25 05:28:13       9        0.003        1.854       0.774       0.835   0.00961       
2025-05-25 05:28:15      10        0.003        1.614       0.772       0.836   0.00951       
2025-05-25 05:28:16      11        0.002        1.633       0.772       0.833   0.00941       
2025-05-25 05:28:17      12        0.001        1.983       0.759       0.827   0.00932       
2025-05-25 05:28:19      13        0.001        1.943       0.762       0.827   0.00923       
2025-05-25 05:28:20      14        0.001        2.168       0.767       0.832   0.00914       
2025-05-25 05:28:21      15        0.000        2.067       0.762       0.827   0.00904       
2025-05-25 05:28:22      16        0.045        1.588       0.772       0.824   0.00895       
2025-05-25 05:28:23      17        0.030        2.380       0.759       0.827   0.00886       
2025-05-25 05:28:25      18        0.014        1.584       0.751       0.820   0.00878       
2025-05-25 05:28:26      19        0.004        1.726       0.756       0.826   0.00869       
2025-05-25 05:28:27      20        0.002        1.574       0.769       0.831   0.00860       
2025-05-25 05:28:28      21        0.001        1.669       0.762       0.828   0.00851       
2025-05-25 05:28:29      22        0.001        1.619       0.769       0.832   0.00843       
2025-05-25 05:28:29   --- Training ended ---
2025-05-25 05:28:29   Number of model parameters: 10672401
2025-05-25 05:28:29   Training time: 0:00:28
2025-05-25 05:28:29   Best epoch: 2
2025-05-25 05:28:29   Best valid loss: 0.565
2025-05-25 05:28:29   Best valid accuracy (macro): 0.764
2025-05-25 05:28:29   Best F1 score: 0.825
