2025-05-25 03:04:58   --- Hyperparameters ---
2025-05-25 03:04:58   model = AAConvNet(
2025-05-25 03:04:58     (conv_layer): Sequential(
2025-05-25 03:04:58       (0): Conv1d(22, 64, kernel_size=(1,), stride=(1,))
2025-05-25 03:04:58       (1): ReLU()
2025-05-25 03:04:58       (2): AvgPool1d(kernel_size=(4851,), stride=(4851,), padding=(0,))
2025-05-25 03:04:58       (3): Dropout(p=0.2, inplace=False)
2025-05-25 03:04:58     )
2025-05-25 03:04:58     (dense_layer): Linear(in_features=64, out_features=1, bias=True)
2025-05-25 03:04:58   )
2025-05-25 03:04:58   split_proportion = 0.9
2025-05-25 03:04:58   batch_pad_sequences = False
2025-05-25 03:04:58   learning_rate = 0.01
2025-05-25 03:04:58   batch_size = 64
2025-05-25 03:04:58   max_epochs = 500
2025-05-25 03:04:58   early_stopping_patience = 20
2025-05-25 03:04:58   --- Creating loaders ---
2025-05-25 03:04:58   --- nvidia-smi output ---
2025-05-25 03:04:58   nvidia-smi cannot be run: Command 'nvidia-smi' returned non-zero exit status 18.
2025-05-25 03:04:58   --- Training start ---
2025-05-25 03:04:58   Start training using cuda device.
2025-05-25 03:04:58   Number of model parameters: 1537.
2025-05-25 03:04:58   Epoch   Train loss   Valid loss   Valid acc    F1-score        Lr   Best
2025-05-25 03:04:58   ------------------------------------------------------------------------
2025-05-25 03:05:00       1        0.702        0.702       0.372       0.000   0.00000      *
2025-05-25 03:05:01       2        0.666        0.660       0.367       0.000   0.00250      *
2025-05-25 03:05:03       3        0.665        0.659       0.374       0.016   0.00500      *
2025-05-25 03:05:05       4        0.668        0.661       0.628       0.772   0.00750       
2025-05-25 03:05:06       5        0.656        0.649       0.715       0.759   0.01000      *
2025-05-25 03:05:08       6        0.645        0.636       0.628       0.702   0.00990      *
2025-05-25 03:05:10       7        0.634        0.628       0.631       0.773   0.00980      *
2025-05-25 03:05:11       8        0.623        0.610       0.644       0.779   0.00970      *
2025-05-25 03:05:13       9        0.612        0.601       0.674       0.792   0.00961      *
2025-05-25 03:05:15      10        0.601        0.593       0.687       0.798   0.00951      *
2025-05-25 03:05:16      11        0.591        0.583       0.674       0.793   0.00941      *
2025-05-25 03:05:18      12        0.582        0.569       0.682       0.798   0.00932      *
2025-05-25 03:05:19      13        0.573        0.559       0.736       0.821   0.00923      *
2025-05-25 03:05:21      14        0.564        0.553       0.723       0.816   0.00914      *
2025-05-25 03:05:23      15        0.558        0.548       0.738       0.825   0.00904      *
2025-05-25 03:05:24      16        0.552        0.544       0.738       0.825   0.00895      *
2025-05-25 03:05:26      17        0.546        0.533       0.774       0.842   0.00886      *
2025-05-25 03:05:27      18        0.543        0.541       0.749       0.832   0.00878       
2025-05-25 03:05:29      19        0.537        0.525       0.782       0.845   0.00869      *
2025-05-25 03:05:31      20        0.533        0.518       0.764       0.837   0.00860      *
2025-05-25 03:05:32      21        0.529        0.519       0.772       0.842   0.00851       
2025-05-25 03:05:34      22        0.525        0.512       0.769       0.838   0.00843      *
2025-05-25 03:05:35      23        0.523        0.508       0.769       0.840   0.00835      *
2025-05-25 03:05:37      24        0.519        0.504       0.779       0.840   0.00826      *
2025-05-25 03:05:39      25        0.516        0.499       0.785       0.841   0.00818      *
2025-05-25 03:05:40      26        0.512        0.496       0.785       0.842   0.00810      *
2025-05-25 03:05:42      27        0.510        0.488       0.795       0.848   0.00802      *
2025-05-25 03:05:43      28        0.508        0.490       0.792       0.848   0.00794       
2025-05-25 03:05:45      29        0.505        0.489       0.792       0.847   0.00786       
2025-05-25 03:05:46      30        0.505        0.487       0.777       0.843   0.00778      *
2025-05-25 03:05:48      31        0.502        0.485       0.790       0.848   0.00770      *
2025-05-25 03:05:50      32        0.500        0.481       0.800       0.852   0.00762      *
2025-05-25 03:05:51      33        0.499        0.486       0.787       0.847   0.00755       
2025-05-25 03:05:53      34        0.499        0.490       0.787       0.848   0.00747       
2025-05-25 03:05:55      35        0.496        0.483       0.792       0.847   0.00740       
2025-05-25 03:05:56      36        0.495        0.480       0.792       0.847   0.00732      *
2025-05-25 03:05:58      37        0.494        0.483       0.797       0.852   0.00725       
2025-05-25 03:06:00      38        0.492        0.474       0.795       0.850   0.00718      *
2025-05-25 03:06:01      39        0.492        0.462       0.787       0.836   0.00711      *
2025-05-25 03:06:03      40        0.490        0.464       0.792       0.841   0.00703       
2025-05-25 03:06:04      41        0.489        0.464       0.805       0.856   0.00696       
2025-05-25 03:06:06      42        0.488        0.461       0.797       0.847   0.00689      *
2025-05-25 03:06:08      43        0.488        0.463       0.795       0.843   0.00683       
2025-05-25 03:06:09      44        0.486        0.463       0.797       0.848   0.00676       
2025-05-25 03:06:11      45        0.485        0.463       0.808       0.858   0.00669       
2025-05-25 03:06:13      46        0.484        0.464       0.805       0.856   0.00662       
2025-05-25 03:06:14      47        0.482        0.463       0.797       0.848   0.00656       
2025-05-25 03:06:16      48        0.483        0.475       0.805       0.857   0.00649       
2025-05-25 03:06:18      49        0.482        0.471       0.805       0.857   0.00643       
2025-05-25 03:06:19      50        0.481        0.473       0.803       0.855   0.00636       
2025-05-25 03:06:21      51        0.479        0.460       0.795       0.846   0.00630      *
2025-05-25 03:06:22      52        0.479        0.461       0.795       0.844   0.00624       
2025-05-25 03:06:24      53        0.478        0.459       0.795       0.846   0.00617      *
2025-05-25 03:06:26      54        0.477        0.461       0.797       0.847   0.00611       
2025-05-25 03:06:27      55        0.477        0.460       0.797       0.847   0.00605       
2025-05-25 03:06:29      56        0.476        0.456       0.795       0.846   0.00599      *
2025-05-25 03:06:31      57        0.477        0.461       0.805       0.857   0.00593       
2025-05-25 03:06:32      58        0.474        0.455       0.797       0.846   0.00587      *
2025-05-25 03:06:34      59        0.474        0.460       0.803       0.852   0.00581       
2025-05-25 03:06:36      60        0.474        0.466       0.813       0.862   0.00575       
2025-05-25 03:06:37      61        0.474        0.466       0.813       0.862   0.00570       
2025-05-25 03:06:39      62        0.472        0.456       0.803       0.852   0.00564       
2025-05-25 03:06:41      63        0.472        0.454       0.797       0.845   0.00558      *
2025-05-25 03:06:42      64        0.472        0.461       0.805       0.855   0.00553       
2025-05-25 03:06:44      65        0.471        0.462       0.810       0.858   0.00547       
2025-05-25 03:06:45      66        0.471        0.460       0.810       0.858   0.00542       
2025-05-25 03:06:47      67        0.470        0.459       0.805       0.855   0.00536       
2025-05-25 03:06:48      68        0.469        0.445       0.800       0.847   0.00531      *
2025-05-25 03:06:50      69        0.469        0.448       0.803       0.849   0.00526       
2025-05-25 03:06:52      70        0.468        0.455       0.808       0.857   0.00520       
2025-05-25 03:06:53      71        0.468        0.446       0.800       0.847   0.00515       
2025-05-25 03:06:55      72        0.467        0.450       0.808       0.857   0.00510       
2025-05-25 03:06:56      73        0.467        0.441       0.808       0.852   0.00505      *
2025-05-25 03:06:58      74        0.467        0.453       0.810       0.858   0.00500       
2025-05-25 03:07:00      75        0.466        0.449       0.810       0.857   0.00495       
2025-05-25 03:07:01      76        0.466        0.449       0.810       0.858   0.00490       
2025-05-25 03:07:03      77        0.466        0.458       0.815       0.864   0.00485       
2025-05-25 03:07:04      78        0.465        0.451       0.810       0.858   0.00480       
2025-05-25 03:07:06      79        0.466        0.459       0.815       0.862   0.00475       
2025-05-25 03:07:08      80        0.464        0.446       0.808       0.853   0.00471       
2025-05-25 03:07:09      81        0.464        0.452       0.810       0.858   0.00466       
2025-05-25 03:07:11      82        0.464        0.455       0.815       0.862   0.00461       
2025-05-25 03:07:12      83        0.464        0.440       0.808       0.853   0.00457      *
2025-05-25 03:07:14      84        0.463        0.448       0.808       0.855   0.00452       
2025-05-25 03:07:15      85        0.463        0.440       0.810       0.854   0.00448       
2025-05-25 03:07:17      86        0.463        0.451       0.810       0.858   0.00443       
2025-05-25 03:07:19      87        0.463        0.447       0.810       0.857   0.00439       
2025-05-25 03:07:20      88        0.462        0.443       0.808       0.853   0.00434       
2025-05-25 03:07:22      89        0.462        0.444       0.808       0.854   0.00430       
2025-05-25 03:07:23      90        0.462        0.438       0.815       0.858   0.00426      *
2025-05-25 03:07:25      91        0.461        0.445       0.813       0.859   0.00421       
2025-05-25 03:07:26      92        0.462        0.450       0.813       0.860   0.00417       
2025-05-25 03:07:28      93        0.461        0.441       0.808       0.853   0.00413       
2025-05-25 03:07:29      94        0.461        0.445       0.815       0.861   0.00409       
2025-05-25 03:07:31      95        0.461        0.442       0.810       0.858   0.00405       
2025-05-25 03:07:32      96        0.461        0.444       0.815       0.860   0.00401       
2025-05-25 03:07:34      97        0.460        0.443       0.815       0.860   0.00397       
2025-05-25 03:07:35      98        0.460        0.445       0.813       0.859   0.00393       
2025-05-25 03:07:37      99        0.460        0.437       0.808       0.853   0.00389      *
2025-05-25 03:07:39     100        0.460        0.444       0.813       0.859   0.00385       
2025-05-25 03:07:40     101        0.459        0.439       0.813       0.858   0.00381       
2025-05-25 03:07:42     102        0.459        0.433       0.810       0.854   0.00377      *
2025-05-25 03:07:43     103        0.459        0.443       0.808       0.856   0.00373       
2025-05-25 03:07:45     104        0.459        0.439       0.810       0.858   0.00370       
2025-05-25 03:07:46     105        0.459        0.432       0.810       0.855   0.00366      *
2025-05-25 03:07:48     106        0.459        0.441       0.815       0.862   0.00362       
2025-05-25 03:07:49     107        0.459        0.448       0.815       0.862   0.00359       
2025-05-25 03:07:51     108        0.458        0.441       0.813       0.858   0.00355       
2025-05-25 03:07:52     109        0.458        0.440       0.810       0.856   0.00352       
2025-05-25 03:07:54     110        0.458        0.434       0.813       0.857   0.00348       
2025-05-25 03:07:56     111        0.457        0.440       0.810       0.856   0.00345       
2025-05-25 03:07:57     112        0.457        0.436       0.810       0.855   0.00341       
2025-05-25 03:07:59     113        0.457        0.438       0.813       0.858   0.00338       
2025-05-25 03:08:00     114        0.457        0.439       0.818       0.863   0.00334       
2025-05-25 03:08:02     115        0.457        0.437       0.808       0.854   0.00331       
2025-05-25 03:08:04     116        0.457        0.439       0.813       0.858   0.00328       
2025-05-25 03:08:05     117        0.457        0.443       0.821       0.865   0.00324       
2025-05-25 03:08:07     118        0.456        0.435       0.813       0.857   0.00321       
2025-05-25 03:08:08     119        0.458        0.452       0.823       0.868   0.00318       
2025-05-25 03:08:10     120        0.456        0.438       0.813       0.858   0.00315       
2025-05-25 03:08:11     121        0.456        0.439       0.818       0.862   0.00312       
2025-05-25 03:08:13     122        0.456        0.438       0.815       0.861   0.00309       
2025-05-25 03:08:14     123        0.455        0.434       0.813       0.857   0.00305       
2025-05-25 03:08:16     124        0.455        0.440       0.821       0.865   0.00302       
2025-05-25 03:08:17     125        0.455        0.439       0.818       0.863   0.00299       
2025-05-25 03:08:17   --- Training ended ---
2025-05-25 03:08:17   Number of model parameters: 1537
2025-05-25 03:08:17   Training time: 0:03:20
2025-05-25 03:08:17   Best epoch: 105
2025-05-25 03:08:17   Best valid loss: 0.432
2025-05-25 03:08:17   Best valid accuracy (macro): 0.810
2025-05-25 03:08:17   Best F1 score: 0.855
