2025-05-25 05:18:36   --- Hyperparameters ---
2025-05-25 05:18:36   model = DenseMsaNet(
2025-05-25 05:18:36     (dense_layer1): Sequential(
2025-05-25 05:18:36       (0): Linear(in_features=22, out_features=100, bias=True)
2025-05-25 05:18:36       (1): ReLU()
2025-05-25 05:18:36       (2): Dropout(p=0.2, inplace=False)
2025-05-25 05:18:36     )
2025-05-25 05:18:36     (dense_layer2): Linear(in_features=100, out_features=1, bias=True)
2025-05-25 05:18:36   )
2025-05-25 05:18:36   split_proportion = 0.9
2025-05-25 05:18:36   batch_pad_sequences = False
2025-05-25 05:18:36   learning_rate = 0.01
2025-05-25 05:18:36   batch_size = 64
2025-05-25 05:18:36   max_epochs = 500
2025-05-25 05:18:36   early_stopping_patience = 20
2025-05-25 05:18:36   --- Creating loaders ---
2025-05-25 05:18:37   --- nvidia-smi output ---
2025-05-25 05:18:37   nvidia-smi cannot be run: Command 'nvidia-smi' returned non-zero exit status 18.
2025-05-25 05:18:37   --- Training start ---
2025-05-25 05:18:37   Start training using cuda device.
2025-05-25 05:18:37   Number of model parameters: 2401.
2025-05-25 05:18:37   Epoch   Train loss   Valid loss   Valid acc    F1-score        Lr   Best
2025-05-25 05:18:37   ------------------------------------------------------------------------
2025-05-25 05:18:38       1        0.691        0.691       0.372       0.000   0.00000      *
2025-05-25 05:18:39       2        0.651        0.646       0.454       0.231   0.00250      *
2025-05-25 05:18:39       3        0.557        0.550       0.692       0.797   0.00500      *
2025-05-25 05:18:40       4        0.493        0.482       0.759       0.794   0.00750      *
2025-05-25 05:18:40       5        0.455        0.436       0.803       0.851   0.01000      *
2025-05-25 05:18:40       6        0.453        0.433       0.805       0.848   0.00990      *
2025-05-25 05:18:41       7        0.453        0.432       0.795       0.835   0.00980      *
2025-05-25 05:18:41       8        0.448        0.427       0.810       0.858   0.00970      *
2025-05-25 05:18:42       9        0.448        0.427       0.810       0.848   0.00961      *
2025-05-25 05:18:42      10        0.443        0.424       0.803       0.846   0.00951      *
2025-05-25 05:18:42      11        0.449        0.432       0.803       0.841   0.00941       
2025-05-25 05:18:43      12        0.449        0.433       0.803       0.856   0.00932       
2025-05-25 05:18:43      13        0.444        0.428       0.805       0.857   0.00923       
2025-05-25 05:18:44      14        0.438        0.421       0.805       0.846   0.00914      *
2025-05-25 05:18:44      15        0.460        0.448       0.774       0.809   0.00904       
2025-05-25 05:18:45      16        0.433        0.417       0.808       0.850   0.00895      *
2025-05-25 05:18:45      17        0.436        0.420       0.797       0.837   0.00886       
2025-05-25 05:18:46      18        0.431        0.417       0.805       0.845   0.00878       
2025-05-25 05:18:46      19        0.430        0.413       0.800       0.841   0.00869      *
2025-05-25 05:18:46      20        0.429        0.416       0.815       0.860   0.00860       
2025-05-25 05:18:47      21        0.426        0.415       0.813       0.853   0.00851       
2025-05-25 05:18:47      22        0.435        0.424       0.803       0.839   0.00843       
2025-05-25 05:18:48      23        0.429        0.417       0.797       0.835   0.00835       
2025-05-25 05:18:48      24        0.428        0.414       0.823       0.868   0.00826       
2025-05-25 05:18:48      25        0.422        0.410       0.815       0.858   0.00818      *
2025-05-25 05:18:49      26        0.423        0.414       0.805       0.844   0.00810       
2025-05-25 05:18:49      27        0.419        0.405       0.818       0.858   0.00802      *
2025-05-25 05:18:49      28        0.425        0.421       0.805       0.853   0.00794       
2025-05-25 05:18:50      29        0.418        0.408       0.821       0.859   0.00786       
2025-05-25 05:18:50      30        0.422        0.415       0.810       0.847   0.00778       
2025-05-25 05:18:50      31        0.417        0.409       0.810       0.851   0.00770       
2025-05-25 05:18:51      32        0.415        0.406       0.810       0.848   0.00762       
2025-05-25 05:18:51      33        0.413        0.409       0.823       0.863   0.00755       
2025-05-25 05:18:51      34        0.414        0.403       0.828       0.869   0.00747      *
2025-05-25 05:18:52      35        0.414        0.410       0.813       0.853   0.00740       
2025-05-25 05:18:52      36        0.410        0.403       0.821       0.858   0.00732       
2025-05-25 05:18:52      37        0.423        0.415       0.797       0.831   0.00725       
2025-05-25 05:18:53      38        0.409        0.401       0.810       0.850   0.00718      *
2025-05-25 05:18:53      39        0.409        0.402       0.831       0.871   0.00711       
2025-05-25 05:18:53      40        0.419        0.409       0.823       0.871   0.00703       
2025-05-25 05:18:54      41        0.408        0.408       0.821       0.862   0.00696       
2025-05-25 05:18:54      42        0.407        0.401       0.815       0.852   0.00689      *
2025-05-25 05:18:54      43        0.409        0.404       0.810       0.845   0.00683       
2025-05-25 05:18:55      44        0.413        0.410       0.813       0.861   0.00676       
2025-05-25 05:18:55      45        0.403        0.399       0.808       0.847   0.00669      *
2025-05-25 05:18:56      46        0.407        0.408       0.828       0.872   0.00662       
2025-05-25 05:18:56      47        0.401        0.396       0.808       0.847   0.00656      *
2025-05-25 05:18:56      48        0.404        0.402       0.803       0.839   0.00649       
2025-05-25 05:18:57      49        0.402        0.402       0.805       0.842   0.00643       
2025-05-25 05:18:57      50        0.400        0.398       0.815       0.855   0.00636       
2025-05-25 05:18:57      51        0.399        0.397       0.833       0.872   0.00630       
2025-05-25 05:18:58      52        0.398        0.401       0.818       0.859   0.00624       
2025-05-25 05:18:58      53        0.397        0.398       0.828       0.870   0.00617       
2025-05-25 05:18:58      54        0.399        0.401       0.815       0.851   0.00611       
2025-05-25 05:18:58      55        0.396        0.397       0.808       0.845   0.00605       
2025-05-25 05:18:59      56        0.400        0.402       0.826       0.870   0.00599       
2025-05-25 05:18:59      57        0.395        0.399       0.833       0.871   0.00593       
2025-05-25 05:18:59      58        0.399        0.400       0.808       0.843   0.00587       
2025-05-25 05:18:59      59        0.393        0.394       0.821       0.864   0.00581      *
2025-05-25 05:19:00      60        0.391        0.397       0.813       0.855   0.00575       
2025-05-25 05:19:00      61        0.392        0.395       0.813       0.852   0.00570       
2025-05-25 05:19:00      62        0.392        0.398       0.805       0.852   0.00564       
2025-05-25 05:19:01      63        0.396        0.402       0.821       0.866   0.00558       
2025-05-25 05:19:01      64        0.390        0.395       0.821       0.858   0.00553       
2025-05-25 05:19:01      65        0.389        0.392       0.821       0.858   0.00547      *
2025-05-25 05:19:01      66        0.390        0.398       0.826       0.868   0.00542       
2025-05-25 05:19:02      67        0.387        0.393       0.823       0.864   0.00536       
2025-05-25 05:19:02      68        0.391        0.395       0.831       0.873   0.00531       
2025-05-25 05:19:02      69        0.391        0.397       0.818       0.850   0.00526       
2025-05-25 05:19:03      70        0.388        0.398       0.821       0.863   0.00520       
2025-05-25 05:19:03      71        0.385        0.394       0.826       0.865   0.00515       
2025-05-25 05:19:03      72        0.383        0.389       0.823       0.862   0.00510      *
2025-05-25 05:19:04      73        0.386        0.390       0.831       0.871   0.00505       
2025-05-25 05:19:04      74        0.383        0.391       0.828       0.864   0.00500       
2025-05-25 05:19:04      75        0.381        0.390       0.828       0.866   0.00495       
2025-05-25 05:19:05      76        0.382        0.388       0.828       0.865   0.00490      *
2025-05-25 05:19:05      77        0.383        0.393       0.823       0.865   0.00485       
2025-05-25 05:19:05      78        0.381        0.390       0.836       0.873   0.00480       
2025-05-25 05:19:05      79        0.384        0.393       0.821       0.865   0.00475       
2025-05-25 05:19:06      80        0.378        0.387       0.821       0.861   0.00471      *
2025-05-25 05:19:06      81        0.387        0.397       0.823       0.855   0.00466       
2025-05-25 05:19:06      82        0.380        0.387       0.841       0.877   0.00461      *
2025-05-25 05:19:07      83        0.378        0.391       0.818       0.861   0.00457       
2025-05-25 05:19:07      84        0.383        0.391       0.818       0.850   0.00452       
2025-05-25 05:19:07      85        0.380        0.391       0.821       0.855   0.00448       
2025-05-25 05:19:08      86        0.379        0.393       0.823       0.857   0.00443       
2025-05-25 05:19:08      87        0.381        0.390       0.826       0.868   0.00439       
2025-05-25 05:19:09      88        0.374        0.387       0.828       0.865   0.00434      *
2025-05-25 05:19:09      89        0.374        0.387       0.838       0.874   0.00430       
2025-05-25 05:19:09      90        0.374        0.387       0.828       0.866   0.00426       
2025-05-25 05:19:10      91        0.374        0.389       0.833       0.870   0.00421       
2025-05-25 05:19:10      92        0.374        0.391       0.833       0.868   0.00417       
2025-05-25 05:19:10      93        0.382        0.392       0.833       0.875   0.00413       
2025-05-25 05:19:11      94        0.373        0.385       0.836       0.870   0.00409      *
2025-05-25 05:19:11      95        0.373        0.385       0.838       0.874   0.00405       
2025-05-25 05:19:12      96        0.382        0.394       0.831       0.874   0.00401       
2025-05-25 05:19:12      97        0.371        0.384       0.833       0.870   0.00397      *
2025-05-25 05:19:12      98        0.373        0.387       0.831       0.870   0.00393       
2025-05-25 05:19:13      99        0.372        0.387       0.838       0.872   0.00389       
2025-05-25 05:19:13     100        0.373        0.388       0.831       0.865   0.00385       
2025-05-25 05:19:13     101        0.380        0.392       0.815       0.849   0.00381       
2025-05-25 05:19:14     102        0.376        0.392       0.818       0.851   0.00377       
2025-05-25 05:19:14     103        0.368        0.385       0.838       0.873   0.00373       
2025-05-25 05:19:14     104        0.370        0.385       0.833       0.869   0.00370       
2025-05-25 05:19:15     105        0.372        0.388       0.828       0.861   0.00366       
2025-05-25 05:19:15     106        0.369        0.384       0.841       0.874   0.00362       
2025-05-25 05:19:15     107        0.369        0.386       0.844       0.879   0.00359       
2025-05-25 05:19:16     108        0.379        0.394       0.818       0.849   0.00355       
2025-05-25 05:19:16     109        0.374        0.389       0.836       0.875   0.00352       
2025-05-25 05:19:17     110        0.367        0.385       0.838       0.874   0.00348       
2025-05-25 05:19:17     111        0.368        0.386       0.838       0.871   0.00345       
2025-05-25 05:19:17     112        0.372        0.389       0.826       0.859   0.00341       
2025-05-25 05:19:18     113        0.367        0.385       0.841       0.877   0.00338       
2025-05-25 05:19:18     114        0.366        0.383       0.833       0.870   0.00334      *
2025-05-25 05:19:18     115        0.367        0.387       0.841       0.878   0.00331       
2025-05-25 05:19:19     116        0.366        0.387       0.831       0.868   0.00328       
2025-05-25 05:19:19     117        0.365        0.383       0.836       0.872   0.00324      *
2025-05-25 05:19:20     118        0.367        0.389       0.826       0.867   0.00321       
2025-05-25 05:19:20     119        0.375        0.395       0.821       0.866   0.00318       
2025-05-25 05:19:20     120        0.364        0.382       0.844       0.879   0.00315      *
2025-05-25 05:19:21     121        0.366        0.385       0.833       0.872   0.00312       
2025-05-25 05:19:21     122        0.368        0.387       0.833       0.873   0.00309       
2025-05-25 05:19:21     123        0.364        0.384       0.831       0.867   0.00305       
2025-05-25 05:19:22     124        0.376        0.394       0.821       0.866   0.00302       
2025-05-25 05:19:22     125        0.363        0.383       0.844       0.879   0.00299       
2025-05-25 05:19:22     126        0.364        0.383       0.836       0.874   0.00296       
2025-05-25 05:19:23     127        0.364        0.385       0.844       0.880   0.00293       
2025-05-25 05:19:23     128        0.371        0.390       0.833       0.874   0.00290       
2025-05-25 05:19:24     129        0.363        0.386       0.833       0.867   0.00288       
2025-05-25 05:19:24     130        0.361        0.385       0.841       0.876   0.00285       
2025-05-25 05:19:24     131        0.362        0.383       0.836       0.872   0.00282       
2025-05-25 05:19:25     132        0.361        0.383       0.836       0.873   0.00279       
2025-05-25 05:19:25     133        0.362        0.383       0.838       0.874   0.00276       
2025-05-25 05:19:25     134        0.362        0.383       0.846       0.881   0.00273       
2025-05-25 05:19:26     135        0.361        0.382       0.841       0.875   0.00271      *
2025-05-25 05:19:26     136        0.361        0.384       0.836       0.870   0.00268       
2025-05-25 05:19:27     137        0.360        0.384       0.841       0.876   0.00265       
2025-05-25 05:19:27     138        0.360        0.382       0.838       0.873   0.00263       
2025-05-25 05:19:27     139        0.360        0.383       0.838       0.874   0.00260       
2025-05-25 05:19:28     140        0.361        0.380       0.844       0.876   0.00257      *
2025-05-25 05:19:28     141        0.360        0.381       0.836       0.874   0.00255       
2025-05-25 05:19:28     142        0.366        0.389       0.826       0.858   0.00252       
2025-05-25 05:19:28     143        0.360        0.387       0.836       0.870   0.00250       
2025-05-25 05:19:29     144        0.360        0.382       0.844       0.876   0.00247       
2025-05-25 05:19:29     145        0.359        0.382       0.844       0.878   0.00245       
2025-05-25 05:19:29     146        0.359        0.382       0.841       0.877   0.00242       
2025-05-25 05:19:29     147        0.358        0.383       0.844       0.879   0.00240       
2025-05-25 05:19:30     148        0.358        0.382       0.838       0.874   0.00238       
2025-05-25 05:19:30     149        0.363        0.388       0.833       0.873   0.00235       
2025-05-25 05:19:30     150        0.359        0.384       0.841       0.877   0.00233       
2025-05-25 05:19:31     151        0.359        0.383       0.841       0.877   0.00231       
2025-05-25 05:19:31     152        0.357        0.384       0.833       0.870   0.00228       
2025-05-25 05:19:31     153        0.357        0.383       0.841       0.876   0.00226       
2025-05-25 05:19:32     154        0.357        0.382       0.841       0.876   0.00224       
2025-05-25 05:19:32     155        0.358        0.382       0.841       0.877   0.00221       
2025-05-25 05:19:32     156        0.359        0.383       0.841       0.877   0.00219       
2025-05-25 05:19:33     157        0.358        0.381       0.849       0.880   0.00217       
2025-05-25 05:19:33     158        0.357        0.381       0.841       0.875   0.00215       
2025-05-25 05:19:34     159        0.356        0.382       0.838       0.872   0.00213       
2025-05-25 05:19:34     160        0.356        0.383       0.836       0.873   0.00211       
2025-05-25 05:19:34   --- Training ended ---
2025-05-25 05:19:34   Number of model parameters: 2401
2025-05-25 05:19:34   Training time: 0:00:57
2025-05-25 05:19:34   Best epoch: 140
2025-05-25 05:19:34   Best valid loss: 0.380
2025-05-25 05:19:34   Best valid accuracy (macro): 0.844
2025-05-25 05:19:34   Best F1 score: 0.876
