2025-05-25 05:40:07   --- Hyperparameters ---
2025-05-25 05:40:07   model = AAConvNet(
2025-05-25 05:40:07     (conv_layer): Sequential(
2025-05-25 05:40:07       (0): Conv1d(22, 64, kernel_size=(1,), stride=(1,))
2025-05-25 05:40:07       (1): ReLU()
2025-05-25 05:40:07       (2): AvgPool1d(kernel_size=(4851,), stride=(4851,), padding=(0,))
2025-05-25 05:40:07       (3): Dropout(p=0.2, inplace=False)
2025-05-25 05:40:07     )
2025-05-25 05:40:07     (dense_layer): Linear(in_features=64, out_features=1, bias=True)
2025-05-25 05:40:07   )
2025-05-25 05:40:07   split_proportion = 0.9
2025-05-25 05:40:07   batch_pad_sequences = False
2025-05-25 05:40:07   learning_rate = 0.01
2025-05-25 05:40:07   batch_size = 64
2025-05-25 05:40:07   max_epochs = 500
2025-05-25 05:40:07   early_stopping_patience = 20
2025-05-25 05:40:07   --- Creating loaders ---
2025-05-25 05:40:07   --- nvidia-smi output ---
2025-05-25 05:40:07   nvidia-smi cannot be run: Command 'nvidia-smi' returned non-zero exit status 18.
2025-05-25 05:40:07   --- Training start ---
2025-05-25 05:40:07   Start training using cuda device.
2025-05-25 05:40:07   Number of model parameters: 1537.
2025-05-25 05:40:07   Epoch   Train loss   Valid loss   Valid acc    F1-score        Lr   Best
2025-05-25 05:40:07   ------------------------------------------------------------------------
2025-05-25 05:40:09       1        0.680        0.679       0.372       0.000   0.00000      *
2025-05-25 05:40:10       2        0.666        0.661       0.369       0.000   0.00250      *
2025-05-25 05:40:12       3        0.665        0.659       0.408       0.128   0.00500      *
2025-05-25 05:40:13       4        0.663        0.657       0.374       0.008   0.00750      *
2025-05-25 05:40:15       5        0.654        0.645       0.715       0.814   0.01000      *
2025-05-25 05:40:16       6        0.643        0.634       0.695       0.752   0.00990      *
2025-05-25 05:40:18       7        0.629        0.618       0.685       0.799   0.00980      *
2025-05-25 05:40:20       8        0.616        0.609       0.649       0.781   0.00970      *
2025-05-25 05:40:21       9        0.605        0.596       0.713       0.812   0.00961      *
2025-05-25 05:40:22      10        0.594        0.578       0.664       0.789   0.00951      *
2025-05-25 05:40:24      11        0.578        0.567       0.703       0.809   0.00941      *
2025-05-25 05:40:25      12        0.566        0.557       0.731       0.823   0.00932      *
2025-05-25 05:40:26      13        0.557        0.545       0.772       0.844   0.00923      *
2025-05-25 05:40:28      14        0.554        0.547       0.700       0.807   0.00914       
2025-05-25 05:40:29      15        0.539        0.532       0.772       0.844   0.00904      *
2025-05-25 05:40:32      16        0.530        0.521       0.790       0.854   0.00895      *
2025-05-25 05:40:33      17        0.523        0.514       0.779       0.848   0.00886      *
2025-05-25 05:40:35      18        0.516        0.510       0.790       0.854   0.00878      *
2025-05-25 05:40:37      19        0.511        0.505       0.792       0.856   0.00869      *
2025-05-25 05:40:38      20        0.508        0.514       0.779       0.849   0.00860       
2025-05-25 05:40:40      21        0.499        0.495       0.823       0.872   0.00851      *
2025-05-25 05:40:41      22        0.494        0.482       0.813       0.867   0.00843      *
2025-05-25 05:40:43      23        0.491        0.493       0.805       0.863   0.00835       
2025-05-25 05:40:44      24        0.487        0.497       0.826       0.874   0.00826       
2025-05-25 05:40:46      25        0.482        0.479       0.826       0.874   0.00818      *
2025-05-25 05:40:47      26        0.478        0.470       0.828       0.875   0.00810      *
2025-05-25 05:40:49      27        0.477        0.479       0.823       0.874   0.00802       
2025-05-25 05:40:50      28        0.472        0.472       0.823       0.872   0.00794       
2025-05-25 05:40:52      29        0.469        0.467       0.828       0.875   0.00786      *
2025-05-25 05:40:53      30        0.467        0.467       0.831       0.877   0.00778      *
2025-05-25 05:40:55      31        0.465        0.447       0.831       0.875   0.00770      *
2025-05-25 05:40:57      32        0.463        0.443       0.833       0.877   0.00762      *
2025-05-25 05:40:58      33        0.461        0.447       0.831       0.876   0.00755       
2025-05-25 05:41:00      34        0.459        0.442       0.836       0.879   0.00747      *
2025-05-25 05:41:01      35        0.457        0.447       0.831       0.876   0.00740       
2025-05-25 05:41:03      36        0.455        0.444       0.831       0.876   0.00732       
2025-05-25 05:41:04      37        0.455        0.433       0.828       0.872   0.00725      *
2025-05-25 05:41:06      38        0.452        0.442       0.833       0.878   0.00718       
2025-05-25 05:41:07      39        0.452        0.450       0.831       0.877   0.00711       
2025-05-25 05:41:09      40        0.449        0.443       0.828       0.874   0.00703       
2025-05-25 05:41:10      41        0.447        0.435       0.836       0.879   0.00696       
2025-05-25 05:41:11      42        0.449        0.448       0.831       0.878   0.00689       
2025-05-25 05:41:13      43        0.445        0.439       0.831       0.875   0.00683       
2025-05-25 05:41:14      44        0.444        0.435       0.844       0.882   0.00676       
2025-05-25 05:41:15      45        0.443        0.438       0.831       0.875   0.00669       
2025-05-25 05:41:16      46        0.443        0.444       0.838       0.880   0.00662       
2025-05-25 05:41:18      47        0.441        0.437       0.838       0.880   0.00656       
2025-05-25 05:41:19      48        0.440        0.437       0.833       0.877   0.00649       
2025-05-25 05:41:20      49        0.439        0.436       0.836       0.879   0.00643       
2025-05-25 05:41:22      50        0.438        0.430       0.836       0.878   0.00636      *
2025-05-25 05:41:23      51        0.439        0.444       0.833       0.879   0.00630       
2025-05-25 05:41:25      52        0.436        0.430       0.844       0.883   0.00624      *
2025-05-25 05:41:26      53        0.437        0.442       0.836       0.880   0.00617       
2025-05-25 05:41:27      54        0.435        0.430       0.844       0.884   0.00611       
2025-05-25 05:41:29      55        0.434        0.426       0.838       0.880   0.00605      *
2025-05-25 05:41:31      56        0.435        0.435       0.836       0.880   0.00599       
2025-05-25 05:41:32      57        0.434        0.434       0.836       0.880   0.00593       
2025-05-25 05:41:34      58        0.432        0.423       0.849       0.887   0.00587      *
2025-05-25 05:41:35      59        0.432        0.423       0.846       0.885   0.00581       
2025-05-25 05:41:37      60        0.431        0.421       0.849       0.886   0.00575      *
2025-05-25 05:41:38      61        0.431        0.422       0.846       0.885   0.00570       
2025-05-25 05:41:39      62        0.431        0.428       0.838       0.880   0.00564       
2025-05-25 05:41:41      63        0.430        0.424       0.838       0.880   0.00558       
2025-05-25 05:41:42      64        0.430        0.415       0.851       0.887   0.00553      *
2025-05-25 05:41:44      65        0.429        0.421       0.846       0.885   0.00547       
2025-05-25 05:41:45      66        0.429        0.428       0.836       0.879   0.00542       
2025-05-25 05:41:47      67        0.428        0.421       0.851       0.889   0.00536       
2025-05-25 05:41:48      68        0.428        0.424       0.846       0.885   0.00531       
2025-05-25 05:41:50      69        0.427        0.421       0.851       0.889   0.00526       
2025-05-25 05:41:51      70        0.427        0.417       0.851       0.889   0.00520       
2025-05-25 05:41:53      71        0.426        0.415       0.854       0.890   0.00515      *
2025-05-25 05:41:54      72        0.426        0.413       0.851       0.888   0.00510      *
2025-05-25 05:41:56      73        0.425        0.417       0.851       0.889   0.00505       
2025-05-25 05:41:57      74        0.425        0.420       0.844       0.884   0.00500       
2025-05-25 05:41:59      75        0.425        0.411       0.851       0.888   0.00495      *
2025-05-25 05:42:01      76        0.424        0.410       0.849       0.887   0.00490      *
2025-05-25 05:42:03      77        0.425        0.420       0.838       0.881   0.00485       
2025-05-25 05:42:04      78        0.424        0.416       0.846       0.885   0.00480       
2025-05-25 05:42:05      79        0.423        0.411       0.846       0.885   0.00475       
2025-05-25 05:42:07      80        0.423        0.415       0.846       0.885   0.00471       
2025-05-25 05:42:08      81        0.423        0.417       0.856       0.892   0.00466       
2025-05-25 05:42:10      82        0.422        0.413       0.856       0.892   0.00461       
2025-05-25 05:42:11      83        0.422        0.413       0.854       0.890   0.00457       
2025-05-25 05:42:13      84        0.421        0.414       0.854       0.890   0.00452       
2025-05-25 05:42:14      85        0.421        0.416       0.859       0.894   0.00448       
2025-05-25 05:42:16      86        0.421        0.416       0.851       0.889   0.00443       
2025-05-25 05:42:18      87        0.421        0.418       0.849       0.887   0.00439       
2025-05-25 05:42:19      88        0.420        0.413       0.859       0.894   0.00434       
2025-05-25 05:42:21      89        0.420        0.411       0.856       0.891   0.00430       
2025-05-25 05:42:22      90        0.421        0.423       0.844       0.884   0.00426       
2025-05-25 05:42:23      91        0.419        0.413       0.859       0.894   0.00421       
2025-05-25 05:42:24      92        0.419        0.414       0.846       0.885   0.00417       
2025-05-25 05:42:26      93        0.419        0.418       0.851       0.888   0.00413       
2025-05-25 05:42:27      94        0.419        0.404       0.851       0.887   0.00409      *
2025-05-25 05:42:29      95        0.419        0.409       0.859       0.892   0.00405       
2025-05-25 05:42:30      96        0.417        0.407       0.856       0.892   0.00401       
2025-05-25 05:42:31      97        0.417        0.409       0.856       0.892   0.00397       
2025-05-25 05:42:32      98        0.417        0.409       0.856       0.892   0.00393       
2025-05-25 05:42:34      99        0.417        0.401       0.851       0.887   0.00389      *
2025-05-25 05:42:35     100        0.417        0.409       0.849       0.887   0.00385       
2025-05-25 05:42:37     101        0.417        0.409       0.856       0.892   0.00381       
2025-05-25 05:42:38     102        0.416        0.411       0.856       0.892   0.00377       
2025-05-25 05:42:39     103        0.416        0.405       0.859       0.894   0.00373       
2025-05-25 05:42:40     104        0.416        0.411       0.856       0.892   0.00370       
2025-05-25 05:42:42     105        0.416        0.405       0.854       0.890   0.00366       
2025-05-25 05:42:43     106        0.415        0.401       0.856       0.891   0.00362       
2025-05-25 05:42:44     107        0.415        0.408       0.856       0.892   0.00359       
2025-05-25 05:42:46     108        0.415        0.413       0.854       0.891   0.00355       
2025-05-25 05:42:47     109        0.414        0.406       0.859       0.894   0.00352       
2025-05-25 05:42:48     110        0.415        0.401       0.854       0.889   0.00348       
2025-05-25 05:42:50     111        0.415        0.414       0.854       0.891   0.00345       
2025-05-25 05:42:51     112        0.414        0.410       0.856       0.892   0.00341       
2025-05-25 05:42:52     113        0.415        0.415       0.856       0.892   0.00338       
2025-05-25 05:42:54     114        0.414        0.410       0.854       0.890   0.00334       
2025-05-25 05:42:55     115        0.414        0.411       0.856       0.892   0.00331       
2025-05-25 05:42:56     116        0.413        0.407       0.859       0.894   0.00328       
2025-05-25 05:42:58     117        0.413        0.405       0.851       0.887   0.00324       
2025-05-25 05:42:59     118        0.413        0.405       0.856       0.892   0.00321       
2025-05-25 05:43:00     119        0.414        0.415       0.849       0.888   0.00318       
2025-05-25 05:43:00   --- Training ended ---
2025-05-25 05:43:00   Number of model parameters: 1537
2025-05-25 05:43:00   Training time: 0:02:53
2025-05-25 05:43:00   Best epoch: 99
2025-05-25 05:43:00   Best valid loss: 0.401
2025-05-25 05:43:00   Best valid accuracy (macro): 0.851
2025-05-25 05:43:00   Best F1 score: 0.887
