2025-05-25 02:59:29   --- Preprocessing base data ---
2025-05-25 02:59:29   Tokenizing real alignments...
2025-05-25 02:59:29   Removing sequences with ambiguous tokens...
2025-05-25 02:59:29   0/20290 sequences have been removed from 0/1497 alignements due to ambiguous sites.
2025-05-25 02:59:29   Tokenizing simulated alignments...
2025-05-25 02:59:30   Removing sequences with ambiguous tokens...
2025-05-25 02:59:30   0/17109 sequences have been removed from 0/2413 alignements due to ambiguous sites.
2025-05-25 02:59:30   Checking alignments...
2025-05-25 02:59:30   30 renamed keys in simulated aligns.
2025-05-25 02:59:30   Creating labels...
2025-05-25 02:59:30   Merging aligns and labels...
2025-05-25 02:59:30   Total number of alignments: 3910
2025-05-25 02:59:30   --- Start running LogisticRegressionClassifier ---
2025-05-25 02:59:30   --- End running LogisticRegressionClassifier ---
2025-05-25 02:59:30   --- Start running DenseMsaClassifier ---
2025-05-25 03:00:00   --- End running DenseMsaClassifier ---
2025-05-25 03:00:00   --- Start running DenseSiteClassifier ---
2025-05-25 03:00:32   --- End running DenseSiteClassifier ---
2025-05-25 03:00:32   --- Start running AACnnClassifier ---
2025-05-25 03:02:13   --- End running AACnnClassifier ---
