2025-05-25 03:16:22   --- Preprocessing base data ---
2025-05-25 03:16:22   Tokenizing real alignments...
2025-05-25 03:16:22   Removing sequences with ambiguous tokens...
2025-05-25 03:16:22   0/20290 sequences have been removed from 0/1497 alignements due to ambiguous sites.
2025-05-25 03:16:22   Tokenizing simulated alignments...
2025-05-25 03:16:23   Removing sequences with ambiguous tokens...
2025-05-25 03:16:23   0/17109 sequences have been removed from 0/2413 alignements due to ambiguous sites.
2025-05-25 03:16:23   Checking alignments...
2025-05-25 03:16:23   30 renamed keys in simulated aligns.
2025-05-25 03:16:23   Creating labels...
2025-05-25 03:16:23   Merging aligns and labels...
2025-05-25 03:16:23   Total number of alignments: 3910
2025-05-25 03:16:23   --- Start running LogisticRegressionClassifier ---
2025-05-25 03:16:24   --- End running LogisticRegressionClassifier ---
2025-05-25 03:16:24   --- Start running DenseMsaClassifier ---
2025-05-25 03:16:50   --- End running DenseMsaClassifier ---
2025-05-25 03:16:50   --- Start running DenseSiteClassifier ---
2025-05-25 03:17:24   --- End running DenseSiteClassifier ---
2025-05-25 03:17:24   --- Start running AACnnClassifier ---
2025-05-25 03:22:04   --- End running AACnnClassifier ---
