2025-05-25 04:42:26   --- Hyperparameters ---
2025-05-25 04:42:26   model = DenseSiteNet(
2025-05-25 04:42:26     (dense_layer1): Sequential(
2025-05-25 04:42:26       (0): Linear(in_features=106722, out_features=100, bias=True)
2025-05-25 04:42:26       (1): ReLU()
2025-05-25 04:42:26       (2): Dropout(p=0.2, inplace=False)
2025-05-25 04:42:26     )
2025-05-25 04:42:26     (dense_layer2): Linear(in_features=100, out_features=1, bias=True)
2025-05-25 04:42:26   )
2025-05-25 04:42:26   split_proportion = 0.9
2025-05-25 04:42:26   batch_pad_sequences = False
2025-05-25 04:42:26   learning_rate = 0.01
2025-05-25 04:42:26   batch_size = 64
2025-05-25 04:42:26   max_epochs = 500
2025-05-25 04:42:26   early_stopping_patience = 20
2025-05-25 04:42:26   --- Creating loaders ---
2025-05-25 04:42:26   --- nvidia-smi output ---
2025-05-25 04:42:26   nvidia-smi cannot be run: Command 'nvidia-smi' returned non-zero exit status 18.
2025-05-25 04:42:26   --- Training start ---
2025-05-25 04:42:26   Start training using cuda device.
2025-05-25 04:42:26   Number of model parameters: 10672401.
2025-05-25 04:42:26   Epoch   Train loss   Valid loss   Valid acc    F1-score        Lr   Best
2025-05-25 04:42:26   ------------------------------------------------------------------------
2025-05-25 04:42:27       1        0.686        0.685       0.372       0.000   0.00000      *
2025-05-25 04:42:29       2        0.245        0.422       0.821       0.858   0.00250      *
2025-05-25 04:42:30       3        0.124        0.579       0.795       0.839   0.00500       
2025-05-25 04:42:32       4        0.076        0.718       0.749       0.793   0.00750       
2025-05-25 04:42:33       5        0.069        0.762       0.767       0.805   0.01000       
2025-05-25 04:42:34       6        0.021        0.953       0.767       0.812   0.00990       
2025-05-25 04:42:35       7        0.012        1.054       0.779       0.819   0.00980       
2025-05-25 04:42:37       8        0.007        1.047       0.792       0.831   0.00970       
2025-05-25 04:42:38       9        0.003        1.756       0.777       0.825   0.00961       
2025-05-25 04:42:39      10        0.005        1.835       0.769       0.826   0.00951       
2025-05-25 04:42:40      11        0.003        1.540       0.754       0.797   0.00941       
2025-05-25 04:42:41      12        0.003        1.627       0.769       0.823   0.00932       
2025-05-25 04:42:43      13        0.011        1.948       0.774       0.831   0.00923       
2025-05-25 04:42:44      14        0.008        1.575       0.779       0.825   0.00914       
2025-05-25 04:42:45      15        0.012        1.543       0.772       0.813   0.00904       
2025-05-25 04:42:46      16        0.005        1.463       0.792       0.840   0.00895       
2025-05-25 04:42:47      17        0.002        1.494       0.785       0.831   0.00886       
2025-05-25 04:42:48      18        0.001        1.623       0.805       0.845   0.00878       
2025-05-25 04:42:50      19        0.001        1.866       0.795       0.841   0.00869       
2025-05-25 04:42:51      20        0.000        2.009       0.805       0.847   0.00860       
2025-05-25 04:42:52      21        0.000        1.920       0.810       0.851   0.00851       
2025-05-25 04:42:53      22        0.000        1.876       0.808       0.850   0.00843       
2025-05-25 04:42:53   --- Training ended ---
2025-05-25 04:42:53   Number of model parameters: 10672401
2025-05-25 04:42:53   Training time: 0:00:27
2025-05-25 04:42:53   Best epoch: 2
2025-05-25 04:42:53   Best valid loss: 0.422
2025-05-25 04:42:53   Best valid accuracy (macro): 0.821
2025-05-25 04:42:53   Best F1 score: 0.858
