2025-05-25 03:30:58   --- Preprocessing base data ---
2025-05-25 03:30:58   Tokenizing real alignments...
2025-05-25 03:30:59   Removing sequences with ambiguous tokens...
2025-05-25 03:30:59   0/20290 sequences have been removed from 0/1497 alignements due to ambiguous sites.
2025-05-25 03:30:59   Tokenizing simulated alignments...
2025-05-25 03:31:00   Removing sequences with ambiguous tokens...
2025-05-25 03:31:00   0/17109 sequences have been removed from 0/2413 alignements due to ambiguous sites.
2025-05-25 03:31:00   Checking alignments...
2025-05-25 03:31:00   30 renamed keys in simulated aligns.
2025-05-25 03:31:00   Creating labels...
2025-05-25 03:31:00   Merging aligns and labels...
2025-05-25 03:31:00   Total number of alignments: 3910
2025-05-25 03:31:00   --- Start running LogisticRegressionClassifier ---
2025-05-25 03:31:00   --- End running LogisticRegressionClassifier ---
2025-05-25 03:31:00   --- Start running DenseMsaClassifier ---
2025-05-25 03:31:58   --- End running DenseMsaClassifier ---
2025-05-25 03:31:58   --- Start running DenseSiteClassifier ---
2025-05-25 03:32:30   --- End running DenseSiteClassifier ---
2025-05-25 03:32:30   --- Start running AACnnClassifier ---
2025-05-25 03:37:55   --- End running AACnnClassifier ---
