2025-05-25 04:13:16   --- Hyperparameters ---
2025-05-25 04:13:16   model = AAConvNet(
2025-05-25 04:13:16     (conv_layer): Sequential(
2025-05-25 04:13:16       (0): Conv1d(22, 64, kernel_size=(1,), stride=(1,))
2025-05-25 04:13:16       (1): ReLU()
2025-05-25 04:13:16       (2): AvgPool1d(kernel_size=(4851,), stride=(4851,), padding=(0,))
2025-05-25 04:13:16       (3): Dropout(p=0.2, inplace=False)
2025-05-25 04:13:16     )
2025-05-25 04:13:16     (dense_layer): Linear(in_features=64, out_features=1, bias=True)
2025-05-25 04:13:16   )
2025-05-25 04:13:16   split_proportion = 0.9
2025-05-25 04:13:16   batch_pad_sequences = False
2025-05-25 04:13:16   learning_rate = 0.01
2025-05-25 04:13:16   batch_size = 64
2025-05-25 04:13:16   max_epochs = 500
2025-05-25 04:13:16   early_stopping_patience = 20
2025-05-25 04:13:16   --- Creating loaders ---
2025-05-25 04:13:17   --- nvidia-smi output ---
2025-05-25 04:13:17   nvidia-smi cannot be run: Command 'nvidia-smi' returned non-zero exit status 18.
2025-05-25 04:13:17   --- Training start ---
2025-05-25 04:13:17   Start training using cuda device.
2025-05-25 04:13:17   Number of model parameters: 1537.
2025-05-25 04:13:17   Epoch   Train loss   Valid loss   Valid acc    F1-score        Lr   Best
2025-05-25 04:13:17   ------------------------------------------------------------------------
2025-05-25 04:13:20       1        0.719        0.721       0.372       0.000   0.00000      *
2025-05-25 04:13:22       2        0.666        0.661       0.628       0.772   0.00250      *
2025-05-25 04:13:23       3        0.665        0.661       0.369       0.000   0.00500       
2025-05-25 04:13:25       4        0.664        0.659       0.372       0.024   0.00750      *
2025-05-25 04:13:26       5        0.661        0.657       0.369       0.000   0.01000      *
2025-05-25 04:13:29       6        0.654        0.649       0.392       0.078   0.00990      *
2025-05-25 04:13:30       7        0.648        0.641       0.603       0.722   0.00980      *
2025-05-25 04:13:32       8        0.632        0.626       0.631       0.753   0.00970      *
2025-05-25 04:13:33       9        0.621        0.614       0.636       0.774   0.00961      *
2025-05-25 04:13:35      10        0.609        0.604       0.649       0.780   0.00951      *
2025-05-25 04:13:36      11        0.600        0.596       0.710       0.812   0.00941      *
2025-05-25 04:13:38      12        0.587        0.582       0.682       0.797   0.00932      *
2025-05-25 04:13:39      13        0.577        0.572       0.715       0.815   0.00923      *
2025-05-25 04:13:40      14        0.567        0.568       0.726       0.818   0.00914      *
2025-05-25 04:13:42      15        0.561        0.552       0.779       0.841   0.00904      *
2025-05-25 04:13:43      16        0.549        0.540       0.741       0.826   0.00895      *
2025-05-25 04:13:44      17        0.547        0.537       0.808       0.855   0.00886      *
2025-05-25 04:13:46      18        0.535        0.526       0.769       0.838   0.00878      *
2025-05-25 04:13:47      19        0.529        0.521       0.769       0.840   0.00869      *
2025-05-25 04:13:48      20        0.523        0.515       0.767       0.837   0.00860      *
2025-05-25 04:13:49      21        0.518        0.506       0.779       0.841   0.00851      *
2025-05-25 04:13:51      22        0.513        0.500       0.782       0.842   0.00843      *
2025-05-25 04:13:52      23        0.509        0.500       0.772       0.837   0.00835       
2025-05-25 04:13:53      24        0.504        0.489       0.795       0.850   0.00826      *
2025-05-25 04:13:54      25        0.505        0.506       0.774       0.842   0.00818       
2025-05-25 04:13:56      26        0.497        0.482       0.800       0.852   0.00810      *
2025-05-25 04:13:57      27        0.497        0.494       0.772       0.838   0.00802       
2025-05-25 04:13:58      28        0.491        0.475       0.803       0.853   0.00794      *
2025-05-25 04:14:00      29        0.488        0.472       0.805       0.854   0.00786      *
2025-05-25 04:14:01      30        0.485        0.473       0.795       0.850   0.00778       
2025-05-25 04:14:02      31        0.484        0.462       0.808       0.856   0.00770      *
2025-05-25 04:14:04      32        0.481        0.463       0.803       0.855   0.00762       
2025-05-25 04:14:05      33        0.479        0.468       0.795       0.851   0.00755       
2025-05-25 04:14:06      34        0.476        0.465       0.803       0.855   0.00747       
2025-05-25 04:14:08      35        0.474        0.457       0.821       0.865   0.00740      *
2025-05-25 04:14:09      36        0.472        0.460       0.797       0.852   0.00732       
2025-05-25 04:14:10      37        0.470        0.459       0.800       0.853   0.00725       
2025-05-25 04:14:11      38        0.467        0.454       0.818       0.864   0.00718      *
2025-05-25 04:14:13      39        0.466        0.453       0.813       0.860   0.00711      *
2025-05-25 04:14:14      40        0.465        0.444       0.818       0.861   0.00703      *
2025-05-25 04:14:15      41        0.462        0.446       0.818       0.863   0.00696       
2025-05-25 04:14:17      42        0.461        0.440       0.818       0.864   0.00689      *
2025-05-25 04:14:18      43        0.460        0.442       0.823       0.865   0.00683       
2025-05-25 04:14:19      44        0.459        0.449       0.790       0.846   0.00676       
2025-05-25 04:14:20      45        0.459        0.436       0.821       0.861   0.00669      *
2025-05-25 04:14:22      46        0.456        0.434       0.828       0.869   0.00662      *
2025-05-25 04:14:23      47        0.455        0.435       0.821       0.865   0.00656       
2025-05-25 04:14:24      48        0.454        0.437       0.815       0.862   0.00649       
2025-05-25 04:14:25      49        0.453        0.440       0.810       0.859   0.00643       
2025-05-25 04:14:27      50        0.453        0.443       0.800       0.852   0.00636       
2025-05-25 04:14:28      51        0.452        0.436       0.823       0.864   0.00630       
2025-05-25 04:14:30      52        0.450        0.435       0.821       0.864   0.00624       
2025-05-25 04:14:31      53        0.454        0.423       0.826       0.863   0.00617      *
2025-05-25 04:14:33      54        0.449        0.429       0.826       0.867   0.00611       
2025-05-25 04:14:34      55        0.448        0.427       0.823       0.866   0.00605       
2025-05-25 04:14:36      56        0.447        0.434       0.815       0.862   0.00599       
2025-05-25 04:14:37      57        0.446        0.430       0.821       0.865   0.00593       
2025-05-25 04:14:39      58        0.447        0.436       0.805       0.856   0.00587       
2025-05-25 04:14:40      59        0.445        0.424       0.828       0.869   0.00581       
2025-05-25 04:14:42      60        0.446        0.437       0.808       0.857   0.00575       
2025-05-25 04:14:43      61        0.444        0.429       0.818       0.862   0.00570       
2025-05-25 04:14:44      62        0.443        0.431       0.821       0.865   0.00564       
2025-05-25 04:14:46      63        0.443        0.432       0.818       0.863   0.00558       
2025-05-25 04:14:47      64        0.442        0.422       0.831       0.870   0.00553      *
2025-05-25 04:14:48      65        0.442        0.432       0.810       0.859   0.00547       
2025-05-25 04:14:50      66        0.441        0.425       0.826       0.869   0.00542       
2025-05-25 04:14:51      67        0.440        0.421       0.833       0.872   0.00536      *
2025-05-25 04:14:52      68        0.440        0.421       0.836       0.874   0.00531       
2025-05-25 04:14:54      69        0.441        0.427       0.803       0.854   0.00526       
2025-05-25 04:14:55      70        0.439        0.419       0.833       0.872   0.00520      *
2025-05-25 04:14:57      71        0.438        0.419       0.831       0.870   0.00515      *
2025-05-25 04:14:58      72        0.440        0.434       0.810       0.859   0.00510       
2025-05-25 04:14:59      73        0.437        0.424       0.826       0.867   0.00505       
2025-05-25 04:15:00      74        0.437        0.419       0.831       0.871   0.00500       
2025-05-25 04:15:02      75        0.436        0.418       0.831       0.871   0.00495      *
2025-05-25 04:15:03      76        0.436        0.419       0.833       0.873   0.00490       
2025-05-25 04:15:05      77        0.437        0.430       0.813       0.861   0.00485       
2025-05-25 04:15:06      78        0.435        0.414       0.828       0.867   0.00480      *
2025-05-25 04:15:07      79        0.436        0.431       0.815       0.862   0.00475       
2025-05-25 04:15:09      80        0.434        0.415       0.826       0.865   0.00471       
2025-05-25 04:15:10      81        0.434        0.421       0.831       0.871   0.00466       
2025-05-25 04:15:11      82        0.433        0.418       0.831       0.871   0.00461       
2025-05-25 04:15:12      83        0.433        0.414       0.831       0.871   0.00457      *
2025-05-25 04:15:14      84        0.433        0.413       0.833       0.873   0.00452      *
2025-05-25 04:15:15      85        0.433        0.407       0.831       0.870   0.00448      *
2025-05-25 04:15:16      86        0.432        0.417       0.833       0.874   0.00443       
2025-05-25 04:15:17      87        0.432        0.412       0.831       0.871   0.00439       
2025-05-25 04:15:18      88        0.432        0.414       0.833       0.873   0.00434       
2025-05-25 04:15:20      89        0.432        0.421       0.828       0.870   0.00430       
2025-05-25 04:15:21      90        0.431        0.410       0.828       0.868   0.00426       
2025-05-25 04:15:22      91        0.431        0.417       0.833       0.873   0.00421       
2025-05-25 04:15:23      92        0.431        0.416       0.831       0.871   0.00417       
2025-05-25 04:15:24      93        0.430        0.412       0.833       0.872   0.00413       
2025-05-25 04:15:26      94        0.431        0.419       0.831       0.872   0.00409       
2025-05-25 04:15:27      95        0.429        0.413       0.836       0.874   0.00405       
2025-05-25 04:15:28      96        0.429        0.414       0.831       0.871   0.00401       
2025-05-25 04:15:30      97        0.429        0.416       0.836       0.875   0.00397       
2025-05-25 04:15:31      98        0.429        0.409       0.831       0.870   0.00393       
2025-05-25 04:15:33      99        0.428        0.412       0.833       0.872   0.00389       
2025-05-25 04:15:34     100        0.428        0.413       0.833       0.872   0.00385       
2025-05-25 04:15:35     101        0.428        0.412       0.833       0.872   0.00381       
2025-05-25 04:15:37     102        0.429        0.418       0.831       0.872   0.00377       
2025-05-25 04:15:38     103        0.429        0.419       0.828       0.870   0.00373       
2025-05-25 04:15:40     104        0.428        0.407       0.831       0.870   0.00370       
2025-05-25 04:15:41     105        0.427        0.408       0.833       0.872   0.00366       
2025-05-25 04:15:41   --- Training ended ---
2025-05-25 04:15:41   Number of model parameters: 1537
2025-05-25 04:15:41   Training time: 0:02:24
2025-05-25 04:15:41   Best epoch: 85
2025-05-25 04:15:41   Best valid loss: 0.407
2025-05-25 04:15:41   Best valid accuracy (macro): 0.831
2025-05-25 04:15:41   Best F1 score: 0.870
