2025-05-25 05:06:01   --- Hyperparameters ---
2025-05-25 05:06:01   model = DenseMsaNet(
2025-05-25 05:06:01     (dense_layer1): Sequential(
2025-05-25 05:06:01       (0): Linear(in_features=22, out_features=100, bias=True)
2025-05-25 05:06:01       (1): ReLU()
2025-05-25 05:06:01       (2): Dropout(p=0.2, inplace=False)
2025-05-25 05:06:01     )
2025-05-25 05:06:01     (dense_layer2): Linear(in_features=100, out_features=1, bias=True)
2025-05-25 05:06:01   )
2025-05-25 05:06:01   split_proportion = 0.9
2025-05-25 05:06:01   batch_pad_sequences = False
2025-05-25 05:06:01   learning_rate = 0.01
2025-05-25 05:06:01   batch_size = 64
2025-05-25 05:06:01   max_epochs = 500
2025-05-25 05:06:01   early_stopping_patience = 20
2025-05-25 05:06:01   --- Creating loaders ---
2025-05-25 05:06:02   --- nvidia-smi output ---
2025-05-25 05:06:02   nvidia-smi cannot be run: Command 'nvidia-smi' returned non-zero exit status 18.
2025-05-25 05:06:02   --- Training start ---
2025-05-25 05:06:02   Start training using cuda device.
2025-05-25 05:06:02   Number of model parameters: 2401.
2025-05-25 05:06:02   Epoch   Train loss   Valid loss   Valid acc    F1-score        Lr   Best
2025-05-25 05:06:02   ------------------------------------------------------------------------
2025-05-25 05:06:03       1        0.685        0.685       0.372       0.000   0.00000      *
2025-05-25 05:06:03       2        0.655        0.648       0.726       0.752   0.00250      *
2025-05-25 05:06:04       3        0.591        0.575       0.644       0.778   0.00500      *
2025-05-25 05:06:04       4        0.500        0.466       0.800       0.852   0.00750      *
2025-05-25 05:06:05       5        0.475        0.439       0.795       0.848   0.01000      *
2025-05-25 05:06:05       6        0.470        0.432       0.800       0.849   0.00990      *
2025-05-25 05:06:05       7        0.478        0.449       0.795       0.851   0.00980       
2025-05-25 05:06:06       8        0.469        0.431       0.808       0.853   0.00970      *
2025-05-25 05:06:06       9        0.467        0.435       0.803       0.851   0.00961       
2025-05-25 05:06:06      10        0.467        0.432       0.805       0.852   0.00951       
2025-05-25 05:06:07      11        0.470        0.432       0.821       0.859   0.00941       
2025-05-25 05:06:07      12        0.466        0.436       0.805       0.854   0.00932       
2025-05-25 05:06:07      13        0.464        0.431       0.805       0.852   0.00923       
2025-05-25 05:06:08      14        0.464        0.434       0.803       0.852   0.00914       
2025-05-25 05:06:08      15        0.461        0.428       0.821       0.862   0.00904      *
2025-05-25 05:06:08      16        0.458        0.425       0.815       0.859   0.00895      *
2025-05-25 05:06:09      17        0.458        0.430       0.808       0.855   0.00886       
2025-05-25 05:06:09      18        0.455        0.428       0.826       0.866   0.00878       
2025-05-25 05:06:09      19        0.460        0.421       0.821       0.859   0.00869      *
2025-05-25 05:06:10      20        0.453        0.422       0.828       0.867   0.00860       
2025-05-25 05:06:10      21        0.452        0.427       0.803       0.853   0.00851       
2025-05-25 05:06:10      22        0.461        0.431       0.813       0.850   0.00843       
2025-05-25 05:06:10      23        0.447        0.420       0.826       0.866   0.00835      *
2025-05-25 05:06:11      24        0.443        0.419       0.821       0.861   0.00826      *
2025-05-25 05:06:11      25        0.442        0.419       0.823       0.864   0.00818       
2025-05-25 05:06:12      26        0.459        0.426       0.813       0.847   0.00810       
2025-05-25 05:06:12      27        0.439        0.413       0.818       0.858   0.00802      *
2025-05-25 05:06:12      28        0.438        0.417       0.810       0.858   0.00794       
2025-05-25 05:06:13      29        0.439        0.418       0.823       0.861   0.00786       
2025-05-25 05:06:13      30        0.446        0.432       0.792       0.850   0.00778       
2025-05-25 05:06:14      31        0.433        0.409       0.821       0.862   0.00770      *
2025-05-25 05:06:14      32        0.433        0.414       0.815       0.860   0.00762       
2025-05-25 05:06:14      33        0.430        0.411       0.823       0.863   0.00755       
2025-05-25 05:06:15      34        0.428        0.410       0.826       0.865   0.00747       
2025-05-25 05:06:15      35        0.430        0.417       0.813       0.859   0.00740       
2025-05-25 05:06:15      36        0.430        0.410       0.828       0.865   0.00732       
2025-05-25 05:06:16      37        0.433        0.419       0.808       0.859   0.00725       
2025-05-25 05:06:16      38        0.426        0.411       0.826       0.864   0.00718       
2025-05-25 05:06:16      39        0.427        0.414       0.815       0.863   0.00711       
2025-05-25 05:06:17      40        0.426        0.412       0.815       0.862   0.00703       
2025-05-25 05:06:17      41        0.432        0.412       0.826       0.859   0.00696       
2025-05-25 05:06:18      42        0.423        0.409       0.821       0.861   0.00689       
2025-05-25 05:06:18      43        0.421        0.410       0.823       0.864   0.00683       
2025-05-25 05:06:18      44        0.419        0.408       0.828       0.868   0.00676      *
2025-05-25 05:06:19      45        0.421        0.409       0.833       0.868   0.00669       
2025-05-25 05:06:19      46        0.422        0.414       0.810       0.859   0.00662       
2025-05-25 05:06:19      47        0.421        0.405       0.823       0.861   0.00656      *
2025-05-25 05:06:20      48        0.418        0.410       0.826       0.863   0.00649       
2025-05-25 05:06:20      49        0.418        0.409       0.823       0.867   0.00643       
2025-05-25 05:06:20      50        0.415        0.410       0.828       0.866   0.00636       
2025-05-25 05:06:21      51        0.416        0.411       0.821       0.864   0.00630       
2025-05-25 05:06:21      52        0.414        0.408       0.833       0.870   0.00624       
2025-05-25 05:06:22      53        0.413        0.405       0.826       0.865   0.00617       
2025-05-25 05:06:22      54        0.412        0.406       0.831       0.867   0.00611       
2025-05-25 05:06:22      55        0.413        0.407       0.823       0.867   0.00605       
2025-05-25 05:06:23      56        0.410        0.407       0.831       0.868   0.00599       
2025-05-25 05:06:23      57        0.412        0.405       0.826       0.864   0.00593       
2025-05-25 05:06:23      58        0.411        0.410       0.828       0.867   0.00587       
2025-05-25 05:06:24      59        0.410        0.403       0.823       0.862   0.00581      *
2025-05-25 05:06:24      60        0.411        0.399       0.831       0.869   0.00575      *
2025-05-25 05:06:24      61        0.409        0.401       0.838       0.872   0.00570       
2025-05-25 05:06:24      62        0.407        0.400       0.836       0.871   0.00564       
2025-05-25 05:06:25      63        0.405        0.402       0.833       0.869   0.00558       
2025-05-25 05:06:25      64        0.405        0.404       0.828       0.865   0.00553       
2025-05-25 05:06:26      65        0.404        0.407       0.831       0.867   0.00547       
2025-05-25 05:06:26      66        0.403        0.405       0.833       0.871   0.00542       
2025-05-25 05:06:27      67        0.403        0.404       0.831       0.870   0.00536       
2025-05-25 05:06:27      68        0.403        0.405       0.841       0.874   0.00531       
2025-05-25 05:06:27      69        0.410        0.405       0.836       0.867   0.00526       
2025-05-25 05:06:28      70        0.411        0.416       0.813       0.861   0.00520       
2025-05-25 05:06:28      71        0.402        0.404       0.838       0.872   0.00515       
2025-05-25 05:06:28      72        0.400        0.404       0.828       0.866   0.00510       
2025-05-25 05:06:28      73        0.401        0.409       0.833       0.872   0.00505       
2025-05-25 05:06:29      74        0.401        0.410       0.808       0.855   0.00500       
2025-05-25 05:06:29      75        0.401        0.404       0.836       0.869   0.00495       
2025-05-25 05:06:29      76        0.397        0.400       0.836       0.871   0.00490       
2025-05-25 05:06:29      77        0.401        0.413       0.810       0.857   0.00485       
2025-05-25 05:06:30      78        0.397        0.400       0.836       0.873   0.00480       
2025-05-25 05:06:30      79        0.397        0.407       0.823       0.865   0.00475       
2025-05-25 05:06:30      80        0.397        0.402       0.838       0.872   0.00471       
2025-05-25 05:06:30   --- Training ended ---
2025-05-25 05:06:30   Number of model parameters: 2401
2025-05-25 05:06:30   Training time: 0:00:29
2025-05-25 05:06:30   Best epoch: 60
2025-05-25 05:06:30   Best valid loss: 0.399
2025-05-25 05:06:30   Best valid accuracy (macro): 0.831
2025-05-25 05:06:30   Best F1 score: 0.869
