2025-05-25 04:12:47   --- Hyperparameters ---
2025-05-25 04:12:47   model = DenseSiteNet(
2025-05-25 04:12:47     (dense_layer1): Sequential(
2025-05-25 04:12:47       (0): Linear(in_features=106722, out_features=100, bias=True)
2025-05-25 04:12:47       (1): ReLU()
2025-05-25 04:12:47       (2): Dropout(p=0.2, inplace=False)
2025-05-25 04:12:47     )
2025-05-25 04:12:47     (dense_layer2): Linear(in_features=100, out_features=1, bias=True)
2025-05-25 04:12:47   )
2025-05-25 04:12:47   split_proportion = 0.9
2025-05-25 04:12:47   batch_pad_sequences = False
2025-05-25 04:12:47   learning_rate = 0.01
2025-05-25 04:12:47   batch_size = 64
2025-05-25 04:12:47   max_epochs = 500
2025-05-25 04:12:47   early_stopping_patience = 20
2025-05-25 04:12:47   --- Creating loaders ---
2025-05-25 04:12:47   --- nvidia-smi output ---
2025-05-25 04:12:47   nvidia-smi cannot be run: Command 'nvidia-smi' returned non-zero exit status 18.
2025-05-25 04:12:47   --- Training start ---
2025-05-25 04:12:47   Start training using cuda device.
2025-05-25 04:12:47   Number of model parameters: 10672401.
2025-05-25 04:12:47   Epoch   Train loss   Valid loss   Valid acc    F1-score        Lr   Best
2025-05-25 04:12:47   ------------------------------------------------------------------------
2025-05-25 04:12:49       1        0.683        0.682       0.372       0.000   0.00000      *
2025-05-25 04:12:51       2        0.191        0.382       0.841       0.879   0.00250      *
2025-05-25 04:12:52       3        0.109        0.439       0.851       0.888   0.00500       
2025-05-25 04:12:53       4        0.070        0.654       0.823       0.868   0.00750       
2025-05-25 04:12:54       5        0.053        0.562       0.859       0.889   0.01000       
2025-05-25 04:12:55       6        0.032        0.684       0.851       0.884   0.00990       
2025-05-25 04:12:56       7        0.017        0.651       0.856       0.884   0.00980       
2025-05-25 04:12:58       8        0.007        0.760       0.864       0.892   0.00970       
2025-05-25 04:12:59       9        0.005        0.832       0.844       0.872   0.00961       
2025-05-25 04:13:00      10        0.003        0.875       0.844       0.880   0.00951       
2025-05-25 04:13:01      11        0.003        1.106       0.844       0.881   0.00941       
2025-05-25 04:13:03      12        0.001        0.940       0.846       0.880   0.00932       
2025-05-25 04:13:04      13        0.001        0.971       0.844       0.878   0.00923       
2025-05-25 04:13:05      14        0.000        1.044       0.849       0.882   0.00914       
2025-05-25 04:13:06      15        0.000        1.038       0.846       0.880   0.00904       
2025-05-25 04:13:08      16        0.000        1.011       0.862       0.890   0.00895       
2025-05-25 04:13:09      17        0.000        1.009       0.854       0.884   0.00886       
2025-05-25 04:13:10      18        0.000        1.025       0.846       0.880   0.00878       
2025-05-25 04:13:11      19        0.000        1.026       0.849       0.881   0.00869       
2025-05-25 04:13:13      20        0.000        1.051       0.846       0.880   0.00860       
2025-05-25 04:13:14      21        0.000        1.050       0.846       0.880   0.00851       
2025-05-25 04:13:15      22        0.000        1.043       0.849       0.881   0.00843       
2025-05-25 04:13:15   --- Training ended ---
2025-05-25 04:13:15   Number of model parameters: 10672401
2025-05-25 04:13:15   Training time: 0:00:28
2025-05-25 04:13:15   Best epoch: 2
2025-05-25 04:13:15   Best valid loss: 0.382
2025-05-25 04:13:15   Best valid accuracy (macro): 0.841
2025-05-25 04:13:15   Best F1 score: 0.879
