2025-05-24 20:40:48   --- Hyperparameters ---
2025-05-24 20:40:48   model = DenseMsaNet(
2025-05-24 20:40:48     (dense_layer1): Sequential(
2025-05-24 20:40:48       (0): Linear(in_features=22, out_features=100, bias=True)
2025-05-24 20:40:48       (1): ReLU()
2025-05-24 20:40:48       (2): Dropout(p=0.2, inplace=False)
2025-05-24 20:40:48     )
2025-05-24 20:40:48     (dense_layer2): Linear(in_features=100, out_features=1, bias=True)
2025-05-24 20:40:48   )
2025-05-24 20:40:48   split_proportion = 0.9
2025-05-24 20:40:48   batch_pad_sequences = False
2025-05-24 20:40:48   learning_rate = 0.01
2025-05-24 20:40:48   batch_size = 64
2025-05-24 20:40:48   max_epochs = 500
2025-05-24 20:40:48   early_stopping_patience = 20
2025-05-24 20:40:48   --- Creating loaders ---
2025-05-24 20:40:48   --- nvidia-smi output ---
2025-05-24 20:40:48   nvidia-smi cannot be run: Command 'nvidia-smi' returned non-zero exit status 18.
2025-05-24 20:40:48   --- Training start ---
2025-05-24 20:40:48   Start training using cuda device.
2025-05-24 20:40:48   Number of model parameters: 2401.
2025-05-24 20:40:48   Epoch   Train loss   Valid loss   Valid acc    F1-score        Lr   Best
2025-05-24 20:40:48   ------------------------------------------------------------------------
2025-05-24 20:40:50       1        0.706        0.707       0.372       0.000   0.00000      *
2025-05-24 20:40:50       2        0.654        0.647       0.779       0.837   0.00250      *
2025-05-24 20:40:51       3        0.572        0.558       0.733       0.818   0.00500      *
2025-05-24 20:40:51       4        0.484        0.451       0.785       0.842   0.00750      *
2025-05-24 20:40:51       5        0.459        0.419       0.813       0.855   0.01000      *
2025-05-24 20:40:52       6        0.455        0.419       0.810       0.857   0.00990      *
2025-05-24 20:40:52       7        0.453        0.420       0.805       0.854   0.00980       
2025-05-24 20:40:52       8        0.449        0.409       0.818       0.859   0.00970      *
2025-05-24 20:40:53       9        0.449        0.411       0.815       0.859   0.00961       
2025-05-24 20:40:53      10        0.451        0.415       0.805       0.854   0.00951       
2025-05-24 20:40:53      11        0.450        0.417       0.810       0.859   0.00941       
2025-05-24 20:40:54      12        0.445        0.407       0.828       0.866   0.00932      *
2025-05-24 20:40:54      13        0.444        0.406       0.821       0.859   0.00923      *
2025-05-24 20:40:55      14        0.441        0.403       0.821       0.860   0.00914      *
2025-05-24 20:40:55      15        0.446        0.411       0.821       0.858   0.00904       
2025-05-24 20:40:56      16        0.449        0.418       0.808       0.859   0.00895       
2025-05-24 20:40:56      17        0.438        0.399       0.821       0.859   0.00886      *
2025-05-24 20:40:57      18        0.439        0.407       0.821       0.863   0.00878       
2025-05-24 20:40:57      19        0.436        0.401       0.821       0.859   0.00869       
2025-05-24 20:40:58      20        0.478        0.434       0.797       0.826   0.00860       
2025-05-24 20:40:58      21        0.435        0.394       0.831       0.867   0.00851      *
2025-05-24 20:40:59      22        0.433        0.399       0.831       0.867   0.00843       
2025-05-24 20:40:59      23        0.442        0.414       0.805       0.857   0.00835       
2025-05-24 20:40:59      24        0.433        0.395       0.831       0.866   0.00826       
2025-05-24 20:41:00      25        0.442        0.403       0.836       0.865   0.00818       
2025-05-24 20:41:00      26        0.428        0.393       0.833       0.871   0.00810      *
2025-05-24 20:41:01      27        0.428        0.395       0.826       0.863   0.00802       
2025-05-24 20:41:01      28        0.427        0.399       0.823       0.862   0.00794       
2025-05-24 20:41:01      29        0.425        0.395       0.815       0.858   0.00786       
2025-05-24 20:41:01      30        0.425        0.397       0.818       0.863   0.00778       
2025-05-24 20:41:02      31        0.427        0.397       0.833       0.867   0.00770       
2025-05-24 20:41:02      32        0.424        0.395       0.831       0.867   0.00762       
2025-05-24 20:41:02      33        0.423        0.399       0.821       0.861   0.00755       
2025-05-24 20:41:03      34        0.426        0.397       0.833       0.867   0.00747       
2025-05-24 20:41:03      35        0.421        0.397       0.818       0.860   0.00740       
2025-05-24 20:41:03      36        0.421        0.395       0.821       0.864   0.00732       
2025-05-24 20:41:04      37        0.420        0.395       0.828       0.864   0.00725       
2025-05-24 20:41:04      38        0.419        0.392       0.826       0.864   0.00718      *
2025-05-24 20:41:04      39        0.417        0.392       0.821       0.860   0.00711       
2025-05-24 20:41:05      40        0.430        0.400       0.826       0.858   0.00703       
2025-05-24 20:41:05      41        0.417        0.396       0.821       0.861   0.00696       
2025-05-24 20:41:06      42        0.416        0.395       0.810       0.856   0.00689       
2025-05-24 20:41:06      43        0.418        0.394       0.828       0.862   0.00683       
2025-05-24 20:41:07      44        0.414        0.389       0.823       0.861   0.00676      *
2025-05-24 20:41:07      45        0.414        0.400       0.813       0.857   0.00669       
2025-05-24 20:41:07      46        0.412        0.392       0.823       0.861   0.00662       
2025-05-24 20:41:08      47        0.411        0.395       0.818       0.860   0.00656       
2025-05-24 20:41:08      48        0.411        0.395       0.828       0.866   0.00649       
2025-05-24 20:41:08      49        0.410        0.393       0.821       0.858   0.00643       
2025-05-24 20:41:09      50        0.410        0.391       0.838       0.872   0.00636       
2025-05-24 20:41:09      51        0.409        0.392       0.813       0.857   0.00630       
2025-05-24 20:41:09      52        0.411        0.400       0.815       0.859   0.00624       
2025-05-24 20:41:10      53        0.408        0.392       0.823       0.861   0.00617       
2025-05-24 20:41:10      54        0.407        0.394       0.818       0.858   0.00611       
2025-05-24 20:41:10      55        0.406        0.391       0.823       0.863   0.00605       
2025-05-24 20:41:11      56        0.407        0.393       0.813       0.857   0.00599       
2025-05-24 20:41:11      57        0.408        0.397       0.813       0.859   0.00593       
2025-05-24 20:41:11      58        0.411        0.392       0.831       0.863   0.00587       
2025-05-24 20:41:12      59        0.412        0.399       0.813       0.861   0.00581       
2025-05-24 20:41:12      60        0.405        0.391       0.821       0.863   0.00575       
2025-05-24 20:41:13      61        0.406        0.392       0.833       0.867   0.00570       
2025-05-24 20:41:13      62        0.404        0.394       0.810       0.856   0.00564       
2025-05-24 20:41:13      63        0.418        0.412       0.808       0.860   0.00558       
2025-05-24 20:41:14      64        0.402        0.390       0.823       0.862   0.00553       
2025-05-24 20:41:14   --- Training ended ---
2025-05-24 20:41:14   Number of model parameters: 2401
2025-05-24 20:41:14   Training time: 0:00:25
2025-05-24 20:41:14   Best epoch: 44
2025-05-24 20:41:14   Best valid loss: 0.389
2025-05-24 20:41:14   Best valid accuracy (macro): 0.823
2025-05-24 20:41:14   Best F1 score: 0.861
