2025-05-25 04:11:59   --- Preprocessing base data ---
2025-05-25 04:11:59   Tokenizing real alignments...
2025-05-25 04:11:59   Removing sequences with ambiguous tokens...
2025-05-25 04:11:59   0/20290 sequences have been removed from 0/1497 alignements due to ambiguous sites.
2025-05-25 04:11:59   Tokenizing simulated alignments...
2025-05-25 04:12:00   Removing sequences with ambiguous tokens...
2025-05-25 04:12:00   0/17109 sequences have been removed from 0/2413 alignements due to ambiguous sites.
2025-05-25 04:12:00   Checking alignments...
2025-05-25 04:12:00   30 renamed keys in simulated aligns.
2025-05-25 04:12:00   Creating labels...
2025-05-25 04:12:00   Merging aligns and labels...
2025-05-25 04:12:00   Total number of alignments: 3910
2025-05-25 04:12:00   --- Start running LogisticRegressionClassifier ---
2025-05-25 04:12:01   --- End running LogisticRegressionClassifier ---
2025-05-25 04:12:01   --- Start running DenseMsaClassifier ---
2025-05-25 04:12:45   --- End running DenseMsaClassifier ---
2025-05-25 04:12:45   --- Start running DenseSiteClassifier ---
2025-05-25 04:13:15   --- End running DenseSiteClassifier ---
2025-05-25 04:13:15   --- Start running AACnnClassifier ---
2025-05-25 04:15:41   --- End running AACnnClassifier ---
