2025-05-25 03:03:55   --- Preprocessing base data ---
2025-05-25 03:03:55   Tokenizing real alignments...
2025-05-25 03:03:55   Removing sequences with ambiguous tokens...
2025-05-25 03:03:55   0/20290 sequences have been removed from 0/1497 alignements due to ambiguous sites.
2025-05-25 03:03:55   Tokenizing simulated alignments...
2025-05-25 03:03:56   Removing sequences with ambiguous tokens...
2025-05-25 03:03:56   0/17109 sequences have been removed from 0/2413 alignements due to ambiguous sites.
2025-05-25 03:03:56   Checking alignments...
2025-05-25 03:03:56   30 renamed keys in simulated aligns.
2025-05-25 03:03:56   Creating labels...
2025-05-25 03:03:56   Merging aligns and labels...
2025-05-25 03:03:56   Total number of alignments: 3910
2025-05-25 03:03:56   --- Start running LogisticRegressionClassifier ---
2025-05-25 03:03:56   --- End running LogisticRegressionClassifier ---
2025-05-25 03:03:56   --- Start running DenseMsaClassifier ---
2025-05-25 03:04:23   --- End running DenseMsaClassifier ---
2025-05-25 03:04:23   --- Start running DenseSiteClassifier ---
2025-05-25 03:04:56   --- End running DenseSiteClassifier ---
2025-05-25 03:04:56   --- Start running AACnnClassifier ---
2025-05-25 03:08:17   --- End running AACnnClassifier ---
