2025-05-25 03:17:25   --- Hyperparameters ---
2025-05-25 03:17:25   model = AAConvNet(
2025-05-25 03:17:25     (conv_layer): Sequential(
2025-05-25 03:17:25       (0): Conv1d(22, 64, kernel_size=(1,), stride=(1,))
2025-05-25 03:17:25       (1): ReLU()
2025-05-25 03:17:25       (2): AvgPool1d(kernel_size=(4851,), stride=(4851,), padding=(0,))
2025-05-25 03:17:25       (3): Dropout(p=0.2, inplace=False)
2025-05-25 03:17:25     )
2025-05-25 03:17:25     (dense_layer): Linear(in_features=64, out_features=1, bias=True)
2025-05-25 03:17:25   )
2025-05-25 03:17:25   split_proportion = 0.9
2025-05-25 03:17:25   batch_pad_sequences = False
2025-05-25 03:17:25   learning_rate = 0.01
2025-05-25 03:17:25   batch_size = 64
2025-05-25 03:17:25   max_epochs = 500
2025-05-25 03:17:25   early_stopping_patience = 20
2025-05-25 03:17:25   --- Creating loaders ---
2025-05-25 03:17:25   --- nvidia-smi output ---
2025-05-25 03:17:26   nvidia-smi cannot be run: Command 'nvidia-smi' returned non-zero exit status 18.
2025-05-25 03:17:26   --- Training start ---
2025-05-25 03:17:26   Start training using cuda device.
2025-05-25 03:17:26   Number of model parameters: 1537.
2025-05-25 03:17:26   Epoch   Train loss   Valid loss   Valid acc    F1-score        Lr   Best
2025-05-25 03:17:26   ------------------------------------------------------------------------
2025-05-25 03:17:28       1        0.694        0.694       0.367       0.000   0.00000      *
2025-05-25 03:17:29       2        0.666        0.660       0.628       0.772   0.00250      *
2025-05-25 03:17:31       3        0.665        0.659       0.628       0.772   0.00500      *
2025-05-25 03:17:32       4        0.662        0.655       0.382       0.032   0.00750      *
2025-05-25 03:17:34       5        0.656        0.647       0.464       0.440   0.01000      *
2025-05-25 03:17:36       6        0.648        0.638       0.667       0.789   0.00990      *
2025-05-25 03:17:37       7        0.634        0.625       0.710       0.789   0.00980      *
2025-05-25 03:17:39       8        0.624        0.613       0.662       0.783   0.00970      *
2025-05-25 03:17:41       9        0.608        0.595       0.674       0.790   0.00961      *
2025-05-25 03:17:42      10        0.597        0.588       0.682       0.795   0.00951      *
2025-05-25 03:17:44      11        0.587        0.578       0.690       0.797   0.00941      *
2025-05-25 03:17:45      12        0.581        0.570       0.669       0.790   0.00932      *
2025-05-25 03:17:47      13        0.568        0.552       0.744       0.826   0.00923      *
2025-05-25 03:17:48      14        0.559        0.542       0.741       0.824   0.00914      *
2025-05-25 03:17:50      15        0.552        0.534       0.777       0.844   0.00904      *
2025-05-25 03:17:51      16        0.547        0.534       0.713       0.810   0.00895      *
2025-05-25 03:17:53      17        0.540        0.523       0.792       0.850   0.00886      *
2025-05-25 03:17:54      18        0.534        0.517       0.782       0.846   0.00878      *
2025-05-25 03:17:56      19        0.530        0.514       0.774       0.843   0.00869      *
2025-05-25 03:17:57      20        0.526        0.502       0.797       0.852   0.00860      *
2025-05-25 03:17:59      21        0.520        0.499       0.785       0.849   0.00851      *
2025-05-25 03:18:00      22        0.519        0.500       0.767       0.839   0.00843       
2025-05-25 03:18:02      23        0.529        0.512       0.708       0.809   0.00835       
2025-05-25 03:18:03      24        0.510        0.491       0.790       0.850   0.00826      *
2025-05-25 03:18:05      25        0.507        0.484       0.813       0.861   0.00818      *
2025-05-25 03:18:06      26        0.506        0.487       0.782       0.847   0.00810       
2025-05-25 03:18:08      27        0.502        0.473       0.815       0.864   0.00802      *
2025-05-25 03:18:09      28        0.499        0.468       0.818       0.866   0.00794      *
2025-05-25 03:18:11      29        0.497        0.473       0.805       0.859   0.00786       
2025-05-25 03:18:13      30        0.495        0.466       0.810       0.862   0.00778      *
2025-05-25 03:18:14      31        0.493        0.467       0.810       0.862   0.00770       
2025-05-25 03:18:16      32        0.491        0.465       0.815       0.865   0.00762      *
2025-05-25 03:18:17      33        0.491        0.465       0.790       0.850   0.00755      *
2025-05-25 03:18:19      34        0.490        0.471       0.795       0.853   0.00747       
2025-05-25 03:18:20      35        0.487        0.464       0.813       0.864   0.00740      *
2025-05-25 03:18:22      36        0.484        0.453       0.823       0.870   0.00732      *
2025-05-25 03:18:26      37        0.483        0.451       0.831       0.875   0.00725      *
2025-05-25 03:18:28      38        0.482        0.447       0.831       0.874   0.00718      *
2025-05-25 03:18:29      39        0.480        0.445       0.831       0.875   0.00711      *
2025-05-25 03:18:31      40        0.482        0.460       0.808       0.861   0.00703       
2025-05-25 03:18:33      41        0.478        0.443       0.831       0.874   0.00696      *
2025-05-25 03:18:34      42        0.478        0.447       0.823       0.870   0.00689       
2025-05-25 03:18:36      43        0.476        0.444       0.826       0.870   0.00683       
2025-05-25 03:18:37      44        0.475        0.441       0.831       0.874   0.00676      *
2025-05-25 03:18:39      45        0.474        0.442       0.828       0.872   0.00669       
2025-05-25 03:18:40      46        0.474        0.447       0.823       0.871   0.00662       
2025-05-25 03:18:42      47        0.472        0.440       0.828       0.872   0.00656      *
2025-05-25 03:18:43      48        0.472        0.444       0.826       0.872   0.00649       
2025-05-25 03:18:45      49        0.471        0.432       0.836       0.876   0.00643      *
2025-05-25 03:18:47      50        0.471        0.429       0.838       0.878   0.00636      *
2025-05-25 03:18:48      51        0.469        0.434       0.828       0.872   0.00630       
2025-05-25 03:18:50      52        0.468        0.436       0.826       0.871   0.00624       
2025-05-25 03:18:51      53        0.468        0.439       0.828       0.872   0.00617       
2025-05-25 03:18:53      54        0.467        0.437       0.828       0.872   0.00611       
2025-05-25 03:18:54      55        0.467        0.441       0.826       0.872   0.00605       
2025-05-25 03:18:56      56        0.466        0.431       0.833       0.875   0.00599       
2025-05-25 03:18:57      57        0.465        0.435       0.826       0.871   0.00593       
2025-05-25 03:18:59      58        0.466        0.442       0.826       0.872   0.00587       
2025-05-25 03:19:00      59        0.464        0.436       0.828       0.872   0.00581       
2025-05-25 03:19:02      60        0.463        0.430       0.836       0.877   0.00575       
2025-05-25 03:19:03      61        0.464        0.423       0.841       0.880   0.00570      *
2025-05-25 03:19:05      62        0.463        0.422       0.844       0.882   0.00564      *
2025-05-25 03:19:06      63        0.462        0.429       0.828       0.872   0.00558       
2025-05-25 03:19:08      64        0.461        0.420       0.838       0.879   0.00553      *
2025-05-25 03:19:09      65        0.461        0.424       0.833       0.875   0.00547       
2025-05-25 03:19:11      66        0.460        0.421       0.836       0.877   0.00542       
2025-05-25 03:19:13      67        0.460        0.418       0.838       0.879   0.00536      *
2025-05-25 03:19:14      68        0.459        0.421       0.838       0.879   0.00531       
2025-05-25 03:19:16      69        0.460        0.431       0.828       0.874   0.00526       
2025-05-25 03:19:17      70        0.458        0.420       0.841       0.880   0.00520       
2025-05-25 03:19:19      71        0.460        0.414       0.844       0.882   0.00515      *
2025-05-25 03:19:20      72        0.458        0.424       0.828       0.872   0.00510       
2025-05-25 03:19:22      73        0.457        0.421       0.831       0.874   0.00505       
2025-05-25 03:19:23      74        0.456        0.421       0.828       0.872   0.00500       
2025-05-25 03:19:25      75        0.456        0.419       0.833       0.875   0.00495       
2025-05-25 03:19:26      76        0.456        0.416       0.844       0.882   0.00490       
2025-05-25 03:19:28      77        0.456        0.424       0.833       0.877   0.00485       
2025-05-25 03:19:29      78        0.456        0.413       0.841       0.880   0.00480      *
2025-05-25 03:19:31      79        0.455        0.420       0.828       0.872   0.00475       
2025-05-25 03:19:32      80        0.455        0.429       0.833       0.877   0.00471       
2025-05-25 03:19:34      81        0.454        0.414       0.844       0.882   0.00466       
2025-05-25 03:19:35      82        0.454        0.426       0.833       0.877   0.00461       
2025-05-25 03:19:37      83        0.454        0.424       0.828       0.872   0.00457       
2025-05-25 03:19:39      84        0.453        0.413       0.841       0.880   0.00452      *
2025-05-25 03:19:40      85        0.453        0.426       0.833       0.876   0.00448       
2025-05-25 03:19:42      86        0.453        0.424       0.831       0.874   0.00443       
2025-05-25 03:19:43      87        0.452        0.417       0.836       0.876   0.00439       
2025-05-25 03:19:45      88        0.452        0.419       0.836       0.877   0.00434       
2025-05-25 03:19:46      89        0.452        0.423       0.833       0.876   0.00430       
2025-05-25 03:19:48      90        0.452        0.416       0.836       0.877   0.00426       
2025-05-25 03:19:49      91        0.452        0.426       0.836       0.878   0.00421       
2025-05-25 03:19:51      92        0.451        0.420       0.833       0.875   0.00417       
2025-05-25 03:19:52      93        0.451        0.418       0.836       0.877   0.00413       
2025-05-25 03:19:54      94        0.451        0.416       0.836       0.877   0.00409       
2025-05-25 03:19:56      95        0.450        0.414       0.836       0.877   0.00405       
2025-05-25 03:19:57      96        0.451        0.410       0.844       0.882   0.00401      *
2025-05-25 03:19:58      97        0.450        0.414       0.836       0.877   0.00397       
2025-05-25 03:20:00      98        0.450        0.415       0.836       0.877   0.00393       
2025-05-25 03:20:01      99        0.450        0.415       0.836       0.877   0.00389       
2025-05-25 03:20:03     100        0.449        0.414       0.836       0.877   0.00385       
2025-05-25 03:20:04     101        0.449        0.412       0.841       0.880   0.00381       
2025-05-25 03:20:06     102        0.449        0.415       0.833       0.876   0.00377       
2025-05-25 03:20:07     103        0.449        0.411       0.838       0.879   0.00373       
2025-05-25 03:20:09     104        0.449        0.415       0.836       0.877   0.00370       
2025-05-25 03:20:10     105        0.448        0.415       0.836       0.877   0.00366       
2025-05-25 03:20:12     106        0.448        0.408       0.846       0.884   0.00362      *
2025-05-25 03:20:13     107        0.448        0.417       0.831       0.874   0.00359       
2025-05-25 03:20:15     108        0.448        0.408       0.846       0.883   0.00355      *
2025-05-25 03:20:16     109        0.449        0.404       0.849       0.885   0.00352      *
2025-05-25 03:20:18     110        0.447        0.409       0.838       0.879   0.00348       
2025-05-25 03:20:19     111        0.447        0.407       0.841       0.880   0.00345       
2025-05-25 03:20:20     112        0.447        0.404       0.846       0.884   0.00341      *
2025-05-25 03:20:22     113        0.447        0.409       0.833       0.875   0.00338       
2025-05-25 03:20:23     114        0.447        0.404       0.844       0.882   0.00334       
2025-05-25 03:20:25     115        0.447        0.414       0.833       0.877   0.00331       
2025-05-25 03:20:26     116        0.448        0.424       0.833       0.877   0.00328       
2025-05-25 03:20:28     117        0.446        0.416       0.831       0.874   0.00324       
2025-05-25 03:20:29     118        0.446        0.411       0.838       0.879   0.00321       
2025-05-25 03:20:31     119        0.446        0.406       0.849       0.885   0.00318       
2025-05-25 03:20:32     120        0.445        0.409       0.841       0.880   0.00315       
2025-05-25 03:20:34     121        0.445        0.412       0.838       0.879   0.00312       
2025-05-25 03:20:35     122        0.445        0.405       0.846       0.883   0.00309       
2025-05-25 03:20:36     123        0.445        0.414       0.833       0.876   0.00305       
2025-05-25 03:20:38     124        0.445        0.408       0.844       0.881   0.00302       
2025-05-25 03:20:40     125        0.445        0.413       0.838       0.879   0.00299       
2025-05-25 03:20:41     126        0.444        0.409       0.844       0.882   0.00296       
2025-05-25 03:20:43     127        0.444        0.410       0.838       0.879   0.00293       
2025-05-25 03:20:44     128        0.444        0.409       0.838       0.879   0.00290       
2025-05-25 03:20:46     129        0.444        0.407       0.838       0.879   0.00288       
2025-05-25 03:20:47     130        0.444        0.406       0.844       0.882   0.00285       
2025-05-25 03:20:49     131        0.444        0.411       0.838       0.879   0.00282       
2025-05-25 03:20:50     132        0.444        0.403       0.846       0.883   0.00279      *
2025-05-25 03:20:52     133        0.443        0.407       0.838       0.879   0.00276       
2025-05-25 03:20:53     134        0.443        0.404       0.846       0.884   0.00273       
2025-05-25 03:20:55     135        0.443        0.402       0.849       0.885   0.00271      *
2025-05-25 03:20:56     136        0.443        0.406       0.836       0.877   0.00268       
2025-05-25 03:20:58     137        0.443        0.406       0.841       0.880   0.00265       
2025-05-25 03:20:59     138        0.443        0.402       0.846       0.883   0.00263       
2025-05-25 03:21:00     139        0.443        0.406       0.841       0.880   0.00260       
2025-05-25 03:21:02     140        0.443        0.400       0.849       0.885   0.00257      *
2025-05-25 03:21:03     141        0.442        0.405       0.841       0.880   0.00255       
2025-05-25 03:21:05     142        0.442        0.407       0.836       0.877   0.00252       
2025-05-25 03:21:06     143        0.442        0.405       0.841       0.880   0.00250       
2025-05-25 03:21:08     144        0.442        0.405       0.841       0.880   0.00247       
2025-05-25 03:21:09     145        0.442        0.407       0.838       0.879   0.00245       
2025-05-25 03:21:11     146        0.442        0.400       0.849       0.885   0.00242      *
2025-05-25 03:21:12     147        0.442        0.404       0.841       0.880   0.00240       
2025-05-25 03:21:14     148        0.442        0.410       0.841       0.881   0.00238       
2025-05-25 03:21:15     149        0.442        0.403       0.846       0.884   0.00235       
2025-05-25 03:21:16     150        0.442        0.410       0.838       0.880   0.00233       
2025-05-25 03:21:18     151        0.442        0.406       0.844       0.882   0.00231       
2025-05-25 03:21:19     152        0.441        0.403       0.844       0.882   0.00228       
2025-05-25 03:21:21     153        0.441        0.406       0.841       0.880   0.00226       
2025-05-25 03:21:22     154        0.441        0.405       0.844       0.882   0.00224       
2025-05-25 03:21:24     155        0.441        0.403       0.844       0.882   0.00221       
2025-05-25 03:21:25     156        0.441        0.402       0.844       0.882   0.00219       
2025-05-25 03:21:27     157        0.441        0.405       0.838       0.879   0.00217       
2025-05-25 03:21:28     158        0.441        0.400       0.849       0.885   0.00215      *
2025-05-25 03:21:30     159        0.441        0.402       0.844       0.882   0.00213       
2025-05-25 03:21:31     160        0.441        0.399       0.849       0.885   0.00211      *
2025-05-25 03:21:32     161        0.441        0.398       0.849       0.885   0.00208      *
2025-05-25 03:21:34     162        0.440        0.400       0.844       0.882   0.00206       
2025-05-25 03:21:35     163        0.441        0.397       0.849       0.885   0.00204      *
2025-05-25 03:21:36     164        0.441        0.405       0.838       0.880   0.00202       
2025-05-25 03:21:38     165        0.441        0.408       0.838       0.880   0.00200       
2025-05-25 03:21:39     166        0.440        0.400       0.844       0.882   0.00198       
2025-05-25 03:21:41     167        0.440        0.401       0.844       0.882   0.00196       
2025-05-25 03:21:42     168        0.440        0.400       0.844       0.882   0.00194       
2025-05-25 03:21:44     169        0.440        0.407       0.841       0.881   0.00192       
2025-05-25 03:21:45     170        0.440        0.405       0.841       0.880   0.00190       
2025-05-25 03:21:47     171        0.440        0.400       0.844       0.882   0.00189       
2025-05-25 03:21:48     172        0.440        0.402       0.844       0.882   0.00187       
2025-05-25 03:21:50     173        0.440        0.408       0.841       0.881   0.00185       
2025-05-25 03:21:51     174        0.440        0.398       0.849       0.885   0.00183       
2025-05-25 03:21:53     175        0.439        0.401       0.844       0.882   0.00181       
2025-05-25 03:21:54     176        0.439        0.401       0.844       0.882   0.00179       
2025-05-25 03:21:56     177        0.440        0.405       0.841       0.881   0.00178       
2025-05-25 03:21:57     178        0.439        0.403       0.844       0.882   0.00176       
2025-05-25 03:21:59     179        0.439        0.401       0.844       0.882   0.00174       
2025-05-25 03:22:00     180        0.439        0.403       0.844       0.882   0.00172       
2025-05-25 03:22:01     181        0.439        0.400       0.844       0.882   0.00171       
2025-05-25 03:22:03     182        0.439        0.402       0.844       0.882   0.00169       
2025-05-25 03:22:04     183        0.439        0.400       0.844       0.882   0.00167       
2025-05-25 03:22:04   --- Training ended ---
2025-05-25 03:22:04   Number of model parameters: 1537
2025-05-25 03:22:04   Training time: 0:04:39
2025-05-25 03:22:04   Best epoch: 163
2025-05-25 03:22:04   Best valid loss: 0.397
2025-05-25 03:22:04   Best valid accuracy (macro): 0.849
2025-05-25 03:22:04   Best F1 score: 0.885
