2025-05-25 05:45:04   --- Preprocessing base data ---
2025-05-25 05:45:04   Tokenizing real alignments...
2025-05-25 05:45:04   Removing sequences with ambiguous tokens...
2025-05-25 05:45:04   0/20290 sequences have been removed from 0/1497 alignements due to ambiguous sites.
2025-05-25 05:45:04   Tokenizing simulated alignments...
2025-05-25 05:45:05   Removing sequences with ambiguous tokens...
2025-05-25 05:45:05   0/17109 sequences have been removed from 0/2413 alignements due to ambiguous sites.
2025-05-25 05:45:05   Checking alignments...
2025-05-25 05:45:05   30 renamed keys in simulated aligns.
2025-05-25 05:45:05   Creating labels...
2025-05-25 05:45:05   Merging aligns and labels...
2025-05-25 05:45:05   Total number of alignments: 3910
2025-05-25 05:45:05   --- Start running LogisticRegressionClassifier ---
2025-05-25 05:45:06   --- End running LogisticRegressionClassifier ---
2025-05-25 05:45:06   --- Start running DenseMsaClassifier ---
2025-05-25 05:45:40   --- End running DenseMsaClassifier ---
2025-05-25 05:45:40   --- Start running DenseSiteClassifier ---
2025-05-25 05:46:11   --- End running DenseSiteClassifier ---
2025-05-25 05:46:11   --- Start running AACnnClassifier ---
2025-05-25 05:49:11   --- End running AACnnClassifier ---
