2025-05-25 05:05:59   --- Preprocessing base data ---
2025-05-25 05:05:59   Tokenizing real alignments...
2025-05-25 05:06:00   Removing sequences with ambiguous tokens...
2025-05-25 05:06:00   0/20290 sequences have been removed from 0/1497 alignements due to ambiguous sites.
2025-05-25 05:06:00   Tokenizing simulated alignments...
2025-05-25 05:06:00   Removing sequences with ambiguous tokens...
2025-05-25 05:06:00   0/17109 sequences have been removed from 0/2413 alignements due to ambiguous sites.
2025-05-25 05:06:00   Checking alignments...
2025-05-25 05:06:00   30 renamed keys in simulated aligns.
2025-05-25 05:06:00   Creating labels...
2025-05-25 05:06:00   Merging aligns and labels...
2025-05-25 05:06:00   Total number of alignments: 3910
2025-05-25 05:06:00   --- Start running LogisticRegressionClassifier ---
2025-05-25 05:06:01   --- End running LogisticRegressionClassifier ---
2025-05-25 05:06:01   --- Start running DenseMsaClassifier ---
2025-05-25 05:06:30   --- End running DenseMsaClassifier ---
2025-05-25 05:06:30   --- Start running DenseSiteClassifier ---
2025-05-25 05:07:01   --- End running DenseSiteClassifier ---
2025-05-25 05:07:01   --- Start running AACnnClassifier ---
2025-05-25 05:10:20   --- End running AACnnClassifier ---
