2025-05-25 04:36:06   --- Hyperparameters ---
2025-05-25 04:36:06   model = DenseMsaNet(
2025-05-25 04:36:06     (dense_layer1): Sequential(
2025-05-25 04:36:06       (0): Linear(in_features=22, out_features=100, bias=True)
2025-05-25 04:36:06       (1): ReLU()
2025-05-25 04:36:06       (2): Dropout(p=0.2, inplace=False)
2025-05-25 04:36:06     )
2025-05-25 04:36:06     (dense_layer2): Linear(in_features=100, out_features=1, bias=True)
2025-05-25 04:36:06   )
2025-05-25 04:36:06   split_proportion = 0.9
2025-05-25 04:36:06   batch_pad_sequences = False
2025-05-25 04:36:06   learning_rate = 0.01
2025-05-25 04:36:06   batch_size = 64
2025-05-25 04:36:06   max_epochs = 500
2025-05-25 04:36:06   early_stopping_patience = 20
2025-05-25 04:36:06   --- Creating loaders ---
2025-05-25 04:36:06   --- nvidia-smi output ---
2025-05-25 04:36:06   nvidia-smi cannot be run: Command 'nvidia-smi' returned non-zero exit status 18.
2025-05-25 04:36:06   --- Training start ---
2025-05-25 04:36:06   Start training using cuda device.
2025-05-25 04:36:06   Number of model parameters: 2401.
2025-05-25 04:36:06   Epoch   Train loss   Valid loss   Valid acc    F1-score        Lr   Best
2025-05-25 04:36:06   ------------------------------------------------------------------------
2025-05-25 04:36:08       1        0.683        0.682       0.372       0.000   0.00000      *
2025-05-25 04:36:08       2        0.648        0.641       0.756       0.820   0.00250      *
2025-05-25 04:36:08       3        0.557        0.551       0.754       0.822   0.00500      *
2025-05-25 04:36:09       4        0.504        0.499       0.754       0.826   0.00750      *
2025-05-25 04:36:09       5        0.500        0.518       0.708       0.740   0.01000       
2025-05-25 04:36:10       6        0.471        0.483       0.756       0.812   0.00990      *
2025-05-25 04:36:10       7        0.469        0.485       0.749       0.801   0.00980       
2025-05-25 04:36:10       8        0.472        0.486       0.754       0.812   0.00970       
2025-05-25 04:36:11       9        0.469        0.485       0.754       0.809   0.00961       
2025-05-25 04:36:11      10        0.468        0.484       0.751       0.804   0.00951       
2025-05-25 04:36:11      11        0.466        0.486       0.744       0.797   0.00941       
2025-05-25 04:36:12      12        0.470        0.484       0.756       0.814   0.00932       
2025-05-25 04:36:12      13        0.466        0.483       0.762       0.814   0.00923      *
2025-05-25 04:36:13      14        0.463        0.484       0.751       0.800   0.00914       
2025-05-25 04:36:13      15        0.466        0.492       0.741       0.784   0.00904       
2025-05-25 04:36:13      16        0.464        0.481       0.762       0.818   0.00895      *
2025-05-25 04:36:14      17        0.461        0.481       0.759       0.812   0.00886      *
2025-05-25 04:36:14      18        0.464        0.486       0.741       0.786   0.00878       
2025-05-25 04:36:14      19        0.463        0.488       0.744       0.786   0.00869       
2025-05-25 04:36:15      20        0.457        0.477       0.756       0.812   0.00860      *
2025-05-25 04:36:15      21        0.457        0.476       0.769       0.823   0.00851      *
2025-05-25 04:36:16      22        0.452        0.477       0.746       0.795   0.00843       
2025-05-25 04:36:16      23        0.457        0.484       0.746       0.790   0.00835       
2025-05-25 04:36:16      24        0.453        0.473       0.777       0.827   0.00826      *
2025-05-25 04:36:17      25        0.457        0.488       0.749       0.787   0.00818       
2025-05-25 04:36:17      26        0.462        0.476       0.764       0.826   0.00810       
2025-05-25 04:36:17      27        0.449        0.471       0.738       0.792   0.00802      *
2025-05-25 04:36:18      28        0.447        0.471       0.756       0.804   0.00794       
2025-05-25 04:36:18      29        0.467        0.480       0.764       0.832   0.00786       
2025-05-25 04:36:19      30        0.445        0.466       0.769       0.819   0.00778      *
2025-05-25 04:36:19      31        0.448        0.468       0.772       0.824   0.00770       
2025-05-25 04:36:19      32        0.446        0.473       0.754       0.799   0.00762       
2025-05-25 04:36:20      33        0.445        0.473       0.754       0.798   0.00755       
2025-05-25 04:36:20      34        0.442        0.466       0.769       0.819   0.00747      *
2025-05-25 04:36:21      35        0.452        0.488       0.744       0.784   0.00740       
2025-05-25 04:36:21      36        0.439        0.468       0.759       0.807   0.00732       
2025-05-25 04:36:21      37        0.451        0.486       0.746       0.782   0.00725       
2025-05-25 04:36:22      38        0.438        0.463       0.762       0.810   0.00718      *
2025-05-25 04:36:22      39        0.437        0.465       0.767       0.814   0.00711       
2025-05-25 04:36:22      40        0.437        0.462       0.774       0.823   0.00703      *
2025-05-25 04:36:23      41        0.438        0.464       0.772       0.822   0.00696       
2025-05-25 04:36:23      42        0.434        0.463       0.767       0.814   0.00689       
2025-05-25 04:36:23      43        0.435        0.459       0.769       0.819   0.00683      *
2025-05-25 04:36:24      44        0.438        0.459       0.767       0.819   0.00676      *
2025-05-25 04:36:24      45        0.432        0.460       0.782       0.829   0.00669       
2025-05-25 04:36:25      46        0.435        0.471       0.764       0.808   0.00662       
2025-05-25 04:36:25      47        0.430        0.460       0.769       0.818   0.00656       
2025-05-25 04:36:25      48        0.433        0.465       0.764       0.808   0.00649       
2025-05-25 04:36:26      49        0.432        0.457       0.772       0.823   0.00643      *
2025-05-25 04:36:26      50        0.432        0.458       0.769       0.823   0.00636       
2025-05-25 04:36:26      51        0.431        0.467       0.769       0.810   0.00630       
2025-05-25 04:36:27      52        0.428        0.455       0.762       0.811   0.00624      *
2025-05-25 04:36:27      53        0.432        0.461       0.787       0.839   0.00617       
2025-05-25 04:36:27      54        0.429        0.456       0.762       0.815   0.00611       
2025-05-25 04:36:28      55        0.425        0.454       0.764       0.815   0.00605      *
2025-05-25 04:36:28      56        0.425        0.457       0.785       0.833   0.00599       
2025-05-25 04:36:28      57        0.423        0.458       0.764       0.810   0.00593       
2025-05-25 04:36:29      58        0.422        0.460       0.769       0.814   0.00587       
2025-05-25 04:36:29      59        0.425        0.466       0.767       0.808   0.00581       
2025-05-25 04:36:30      60        0.423        0.458       0.779       0.829   0.00575       
2025-05-25 04:36:30      61        0.421        0.457       0.779       0.828   0.00570       
2025-05-25 04:36:30      62        0.422        0.456       0.772       0.824   0.00564       
2025-05-25 04:36:31      63        0.419        0.454       0.762       0.810   0.00558      *
2025-05-25 04:36:31      64        0.419        0.456       0.774       0.817   0.00553       
2025-05-25 04:36:31      65        0.422        0.453       0.782       0.833   0.00547      *
2025-05-25 04:36:32      66        0.419        0.458       0.782       0.822   0.00542       
2025-05-25 04:36:32      67        0.418        0.454       0.774       0.819   0.00536       
2025-05-25 04:36:33      68        0.422        0.453       0.772       0.829   0.00531      *
2025-05-25 04:36:33      69        0.416        0.454       0.777       0.826   0.00526       
2025-05-25 04:36:33      70        0.417        0.456       0.777       0.819   0.00520       
2025-05-25 04:36:34      71        0.415        0.450       0.779       0.829   0.00515      *
2025-05-25 04:36:34      72        0.414        0.457       0.777       0.820   0.00510       
2025-05-25 04:36:34      73        0.413        0.452       0.767       0.815   0.00505       
2025-05-25 04:36:35      74        0.417        0.452       0.782       0.834   0.00500       
2025-05-25 04:36:35      75        0.413        0.452       0.767       0.818   0.00495       
2025-05-25 04:36:35      76        0.413        0.453       0.777       0.828   0.00490       
2025-05-25 04:36:35      77        0.419        0.465       0.774       0.810   0.00485       
2025-05-25 04:36:36      78        0.411        0.451       0.777       0.823   0.00480       
2025-05-25 04:36:36      79        0.413        0.455       0.782       0.823   0.00475       
2025-05-25 04:36:36      80        0.415        0.451       0.779       0.833   0.00471       
2025-05-25 04:36:37      81        0.409        0.450       0.772       0.822   0.00466      *
2025-05-25 04:36:37      82        0.414        0.464       0.772       0.811   0.00461       
2025-05-25 04:36:38      83        0.413        0.448       0.777       0.830   0.00457      *
2025-05-25 04:36:38      84        0.412        0.451       0.774       0.828   0.00452       
2025-05-25 04:36:38      85        0.409        0.454       0.782       0.823   0.00448       
2025-05-25 04:36:39      86        0.412        0.451       0.782       0.834   0.00443       
2025-05-25 04:36:39      87        0.407        0.449       0.785       0.833   0.00439       
2025-05-25 04:36:39      88        0.409        0.456       0.779       0.820   0.00434       
2025-05-25 04:36:40      89        0.406        0.448       0.774       0.823   0.00430      *
2025-05-25 04:36:40      90        0.406        0.450       0.779       0.828   0.00426       
2025-05-25 04:36:40      91        0.406        0.455       0.785       0.824   0.00421       
2025-05-25 04:36:41      92        0.407        0.455       0.777       0.818   0.00417       
2025-05-25 04:36:41      93        0.406        0.454       0.785       0.826   0.00413       
2025-05-25 04:36:42      94        0.403        0.449       0.772       0.820   0.00409       
2025-05-25 04:36:42      95        0.411        0.462       0.779       0.814   0.00405       
2025-05-25 04:36:42      96        0.407        0.456       0.779       0.818   0.00401       
2025-05-25 04:36:43      97        0.403        0.450       0.777       0.826   0.00397       
2025-05-25 04:36:43      98        0.404        0.456       0.787       0.824   0.00393       
2025-05-25 04:36:43      99        0.400        0.448       0.782       0.828   0.00389      *
2025-05-25 04:36:44     100        0.402        0.448       0.787       0.832   0.00385       
2025-05-25 04:36:44     101        0.403        0.445       0.772       0.824   0.00381      *
2025-05-25 04:36:44     102        0.402        0.451       0.792       0.834   0.00377       
2025-05-25 04:36:44     103        0.401        0.448       0.790       0.835   0.00373       
2025-05-25 04:36:45     104        0.399        0.448       0.782       0.828   0.00370       
2025-05-25 04:36:45     105        0.399        0.449       0.774       0.821   0.00366       
2025-05-25 04:36:45     106        0.398        0.446       0.782       0.828   0.00362       
2025-05-25 04:36:45     107        0.398        0.449       0.774       0.819   0.00359       
2025-05-25 04:36:46     108        0.400        0.446       0.777       0.827   0.00355       
2025-05-25 04:36:46     109        0.399        0.445       0.777       0.828   0.00352      *
2025-05-25 04:36:46     110        0.404        0.461       0.769       0.803   0.00348       
2025-05-25 04:36:46     111        0.399        0.451       0.787       0.825   0.00345       
2025-05-25 04:36:47     112        0.404        0.448       0.787       0.840   0.00341       
2025-05-25 04:36:47     113        0.397        0.446       0.772       0.818   0.00338       
2025-05-25 04:36:47     114        0.401        0.455       0.792       0.829   0.00334       
2025-05-25 04:36:47     115        0.399        0.445       0.779       0.833   0.00331       
2025-05-25 04:36:48     116        0.396        0.449       0.779       0.821   0.00328       
2025-05-25 04:36:48     117        0.395        0.446       0.779       0.827   0.00324       
2025-05-25 04:36:48     118        0.400        0.445       0.782       0.835   0.00321       
2025-05-25 04:36:48     119        0.395        0.444       0.774       0.821   0.00318      *
2025-05-25 04:36:49     120        0.399        0.453       0.792       0.829   0.00315       
2025-05-25 04:36:49     121        0.401        0.447       0.777       0.831   0.00312       
2025-05-25 04:36:49     122        0.394        0.445       0.777       0.821   0.00309       
2025-05-25 04:36:50     123        0.393        0.448       0.777       0.821   0.00305       
2025-05-25 04:36:50     124        0.395        0.444       0.787       0.837   0.00302       
2025-05-25 04:36:50     125        0.394        0.443       0.779       0.831   0.00299      *
2025-05-25 04:36:50     126        0.392        0.448       0.774       0.819   0.00296       
2025-05-25 04:36:51     127        0.394        0.445       0.782       0.833   0.00293       
2025-05-25 04:36:51     128        0.397        0.447       0.769       0.824   0.00290       
2025-05-25 04:36:51     129        0.393        0.446       0.779       0.822   0.00288       
2025-05-25 04:36:52     130        0.391        0.441       0.782       0.830   0.00285      *
2025-05-25 04:36:52     131        0.392        0.444       0.785       0.833   0.00282       
2025-05-25 04:36:52     132        0.393        0.450       0.797       0.834   0.00279       
2025-05-25 04:36:52     133        0.391        0.446       0.787       0.827   0.00276       
2025-05-25 04:36:53     134        0.391        0.442       0.779       0.829   0.00273       
2025-05-25 04:36:53     135        0.397        0.445       0.782       0.836   0.00271       
2025-05-25 04:36:53     136        0.390        0.446       0.782       0.824   0.00268       
2025-05-25 04:36:54     137        0.389        0.442       0.782       0.830   0.00265       
2025-05-25 04:36:54     138        0.390        0.447       0.795       0.833   0.00263       
2025-05-25 04:36:54     139        0.389        0.447       0.782       0.824   0.00260       
2025-05-25 04:36:55     140        0.390        0.441       0.774       0.825   0.00257      *
2025-05-25 04:36:55     141        0.390        0.444       0.777       0.828   0.00255       
2025-05-25 04:36:55     142        0.389        0.442       0.787       0.834   0.00252       
2025-05-25 04:36:56     143        0.393        0.444       0.787       0.838   0.00250       
2025-05-25 04:36:56     144        0.388        0.443       0.774       0.823   0.00247       
2025-05-25 04:36:56     145        0.389        0.445       0.792       0.830   0.00245       
2025-05-25 04:36:57     146        0.390        0.450       0.795       0.831   0.00242       
2025-05-25 04:36:57     147        0.387        0.443       0.777       0.826   0.00240       
2025-05-25 04:36:58     148        0.387        0.440       0.782       0.828   0.00238      *
2025-05-25 04:36:58     149        0.389        0.446       0.795       0.832   0.00235       
2025-05-25 04:36:59     150        0.386        0.442       0.790       0.833   0.00233       
2025-05-25 04:36:59     151        0.386        0.442       0.782       0.828   0.00231       
2025-05-25 04:36:59     152        0.386        0.442       0.779       0.824   0.00228       
2025-05-25 04:37:00     153        0.386        0.441       0.774       0.823   0.00226       
2025-05-25 04:37:00     154        0.385        0.445       0.782       0.824   0.00224       
2025-05-25 04:37:00     155        0.385        0.441       0.790       0.831   0.00221       
2025-05-25 04:37:01     156        0.385        0.441       0.785       0.831   0.00219       
2025-05-25 04:37:01     157        0.385        0.440       0.785       0.832   0.00217      *
2025-05-25 04:37:02     158        0.385        0.440       0.785       0.831   0.00215       
2025-05-25 04:37:02     159        0.392        0.455       0.808       0.839   0.00213       
2025-05-25 04:37:02     160        0.385        0.442       0.777       0.824   0.00211       
2025-05-25 04:37:03     161        0.383        0.442       0.785       0.829   0.00208       
2025-05-25 04:37:03     162        0.385        0.439       0.779       0.829   0.00206      *
2025-05-25 04:37:03     163        0.384        0.445       0.787       0.830   0.00204       
2025-05-25 04:37:04     164        0.384        0.441       0.774       0.825   0.00202       
2025-05-25 04:37:04     165        0.383        0.443       0.792       0.832   0.00200       
2025-05-25 04:37:04     166        0.391        0.456       0.808       0.839   0.00198       
2025-05-25 04:37:04     167        0.385        0.441       0.774       0.826   0.00196       
2025-05-25 04:37:05     168        0.384        0.444       0.787       0.827   0.00194       
2025-05-25 04:37:05     169        0.384        0.440       0.779       0.830   0.00192       
2025-05-25 04:37:05     170        0.384        0.441       0.769       0.822   0.00190       
2025-05-25 04:37:06     171        0.383        0.446       0.792       0.832   0.00189       
2025-05-25 04:37:06     172        0.382        0.442       0.785       0.829   0.00187       
2025-05-25 04:37:06     173        0.382        0.440       0.790       0.833   0.00185       
2025-05-25 04:37:07     174        0.383        0.445       0.805       0.840   0.00183       
2025-05-25 04:37:07     175        0.381        0.442       0.797       0.838   0.00181       
2025-05-25 04:37:08     176        0.381        0.441       0.772       0.823   0.00179       
2025-05-25 04:37:08     177        0.383        0.442       0.790       0.836   0.00178       
2025-05-25 04:37:08     178        0.382        0.441       0.795       0.834   0.00176       
2025-05-25 04:37:09     179        0.381        0.440       0.792       0.835   0.00174       
2025-05-25 04:37:09     180        0.383        0.440       0.785       0.835   0.00172       
2025-05-25 04:37:09     181        0.380        0.441       0.790       0.831   0.00171       
2025-05-25 04:37:10     182        0.381        0.443       0.792       0.832   0.00169       
2025-05-25 04:37:10   --- Training ended ---
2025-05-25 04:37:10   Number of model parameters: 2401
2025-05-25 04:37:10   Training time: 0:01:04
2025-05-25 04:37:10   Best epoch: 162
2025-05-25 04:37:10   Best valid loss: 0.439
2025-05-25 04:37:10   Best valid accuracy (macro): 0.779
2025-05-25 04:37:10   Best F1 score: 0.829
