2025-05-25 04:12:01   --- Hyperparameters ---
2025-05-25 04:12:01   model = DenseMsaNet(
2025-05-25 04:12:01     (dense_layer1): Sequential(
2025-05-25 04:12:01       (0): Linear(in_features=22, out_features=100, bias=True)
2025-05-25 04:12:01       (1): ReLU()
2025-05-25 04:12:01       (2): Dropout(p=0.2, inplace=False)
2025-05-25 04:12:01     )
2025-05-25 04:12:01     (dense_layer2): Linear(in_features=100, out_features=1, bias=True)
2025-05-25 04:12:01   )
2025-05-25 04:12:01   split_proportion = 0.9
2025-05-25 04:12:01   batch_pad_sequences = False
2025-05-25 04:12:01   learning_rate = 0.01
2025-05-25 04:12:01   batch_size = 64
2025-05-25 04:12:01   max_epochs = 500
2025-05-25 04:12:01   early_stopping_patience = 20
2025-05-25 04:12:01   --- Creating loaders ---
2025-05-25 04:12:01   --- nvidia-smi output ---
2025-05-25 04:12:01   nvidia-smi cannot be run: Command 'nvidia-smi' returned non-zero exit status 18.
2025-05-25 04:12:01   --- Training start ---
2025-05-25 04:12:01   Start training using cuda device.
2025-05-25 04:12:01   Number of model parameters: 2401.
2025-05-25 04:12:01   Epoch   Train loss   Valid loss   Valid acc    F1-score        Lr   Best
2025-05-25 04:12:01   ------------------------------------------------------------------------
2025-05-25 04:12:05       1        0.700        0.701       0.372       0.000   0.00000      *
2025-05-25 04:12:05       2        0.649        0.645       0.492       0.327   0.00250      *
2025-05-25 04:12:05       3        0.553        0.549       0.746       0.824   0.00500      *
2025-05-25 04:12:06       4        0.475        0.469       0.767       0.824   0.00750      *
2025-05-25 04:12:06       5        0.476        0.472       0.769       0.835   0.01000       
2025-05-25 04:12:06       6        0.452        0.453       0.774       0.827   0.00990      *
2025-05-25 04:12:07       7        0.455        0.456       0.782       0.824   0.00980       
2025-05-25 04:12:07       8        0.456        0.458       0.782       0.838   0.00970       
2025-05-25 04:12:07       9        0.459        0.464       0.782       0.820   0.00961       
2025-05-25 04:12:07      10        0.447        0.452       0.782       0.832   0.00951      *
2025-05-25 04:12:08      11        0.452        0.457       0.792       0.833   0.00941       
2025-05-25 04:12:08      12        0.443        0.450       0.785       0.832   0.00932      *
2025-05-25 04:12:08      13        0.441        0.451       0.787       0.832   0.00923       
2025-05-25 04:12:09      14        0.439        0.450       0.790       0.833   0.00914      *
2025-05-25 04:12:09      15        0.439        0.449       0.785       0.834   0.00904      *
2025-05-25 04:12:09      16        0.435        0.447       0.787       0.835   0.00895      *
2025-05-25 04:12:10      17        0.436        0.447       0.787       0.837   0.00886      *
2025-05-25 04:12:10      18        0.433        0.448       0.790       0.833   0.00878       
2025-05-25 04:12:10      19        0.428        0.443       0.795       0.839   0.00869      *
2025-05-25 04:12:10      20        0.434        0.451       0.792       0.829   0.00860       
2025-05-25 04:12:11      21        0.434        0.451       0.803       0.840   0.00851       
2025-05-25 04:12:11      22        0.424        0.442       0.795       0.838   0.00843      *
2025-05-25 04:12:11      23        0.422        0.437       0.795       0.839   0.00835      *
2025-05-25 04:12:12      24        0.424        0.442       0.792       0.842   0.00826       
2025-05-25 04:12:12      25        0.419        0.436       0.800       0.843   0.00818      *
2025-05-25 04:12:12      26        0.420        0.437       0.797       0.845   0.00810       
2025-05-25 04:12:13      27        0.422        0.438       0.795       0.843   0.00802       
2025-05-25 04:12:13      28        0.414        0.435       0.795       0.837   0.00794      *
2025-05-25 04:12:13      29        0.421        0.438       0.792       0.844   0.00786       
2025-05-25 04:12:14      30        0.414        0.430       0.813       0.854   0.00778      *
2025-05-25 04:12:14      31        0.414        0.436       0.792       0.836   0.00770       
2025-05-25 04:12:14      32        0.421        0.448       0.805       0.837   0.00762       
2025-05-25 04:12:14      33        0.411        0.432       0.797       0.842   0.00755       
2025-05-25 04:12:15      34        0.410        0.429       0.808       0.847   0.00747      *
2025-05-25 04:12:15      35        0.407        0.431       0.795       0.838   0.00740       
2025-05-25 04:12:15      36        0.406        0.430       0.792       0.835   0.00732       
2025-05-25 04:12:16      37        0.409        0.434       0.805       0.842   0.00725       
2025-05-25 04:12:16      38        0.407        0.428       0.800       0.847   0.00718      *
2025-05-25 04:12:16      39        0.407        0.431       0.800       0.840   0.00711       
2025-05-25 04:12:17      40        0.407        0.432       0.803       0.837   0.00703       
2025-05-25 04:12:17      41        0.404        0.427       0.803       0.848   0.00696      *
2025-05-25 04:12:17      42        0.404        0.429       0.797       0.834   0.00689       
2025-05-25 04:12:18      43        0.401        0.426       0.803       0.840   0.00683      *
2025-05-25 04:12:18      44        0.398        0.424       0.808       0.847   0.00676      *
2025-05-25 04:12:18      45        0.398        0.427       0.810       0.850   0.00669       
2025-05-25 04:12:19      46        0.399        0.423       0.805       0.849   0.00662      *
2025-05-25 04:12:19      47        0.399        0.429       0.797       0.840   0.00656       
2025-05-25 04:12:19      48        0.404        0.431       0.787       0.838   0.00649       
2025-05-25 04:12:19      49        0.400        0.424       0.795       0.844   0.00643       
2025-05-25 04:12:20      50        0.395        0.421       0.797       0.839   0.00636      *
2025-05-25 04:12:20      51        0.394        0.418       0.810       0.850   0.00630      *
2025-05-25 04:12:20      52        0.396        0.423       0.787       0.834   0.00624       
2025-05-25 04:12:20      53        0.396        0.425       0.790       0.837   0.00617       
2025-05-25 04:12:21      54        0.394        0.419       0.805       0.850   0.00611       
2025-05-25 04:12:21      55        0.390        0.418       0.797       0.840   0.00605      *
2025-05-25 04:12:21      56        0.389        0.419       0.805       0.844   0.00599       
2025-05-25 04:12:21      57        0.391        0.419       0.797       0.843   0.00593       
2025-05-25 04:12:22      58        0.390        0.422       0.805       0.848   0.00587       
2025-05-25 04:12:22      59        0.390        0.419       0.795       0.841   0.00581       
2025-05-25 04:12:22      60        0.392        0.421       0.792       0.841   0.00575       
2025-05-25 04:12:23      61        0.387        0.419       0.792       0.836   0.00570       
2025-05-25 04:12:23      62        0.389        0.420       0.792       0.841   0.00564       
2025-05-25 04:12:23      63        0.389        0.417       0.795       0.843   0.00558      *
2025-05-25 04:12:24      64        0.386        0.418       0.792       0.833   0.00553       
2025-05-25 04:12:24      65        0.388        0.420       0.797       0.842   0.00547       
2025-05-25 04:12:24      66        0.384        0.416       0.797       0.840   0.00542      *
2025-05-25 04:12:25      67        0.383        0.415       0.795       0.838   0.00536      *
2025-05-25 04:12:25      68        0.384        0.422       0.813       0.849   0.00531       
2025-05-25 04:12:25      69        0.411        0.438       0.782       0.839   0.00526       
2025-05-25 04:12:25      70        0.382        0.419       0.800       0.842   0.00520       
2025-05-25 04:12:26      71        0.392        0.421       0.792       0.843   0.00515       
2025-05-25 04:12:26      72        0.381        0.414       0.800       0.841   0.00510      *
2025-05-25 04:12:26      73        0.389        0.422       0.800       0.849   0.00505       
2025-05-25 04:12:27      74        0.379        0.418       0.795       0.840   0.00500       
2025-05-25 04:12:27      75        0.383        0.419       0.803       0.837   0.00495       
2025-05-25 04:12:27      76        0.391        0.432       0.805       0.836   0.00490       
2025-05-25 04:12:28      77        0.383        0.420       0.787       0.837   0.00485       
2025-05-25 04:12:28      78        0.380        0.418       0.797       0.844   0.00480       
2025-05-25 04:12:28      79        0.387        0.418       0.792       0.843   0.00475       
2025-05-25 04:12:28      80        0.379        0.413       0.810       0.853   0.00471      *
2025-05-25 04:12:29      81        0.378        0.416       0.800       0.841   0.00466       
2025-05-25 04:12:29      82        0.376        0.414       0.795       0.837   0.00461       
2025-05-25 04:12:29      83        0.375        0.415       0.803       0.844   0.00457       
2025-05-25 04:12:29      84        0.377        0.413       0.813       0.849   0.00452       
2025-05-25 04:12:30      85        0.377        0.413       0.808       0.843   0.00448       
2025-05-25 04:12:30      86        0.383        0.418       0.787       0.838   0.00443       
2025-05-25 04:12:30      87        0.377        0.412       0.792       0.838   0.00439      *
2025-05-25 04:12:31      88        0.376        0.411       0.805       0.849   0.00434      *
2025-05-25 04:12:31      89        0.373        0.414       0.795       0.839   0.00430       
2025-05-25 04:12:31      90        0.372        0.413       0.805       0.843   0.00426       
2025-05-25 04:12:32      91        0.374        0.415       0.792       0.838   0.00421       
2025-05-25 04:12:32      92        0.372        0.411       0.800       0.840   0.00417       
2025-05-25 04:12:32      93        0.372        0.416       0.795       0.838   0.00413       
2025-05-25 04:12:32      94        0.377        0.412       0.795       0.843   0.00409       
2025-05-25 04:12:33      95        0.373        0.418       0.813       0.849   0.00405       
2025-05-25 04:12:33      96        0.371        0.412       0.803       0.843   0.00401       
2025-05-25 04:12:33      97        0.372        0.413       0.800       0.837   0.00397       
2025-05-25 04:12:33      98        0.370        0.411       0.800       0.843   0.00393       
2025-05-25 04:12:34      99        0.370        0.410       0.803       0.843   0.00389      *
2025-05-25 04:12:34     100        0.369        0.411       0.797       0.840   0.00385       
2025-05-25 04:12:34     101        0.374        0.415       0.792       0.839   0.00381       
2025-05-25 04:12:35     102        0.376        0.413       0.795       0.843   0.00377       
2025-05-25 04:12:35     103        0.372        0.416       0.808       0.845   0.00373       
2025-05-25 04:12:35     104        0.370        0.417       0.803       0.839   0.00370       
2025-05-25 04:12:35     105        0.368        0.409       0.800       0.841   0.00366      *
2025-05-25 04:12:35     106        0.375        0.417       0.790       0.840   0.00362       
2025-05-25 04:12:36     107        0.368        0.410       0.808       0.843   0.00359       
2025-05-25 04:12:36     108        0.370        0.414       0.810       0.843   0.00355       
2025-05-25 04:12:36     109        0.367        0.412       0.805       0.843   0.00352       
2025-05-25 04:12:36     110        0.368        0.412       0.815       0.849   0.00348       
2025-05-25 04:12:37     111        0.373        0.415       0.797       0.845   0.00345       
2025-05-25 04:12:37     112        0.367        0.414       0.803       0.839   0.00341       
2025-05-25 04:12:37     113        0.365        0.411       0.800       0.840   0.00338       
2025-05-25 04:12:37     114        0.365        0.409       0.808       0.846   0.00334      *
2025-05-25 04:12:38     115        0.365        0.414       0.810       0.847   0.00331       
2025-05-25 04:12:38     116        0.363        0.409       0.803       0.844   0.00328       
2025-05-25 04:12:38     117        0.366        0.412       0.795       0.840   0.00324       
2025-05-25 04:12:38     118        0.369        0.411       0.790       0.837   0.00321       
2025-05-25 04:12:39     119        0.364        0.408       0.800       0.840   0.00318      *
2025-05-25 04:12:39     120        0.365        0.415       0.805       0.842   0.00315       
2025-05-25 04:12:39     121        0.363        0.409       0.800       0.844   0.00312       
2025-05-25 04:12:39     122        0.362        0.408       0.803       0.843   0.00309       
2025-05-25 04:12:40     123        0.363        0.406       0.800       0.844   0.00305      *
2025-05-25 04:12:40     124        0.363        0.407       0.795       0.837   0.00302       
2025-05-25 04:12:40     125        0.364        0.411       0.810       0.845   0.00299       
2025-05-25 04:12:41     126        0.362        0.407       0.797       0.842   0.00296       
2025-05-25 04:12:41     127        0.361        0.411       0.808       0.848   0.00293       
2025-05-25 04:12:41     128        0.361        0.411       0.808       0.847   0.00290       
2025-05-25 04:12:41     129        0.361        0.411       0.805       0.843   0.00288       
2025-05-25 04:12:42     130        0.362        0.409       0.800       0.843   0.00285       
2025-05-25 04:12:42     131        0.360        0.409       0.805       0.844   0.00282       
2025-05-25 04:12:42     132        0.360        0.408       0.810       0.846   0.00279       
2025-05-25 04:12:43     133        0.360        0.412       0.808       0.846   0.00276       
2025-05-25 04:12:43     134        0.362        0.408       0.797       0.842   0.00273       
2025-05-25 04:12:43     135        0.360        0.413       0.805       0.845   0.00271       
2025-05-25 04:12:43     136        0.359        0.408       0.797       0.837   0.00268       
2025-05-25 04:12:44     137        0.360        0.409       0.797       0.842   0.00265       
2025-05-25 04:12:44     138        0.360        0.411       0.805       0.843   0.00263       
2025-05-25 04:12:44     139        0.358        0.410       0.805       0.846   0.00260       
2025-05-25 04:12:44     140        0.357        0.407       0.808       0.848   0.00257       
2025-05-25 04:12:45     141        0.357        0.408       0.813       0.851   0.00255       
2025-05-25 04:12:45     142        0.358        0.410       0.813       0.850   0.00252       
2025-05-25 04:12:45     143        0.368        0.413       0.795       0.844   0.00250       
2025-05-25 04:12:45   --- Training ended ---
2025-05-25 04:12:45   Number of model parameters: 2401
2025-05-25 04:12:45   Training time: 0:00:44
2025-05-25 04:12:45   Best epoch: 123
2025-05-25 04:12:45   Best valid loss: 0.406
2025-05-25 04:12:45   Best valid accuracy (macro): 0.800
2025-05-25 04:12:45   Best F1 score: 0.844
