2025-05-25 05:27:06   --- Preprocessing base data ---
2025-05-25 05:27:06   Tokenizing real alignments...
2025-05-25 05:27:06   Removing sequences with ambiguous tokens...
2025-05-25 05:27:06   0/20290 sequences have been removed from 0/1497 alignements due to ambiguous sites.
2025-05-25 05:27:06   Tokenizing simulated alignments...
2025-05-25 05:27:07   Removing sequences with ambiguous tokens...
2025-05-25 05:27:07   0/17109 sequences have been removed from 0/2413 alignements due to ambiguous sites.
2025-05-25 05:27:07   Checking alignments...
2025-05-25 05:27:07   30 renamed keys in simulated aligns.
2025-05-25 05:27:07   Creating labels...
2025-05-25 05:27:07   Merging aligns and labels...
2025-05-25 05:27:07   Total number of alignments: 3910
2025-05-25 05:27:07   --- Start running LogisticRegressionClassifier ---
2025-05-25 05:27:08   --- End running LogisticRegressionClassifier ---
2025-05-25 05:27:08   --- Start running DenseMsaClassifier ---
2025-05-25 05:27:58   --- End running DenseMsaClassifier ---
2025-05-25 05:27:58   --- Start running DenseSiteClassifier ---
2025-05-25 05:28:29   --- End running DenseSiteClassifier ---
2025-05-25 05:28:29   --- Start running AACnnClassifier ---
2025-05-25 05:36:58   --- End running AACnnClassifier ---
