2025-05-25 04:47:23   --- Hyperparameters ---
2025-05-25 04:47:23   model = DenseMsaNet(
2025-05-25 04:47:23     (dense_layer1): Sequential(
2025-05-25 04:47:23       (0): Linear(in_features=22, out_features=100, bias=True)
2025-05-25 04:47:23       (1): ReLU()
2025-05-25 04:47:23       (2): Dropout(p=0.2, inplace=False)
2025-05-25 04:47:23     )
2025-05-25 04:47:23     (dense_layer2): Linear(in_features=100, out_features=1, bias=True)
2025-05-25 04:47:23   )
2025-05-25 04:47:23   split_proportion = 0.9
2025-05-25 04:47:23   batch_pad_sequences = False
2025-05-25 04:47:23   learning_rate = 0.01
2025-05-25 04:47:23   batch_size = 64
2025-05-25 04:47:23   max_epochs = 500
2025-05-25 04:47:23   early_stopping_patience = 20
2025-05-25 04:47:23   --- Creating loaders ---
2025-05-25 04:47:24   --- nvidia-smi output ---
2025-05-25 04:47:24   nvidia-smi cannot be run: Command 'nvidia-smi' returned non-zero exit status 18.
2025-05-25 04:47:24   --- Training start ---
2025-05-25 04:47:24   Start training using cuda device.
2025-05-25 04:47:24   Number of model parameters: 2401.
2025-05-25 04:47:24   Epoch   Train loss   Valid loss   Valid acc    F1-score        Lr   Best
2025-05-25 04:47:24   ------------------------------------------------------------------------
2025-05-25 04:47:25       1        0.695        0.695       0.369       0.000   0.00000      *
2025-05-25 04:47:26       2        0.647        0.641       0.549       0.467   0.00250      *
2025-05-25 04:47:26       3        0.522        0.504       0.813       0.865   0.00500      *
2025-05-25 04:47:26       4        0.472        0.444       0.792       0.855   0.00750      *
2025-05-25 04:47:27       5        0.419        0.380       0.833       0.874   0.01000      *
2025-05-25 04:47:27       6        0.412        0.381       0.828       0.874   0.00990       
2025-05-25 04:47:27       7        0.406        0.371       0.836       0.879   0.00980      *
2025-05-25 04:47:28       8        0.401        0.366       0.851       0.886   0.00970      *
2025-05-25 04:47:28       9        0.391        0.350       0.864       0.895   0.00961      *
2025-05-25 04:47:29      10        0.386        0.350       0.841       0.882   0.00951       
2025-05-25 04:47:29      11        0.395        0.365       0.831       0.876   0.00941       
2025-05-25 04:47:29      12        0.384        0.352       0.841       0.883   0.00932       
2025-05-25 04:47:30      13        0.374        0.341       0.849       0.884   0.00923      *
2025-05-25 04:47:30      14        0.370        0.332       0.856       0.889   0.00914      *
2025-05-25 04:47:30      15        0.372        0.342       0.864       0.894   0.00904       
2025-05-25 04:47:31      16        0.362        0.328       0.851       0.885   0.00895      *
2025-05-25 04:47:31      17        0.363        0.324       0.864       0.892   0.00886      *
2025-05-25 04:47:32      18        0.379        0.341       0.874       0.898   0.00878       
2025-05-25 04:47:32      19        0.363        0.326       0.869       0.895   0.00869       
2025-05-25 04:47:32      20        0.354        0.319       0.862       0.892   0.00860      *
2025-05-25 04:47:33      21        0.355        0.316       0.864       0.893   0.00851      *
2025-05-25 04:47:33      22        0.352        0.324       0.864       0.897   0.00843       
2025-05-25 04:47:33      23        0.356        0.317       0.864       0.894   0.00835       
2025-05-25 04:47:33      24        0.346        0.311       0.859       0.890   0.00826      *
2025-05-25 04:47:34      25        0.350        0.326       0.856       0.892   0.00818       
2025-05-25 04:47:34      26        0.350        0.328       0.859       0.894   0.00810       
2025-05-25 04:47:34      27        0.342        0.318       0.856       0.891   0.00802       
2025-05-25 04:47:35      28        0.340        0.310       0.859       0.892   0.00794      *
2025-05-25 04:47:35      29        0.343        0.308       0.869       0.896   0.00786      *
2025-05-25 04:47:35      30        0.337        0.311       0.862       0.893   0.00778       
2025-05-25 04:47:36      31        0.337        0.314       0.854       0.888   0.00770       
2025-05-25 04:47:36      32        0.341        0.309       0.869       0.897   0.00762       
2025-05-25 04:47:37      33        0.335        0.306       0.859       0.890   0.00755      *
2025-05-25 04:47:37      34        0.334        0.312       0.867       0.896   0.00747       
2025-05-25 04:47:37      35        0.339        0.323       0.856       0.893   0.00740       
2025-05-25 04:47:38      36        0.331        0.314       0.859       0.891   0.00732       
2025-05-25 04:47:38      37        0.331        0.315       0.854       0.889   0.00725       
2025-05-25 04:47:38      38        0.332        0.307       0.869       0.897   0.00718       
2025-05-25 04:47:39      39        0.329        0.312       0.862       0.892   0.00711       
2025-05-25 04:47:39      40        0.330        0.307       0.867       0.896   0.00703       
2025-05-25 04:47:39      41        0.331        0.317       0.864       0.897   0.00696       
2025-05-25 04:47:40      42        0.327        0.307       0.856       0.888   0.00689       
2025-05-25 04:47:40      43        0.338        0.333       0.859       0.895   0.00683       
2025-05-25 04:47:40      44        0.328        0.311       0.856       0.886   0.00676       
2025-05-25 04:47:40      45        0.337        0.332       0.854       0.892   0.00669       
2025-05-25 04:47:41      46        0.330        0.325       0.851       0.888   0.00662       
2025-05-25 04:47:41      47        0.332        0.316       0.851       0.880   0.00656       
2025-05-25 04:47:41      48        0.327        0.303       0.862       0.892   0.00649      *
2025-05-25 04:47:41      49        0.322        0.308       0.867       0.898   0.00643       
2025-05-25 04:47:42      50        0.321        0.317       0.854       0.889   0.00636       
2025-05-25 04:47:42      51        0.319        0.314       0.851       0.886   0.00630       
2025-05-25 04:47:42      52        0.322        0.308       0.859       0.888   0.00624       
2025-05-25 04:47:42      53        0.326        0.311       0.854       0.882   0.00617       
2025-05-25 04:47:43      54        0.334        0.328       0.851       0.890   0.00611       
2025-05-25 04:47:43      55        0.318        0.313       0.867       0.898   0.00605       
2025-05-25 04:47:43      56        0.322        0.314       0.867       0.899   0.00599       
2025-05-25 04:47:43      57        0.316        0.306       0.862       0.892   0.00593       
2025-05-25 04:47:44      58        0.328        0.331       0.851       0.890   0.00587       
2025-05-25 04:47:44      59        0.316        0.303       0.856       0.886   0.00581       
2025-05-25 04:47:44      60        0.316        0.307       0.854       0.883   0.00575       
2025-05-25 04:47:44      61        0.313        0.306       0.862       0.893   0.00570       
2025-05-25 04:47:45      62        0.313        0.303       0.859       0.889   0.00564       
2025-05-25 04:47:45      63        0.313        0.313       0.844       0.879   0.00558       
2025-05-25 04:47:45      64        0.311        0.307       0.862       0.892   0.00553       
2025-05-25 04:47:46      65        0.315        0.317       0.854       0.890   0.00547       
2025-05-25 04:47:46      66        0.310        0.305       0.862       0.892   0.00542       
2025-05-25 04:47:46      67        0.315        0.316       0.851       0.882   0.00536       
2025-05-25 04:47:47      68        0.315        0.301       0.859       0.888   0.00531      *
2025-05-25 04:47:47      69        0.309        0.301       0.859       0.891   0.00526      *
2025-05-25 04:47:48      70        0.311        0.304       0.864       0.897   0.00520       
2025-05-25 04:47:48      71        0.311        0.295       0.864       0.894   0.00515      *
2025-05-25 04:47:48      72        0.308        0.300       0.856       0.887   0.00510       
2025-05-25 04:47:49      73        0.308        0.303       0.872       0.902   0.00505       
2025-05-25 04:47:49      74        0.314        0.319       0.856       0.891   0.00500       
2025-05-25 04:47:49      75        0.308        0.297       0.854       0.884   0.00495       
2025-05-25 04:47:49      76        0.307        0.301       0.851       0.883   0.00490       
2025-05-25 04:47:50      77        0.314        0.317       0.854       0.890   0.00485       
2025-05-25 04:47:50      78        0.304        0.305       0.859       0.891   0.00480       
2025-05-25 04:47:50      79        0.307        0.308       0.862       0.895   0.00475       
2025-05-25 04:47:50      80        0.306        0.303       0.854       0.883   0.00471       
2025-05-25 04:47:51      81        0.304        0.305       0.854       0.884   0.00466       
2025-05-25 04:47:51      82        0.305        0.306       0.867       0.898   0.00461       
2025-05-25 04:47:51      83        0.302        0.304       0.856       0.887   0.00457       
2025-05-25 04:47:51      84        0.302        0.295       0.862       0.890   0.00452      *
2025-05-25 04:47:52      85        0.306        0.303       0.856       0.884   0.00448       
2025-05-25 04:47:52      86        0.300        0.304       0.856       0.888   0.00443       
2025-05-25 04:47:52      87        0.312        0.315       0.859       0.885   0.00439       
2025-05-25 04:47:53      88        0.303        0.304       0.872       0.902   0.00434       
2025-05-25 04:47:53      89        0.300        0.300       0.864       0.895   0.00430       
2025-05-25 04:47:53      90        0.305        0.304       0.869       0.900   0.00426       
2025-05-25 04:47:54      91        0.299        0.300       0.859       0.889   0.00421       
2025-05-25 04:47:54      92        0.300        0.308       0.856       0.890   0.00417       
2025-05-25 04:47:55      93        0.311        0.305       0.854       0.881   0.00413       
2025-05-25 04:47:55      94        0.300        0.305       0.869       0.900   0.00409       
2025-05-25 04:47:56      95        0.299        0.300       0.859       0.889   0.00405       
2025-05-25 04:47:56      96        0.311        0.308       0.864       0.889   0.00401       
2025-05-25 04:47:57      97        0.301        0.301       0.854       0.883   0.00397       
2025-05-25 04:47:57      98        0.297        0.295       0.864       0.894   0.00393      *
2025-05-25 04:47:57      99        0.309        0.313       0.859       0.895   0.00389       
2025-05-25 04:47:58     100        0.299        0.306       0.867       0.898   0.00385       
2025-05-25 04:47:58     101        0.297        0.299       0.867       0.896   0.00381       
2025-05-25 04:47:58     102        0.303        0.311       0.854       0.882   0.00377       
2025-05-25 04:47:59     103        0.300        0.307       0.869       0.901   0.00373       
2025-05-25 04:47:59     104        0.295        0.300       0.869       0.898   0.00370       
2025-05-25 04:47:59     105        0.294        0.297       0.859       0.890   0.00366       
2025-05-25 04:48:00     106        0.294        0.296       0.859       0.889   0.00362       
2025-05-25 04:48:00     107        0.294        0.301       0.856       0.888   0.00359       
2025-05-25 04:48:00     108        0.294        0.295       0.859       0.889   0.00355       
2025-05-25 04:48:01     109        0.300        0.311       0.856       0.892   0.00352       
2025-05-25 04:48:01     110        0.295        0.298       0.859       0.888   0.00348       
2025-05-25 04:48:01     111        0.297        0.302       0.856       0.885   0.00345       
2025-05-25 04:48:02     112        0.294        0.297       0.864       0.893   0.00341       
2025-05-25 04:48:02     113        0.295        0.303       0.859       0.891   0.00338       
2025-05-25 04:48:02     114        0.298        0.306       0.872       0.903   0.00334       
2025-05-25 04:48:03     115        0.316        0.330       0.846       0.887   0.00331       
2025-05-25 04:48:03     116        0.296        0.303       0.856       0.886   0.00328       
2025-05-25 04:48:03     117        0.296        0.298       0.867       0.895   0.00324       
2025-05-25 04:48:04     118        0.292        0.300       0.856       0.888   0.00321       
2025-05-25 04:48:04   --- Training ended ---
2025-05-25 04:48:04   Number of model parameters: 2401
2025-05-25 04:48:04   Training time: 0:00:40
2025-05-25 04:48:04   Best epoch: 98
2025-05-25 04:48:04   Best valid loss: 0.295
2025-05-25 04:48:04   Best valid accuracy (macro): 0.864
2025-05-25 04:48:04   Best F1 score: 0.894
