2025-05-25 05:01:01   --- Hyperparameters ---
2025-05-25 05:01:01   model = DenseSiteNet(
2025-05-25 05:01:01     (dense_layer1): Sequential(
2025-05-25 05:01:01       (0): Linear(in_features=106722, out_features=100, bias=True)
2025-05-25 05:01:01       (1): ReLU()
2025-05-25 05:01:01       (2): Dropout(p=0.2, inplace=False)
2025-05-25 05:01:01     )
2025-05-25 05:01:01     (dense_layer2): Linear(in_features=100, out_features=1, bias=True)
2025-05-25 05:01:01   )
2025-05-25 05:01:01   split_proportion = 0.9
2025-05-25 05:01:01   batch_pad_sequences = False
2025-05-25 05:01:01   learning_rate = 0.01
2025-05-25 05:01:01   batch_size = 64
2025-05-25 05:01:01   max_epochs = 500
2025-05-25 05:01:01   early_stopping_patience = 20
2025-05-25 05:01:01   --- Creating loaders ---
2025-05-25 05:01:01   --- nvidia-smi output ---
2025-05-25 05:01:01   nvidia-smi cannot be run: Command 'nvidia-smi' returned non-zero exit status 18.
2025-05-25 05:01:01   --- Training start ---
2025-05-25 05:01:01   Start training using cuda device.
2025-05-25 05:01:01   Number of model parameters: 10672401.
2025-05-25 05:01:01   Epoch   Train loss   Valid loss   Valid acc    F1-score        Lr   Best
2025-05-25 05:01:01   ------------------------------------------------------------------------
2025-05-25 05:01:02       1        0.706        0.707       0.372       0.000   0.00000      *
2025-05-25 05:01:04       2        0.352        0.472       0.769       0.815   0.00250      *
2025-05-25 05:01:06       3        0.206        0.559       0.710       0.749   0.00500       
2025-05-25 05:01:07       4        0.114        0.714       0.728       0.784   0.00750       
2025-05-25 05:01:08       5        0.073        0.833       0.728       0.777   0.01000       
2025-05-25 05:01:09       6        0.038        1.053       0.736       0.784   0.00990       
2025-05-25 05:01:10       7        0.013        1.388       0.733       0.784   0.00980       
2025-05-25 05:01:12       8        0.007        1.619       0.708       0.750   0.00970       
2025-05-25 05:01:13       9        0.009        1.573       0.723       0.760   0.00961       
2025-05-25 05:01:14      10        0.005        1.496       0.721       0.766   0.00951       
2025-05-25 05:01:16      11        0.002        1.724       0.723       0.765   0.00941       
2025-05-25 05:01:17      12        0.004        2.133       0.728       0.785   0.00932       
2025-05-25 05:01:18      13        0.003        2.023       0.723       0.759   0.00923       
2025-05-25 05:01:19      14        0.003        1.710       0.738       0.784   0.00914       
2025-05-25 05:01:20      15        0.004        1.696       0.733       0.773   0.00904       
2025-05-25 05:01:22      16        0.003        1.799       0.741       0.787   0.00895       
2025-05-25 05:01:23      17        0.007        1.888       0.708       0.759   0.00886       
2025-05-25 05:01:24      18        0.003        1.804       0.726       0.769   0.00878       
2025-05-25 05:01:25      19        0.002        1.912       0.713       0.752   0.00869       
2025-05-25 05:01:26      20        0.001        1.989       0.715       0.754   0.00860       
2025-05-25 05:01:27      21        0.001        1.972       0.718       0.761   0.00851       
2025-05-25 05:01:29      22        0.001        2.042       0.708       0.752   0.00843       
2025-05-25 05:01:29   --- Training ended ---
2025-05-25 05:01:29   Number of model parameters: 10672401
2025-05-25 05:01:29   Training time: 0:00:28
2025-05-25 05:01:29   Best epoch: 2
2025-05-25 05:01:29   Best valid loss: 0.472
2025-05-25 05:01:29   Best valid accuracy (macro): 0.769
2025-05-25 05:01:29   Best F1 score: 0.815
