2025-05-25 05:18:34   --- Preprocessing base data ---
2025-05-25 05:18:34   Tokenizing real alignments...
2025-05-25 05:18:35   Removing sequences with ambiguous tokens...
2025-05-25 05:18:35   0/20290 sequences have been removed from 0/1497 alignements due to ambiguous sites.
2025-05-25 05:18:35   Tokenizing simulated alignments...
2025-05-25 05:18:36   Removing sequences with ambiguous tokens...
2025-05-25 05:18:36   0/17109 sequences have been removed from 0/2413 alignements due to ambiguous sites.
2025-05-25 05:18:36   Checking alignments...
2025-05-25 05:18:36   30 renamed keys in simulated aligns.
2025-05-25 05:18:36   Creating labels...
2025-05-25 05:18:36   Merging aligns and labels...
2025-05-25 05:18:36   Total number of alignments: 3910
2025-05-25 05:18:36   --- Start running LogisticRegressionClassifier ---
2025-05-25 05:18:36   --- End running LogisticRegressionClassifier ---
2025-05-25 05:18:36   --- Start running DenseMsaClassifier ---
2025-05-25 05:19:34   --- End running DenseMsaClassifier ---
2025-05-25 05:19:34   --- Start running DenseSiteClassifier ---
2025-05-25 05:20:07   --- End running DenseSiteClassifier ---
2025-05-25 05:20:07   --- Start running AACnnClassifier ---
2025-05-25 05:25:33   --- End running AACnnClassifier ---
