2025-05-25 04:48:06   --- Hyperparameters ---
2025-05-25 04:48:06   model = DenseSiteNet(
2025-05-25 04:48:06     (dense_layer1): Sequential(
2025-05-25 04:48:06       (0): Linear(in_features=106722, out_features=100, bias=True)
2025-05-25 04:48:06       (1): ReLU()
2025-05-25 04:48:06       (2): Dropout(p=0.2, inplace=False)
2025-05-25 04:48:06     )
2025-05-25 04:48:06     (dense_layer2): Linear(in_features=100, out_features=1, bias=True)
2025-05-25 04:48:06   )
2025-05-25 04:48:06   split_proportion = 0.9
2025-05-25 04:48:06   batch_pad_sequences = False
2025-05-25 04:48:06   learning_rate = 0.01
2025-05-25 04:48:06   batch_size = 64
2025-05-25 04:48:06   max_epochs = 500
2025-05-25 04:48:06   early_stopping_patience = 20
2025-05-25 04:48:06   --- Creating loaders ---
2025-05-25 04:48:06   --- nvidia-smi output ---
2025-05-25 04:48:06   nvidia-smi cannot be run: Command 'nvidia-smi' returned non-zero exit status 18.
2025-05-25 04:48:06   --- Training start ---
2025-05-25 04:48:06   Start training using cuda device.
2025-05-25 04:48:06   Number of model parameters: 10672401.
2025-05-25 04:48:06   Epoch   Train loss   Valid loss   Valid acc    F1-score        Lr   Best
2025-05-25 04:48:06   ------------------------------------------------------------------------
2025-05-25 04:48:08       1        0.685        0.684       0.372       0.000   0.00000      *
2025-05-25 04:48:10       2        0.239        0.366       0.862       0.896   0.00250      *
2025-05-25 04:48:11       3        0.145        0.436       0.838       0.872   0.00500       
2025-05-25 04:48:12       4        0.074        0.524       0.815       0.855   0.00750       
2025-05-25 04:48:13       5        0.042        0.644       0.826       0.868   0.01000       
2025-05-25 04:48:14       6        0.020        0.694       0.808       0.851   0.00990       
2025-05-25 04:48:16       7        0.012        1.025       0.803       0.851   0.00980       
2025-05-25 04:48:17       8        0.016        0.852       0.795       0.836   0.00970       
2025-05-25 04:48:18       9        0.004        1.247       0.790       0.844   0.00961       
2025-05-25 04:48:19      10        0.003        1.083       0.813       0.859   0.00951       
2025-05-25 04:48:20      11        0.002        1.083       0.805       0.852   0.00941       
2025-05-25 04:48:22      12        0.002        1.099       0.813       0.855   0.00932       
2025-05-25 04:48:23      13        0.001        1.361       0.808       0.858   0.00923       
2025-05-25 04:48:24      14        0.001        1.238       0.810       0.855   0.00914       
2025-05-25 04:48:25      15        0.001        1.134       0.815       0.858   0.00904       
2025-05-25 04:48:26      16        0.001        1.312       0.795       0.844   0.00895       
2025-05-25 04:48:28      17        0.003        1.048       0.803       0.842   0.00886       
2025-05-25 04:48:29      18        0.001        1.255       0.826       0.868   0.00878       
2025-05-25 04:48:30      19        0.002        1.154       0.818       0.857   0.00869       
2025-05-25 04:48:32      20        0.001        1.256       0.808       0.851   0.00860       
2025-05-25 04:48:33      21        0.001        1.518       0.810       0.857   0.00851       
2025-05-25 04:48:34      22        0.000        1.474       0.815       0.862   0.00843       
2025-05-25 04:48:34   --- Training ended ---
2025-05-25 04:48:34   Number of model parameters: 10672401
2025-05-25 04:48:34   Training time: 0:00:28
2025-05-25 04:48:34   Best epoch: 2
2025-05-25 04:48:34   Best valid loss: 0.366
2025-05-25 04:48:34   Best valid accuracy (macro): 0.862
2025-05-25 04:48:34   Best F1 score: 0.896
