2025-05-25 03:32:00   --- Hyperparameters ---
2025-05-25 03:32:00   model = DenseSiteNet(
2025-05-25 03:32:00     (dense_layer1): Sequential(
2025-05-25 03:32:00       (0): Linear(in_features=106722, out_features=100, bias=True)
2025-05-25 03:32:00       (1): ReLU()
2025-05-25 03:32:00       (2): Dropout(p=0.2, inplace=False)
2025-05-25 03:32:00     )
2025-05-25 03:32:00     (dense_layer2): Linear(in_features=100, out_features=1, bias=True)
2025-05-25 03:32:00   )
2025-05-25 03:32:00   split_proportion = 0.9
2025-05-25 03:32:00   batch_pad_sequences = False
2025-05-25 03:32:00   learning_rate = 0.01
2025-05-25 03:32:00   batch_size = 64
2025-05-25 03:32:00   max_epochs = 500
2025-05-25 03:32:00   early_stopping_patience = 20
2025-05-25 03:32:00   --- Creating loaders ---
2025-05-25 03:32:00   --- nvidia-smi output ---
2025-05-25 03:32:00   nvidia-smi cannot be run: Command 'nvidia-smi' returned non-zero exit status 18.
2025-05-25 03:32:00   --- Training start ---
2025-05-25 03:32:00   Start training using cuda device.
2025-05-25 03:32:00   Number of model parameters: 10672401.
2025-05-25 03:32:00   Epoch   Train loss   Valid loss   Valid acc    F1-score        Lr   Best
2025-05-25 03:32:00   ------------------------------------------------------------------------
2025-05-25 03:32:02       1        0.700        0.700       0.372       0.000   0.00000      *
2025-05-25 03:32:03       2        0.221        0.372       0.838       0.877   0.00250      *
2025-05-25 03:32:05       3        0.126        0.382       0.854       0.883   0.00500       
2025-05-25 03:32:06       4        0.054        0.505       0.867       0.895   0.00750       
2025-05-25 03:32:07       5        0.038        0.800       0.838       0.879   0.01000       
2025-05-25 03:32:09       6        0.019        0.821       0.836       0.869   0.00990       
2025-05-25 03:32:10       7        0.021        1.022       0.831       0.870   0.00980       
2025-05-25 03:32:11       8        0.037        1.372       0.826       0.866   0.00970       
2025-05-25 03:32:13       9        0.015        1.348       0.831       0.868   0.00961       
2025-05-25 03:32:14      10        0.013        1.273       0.823       0.863   0.00951       
2025-05-25 03:32:15      11        0.008        1.272       0.808       0.850   0.00941       
2025-05-25 03:32:17      12        0.076        2.141       0.795       0.850   0.00932       
2025-05-25 03:32:18      13        0.010        1.291       0.836       0.865   0.00923       
2025-05-25 03:32:19      14        0.004        1.449       0.818       0.857   0.00914       
2025-05-25 03:32:21      15        0.001        1.298       0.833       0.867   0.00904       
2025-05-25 03:32:22      16        0.001        1.478       0.838       0.875   0.00895       
2025-05-25 03:32:23      17        0.001        1.385       0.833       0.868   0.00886       
2025-05-25 03:32:25      18        0.001        1.339       0.823       0.863   0.00878       
2025-05-25 03:32:26      19        0.000        1.412       0.828       0.864   0.00869       
2025-05-25 03:32:27      20        0.001        1.515       0.826       0.863   0.00860       
2025-05-25 03:32:29      21        0.000        1.412       0.833       0.865   0.00851       
2025-05-25 03:32:30      22        0.000        1.441       0.833       0.869   0.00843       
2025-05-25 03:32:30   --- Training ended ---
2025-05-25 03:32:30   Number of model parameters: 10672401
2025-05-25 03:32:30   Training time: 0:00:30
2025-05-25 03:32:30   Best epoch: 2
2025-05-25 03:32:30   Best valid loss: 0.372
2025-05-25 03:32:30   Best valid accuracy (macro): 0.838
2025-05-25 03:32:30   Best F1 score: 0.877
