2025-05-25 05:38:47   --- Preprocessing base data ---
2025-05-25 05:38:47   Tokenizing real alignments...
2025-05-25 05:38:48   Removing sequences with ambiguous tokens...
2025-05-25 05:38:48   0/20290 sequences have been removed from 0/1497 alignements due to ambiguous sites.
2025-05-25 05:38:48   Tokenizing simulated alignments...
2025-05-25 05:38:49   Removing sequences with ambiguous tokens...
2025-05-25 05:38:49   0/17109 sequences have been removed from 0/2413 alignements due to ambiguous sites.
2025-05-25 05:38:49   Checking alignments...
2025-05-25 05:38:49   30 renamed keys in simulated aligns.
2025-05-25 05:38:49   Creating labels...
2025-05-25 05:38:49   Merging aligns and labels...
2025-05-25 05:38:49   Total number of alignments: 3910
2025-05-25 05:38:49   --- Start running LogisticRegressionClassifier ---
2025-05-25 05:38:49   --- End running LogisticRegressionClassifier ---
2025-05-25 05:38:49   --- Start running DenseMsaClassifier ---
2025-05-25 05:39:35   --- End running DenseMsaClassifier ---
2025-05-25 05:39:35   --- Start running DenseSiteClassifier ---
2025-05-25 05:40:05   --- End running DenseSiteClassifier ---
2025-05-25 05:40:05   --- Start running AACnnClassifier ---
2025-05-25 05:43:00   --- End running AACnnClassifier ---
