2025-05-25 05:45:06   --- Hyperparameters ---
2025-05-25 05:45:06   model = DenseMsaNet(
2025-05-25 05:45:06     (dense_layer1): Sequential(
2025-05-25 05:45:06       (0): Linear(in_features=22, out_features=100, bias=True)
2025-05-25 05:45:06       (1): ReLU()
2025-05-25 05:45:06       (2): Dropout(p=0.2, inplace=False)
2025-05-25 05:45:06     )
2025-05-25 05:45:06     (dense_layer2): Linear(in_features=100, out_features=1, bias=True)
2025-05-25 05:45:06   )
2025-05-25 05:45:06   split_proportion = 0.9
2025-05-25 05:45:06   batch_pad_sequences = False
2025-05-25 05:45:06   learning_rate = 0.01
2025-05-25 05:45:06   batch_size = 64
2025-05-25 05:45:06   max_epochs = 500
2025-05-25 05:45:06   early_stopping_patience = 20
2025-05-25 05:45:06   --- Creating loaders ---
2025-05-25 05:45:06   --- nvidia-smi output ---
2025-05-25 05:45:06   nvidia-smi cannot be run: Command 'nvidia-smi' returned non-zero exit status 18.
2025-05-25 05:45:06   --- Training start ---
2025-05-25 05:45:06   Start training using cuda device.
2025-05-25 05:45:06   Number of model parameters: 2401.
2025-05-25 05:45:06   Epoch   Train loss   Valid loss   Valid acc    F1-score        Lr   Best
2025-05-25 05:45:06   ------------------------------------------------------------------------
2025-05-25 05:45:08       1        0.675        0.673       0.372       0.000   0.00000      *
2025-05-25 05:45:08       2        0.641        0.634       0.574       0.500   0.00250      *
2025-05-25 05:45:09       3        0.539        0.519       0.769       0.832   0.00500      *
2025-05-25 05:45:09       4        0.494        0.461       0.782       0.832   0.00750      *
2025-05-25 05:45:09       5        0.486        0.449       0.790       0.833   0.01000      *
2025-05-25 05:45:10       6        0.481        0.447       0.792       0.834   0.00990      *
2025-05-25 05:45:10       7        0.497        0.464       0.759       0.825   0.00980       
2025-05-25 05:45:11       8        0.478        0.444       0.795       0.840   0.00970      *
2025-05-25 05:45:11       9        0.477        0.443       0.787       0.838   0.00961      *
2025-05-25 05:45:11      10        0.479        0.447       0.782       0.834   0.00951       
2025-05-25 05:45:12      11        0.473        0.435       0.808       0.846   0.00941      *
2025-05-25 05:45:12      12        0.471        0.440       0.785       0.834   0.00932       
2025-05-25 05:45:13      13        0.467        0.437       0.805       0.844   0.00923       
2025-05-25 05:45:13      14        0.467        0.437       0.803       0.847   0.00914       
2025-05-25 05:45:13      15        0.463        0.434       0.810       0.850   0.00904      *
2025-05-25 05:45:14      16        0.470        0.445       0.792       0.844   0.00895       
2025-05-25 05:45:14      17        0.476        0.449       0.797       0.850   0.00886       
2025-05-25 05:45:14      18        0.466        0.440       0.800       0.850   0.00878       
2025-05-25 05:45:15      19        0.469        0.448       0.767       0.800   0.00869       
2025-05-25 05:45:15      20        0.461        0.436       0.800       0.849   0.00860       
2025-05-25 05:45:16      21        0.458        0.437       0.815       0.860   0.00851       
2025-05-25 05:45:16      22        0.451        0.427       0.813       0.850   0.00843      *
2025-05-25 05:45:16      23        0.451        0.433       0.797       0.833   0.00835       
2025-05-25 05:45:17      24        0.450        0.433       0.810       0.845   0.00826       
2025-05-25 05:45:17      25        0.452        0.433       0.787       0.822   0.00818       
2025-05-25 05:45:17      26        0.448        0.433       0.797       0.833   0.00810       
2025-05-25 05:45:18      27        0.450        0.438       0.803       0.836   0.00802       
2025-05-25 05:45:18      28        0.439        0.428       0.813       0.851   0.00794       
2025-05-25 05:45:18      29        0.456        0.446       0.777       0.810   0.00786       
2025-05-25 05:45:19      30        0.440        0.423       0.805       0.846   0.00778      *
2025-05-25 05:45:19      31        0.435        0.424       0.808       0.849   0.00770       
2025-05-25 05:45:19      32        0.433        0.422       0.815       0.851   0.00762      *
2025-05-25 05:45:20      33        0.445        0.437       0.803       0.833   0.00755       
2025-05-25 05:45:20      34        0.435        0.421       0.813       0.855   0.00747      *
2025-05-25 05:45:21      35        0.431        0.424       0.805       0.847   0.00740       
2025-05-25 05:45:21      36        0.429        0.424       0.800       0.843   0.00732       
2025-05-25 05:45:21      37        0.426        0.419       0.815       0.855   0.00725      *
2025-05-25 05:45:22      38        0.438        0.424       0.815       0.860   0.00718       
2025-05-25 05:45:22      39        0.433        0.428       0.803       0.837   0.00711       
2025-05-25 05:45:23      40        0.423        0.419       0.813       0.848   0.00703       
2025-05-25 05:45:23      41        0.423        0.418       0.813       0.848   0.00696      *
2025-05-25 05:45:24      42        0.420        0.417       0.818       0.854   0.00689      *
2025-05-25 05:45:24      43        0.422        0.419       0.810       0.844   0.00683       
2025-05-25 05:45:25      44        0.420        0.417       0.803       0.838   0.00676      *
2025-05-25 05:45:25      45        0.418        0.414       0.815       0.855   0.00669      *
2025-05-25 05:45:25      46        0.416        0.415       0.810       0.850   0.00662       
2025-05-25 05:45:26      47        0.417        0.409       0.815       0.855   0.00656      *
2025-05-25 05:45:26      48        0.426        0.424       0.797       0.830   0.00649       
2025-05-25 05:45:27      49        0.411        0.412       0.813       0.851   0.00643       
2025-05-25 05:45:27      50        0.416        0.416       0.828       0.866   0.00636       
2025-05-25 05:45:27      51        0.412        0.405       0.826       0.861   0.00630      *
2025-05-25 05:45:28      52        0.415        0.414       0.826       0.865   0.00624       
2025-05-25 05:45:28      53        0.415        0.418       0.815       0.847   0.00617       
2025-05-25 05:45:28      54        0.409        0.418       0.818       0.851   0.00611       
2025-05-25 05:45:29      55        0.408        0.413       0.815       0.851   0.00605       
2025-05-25 05:45:29      56        0.409        0.410       0.821       0.859   0.00599       
2025-05-25 05:45:29      57        0.405        0.414       0.808       0.845   0.00593       
2025-05-25 05:45:30      58        0.409        0.417       0.815       0.847   0.00587       
2025-05-25 05:45:30      59        0.403        0.408       0.810       0.846   0.00581       
2025-05-25 05:45:31      60        0.403        0.405       0.815       0.850   0.00575      *
2025-05-25 05:45:31      61        0.400        0.406       0.810       0.848   0.00570       
2025-05-25 05:45:31      62        0.403        0.409       0.826       0.860   0.00564       
2025-05-25 05:45:32      63        0.412        0.421       0.826       0.868   0.00558       
2025-05-25 05:45:32      64        0.399        0.401       0.813       0.850   0.00553      *
2025-05-25 05:45:32      65        0.398        0.403       0.813       0.848   0.00547       
2025-05-25 05:45:33      66        0.398        0.400       0.821       0.857   0.00542      *
2025-05-25 05:45:33      67        0.398        0.407       0.810       0.847   0.00536       
2025-05-25 05:45:33      68        0.398        0.411       0.810       0.846   0.00531       
2025-05-25 05:45:34      69        0.395        0.405       0.815       0.852   0.00526       
2025-05-25 05:45:34      70        0.394        0.402       0.821       0.856   0.00520       
2025-05-25 05:45:34      71        0.397        0.397       0.844       0.878   0.00515      *
2025-05-25 05:45:35      72        0.396        0.407       0.828       0.865   0.00510       
2025-05-25 05:45:35      73        0.397        0.405       0.831       0.869   0.00505       
2025-05-25 05:45:35      74        0.392        0.401       0.813       0.850   0.00500       
2025-05-25 05:45:36      75        0.392        0.405       0.813       0.849   0.00495       
2025-05-25 05:45:36      76        0.393        0.405       0.815       0.855   0.00490       
2025-05-25 05:45:36      77        0.393        0.405       0.815       0.855   0.00485       
2025-05-25 05:45:37      78        0.391        0.401       0.815       0.854   0.00480       
2025-05-25 05:45:37      79        0.389        0.401       0.821       0.855   0.00475       
2025-05-25 05:45:37      80        0.394        0.398       0.838       0.876   0.00471       
2025-05-25 05:45:38      81        0.391        0.399       0.826       0.862   0.00466       
2025-05-25 05:45:38      82        0.390        0.399       0.826       0.862   0.00461       
2025-05-25 05:45:38      83        0.387        0.400       0.826       0.861   0.00457       
2025-05-25 05:45:39      84        0.393        0.412       0.808       0.850   0.00452       
2025-05-25 05:45:39      85        0.389        0.400       0.818       0.852   0.00448       
2025-05-25 05:45:39      86        0.388        0.400       0.826       0.862   0.00443       
2025-05-25 05:45:39      87        0.385        0.400       0.821       0.856   0.00439       
2025-05-25 05:45:40      88        0.389        0.406       0.823       0.853   0.00434       
2025-05-25 05:45:40      89        0.387        0.402       0.826       0.857   0.00430       
2025-05-25 05:45:40      90        0.387        0.400       0.821       0.853   0.00426       
2025-05-25 05:45:40      91        0.385        0.401       0.823       0.857   0.00421       
2025-05-25 05:45:40   --- Training ended ---
2025-05-25 05:45:40   Number of model parameters: 2401
2025-05-25 05:45:40   Training time: 0:00:34
2025-05-25 05:45:40   Best epoch: 71
2025-05-25 05:45:40   Best valid loss: 0.397
2025-05-25 05:45:40   Best valid accuracy (macro): 0.844
2025-05-25 05:45:40   Best F1 score: 0.878
