2025-05-25 04:33:00   --- Hyperparameters ---
2025-05-25 04:33:00   model = AAConvNet(
2025-05-25 04:33:00     (conv_layer): Sequential(
2025-05-25 04:33:00       (0): Conv1d(22, 64, kernel_size=(1,), stride=(1,))
2025-05-25 04:33:00       (1): ReLU()
2025-05-25 04:33:00       (2): AvgPool1d(kernel_size=(4851,), stride=(4851,), padding=(0,))
2025-05-25 04:33:00       (3): Dropout(p=0.2, inplace=False)
2025-05-25 04:33:00     )
2025-05-25 04:33:00     (dense_layer): Linear(in_features=64, out_features=1, bias=True)
2025-05-25 04:33:00   )
2025-05-25 04:33:00   split_proportion = 0.9
2025-05-25 04:33:00   batch_pad_sequences = False
2025-05-25 04:33:00   learning_rate = 0.01
2025-05-25 04:33:00   batch_size = 64
2025-05-25 04:33:00   max_epochs = 500
2025-05-25 04:33:00   early_stopping_patience = 20
2025-05-25 04:33:00   --- Creating loaders ---
2025-05-25 04:33:00   --- nvidia-smi output ---
2025-05-25 04:33:00   nvidia-smi cannot be run: Command 'nvidia-smi' returned non-zero exit status 18.
2025-05-25 04:33:00   --- Training start ---
2025-05-25 04:33:00   Start training using cuda device.
2025-05-25 04:33:00   Number of model parameters: 1537.
2025-05-25 04:33:00   Epoch   Train loss   Valid loss   Valid acc    F1-score        Lr   Best
2025-05-25 04:33:00   ------------------------------------------------------------------------
2025-05-25 04:33:02       1        0.685        0.684       0.372       0.000   0.00000      *
2025-05-25 04:33:04       2        0.666        0.660       0.367       0.039   0.00250      *
2025-05-25 04:33:05       3        0.665        0.659       0.628       0.772   0.00500      *
2025-05-25 04:33:07       4        0.662        0.654       0.395       0.078   0.00750      *
2025-05-25 04:33:08       5        0.655        0.646       0.649       0.627   0.01000      *
2025-05-25 04:33:10       6        0.646        0.636       0.603       0.724   0.00990      *
2025-05-25 04:33:12       7        0.631        0.622       0.669       0.780   0.00980      *
2025-05-25 04:33:13       8        0.617        0.609       0.700       0.805   0.00970      *
2025-05-25 04:33:14       9        0.605        0.598       0.654       0.784   0.00961      *
2025-05-25 04:33:15      10        0.592        0.585       0.710       0.811   0.00951      *
2025-05-25 04:33:17      11        0.579        0.576       0.700       0.807   0.00941      *
2025-05-25 04:33:18      12        0.567        0.562       0.721       0.817   0.00932      *
2025-05-25 04:33:19      13        0.555        0.548       0.764       0.841   0.00923      *
2025-05-25 04:33:20      14        0.548        0.547       0.744       0.830   0.00914      *
2025-05-25 04:33:22      15        0.539        0.539       0.744       0.830   0.00904      *
2025-05-25 04:33:23      16        0.529        0.531       0.792       0.857   0.00895      *
2025-05-25 04:33:24      17        0.526        0.520       0.826       0.871   0.00886      *
2025-05-25 04:33:26      18        0.516        0.508       0.808       0.863   0.00878      *
2025-05-25 04:33:27      19        0.511        0.511       0.795       0.857   0.00869       
2025-05-25 04:33:28      20        0.505        0.500       0.800       0.860   0.00860      *
2025-05-25 04:33:29      21        0.500        0.497       0.803       0.860   0.00851      *
2025-05-25 04:33:31      22        0.498        0.504       0.792       0.855   0.00843       
2025-05-25 04:33:32      23        0.491        0.490       0.818       0.869   0.00835      *
2025-05-25 04:33:33      24        0.487        0.488       0.805       0.862   0.00826      *
2025-05-25 04:33:34      25        0.484        0.488       0.818       0.868   0.00818      *
2025-05-25 04:33:36      26        0.481        0.479       0.808       0.863   0.00810      *
2025-05-25 04:33:37      27        0.477        0.471       0.821       0.870   0.00802      *
2025-05-25 04:33:38      28        0.474        0.470       0.821       0.870   0.00794      *
2025-05-25 04:33:39      29        0.473        0.478       0.821       0.871   0.00786       
2025-05-25 04:33:41      30        0.469        0.467       0.823       0.871   0.00778      *
2025-05-25 04:33:42      31        0.467        0.468       0.821       0.870   0.00770       
2025-05-25 04:33:43      32        0.472        0.470       0.831       0.866   0.00762       
2025-05-25 04:33:45      33        0.462        0.462       0.823       0.871   0.00755      *
2025-05-25 04:33:46      34        0.460        0.459       0.823       0.870   0.00747      *
2025-05-25 04:33:47      35        0.462        0.476       0.813       0.867   0.00740       
2025-05-25 04:33:48      36        0.457        0.464       0.823       0.871   0.00732       
2025-05-25 04:33:50      37        0.456        0.466       0.821       0.869   0.00725       
2025-05-25 04:33:51      38        0.453        0.450       0.831       0.873   0.00718      *
2025-05-25 04:33:52      39        0.452        0.447       0.836       0.877   0.00711      *
2025-05-25 04:33:53      40        0.449        0.452       0.826       0.872   0.00703       
2025-05-25 04:33:55      41        0.448        0.450       0.828       0.874   0.00696       
2025-05-25 04:33:56      42        0.447        0.454       0.826       0.873   0.00689       
2025-05-25 04:33:57      43        0.446        0.453       0.823       0.871   0.00683       
2025-05-25 04:33:59      44        0.444        0.449       0.828       0.874   0.00676       
2025-05-25 04:34:00      45        0.443        0.450       0.828       0.874   0.00669       
2025-05-25 04:34:01      46        0.441        0.445       0.838       0.880   0.00662      *
2025-05-25 04:34:02      47        0.440        0.437       0.838       0.879   0.00656      *
2025-05-25 04:34:04      48        0.440        0.452       0.833       0.878   0.00649       
2025-05-25 04:34:05      49        0.438        0.446       0.844       0.883   0.00643       
2025-05-25 04:34:06      50        0.437        0.434       0.836       0.876   0.00636      *
2025-05-25 04:34:07      51        0.436        0.439       0.841       0.882   0.00630       
2025-05-25 04:34:09      52        0.435        0.437       0.838       0.879   0.00624       
2025-05-25 04:34:10      53        0.434        0.437       0.836       0.878   0.00617       
2025-05-25 04:34:11      54        0.434        0.439       0.831       0.875   0.00611       
2025-05-25 04:34:13      55        0.433        0.424       0.838       0.878   0.00605      *
2025-05-25 04:34:14      56        0.432        0.434       0.838       0.880   0.00599       
2025-05-25 04:34:15      57        0.434        0.447       0.828       0.875   0.00593       
2025-05-25 04:34:17      58        0.432        0.437       0.838       0.880   0.00587       
2025-05-25 04:34:18      59        0.431        0.433       0.838       0.879   0.00581       
2025-05-25 04:34:20      60        0.431        0.426       0.838       0.877   0.00575       
2025-05-25 04:34:21      61        0.430        0.437       0.838       0.881   0.00570       
2025-05-25 04:34:22      62        0.429        0.436       0.841       0.881   0.00564       
2025-05-25 04:34:24      63        0.428        0.430       0.838       0.879   0.00558       
2025-05-25 04:34:25      64        0.430        0.438       0.828       0.875   0.00553       
2025-05-25 04:34:26      65        0.427        0.425       0.836       0.876   0.00547       
2025-05-25 04:34:27      66        0.428        0.437       0.836       0.879   0.00542       
2025-05-25 04:34:29      67        0.426        0.432       0.841       0.881   0.00536       
2025-05-25 04:34:30      68        0.426        0.440       0.841       0.883   0.00531       
2025-05-25 04:34:31      69        0.426        0.436       0.841       0.881   0.00526       
2025-05-25 04:34:32      70        0.424        0.425       0.836       0.876   0.00520       
2025-05-25 04:34:34      71        0.424        0.426       0.844       0.883   0.00515       
2025-05-25 04:34:35      72        0.424        0.434       0.841       0.881   0.00510       
2025-05-25 04:34:36      73        0.423        0.429       0.836       0.877   0.00505       
2025-05-25 04:34:38      74        0.423        0.426       0.841       0.879   0.00500       
2025-05-25 04:34:39      75        0.422        0.425       0.838       0.879   0.00495       
2025-05-25 04:34:39   --- Training ended ---
2025-05-25 04:34:39   Number of model parameters: 1537
2025-05-25 04:34:39   Training time: 0:01:39
2025-05-25 04:34:39   Best epoch: 55
2025-05-25 04:34:39   Best valid loss: 0.424
2025-05-25 04:34:39   Best valid accuracy (macro): 0.838
2025-05-25 04:34:39   Best F1 score: 0.878
