2025-05-25 04:26:17   --- Preprocessing base data ---
2025-05-25 04:26:17   Tokenizing real alignments...
2025-05-25 04:26:18   Removing sequences with ambiguous tokens...
2025-05-25 04:26:18   0/20290 sequences have been removed from 0/1497 alignements due to ambiguous sites.
2025-05-25 04:26:18   Tokenizing simulated alignments...
2025-05-25 04:26:18   Removing sequences with ambiguous tokens...
2025-05-25 04:26:18   0/17109 sequences have been removed from 0/2413 alignements due to ambiguous sites.
2025-05-25 04:26:18   Checking alignments...
2025-05-25 04:26:18   30 renamed keys in simulated aligns.
2025-05-25 04:26:18   Creating labels...
2025-05-25 04:26:18   Merging aligns and labels...
2025-05-25 04:26:18   Total number of alignments: 3910
2025-05-25 04:26:18   --- Start running LogisticRegressionClassifier ---
2025-05-25 04:26:19   --- End running LogisticRegressionClassifier ---
2025-05-25 04:26:19   --- Start running DenseMsaClassifier ---
2025-05-25 04:26:42   --- End running DenseMsaClassifier ---
2025-05-25 04:26:42   --- Start running DenseSiteClassifier ---
2025-05-25 04:27:11   --- End running DenseSiteClassifier ---
2025-05-25 04:27:11   --- Start running AACnnClassifier ---
2025-05-25 04:30:31   --- End running AACnnClassifier ---
