2025-05-25 02:54:07   --- Hyperparameters ---
2025-05-25 02:54:07   model = AAConvNet(
2025-05-25 02:54:07     (conv_layer): Sequential(
2025-05-25 02:54:07       (0): Conv1d(22, 64, kernel_size=(1,), stride=(1,))
2025-05-25 02:54:07       (1): ReLU()
2025-05-25 02:54:07       (2): AvgPool1d(kernel_size=(4851,), stride=(4851,), padding=(0,))
2025-05-25 02:54:07       (3): Dropout(p=0.2, inplace=False)
2025-05-25 02:54:07     )
2025-05-25 02:54:07     (dense_layer): Linear(in_features=64, out_features=1, bias=True)
2025-05-25 02:54:07   )
2025-05-25 02:54:07   split_proportion = 0.9
2025-05-25 02:54:07   batch_pad_sequences = False
2025-05-25 02:54:07   learning_rate = 0.01
2025-05-25 02:54:07   batch_size = 64
2025-05-25 02:54:07   max_epochs = 500
2025-05-25 02:54:07   early_stopping_patience = 20
2025-05-25 02:54:07   --- Creating loaders ---
2025-05-25 02:54:07   --- nvidia-smi output ---
2025-05-25 02:54:07   nvidia-smi cannot be run: Command 'nvidia-smi' returned non-zero exit status 18.
2025-05-25 02:54:07   --- Training start ---
2025-05-25 02:54:07   Start training using cuda device.
2025-05-25 02:54:07   Number of model parameters: 1537.
2025-05-25 02:54:07   Epoch   Train loss   Valid loss   Valid acc    F1-score        Lr   Best
2025-05-25 02:54:07   ------------------------------------------------------------------------
2025-05-25 02:54:14       1        0.705        0.706       0.372       0.000   0.00000      *
2025-05-25 02:54:16       2        0.666        0.660       0.410       0.347   0.00250      *
2025-05-25 02:54:17       3        0.665        0.660       0.369       0.000   0.00500      *
2025-05-25 02:54:19       4        0.666        0.661       0.372       0.000   0.00750       
2025-05-25 02:54:20       5        0.661        0.654       0.721       0.801   0.01000      *
2025-05-25 02:54:22       6        0.655        0.647       0.700       0.802   0.00990      *
2025-05-25 02:54:24       7        0.650        0.644       0.597       0.718   0.00980      *
2025-05-25 02:54:25       8        0.641        0.635       0.690       0.802   0.00970      *
2025-05-25 02:54:27       9        0.632        0.626       0.644       0.755   0.00961      *
2025-05-25 02:54:28      10        0.626        0.620       0.674       0.794   0.00951      *
2025-05-25 02:54:30      11        0.615        0.613       0.669       0.790   0.00941      *
2025-05-25 02:54:32      12        0.606        0.604       0.669       0.792   0.00932      *
2025-05-25 02:54:33      13        0.598        0.597       0.710       0.810   0.00923      *
2025-05-25 02:54:35      14        0.591        0.597       0.677       0.795   0.00914       
2025-05-25 02:54:37      15        0.582        0.585       0.723       0.818   0.00904      *
2025-05-25 02:54:38      16        0.574        0.585       0.736       0.825   0.00895      *
2025-05-25 02:54:40      17        0.566        0.577       0.721       0.817   0.00886      *
2025-05-25 02:54:41      18        0.559        0.569       0.738       0.826   0.00878      *
2025-05-25 02:54:43      19        0.553        0.567       0.731       0.822   0.00869      *
2025-05-25 02:54:45      20        0.548        0.558       0.779       0.845   0.00860      *
2025-05-25 02:54:46      21        0.541        0.555       0.772       0.841   0.00851      *
2025-05-25 02:54:48      22        0.537        0.551       0.787       0.847   0.00843      *
2025-05-25 02:54:50      23        0.530        0.548       0.779       0.846   0.00835      *
2025-05-25 02:54:51      24        0.526        0.546       0.795       0.854   0.00826      *
2025-05-25 02:54:53      25        0.524        0.538       0.767       0.841   0.00818      *
2025-05-25 02:54:55      26        0.518        0.528       0.777       0.841   0.00810      *
2025-05-25 02:54:57      27        0.513        0.532       0.792       0.850   0.00802       
2025-05-25 02:54:58      28        0.510        0.533       0.790       0.848   0.00794       
2025-05-25 02:55:00      29        0.509        0.533       0.777       0.845   0.00786       
2025-05-25 02:55:02      30        0.503        0.524       0.797       0.856   0.00778      *
2025-05-25 02:55:04      31        0.501        0.529       0.785       0.848   0.00770       
2025-05-25 02:55:05      32        0.498        0.534       0.803       0.858   0.00762       
2025-05-25 02:55:07      33        0.495        0.521       0.795       0.852   0.00755      *
2025-05-25 02:55:09      34        0.492        0.519       0.805       0.861   0.00747      *
2025-05-25 02:55:10      35        0.491        0.521       0.803       0.859   0.00740       
2025-05-25 02:55:12      36        0.488        0.516       0.795       0.851   0.00732      *
2025-05-25 02:55:13      37        0.485        0.515       0.803       0.858   0.00725      *
2025-05-25 02:55:15      38        0.483        0.509       0.797       0.853   0.00718      *
2025-05-25 02:55:16      39        0.482        0.508       0.800       0.857   0.00711      *
2025-05-25 02:55:18      40        0.480        0.504       0.795       0.850   0.00703      *
2025-05-25 02:55:20      41        0.479        0.506       0.803       0.859   0.00696       
2025-05-25 02:55:21      42        0.477        0.506       0.803       0.858   0.00689       
2025-05-25 02:55:23      43        0.475        0.501       0.803       0.854   0.00683      *
2025-05-25 02:55:24      44        0.475        0.509       0.805       0.860   0.00676       
2025-05-25 02:55:26      45        0.472        0.499       0.805       0.856   0.00669      *
2025-05-25 02:55:28      46        0.471        0.491       0.800       0.849   0.00662      *
2025-05-25 02:55:29      47        0.470        0.492       0.800       0.850   0.00656       
2025-05-25 02:55:31      48        0.469        0.501       0.805       0.858   0.00649       
2025-05-25 02:55:33      49        0.467        0.492       0.805       0.856   0.00643       
2025-05-25 02:55:34      50        0.467        0.488       0.808       0.858   0.00636      *
2025-05-25 02:55:36      51        0.466        0.488       0.808       0.854   0.00630       
2025-05-25 02:55:37      52        0.466        0.495       0.800       0.856   0.00624       
2025-05-25 02:55:39      53        0.463        0.489       0.805       0.857   0.00617       
2025-05-25 02:55:41      54        0.463        0.484       0.810       0.859   0.00611      *
2025-05-25 02:55:42      55        0.462        0.485       0.808       0.858   0.00605       
2025-05-25 02:55:44      56        0.461        0.488       0.805       0.857   0.00599       
2025-05-25 02:55:45      57        0.460        0.489       0.810       0.861   0.00593       
2025-05-25 02:55:47      58        0.459        0.484       0.810       0.861   0.00587       
2025-05-25 02:55:48      59        0.458        0.479       0.810       0.860   0.00581      *
2025-05-25 02:55:50      60        0.458        0.483       0.810       0.861   0.00575       
2025-05-25 02:55:51      61        0.457        0.478       0.821       0.865   0.00570      *
2025-05-25 02:55:53      62        0.456        0.486       0.810       0.861   0.00564       
2025-05-25 02:55:55      63        0.455        0.483       0.813       0.863   0.00558       
2025-05-25 02:55:56      64        0.455        0.479       0.818       0.865   0.00553       
2025-05-25 02:55:58      65        0.454        0.476       0.818       0.865   0.00547      *
2025-05-25 02:55:59      66        0.456        0.487       0.797       0.854   0.00542       
2025-05-25 02:56:01      67        0.453        0.473       0.826       0.870   0.00536      *
2025-05-25 02:56:03      68        0.452        0.477       0.815       0.864   0.00531       
2025-05-25 02:56:04      69        0.452        0.473       0.826       0.870   0.00526       
2025-05-25 02:56:06      70        0.452        0.478       0.821       0.867   0.00520       
2025-05-25 02:56:08      71        0.451        0.478       0.815       0.864   0.00515       
2025-05-25 02:56:09      72        0.450        0.474       0.828       0.872   0.00510       
2025-05-25 02:56:11      73        0.450        0.475       0.826       0.871   0.00505       
2025-05-25 02:56:12      74        0.449        0.473       0.828       0.872   0.00500       
2025-05-25 02:56:14      75        0.449        0.474       0.826       0.871   0.00495       
2025-05-25 02:56:16      76        0.448        0.473       0.826       0.871   0.00490       
2025-05-25 02:56:18      77        0.449        0.464       0.813       0.857   0.00485      *
2025-05-25 02:56:19      78        0.449        0.474       0.818       0.866   0.00480       
2025-05-25 02:56:21      79        0.448        0.467       0.828       0.872   0.00475       
2025-05-25 02:56:23      80        0.447        0.466       0.831       0.874   0.00471       
2025-05-25 02:56:24      81        0.447        0.468       0.831       0.874   0.00466       
2025-05-25 02:56:26      82        0.447        0.464       0.826       0.870   0.00461       
2025-05-25 02:56:28      83        0.446        0.472       0.826       0.871   0.00457       
2025-05-25 02:56:29      84        0.446        0.464       0.821       0.863   0.00452       
2025-05-25 02:56:31      85        0.446        0.471       0.828       0.872   0.00448       
2025-05-25 02:56:33      86        0.445        0.472       0.828       0.872   0.00443       
2025-05-25 02:56:34      87        0.444        0.468       0.831       0.874   0.00439       
2025-05-25 02:56:36      88        0.444        0.465       0.828       0.872   0.00434       
2025-05-25 02:56:38      89        0.444        0.464       0.826       0.869   0.00430       
2025-05-25 02:56:40      90        0.443        0.465       0.831       0.874   0.00426       
2025-05-25 02:56:41      91        0.443        0.465       0.831       0.874   0.00421       
2025-05-25 02:56:43      92        0.443        0.470       0.826       0.871   0.00417       
2025-05-25 02:56:45      93        0.442        0.467       0.831       0.874   0.00413       
2025-05-25 02:56:46      94        0.443        0.459       0.821       0.863   0.00409      *
2025-05-25 02:56:48      95        0.442        0.465       0.831       0.874   0.00405       
2025-05-25 02:56:50      96        0.442        0.465       0.831       0.874   0.00401       
2025-05-25 02:56:51      97        0.442        0.468       0.828       0.872   0.00397       
2025-05-25 02:56:53      98        0.441        0.461       0.831       0.874   0.00393       
2025-05-25 02:56:54      99        0.442        0.468       0.828       0.872   0.00389       
2025-05-25 02:56:56     100        0.441        0.470       0.828       0.872   0.00385       
2025-05-25 02:56:58     101        0.441        0.458       0.823       0.865   0.00381      *
2025-05-25 02:56:59     102        0.440        0.464       0.831       0.874   0.00377       
2025-05-25 02:57:01     103        0.440        0.466       0.833       0.876   0.00373       
2025-05-25 02:57:02     104        0.439        0.461       0.833       0.875   0.00370       
2025-05-25 02:57:04     105        0.439        0.462       0.836       0.877   0.00366       
2025-05-25 02:57:05     106        0.439        0.461       0.833       0.875   0.00362       
2025-05-25 02:57:07     107        0.438        0.462       0.836       0.877   0.00359       
2025-05-25 02:57:09     108        0.438        0.464       0.833       0.876   0.00355       
2025-05-25 02:57:10     109        0.438        0.458       0.828       0.869   0.00352      *
2025-05-25 02:57:12     110        0.438        0.459       0.836       0.877   0.00348       
2025-05-25 02:57:13     111        0.437        0.459       0.836       0.877   0.00345       
2025-05-25 02:57:15     112        0.437        0.455       0.833       0.875   0.00341      *
2025-05-25 02:57:17     113        0.437        0.454       0.831       0.874   0.00338      *
2025-05-25 02:57:18     114        0.437        0.459       0.831       0.874   0.00334       
2025-05-25 02:57:20     115        0.437        0.457       0.831       0.874   0.00331       
2025-05-25 02:57:21     116        0.437        0.462       0.831       0.874   0.00328       
2025-05-25 02:57:23     117        0.437        0.458       0.836       0.877   0.00324       
2025-05-25 02:57:24     118        0.437        0.462       0.836       0.877   0.00321       
2025-05-25 02:57:26     119        0.436        0.459       0.836       0.877   0.00318       
2025-05-25 02:57:28     120        0.436        0.459       0.838       0.879   0.00315       
2025-05-25 02:57:29     121        0.437        0.465       0.826       0.871   0.00312       
2025-05-25 02:57:31     122        0.436        0.453       0.826       0.866   0.00309      *
2025-05-25 02:57:32     123        0.435        0.458       0.838       0.879   0.00305       
2025-05-25 02:57:34     124        0.435        0.458       0.836       0.877   0.00302       
2025-05-25 02:57:35     125        0.435        0.461       0.836       0.877   0.00299       
2025-05-25 02:57:37     126        0.436        0.458       0.821       0.860   0.00296       
2025-05-25 02:57:39     127        0.435        0.457       0.836       0.877   0.00293       
2025-05-25 02:57:40     128        0.434        0.454       0.838       0.879   0.00290       
2025-05-25 02:57:42     129        0.435        0.463       0.828       0.872   0.00288       
2025-05-25 02:57:43     130        0.435        0.465       0.828       0.872   0.00285       
2025-05-25 02:57:45     131        0.434        0.461       0.838       0.879   0.00282       
2025-05-25 02:57:47     132        0.434        0.455       0.836       0.876   0.00279       
2025-05-25 02:57:48     133        0.434        0.458       0.836       0.877   0.00276       
2025-05-25 02:57:50     134        0.434        0.459       0.836       0.877   0.00273       
2025-05-25 02:57:51     135        0.434        0.464       0.828       0.872   0.00271       
2025-05-25 02:57:53     136        0.434        0.463       0.836       0.877   0.00268       
2025-05-25 02:57:54     137        0.434        0.462       0.838       0.879   0.00265       
2025-05-25 02:57:56     138        0.433        0.455       0.836       0.875   0.00263       
2025-05-25 02:57:58     139        0.434        0.461       0.833       0.876   0.00260       
2025-05-25 02:57:59     140        0.433        0.456       0.838       0.879   0.00257       
2025-05-25 02:58:01     141        0.433        0.454       0.836       0.876   0.00255       
2025-05-25 02:58:02     142        0.433        0.458       0.836       0.877   0.00252       
2025-05-25 02:58:02   --- Training ended ---
2025-05-25 02:58:02   Number of model parameters: 1537
2025-05-25 02:58:02   Training time: 0:03:55
2025-05-25 02:58:02   Best epoch: 122
2025-05-25 02:58:02   Best valid loss: 0.453
2025-05-25 02:58:02   Best valid accuracy (macro): 0.826
2025-05-25 02:58:02   Best F1 score: 0.866
