2025-05-25 03:04:25   --- Hyperparameters ---
2025-05-25 03:04:25   model = DenseSiteNet(
2025-05-25 03:04:25     (dense_layer1): Sequential(
2025-05-25 03:04:25       (0): Linear(in_features=106722, out_features=100, bias=True)
2025-05-25 03:04:25       (1): ReLU()
2025-05-25 03:04:25       (2): Dropout(p=0.2, inplace=False)
2025-05-25 03:04:25     )
2025-05-25 03:04:25     (dense_layer2): Linear(in_features=100, out_features=1, bias=True)
2025-05-25 03:04:25   )
2025-05-25 03:04:25   split_proportion = 0.9
2025-05-25 03:04:25   batch_pad_sequences = False
2025-05-25 03:04:25   learning_rate = 0.01
2025-05-25 03:04:25   batch_size = 64
2025-05-25 03:04:25   max_epochs = 500
2025-05-25 03:04:25   early_stopping_patience = 20
2025-05-25 03:04:25   --- Creating loaders ---
2025-05-25 03:04:25   --- nvidia-smi output ---
2025-05-25 03:04:25   nvidia-smi cannot be run: Command 'nvidia-smi' returned non-zero exit status 18.
2025-05-25 03:04:25   --- Training start ---
2025-05-25 03:04:25   Start training using cuda device.
2025-05-25 03:04:25   Number of model parameters: 10672401.
2025-05-25 03:04:25   Epoch   Train loss   Valid loss   Valid acc    F1-score        Lr   Best
2025-05-25 03:04:25   ------------------------------------------------------------------------
2025-05-25 03:04:27       1        0.702        0.703       0.372       0.000   0.00000      *
2025-05-25 03:04:28       2        0.333        0.536       0.741       0.810   0.00250      *
2025-05-25 03:04:30       3        0.205        0.500       0.762       0.797   0.00500      *
2025-05-25 03:04:31       4        0.108        0.616       0.767       0.811   0.00750       
2025-05-25 03:04:32       5        0.095        0.882       0.721       0.753   0.01000       
2025-05-25 03:04:34       6        0.038        1.040       0.721       0.772   0.00990       
2025-05-25 03:04:35       7        0.028        1.140       0.726       0.756   0.00980       
2025-05-25 03:04:36       8        0.009        1.268       0.751       0.790   0.00970       
2025-05-25 03:04:38       9        0.005        1.283       0.738       0.785   0.00961       
2025-05-25 03:04:39      10        0.003        1.350       0.744       0.784   0.00951       
2025-05-25 03:04:40      11        0.002        1.440       0.744       0.784   0.00941       
2025-05-25 03:04:42      12        0.002        1.513       0.733       0.770   0.00932       
2025-05-25 03:04:43      13        0.001        1.519       0.754       0.795   0.00923       
2025-05-25 03:04:44      14        0.001        1.522       0.756       0.800   0.00914       
2025-05-25 03:04:46      15        0.001        1.566       0.751       0.792   0.00904       
2025-05-25 03:04:47      16        0.001        1.537       0.746       0.793   0.00895       
2025-05-25 03:04:48      17        0.001        1.562       0.744       0.787   0.00886       
2025-05-25 03:04:50      18        0.008        1.844       0.759       0.796   0.00878       
2025-05-25 03:04:51      19        0.007        1.393       0.754       0.802   0.00869       
2025-05-25 03:04:52      20        0.010        1.552       0.749       0.786   0.00860       
2025-05-25 03:04:53      21        0.006        1.361       0.749       0.792   0.00851       
2025-05-25 03:04:55      22        0.003        1.503       0.767       0.809   0.00843       
2025-05-25 03:04:56      23        0.002        1.530       0.746       0.787   0.00835       
2025-05-25 03:04:56   --- Training ended ---
2025-05-25 03:04:56   Number of model parameters: 10672401
2025-05-25 03:04:56   Training time: 0:00:31
2025-05-25 03:04:56   Best epoch: 3
2025-05-25 03:04:56   Best valid loss: 0.500
2025-05-25 03:04:56   Best valid accuracy (macro): 0.762
2025-05-25 03:04:56   Best F1 score: 0.797
