2025-05-25 04:26:19   --- Hyperparameters ---
2025-05-25 04:26:19   model = DenseMsaNet(
2025-05-25 04:26:19     (dense_layer1): Sequential(
2025-05-25 04:26:19       (0): Linear(in_features=22, out_features=100, bias=True)
2025-05-25 04:26:19       (1): ReLU()
2025-05-25 04:26:19       (2): Dropout(p=0.2, inplace=False)
2025-05-25 04:26:19     )
2025-05-25 04:26:19     (dense_layer2): Linear(in_features=100, out_features=1, bias=True)
2025-05-25 04:26:19   )
2025-05-25 04:26:19   split_proportion = 0.9
2025-05-25 04:26:19   batch_pad_sequences = False
2025-05-25 04:26:19   learning_rate = 0.01
2025-05-25 04:26:19   batch_size = 64
2025-05-25 04:26:19   max_epochs = 500
2025-05-25 04:26:19   early_stopping_patience = 20
2025-05-25 04:26:19   --- Creating loaders ---
2025-05-25 04:26:19   --- nvidia-smi output ---
2025-05-25 04:26:19   nvidia-smi cannot be run: Command 'nvidia-smi' returned non-zero exit status 18.
2025-05-25 04:26:19   --- Training start ---
2025-05-25 04:26:19   Start training using cuda device.
2025-05-25 04:26:19   Number of model parameters: 2401.
2025-05-25 04:26:19   Epoch   Train loss   Valid loss   Valid acc    F1-score        Lr   Best
2025-05-25 04:26:19   ------------------------------------------------------------------------
2025-05-25 04:26:21       1        0.702        0.703       0.372       0.000   0.00000      *
2025-05-25 04:26:21       2        0.653        0.646       0.751       0.779   0.00250      *
2025-05-25 04:26:22       3        0.573        0.558       0.723       0.813   0.00500      *
2025-05-25 04:26:22       4        0.487        0.453       0.787       0.844   0.00750      *
2025-05-25 04:26:22       5        0.461        0.420       0.813       0.857   0.01000      *
2025-05-25 04:26:23       6        0.468        0.422       0.813       0.848   0.00990       
2025-05-25 04:26:23       7        0.455        0.414       0.826       0.867   0.00980      *
2025-05-25 04:26:23       8        0.461        0.419       0.831       0.865   0.00970       
2025-05-25 04:26:24       9        0.459        0.421       0.808       0.858   0.00961       
2025-05-25 04:26:24      10        0.463        0.426       0.797       0.852   0.00951       
2025-05-25 04:26:24      11        0.461        0.413       0.823       0.857   0.00941      *
2025-05-25 04:26:25      12        0.449        0.408       0.821       0.863   0.00932      *
2025-05-25 04:26:25      13        0.449        0.402       0.828       0.866   0.00923      *
2025-05-25 04:26:25      14        0.450        0.411       0.813       0.860   0.00914       
2025-05-25 04:26:26      15        0.447        0.404       0.833       0.869   0.00904       
2025-05-25 04:26:26      16        0.467        0.418       0.821       0.852   0.00895       
2025-05-25 04:26:27      17        0.442        0.402       0.823       0.865   0.00886      *
2025-05-25 04:26:27      18        0.440        0.399       0.828       0.867   0.00878      *
2025-05-25 04:26:27      19        0.446        0.396       0.838       0.871   0.00869      *
2025-05-25 04:26:28      20        0.438        0.394       0.828       0.866   0.00860      *
2025-05-25 04:26:28      21        0.437        0.397       0.818       0.863   0.00851       
2025-05-25 04:26:28      22        0.436        0.395       0.826       0.864   0.00843       
2025-05-25 04:26:29      23        0.436        0.400       0.815       0.860   0.00835       
2025-05-25 04:26:29      24        0.441        0.401       0.838       0.870   0.00826       
2025-05-25 04:26:29      25        0.433        0.394       0.826       0.864   0.00818      *
2025-05-25 04:26:30      26        0.437        0.395       0.836       0.868   0.00810       
2025-05-25 04:26:30      27        0.433        0.399       0.808       0.855   0.00802       
2025-05-25 04:26:30      28        0.428        0.393       0.818       0.861   0.00794      *
2025-05-25 04:26:31      29        0.451        0.413       0.828       0.857   0.00786       
2025-05-25 04:26:31      30        0.429        0.396       0.815       0.860   0.00778       
2025-05-25 04:26:31      31        0.427        0.390       0.828       0.866   0.00770      *
2025-05-25 04:26:32      32        0.434        0.394       0.826       0.862   0.00762       
2025-05-25 04:26:32      33        0.424        0.389       0.821       0.861   0.00755      *
2025-05-25 04:26:32      34        0.425        0.386       0.823       0.861   0.00747      *
2025-05-25 04:26:33      35        0.430        0.402       0.808       0.858   0.00740       
2025-05-25 04:26:33      36        0.425        0.391       0.831       0.864   0.00732       
2025-05-25 04:26:33      37        0.420        0.385       0.838       0.874   0.00725      *
2025-05-25 04:26:34      38        0.425        0.390       0.841       0.873   0.00718       
2025-05-25 04:26:34      39        0.421        0.387       0.828       0.868   0.00711       
2025-05-25 04:26:34      40        0.419        0.381       0.833       0.869   0.00703      *
2025-05-25 04:26:34      41        0.418        0.388       0.815       0.858   0.00696       
2025-05-25 04:26:35      42        0.420        0.387       0.836       0.867   0.00689       
2025-05-25 04:26:35      43        0.417        0.384       0.823       0.865   0.00683       
2025-05-25 04:26:35      44        0.419        0.385       0.833       0.865   0.00676       
2025-05-25 04:26:35      45        0.422        0.389       0.841       0.870   0.00669       
2025-05-25 04:26:35      46        0.414        0.385       0.823       0.864   0.00662       
2025-05-25 04:26:36      47        0.418        0.390       0.838       0.872   0.00656       
2025-05-25 04:26:36      48        0.413        0.388       0.818       0.858   0.00649       
2025-05-25 04:26:36      49        0.413        0.389       0.833       0.868   0.00643       
2025-05-25 04:26:36      50        0.411        0.381       0.823       0.862   0.00636      *
2025-05-25 04:26:37      51        0.416        0.398       0.805       0.855   0.00630       
2025-05-25 04:26:37      52        0.411        0.381       0.828       0.865   0.00624      *
2025-05-25 04:26:37      53        0.410        0.380       0.826       0.864   0.00617      *
2025-05-25 04:26:37      54        0.410        0.384       0.828       0.867   0.00611       
2025-05-25 04:26:38      55        0.412        0.390       0.815       0.861   0.00605       
2025-05-25 04:26:38      56        0.414        0.391       0.813       0.859   0.00599       
2025-05-25 04:26:38      57        0.409        0.382       0.836       0.870   0.00593       
2025-05-25 04:26:38      58        0.408        0.386       0.818       0.860   0.00587       
2025-05-25 04:26:39      59        0.407        0.382       0.831       0.868   0.00581       
2025-05-25 04:26:39      60        0.406        0.383       0.828       0.867   0.00575       
2025-05-25 04:26:39      61        0.406        0.387       0.813       0.858   0.00570       
2025-05-25 04:26:39      62        0.409        0.387       0.815       0.859   0.00564       
2025-05-25 04:26:40      63        0.405        0.384       0.826       0.865   0.00558       
2025-05-25 04:26:40      64        0.409        0.390       0.815       0.861   0.00553       
2025-05-25 04:26:40      65        0.408        0.391       0.813       0.860   0.00547       
2025-05-25 04:26:40      66        0.405        0.385       0.826       0.866   0.00542       
2025-05-25 04:26:40      67        0.407        0.387       0.836       0.868   0.00536       
2025-05-25 04:26:41      68        0.403        0.384       0.823       0.862   0.00531       
2025-05-25 04:26:41      69        0.402        0.381       0.833       0.869   0.00526       
2025-05-25 04:26:41      70        0.405        0.384       0.836       0.869   0.00520       
2025-05-25 04:26:41      71        0.402        0.384       0.828       0.866   0.00515       
2025-05-25 04:26:42      72        0.405        0.393       0.808       0.855   0.00510       
2025-05-25 04:26:42      73        0.419        0.395       0.828       0.859   0.00505       
2025-05-25 04:26:42   --- Training ended ---
2025-05-25 04:26:42   Number of model parameters: 2401
2025-05-25 04:26:42   Training time: 0:00:23
2025-05-25 04:26:42   Best epoch: 53
2025-05-25 04:26:42   Best valid loss: 0.380
2025-05-25 04:26:42   Best valid accuracy (macro): 0.826
2025-05-25 04:26:42   Best F1 score: 0.864
