2025-05-24 21:03:37   --- Hyperparameters ---
2025-05-24 21:03:37   model = DenseMsaNet(
2025-05-24 21:03:37     (dense_layer1): Sequential(
2025-05-24 21:03:37       (0): Linear(in_features=22, out_features=100, bias=True)
2025-05-24 21:03:37       (1): ReLU()
2025-05-24 21:03:37       (2): Dropout(p=0.2, inplace=False)
2025-05-24 21:03:37     )
2025-05-24 21:03:37     (dense_layer2): Linear(in_features=100, out_features=1, bias=True)
2025-05-24 21:03:37   )
2025-05-24 21:03:37   split_proportion = 0.9
2025-05-24 21:03:37   batch_pad_sequences = False
2025-05-24 21:03:37   learning_rate = 0.01
2025-05-24 21:03:37   batch_size = 64
2025-05-24 21:03:37   max_epochs = 500
2025-05-24 21:03:37   early_stopping_patience = 20
2025-05-24 21:03:37   --- Creating loaders ---
2025-05-24 21:03:38   --- nvidia-smi output ---
2025-05-24 21:03:38   nvidia-smi cannot be run: Command 'nvidia-smi' returned non-zero exit status 18.
2025-05-24 21:03:38   --- Training start ---
2025-05-24 21:03:38   Start training using cuda device.
2025-05-24 21:03:38   Number of model parameters: 2401.
2025-05-24 21:03:38   Epoch   Train loss   Valid loss   Valid acc    F1-score        Lr   Best
2025-05-24 21:03:38   ------------------------------------------------------------------------
2025-05-24 21:03:39       1        0.700        0.700       0.372       0.000   0.00000      *
2025-05-24 21:03:40       2        0.653        0.647       0.503       0.366   0.00250      *
2025-05-24 21:03:40       3        0.569        0.557       0.733       0.816   0.00500      *
2025-05-24 21:03:40       4        0.482        0.456       0.803       0.850   0.00750      *
2025-05-24 21:03:41       5        0.469        0.438       0.797       0.838   0.01000      *
2025-05-24 21:03:41       6        0.468        0.442       0.792       0.848   0.00990       
2025-05-24 21:03:41       7        0.470        0.437       0.800       0.835   0.00980      *
2025-05-24 21:03:42       8        0.455        0.425       0.815       0.857   0.00970      *
2025-05-24 21:03:42       9        0.457        0.431       0.808       0.855   0.00961       
2025-05-24 21:03:43      10        0.452        0.424       0.815       0.857   0.00951      *
2025-05-24 21:03:43      11        0.450        0.423       0.821       0.860   0.00941      *
2025-05-24 21:03:43      12        0.450        0.423       0.823       0.865   0.00932       
2025-05-24 21:03:44      13        0.448        0.421       0.818       0.857   0.00923      *
2025-05-24 21:03:44      14        0.451        0.425       0.821       0.855   0.00914       
2025-05-24 21:03:44      15        0.444        0.423       0.821       0.864   0.00904       
2025-05-24 21:03:45      16        0.440        0.416       0.826       0.865   0.00895      *
2025-05-24 21:03:45      17        0.440        0.418       0.821       0.864   0.00886       
2025-05-24 21:03:45      18        0.437        0.415       0.823       0.865   0.00878      *
2025-05-24 21:03:45      19        0.437        0.414       0.813       0.851   0.00869      *
2025-05-24 21:03:46      20        0.435        0.414       0.815       0.856   0.00860       
2025-05-24 21:03:46      21        0.432        0.413       0.823       0.864   0.00851      *
2025-05-24 21:03:46      22        0.435        0.417       0.813       0.860   0.00843       
2025-05-24 21:03:47      23        0.430        0.412       0.826       0.865   0.00835      *
2025-05-24 21:03:47      24        0.435        0.414       0.821       0.854   0.00826       
2025-05-24 21:03:47      25        0.430        0.415       0.828       0.869   0.00818       
2025-05-24 21:03:48      26        0.440        0.418       0.818       0.849   0.00810       
2025-05-24 21:03:48      27        0.429        0.410       0.815       0.861   0.00802      *
2025-05-24 21:03:48      28        0.426        0.411       0.821       0.856   0.00794       
2025-05-24 21:03:49      29        0.422        0.408       0.821       0.860   0.00786      *
2025-05-24 21:03:49      30        0.423        0.407       0.821       0.862   0.00778      *
2025-05-24 21:03:50      31        0.423        0.410       0.831       0.872   0.00770       
2025-05-24 21:03:50      32        0.421        0.410       0.818       0.855   0.00762       
2025-05-24 21:03:50      33        0.418        0.409       0.823       0.862   0.00755       
2025-05-24 21:03:51      34        0.417        0.409       0.823       0.865   0.00747       
2025-05-24 21:03:51      35        0.417        0.408       0.828       0.869   0.00740       
2025-05-24 21:03:51      36        0.419        0.415       0.823       0.867   0.00732       
2025-05-24 21:03:52      37        0.417        0.408       0.828       0.870   0.00725       
2025-05-24 21:03:52      38        0.415        0.408       0.818       0.855   0.00718       
2025-05-24 21:03:52      39        0.412        0.410       0.823       0.863   0.00711       
2025-05-24 21:03:52      40        0.413        0.410       0.833       0.873   0.00703       
2025-05-24 21:03:53      41        0.412        0.405       0.831       0.871   0.00696      *
2025-05-24 21:03:53      42        0.420        0.416       0.823       0.868   0.00689       
2025-05-24 21:03:54      43        0.410        0.403       0.828       0.866   0.00683      *
2025-05-24 21:03:54      44        0.413        0.410       0.818       0.853   0.00676       
2025-05-24 21:03:54      45        0.415        0.408       0.821       0.854   0.00669       
2025-05-24 21:03:55      46        0.409        0.404       0.833       0.873   0.00662       
2025-05-24 21:03:55      47        0.412        0.407       0.823       0.857   0.00656       
2025-05-24 21:03:55      48        0.407        0.409       0.828       0.866   0.00649       
2025-05-24 21:03:56      49        0.408        0.410       0.826       0.867   0.00643       
2025-05-24 21:03:56      50        0.407        0.405       0.833       0.873   0.00636       
2025-05-24 21:03:56      51        0.405        0.407       0.831       0.870   0.00630       
2025-05-24 21:03:57      52        0.403        0.403       0.828       0.866   0.00624      *
2025-05-24 21:03:57      53        0.408        0.412       0.831       0.872   0.00617       
2025-05-24 21:03:57      54        0.408        0.410       0.815       0.849   0.00611       
2025-05-24 21:03:58      55        0.403        0.407       0.833       0.867   0.00605       
2025-05-24 21:03:58      56        0.401        0.402       0.833       0.870   0.00599      *
2025-05-24 21:03:58      57        0.405        0.411       0.828       0.868   0.00593       
2025-05-24 21:03:59      58        0.405        0.413       0.818       0.864   0.00587       
2025-05-24 21:03:59      59        0.408        0.411       0.821       0.852   0.00581       
2025-05-24 21:03:59      60        0.404        0.414       0.821       0.864   0.00575       
2025-05-24 21:04:00      61        0.411        0.416       0.813       0.860   0.00570       
2025-05-24 21:04:00      62        0.398        0.405       0.833       0.870   0.00564       
2025-05-24 21:04:00      63        0.398        0.402       0.833       0.870   0.00558      *
2025-05-24 21:04:01      64        0.404        0.408       0.815       0.849   0.00553       
2025-05-24 21:04:01      65        0.401        0.409       0.815       0.849   0.00547       
2025-05-24 21:04:01      66        0.401        0.408       0.826       0.858   0.00542       
2025-05-24 21:04:02      67        0.397        0.407       0.828       0.866   0.00536       
2025-05-24 21:04:02      68        0.398        0.408       0.826       0.867   0.00531       
2025-05-24 21:04:02      69        0.395        0.403       0.844       0.879   0.00526       
2025-05-24 21:04:02      70        0.394        0.402       0.833       0.870   0.00520       
2025-05-24 21:04:03      71        0.394        0.405       0.828       0.865   0.00515       
2025-05-24 21:04:03      72        0.411        0.417       0.808       0.838   0.00510       
2025-05-24 21:04:03      73        0.397        0.408       0.826       0.868   0.00505       
2025-05-24 21:04:04      74        0.393        0.409       0.826       0.866   0.00500       
2025-05-24 21:04:04      75        0.394        0.406       0.828       0.862   0.00495       
2025-05-24 21:04:05      76        0.392        0.407       0.823       0.863   0.00490       
2025-05-24 21:04:05      77        0.393        0.408       0.836       0.873   0.00485       
2025-05-24 21:04:05      78        0.395        0.407       0.826       0.867   0.00480       
2025-05-24 21:04:06      79        0.390        0.404       0.826       0.862   0.00475       
2025-05-24 21:04:06      80        0.392        0.408       0.833       0.871   0.00471       
2025-05-24 21:04:06      81        0.391        0.403       0.833       0.871   0.00466       
2025-05-24 21:04:07      82        0.389        0.406       0.826       0.862   0.00461       
2025-05-24 21:04:07      83        0.388        0.406       0.823       0.861   0.00457       
2025-05-24 21:04:07   --- Training ended ---
2025-05-24 21:04:07   Number of model parameters: 2401
2025-05-24 21:04:07   Training time: 0:00:29
2025-05-24 21:04:07   Best epoch: 63
2025-05-24 21:04:07   Best valid loss: 0.402
2025-05-24 21:04:07   Best valid accuracy (macro): 0.833
2025-05-24 21:04:07   Best F1 score: 0.870
