2025-05-24 20:52:25   --- Hyperparameters ---
2025-05-24 20:52:25   model = AAConvNet(
2025-05-24 20:52:25     (conv_layer): Sequential(
2025-05-24 20:52:25       (0): Conv1d(22, 64, kernel_size=(1,), stride=(1,))
2025-05-24 20:52:25       (1): ReLU()
2025-05-24 20:52:25       (2): AvgPool1d(kernel_size=(4851,), stride=(4851,), padding=(0,))
2025-05-24 20:52:25       (3): Dropout(p=0.2, inplace=False)
2025-05-24 20:52:25     )
2025-05-24 20:52:25     (dense_layer): Linear(in_features=64, out_features=1, bias=True)
2025-05-24 20:52:25   )
2025-05-24 20:52:25   split_proportion = 0.9
2025-05-24 20:52:25   batch_pad_sequences = False
2025-05-24 20:52:25   learning_rate = 0.01
2025-05-24 20:52:25   batch_size = 64
2025-05-24 20:52:25   max_epochs = 500
2025-05-24 20:52:25   early_stopping_patience = 20
2025-05-24 20:52:25   --- Creating loaders ---
2025-05-24 20:52:25   --- nvidia-smi output ---
2025-05-24 20:52:25   nvidia-smi cannot be run: Command 'nvidia-smi' returned non-zero exit status 18.
2025-05-24 20:52:25   --- Training start ---
2025-05-24 20:52:25   Start training using cuda device.
2025-05-24 20:52:25   Number of model parameters: 1537.
2025-05-24 20:52:25   Epoch   Train loss   Valid loss   Valid acc    F1-score        Lr   Best
2025-05-24 20:52:25   ------------------------------------------------------------------------
2025-05-24 20:52:28       1        0.679        0.677       0.372       0.000   0.00000      *
2025-05-24 20:52:29       2        0.666        0.661       0.372       0.000   0.00250      *
2025-05-24 20:52:30       3        0.666        0.660       0.369       0.000   0.00500      *
2025-05-24 20:52:31       4        0.666        0.662       0.372       0.000   0.00750       
2025-05-24 20:52:33       5        0.660        0.653       0.728       0.748   0.01000      *
2025-05-24 20:52:34       6        0.661        0.651       0.633       0.774   0.00990      *
2025-05-24 20:52:35       7        0.650        0.644       0.603       0.721   0.00980      *
2025-05-24 20:52:37       8        0.631        0.623       0.664       0.757   0.00970      *
2025-05-24 20:52:39       9        0.619        0.610       0.679       0.794   0.00961      *
2025-05-24 20:52:40      10        0.603        0.596       0.659       0.785   0.00951      *
2025-05-24 20:52:42      11        0.590        0.585       0.695       0.803   0.00941      *
2025-05-24 20:52:43      12        0.580        0.571       0.756       0.835   0.00932      *
2025-05-24 20:52:44      13        0.568        0.561       0.726       0.818   0.00923      *
2025-05-24 20:52:46      14        0.564        0.567       0.695       0.805   0.00914       
2025-05-24 20:52:47      15        0.550        0.546       0.769       0.844   0.00904      *
2025-05-24 20:52:48      16        0.544        0.535       0.787       0.851   0.00895      *
2025-05-24 20:52:50      17        0.536        0.526       0.785       0.852   0.00886      *
2025-05-24 20:52:51      18        0.529        0.519       0.785       0.851   0.00878      *
2025-05-24 20:52:52      19        0.524        0.520       0.787       0.853   0.00869       
2025-05-24 20:52:54      20        0.517        0.510       0.797       0.859   0.00860      *
2025-05-24 20:52:55      21        0.512        0.507       0.803       0.862   0.00851      *
2025-05-24 20:52:56      22        0.510        0.512       0.787       0.853   0.00843       
2025-05-24 20:52:58      23        0.505        0.505       0.813       0.868   0.00835      *
2025-05-24 20:52:59      24        0.501        0.494       0.810       0.866   0.00826      *
2025-05-24 20:53:00      25        0.497        0.485       0.818       0.871   0.00818      *
2025-05-24 20:53:02      26        0.494        0.480       0.826       0.874   0.00810      *
2025-05-24 20:53:03      27        0.494        0.479       0.823       0.868   0.00802      *
2025-05-24 20:53:04      28        0.489        0.482       0.826       0.875   0.00794       
2025-05-24 20:53:06      29        0.487        0.486       0.821       0.873   0.00786       
2025-05-24 20:53:07      30        0.484        0.478       0.826       0.875   0.00778      *
2025-05-24 20:53:08      31        0.481        0.474       0.821       0.870   0.00770      *
2025-05-24 20:53:10      32        0.479        0.472       0.826       0.875   0.00762      *
2025-05-24 20:53:11      33        0.477        0.469       0.823       0.872   0.00755      *
2025-05-24 20:53:13      34        0.475        0.461       0.821       0.868   0.00747      *
2025-05-24 20:53:14      35        0.473        0.461       0.823       0.871   0.00740       
2025-05-24 20:53:16      36        0.471        0.463       0.823       0.871   0.00732       
2025-05-24 20:53:18      37        0.470        0.466       0.821       0.870   0.00725       
2025-05-24 20:53:19      38        0.468        0.459       0.823       0.871   0.00718      *
2025-05-24 20:53:21      39        0.467        0.453       0.828       0.873   0.00711      *
2025-05-24 20:53:22      40        0.465        0.454       0.828       0.875   0.00703       
2025-05-24 20:53:23      41        0.464        0.452       0.828       0.875   0.00696      *
2025-05-24 20:53:25      42        0.462        0.450       0.828       0.874   0.00689      *
2025-05-24 20:53:26      43        0.462        0.456       0.831       0.877   0.00683       
2025-05-24 20:53:28      44        0.460        0.450       0.826       0.872   0.00676       
2025-05-24 20:53:29      45        0.460        0.457       0.828       0.875   0.00669       
2025-05-24 20:53:30      46        0.458        0.451       0.828       0.874   0.00662       
2025-05-24 20:53:32      47        0.457        0.452       0.826       0.873   0.00656       
2025-05-24 20:53:34      48        0.456        0.442       0.833       0.877   0.00649      *
2025-05-24 20:53:35      49        0.456        0.457       0.826       0.874   0.00643       
2025-05-24 20:53:36      50        0.455        0.452       0.826       0.873   0.00636       
2025-05-24 20:53:38      51        0.453        0.443       0.846       0.885   0.00630       
2025-05-24 20:53:39      52        0.452        0.447       0.831       0.876   0.00624       
2025-05-24 20:53:41      53        0.452        0.435       0.851       0.888   0.00617      *
2025-05-24 20:53:42      54        0.451        0.436       0.849       0.887   0.00611       
2025-05-24 20:53:43      55        0.451        0.448       0.831       0.876   0.00605       
2025-05-24 20:53:44      56        0.450        0.446       0.831       0.876   0.00599       
2025-05-24 20:53:46      57        0.448        0.441       0.833       0.878   0.00593       
2025-05-24 20:53:47      58        0.447        0.439       0.833       0.878   0.00587       
2025-05-24 20:53:48      59        0.447        0.443       0.833       0.878   0.00581       
2025-05-24 20:53:50      60        0.447        0.444       0.841       0.883   0.00575       
2025-05-24 20:53:51      61        0.445        0.437       0.833       0.878   0.00570       
2025-05-24 20:53:52      62        0.445        0.430       0.856       0.893   0.00564      *
2025-05-24 20:53:53      63        0.444        0.430       0.846       0.886   0.00558       
2025-05-24 20:53:55      64        0.444        0.432       0.841       0.883   0.00553       
2025-05-24 20:53:57      65        0.444        0.439       0.833       0.878   0.00547       
2025-05-24 20:53:58      66        0.443        0.422       0.851       0.888   0.00542      *
2025-05-24 20:53:59      67        0.442        0.427       0.844       0.884   0.00536       
2025-05-24 20:54:01      68        0.442        0.422       0.851       0.889   0.00531       
2025-05-24 20:54:02      69        0.441        0.426       0.849       0.888   0.00526       
2025-05-24 20:54:04      70        0.442        0.438       0.833       0.878   0.00520       
2025-05-24 20:54:05      71        0.440        0.430       0.846       0.886   0.00515       
2025-05-24 20:54:06      72        0.440        0.430       0.844       0.885   0.00510       
2025-05-24 20:54:08      73        0.440        0.430       0.841       0.883   0.00505       
2025-05-24 20:54:09      74        0.439        0.422       0.856       0.893   0.00500       
2025-05-24 20:54:10      75        0.438        0.423       0.854       0.891   0.00495       
2025-05-24 20:54:11      76        0.438        0.425       0.844       0.884   0.00490       
2025-05-24 20:54:13      77        0.438        0.413       0.856       0.892   0.00485      *
2025-05-24 20:54:14      78        0.437        0.417       0.851       0.889   0.00480       
2025-05-24 20:54:16      79        0.438        0.430       0.833       0.879   0.00475       
2025-05-24 20:54:17      80        0.436        0.419       0.849       0.888   0.00471       
2025-05-24 20:54:19      81        0.436        0.414       0.854       0.891   0.00466       
2025-05-24 20:54:20      82        0.436        0.424       0.841       0.883   0.00461       
2025-05-24 20:54:22      83        0.435        0.419       0.851       0.890   0.00457       
2025-05-24 20:54:23      84        0.434        0.415       0.851       0.890   0.00452       
2025-05-24 20:54:25      85        0.434        0.421       0.846       0.886   0.00448       
2025-05-24 20:54:26      86        0.434        0.419       0.851       0.889   0.00443       
2025-05-24 20:54:28      87        0.434        0.426       0.844       0.885   0.00439       
2025-05-24 20:54:29      88        0.433        0.418       0.854       0.891   0.00434       
2025-05-24 20:54:31      89        0.433        0.425       0.849       0.888   0.00430       
2025-05-24 20:54:32      90        0.433        0.418       0.854       0.891   0.00426       
2025-05-24 20:54:34      91        0.433        0.412       0.862       0.896   0.00421      *
2025-05-24 20:54:35      92        0.432        0.417       0.851       0.889   0.00417       
2025-05-24 20:54:37      93        0.432        0.411       0.854       0.891   0.00413      *
2025-05-24 20:54:38      94        0.432        0.418       0.846       0.886   0.00409       
2025-05-24 20:54:39      95        0.431        0.417       0.851       0.890   0.00405       
2025-05-24 20:54:41      96        0.431        0.416       0.851       0.890   0.00401       
2025-05-24 20:54:42      97        0.430        0.413       0.856       0.893   0.00397       
2025-05-24 20:54:44      98        0.430        0.410       0.854       0.891   0.00393      *
2025-05-24 20:54:46      99        0.430        0.413       0.854       0.891   0.00389       
2025-05-24 20:54:47     100        0.430        0.417       0.851       0.890   0.00385       
2025-05-24 20:54:49     101        0.430        0.414       0.854       0.891   0.00381       
2025-05-24 20:54:50     102        0.429        0.411       0.854       0.891   0.00377       
2025-05-24 20:54:52     103        0.429        0.410       0.854       0.891   0.00373      *
2025-05-24 20:54:53     104        0.428        0.408       0.856       0.893   0.00370      *
2025-05-24 20:54:54     105        0.429        0.417       0.851       0.890   0.00366       
2025-05-24 20:54:56     106        0.428        0.415       0.851       0.890   0.00362       
2025-05-24 20:54:57     107        0.429        0.418       0.851       0.890   0.00359       
2025-05-24 20:54:58     108        0.428        0.412       0.854       0.891   0.00355       
2025-05-24 20:55:00     109        0.428        0.417       0.851       0.889   0.00352       
2025-05-24 20:55:02     110        0.427        0.415       0.851       0.889   0.00348       
2025-05-24 20:55:03     111        0.428        0.416       0.851       0.890   0.00345       
2025-05-24 20:55:04     112        0.427        0.411       0.854       0.891   0.00341       
2025-05-24 20:55:06     113        0.426        0.411       0.854       0.891   0.00338       
2025-05-24 20:55:08     114        0.426        0.413       0.851       0.890   0.00334       
2025-05-24 20:55:09     115        0.426        0.409       0.849       0.888   0.00331       
2025-05-24 20:55:11     116        0.427        0.418       0.851       0.890   0.00328       
2025-05-24 20:55:12     117        0.426        0.415       0.851       0.890   0.00324       
2025-05-24 20:55:14     118        0.426        0.416       0.851       0.890   0.00321       
2025-05-24 20:55:16     119        0.425        0.414       0.849       0.888   0.00318       
2025-05-24 20:55:17     120        0.425        0.406       0.862       0.896   0.00315      *
2025-05-24 20:55:19     121        0.425        0.410       0.854       0.891   0.00312       
2025-05-24 20:55:20     122        0.424        0.409       0.854       0.891   0.00309       
2025-05-24 20:55:22     123        0.424        0.410       0.854       0.891   0.00305       
2025-05-24 20:55:23     124        0.424        0.412       0.851       0.890   0.00302       
2025-05-24 20:55:24     125        0.424        0.413       0.851       0.890   0.00299       
2025-05-24 20:55:26     126        0.423        0.408       0.859       0.894   0.00296       
2025-05-24 20:55:27     127        0.423        0.412       0.851       0.889   0.00293       
2025-05-24 20:55:29     128        0.423        0.406       0.862       0.896   0.00290      *
2025-05-24 20:55:30     129        0.423        0.408       0.856       0.893   0.00288       
2025-05-24 20:55:32     130        0.423        0.405       0.859       0.894   0.00285      *
2025-05-24 20:55:34     131        0.423        0.411       0.854       0.891   0.00282       
2025-05-24 20:55:35     132        0.423        0.410       0.851       0.889   0.00279       
2025-05-24 20:55:37     133        0.422        0.409       0.854       0.891   0.00276       
2025-05-24 20:55:38     134        0.422        0.400       0.862       0.896   0.00273      *
2025-05-24 20:55:40     135        0.423        0.414       0.851       0.890   0.00271       
2025-05-24 20:55:42     136        0.422        0.407       0.854       0.891   0.00268       
2025-05-24 20:55:43     137        0.422        0.405       0.859       0.894   0.00265       
2025-05-24 20:55:45     138        0.421        0.405       0.856       0.893   0.00263       
2025-05-24 20:55:46     139        0.421        0.406       0.854       0.891   0.00260       
2025-05-24 20:55:47     140        0.421        0.407       0.854       0.891   0.00257       
2025-05-24 20:55:49     141        0.421        0.400       0.862       0.896   0.00255       
2025-05-24 20:55:51     142        0.421        0.403       0.862       0.897   0.00252       
2025-05-24 20:55:52     143        0.420        0.398       0.859       0.894   0.00250      *
2025-05-24 20:55:53     144        0.420        0.395       0.862       0.896   0.00247      *
2025-05-24 20:55:55     145        0.420        0.393       0.862       0.896   0.00245      *
2025-05-24 20:55:56     146        0.420        0.398       0.862       0.897   0.00242       
2025-05-24 20:55:57     147        0.420        0.405       0.851       0.890   0.00240       
2025-05-24 20:55:59     148        0.420        0.396       0.862       0.896   0.00238       
2025-05-24 20:56:00     149        0.419        0.401       0.859       0.895   0.00235       
2025-05-24 20:56:02     150        0.419        0.393       0.862       0.896   0.00233       
2025-05-24 20:56:03     151        0.419        0.396       0.862       0.897   0.00231       
2025-05-24 20:56:05     152        0.419        0.393       0.862       0.896   0.00228      *
2025-05-24 20:56:06     153        0.419        0.398       0.859       0.895   0.00226       
2025-05-24 20:56:08     154        0.419        0.396       0.862       0.897   0.00224       
2025-05-24 20:56:09     155        0.420        0.409       0.849       0.888   0.00221       
2025-05-24 20:56:11     156        0.418        0.399       0.862       0.897   0.00219       
2025-05-24 20:56:12     157        0.418        0.396       0.862       0.897   0.00217       
2025-05-24 20:56:13     158        0.418        0.397       0.859       0.894   0.00215       
2025-05-24 20:56:15     159        0.418        0.394       0.862       0.897   0.00213       
2025-05-24 20:56:16     160        0.418        0.394       0.862       0.897   0.00211       
2025-05-24 20:56:18     161        0.418        0.398       0.862       0.897   0.00208       
2025-05-24 20:56:19     162        0.418        0.398       0.862       0.897   0.00206       
2025-05-24 20:56:21     163        0.418        0.396       0.862       0.896   0.00204       
2025-05-24 20:56:22     164        0.418        0.399       0.862       0.897   0.00202       
2025-05-24 20:56:23     165        0.417        0.398       0.862       0.897   0.00200       
2025-05-24 20:56:25     166        0.417        0.397       0.862       0.897   0.00198       
2025-05-24 20:56:26     167        0.417        0.392       0.862       0.896   0.00196      *
2025-05-24 20:56:28     168        0.417        0.397       0.862       0.897   0.00194       
2025-05-24 20:56:29     169        0.417        0.401       0.856       0.893   0.00192       
2025-05-24 20:56:30     170        0.417        0.399       0.862       0.897   0.00190       
2025-05-24 20:56:32     171        0.417        0.400       0.859       0.895   0.00189       
2025-05-24 20:56:33     172        0.417        0.399       0.862       0.897   0.00187       
2025-05-24 20:56:35     173        0.416        0.399       0.862       0.897   0.00185       
2025-05-24 20:56:37     174        0.416        0.391       0.867       0.900   0.00183      *
2025-05-24 20:56:38     175        0.416        0.398       0.862       0.897   0.00181       
2025-05-24 20:56:39     176        0.416        0.400       0.859       0.895   0.00179       
2025-05-24 20:56:41     177        0.416        0.394       0.864       0.898   0.00178       
2025-05-24 20:56:42     178        0.416        0.396       0.859       0.894   0.00176       
2025-05-24 20:56:43     179        0.416        0.394       0.862       0.896   0.00174       
2025-05-24 20:56:45     180        0.416        0.397       0.862       0.897   0.00172       
2025-05-24 20:56:46     181        0.416        0.400       0.856       0.893   0.00171       
2025-05-24 20:56:47     182        0.415        0.396       0.862       0.897   0.00169       
2025-05-24 20:56:49     183        0.415        0.392       0.862       0.896   0.00167       
2025-05-24 20:56:51     184        0.415        0.392       0.862       0.897   0.00165       
2025-05-24 20:56:52     185        0.415        0.394       0.862       0.897   0.00164       
2025-05-24 20:56:54     186        0.415        0.395       0.862       0.897   0.00162       
2025-05-24 20:56:55     187        0.415        0.396       0.862       0.897   0.00161       
2025-05-24 20:56:57     188        0.415        0.392       0.862       0.896   0.00159       
2025-05-24 20:56:58     189        0.415        0.392       0.862       0.897   0.00157       
2025-05-24 20:56:59     190        0.415        0.393       0.862       0.897   0.00156       
2025-05-24 20:57:01     191        0.415        0.393       0.862       0.897   0.00154       
2025-05-24 20:57:02     192        0.414        0.391       0.864       0.898   0.00153       
2025-05-24 20:57:03     193        0.415        0.398       0.859       0.895   0.00151       
2025-05-24 20:57:04     194        0.415        0.400       0.856       0.893   0.00150       
2025-05-24 20:57:04   --- Training ended ---
2025-05-24 20:57:04   Number of model parameters: 1537
2025-05-24 20:57:04   Training time: 0:04:39
2025-05-24 20:57:04   Best epoch: 174
2025-05-24 20:57:04   Best valid loss: 0.391
2025-05-24 20:57:04   Best valid accuracy (macro): 0.867
2025-05-24 20:57:04   Best F1 score: 0.900
