2025-05-25 04:41:59   --- Preprocessing base data ---
2025-05-25 04:41:59   Tokenizing real alignments...
2025-05-25 04:42:00   Removing sequences with ambiguous tokens...
2025-05-25 04:42:00   0/20290 sequences have been removed from 0/1497 alignements due to ambiguous sites.
2025-05-25 04:42:00   Tokenizing simulated alignments...
2025-05-25 04:42:00   Removing sequences with ambiguous tokens...
2025-05-25 04:42:00   0/17109 sequences have been removed from 0/2413 alignements due to ambiguous sites.
2025-05-25 04:42:00   Checking alignments...
2025-05-25 04:42:00   30 renamed keys in simulated aligns.
2025-05-25 04:42:00   Creating labels...
2025-05-25 04:42:00   Merging aligns and labels...
2025-05-25 04:42:00   Total number of alignments: 3910
2025-05-25 04:42:00   --- Start running LogisticRegressionClassifier ---
2025-05-25 04:42:01   --- End running LogisticRegressionClassifier ---
2025-05-25 04:42:01   --- Start running DenseMsaClassifier ---
2025-05-25 04:42:24   --- End running DenseMsaClassifier ---
2025-05-25 04:42:24   --- Start running DenseSiteClassifier ---
2025-05-25 04:42:53   --- End running DenseSiteClassifier ---
2025-05-25 04:42:53   --- Start running AACnnClassifier ---
2025-05-25 04:45:54   --- End running AACnnClassifier ---
