2025-05-25 05:00:22   --- Hyperparameters ---
2025-05-25 05:00:22   model = DenseMsaNet(
2025-05-25 05:00:22     (dense_layer1): Sequential(
2025-05-25 05:00:22       (0): Linear(in_features=22, out_features=100, bias=True)
2025-05-25 05:00:22       (1): ReLU()
2025-05-25 05:00:22       (2): Dropout(p=0.2, inplace=False)
2025-05-25 05:00:22     )
2025-05-25 05:00:22     (dense_layer2): Linear(in_features=100, out_features=1, bias=True)
2025-05-25 05:00:22   )
2025-05-25 05:00:22   split_proportion = 0.9
2025-05-25 05:00:22   batch_pad_sequences = False
2025-05-25 05:00:22   learning_rate = 0.01
2025-05-25 05:00:22   batch_size = 64
2025-05-25 05:00:22   max_epochs = 500
2025-05-25 05:00:22   early_stopping_patience = 20
2025-05-25 05:00:22   --- Creating loaders ---
2025-05-25 05:00:22   --- nvidia-smi output ---
2025-05-25 05:00:22   nvidia-smi cannot be run: Command 'nvidia-smi' returned non-zero exit status 18.
2025-05-25 05:00:22   --- Training start ---
2025-05-25 05:00:22   Start training using cuda device.
2025-05-25 05:00:22   Number of model parameters: 2401.
2025-05-25 05:00:22   Epoch   Train loss   Valid loss   Valid acc    F1-score        Lr   Best
2025-05-25 05:00:22   ------------------------------------------------------------------------
2025-05-25 05:00:24       1        0.694        0.694       0.379       0.024   0.00000      *
2025-05-25 05:00:24       2        0.648        0.641       0.744       0.786   0.00250      *
2025-05-25 05:00:25       3        0.543        0.526       0.738       0.819   0.00500      *
2025-05-25 05:00:25       4        0.493        0.464       0.787       0.836   0.00750      *
2025-05-25 05:00:25       5        0.489        0.459       0.795       0.848   0.01000      *
2025-05-25 05:00:26       6        0.481        0.453       0.777       0.826   0.00990      *
2025-05-25 05:00:26       7        0.479        0.447       0.790       0.837   0.00980      *
2025-05-25 05:00:27       8        0.479        0.450       0.792       0.836   0.00970       
2025-05-25 05:00:27       9        0.475        0.445       0.792       0.839   0.00961      *
2025-05-25 05:00:27      10        0.474        0.443       0.808       0.845   0.00951      *
2025-05-25 05:00:28      11        0.501        0.470       0.772       0.838   0.00941       
2025-05-25 05:00:28      12        0.469        0.440       0.805       0.844   0.00932      *
2025-05-25 05:00:28      13        0.467        0.438       0.808       0.848   0.00923      *
2025-05-25 05:00:29      14        0.469        0.441       0.805       0.853   0.00914       
2025-05-25 05:00:29      15        0.462        0.439       0.810       0.847   0.00904       
2025-05-25 05:00:30      16        0.462        0.440       0.808       0.842   0.00895       
2025-05-25 05:00:30      17        0.456        0.438       0.813       0.853   0.00886       
2025-05-25 05:00:30      18        0.459        0.441       0.813       0.848   0.00878       
2025-05-25 05:00:31      19        0.452        0.432       0.836       0.871   0.00869      *
2025-05-25 05:00:31      20        0.450        0.433       0.818       0.854   0.00860       
2025-05-25 05:00:31      21        0.460        0.445       0.800       0.853   0.00851       
2025-05-25 05:00:32      22        0.455        0.447       0.790       0.824   0.00843       
2025-05-25 05:00:32      23        0.445        0.439       0.813       0.853   0.00835       
2025-05-25 05:00:32      24        0.444        0.435       0.821       0.862   0.00826       
2025-05-25 05:00:33      25        0.443        0.436       0.821       0.862   0.00818       
2025-05-25 05:00:33      26        0.438        0.429       0.815       0.853   0.00810      *
2025-05-25 05:00:33      27        0.437        0.431       0.818       0.859   0.00802       
2025-05-25 05:00:34      28        0.441        0.439       0.808       0.841   0.00794       
2025-05-25 05:00:34      29        0.438        0.439       0.821       0.863   0.00786       
2025-05-25 05:00:34      30        0.432        0.434       0.810       0.847   0.00778       
2025-05-25 05:00:35      31        0.430        0.431       0.815       0.855   0.00770       
2025-05-25 05:00:35      32        0.436        0.443       0.792       0.827   0.00762       
2025-05-25 05:00:35      33        0.431        0.438       0.813       0.855   0.00755       
2025-05-25 05:00:36      34        0.427        0.431       0.821       0.861   0.00747       
2025-05-25 05:00:36      35        0.429        0.447       0.808       0.844   0.00740       
2025-05-25 05:00:36      36        0.422        0.433       0.808       0.845   0.00732       
2025-05-25 05:00:36      37        0.429        0.435       0.810       0.843   0.00725       
2025-05-25 05:00:37      38        0.430        0.444       0.813       0.859   0.00718       
2025-05-25 05:00:37      39        0.420        0.431       0.810       0.846   0.00711       
2025-05-25 05:00:37      40        0.419        0.427       0.815       0.855   0.00703      *
2025-05-25 05:00:38      41        0.443        0.452       0.803       0.856   0.00696       
2025-05-25 05:00:38      42        0.417        0.433       0.810       0.845   0.00689       
2025-05-25 05:00:38      43        0.416        0.431       0.818       0.857   0.00683       
2025-05-25 05:00:39      44        0.413        0.430       0.813       0.853   0.00676       
2025-05-25 05:00:39      45        0.412        0.435       0.808       0.847   0.00669       
2025-05-25 05:00:39      46        0.415        0.440       0.803       0.846   0.00662       
2025-05-25 05:00:40      47        0.421        0.439       0.810       0.858   0.00656       
2025-05-25 05:00:40      48        0.409        0.425       0.818       0.854   0.00649      *
2025-05-25 05:00:40      49        0.408        0.438       0.803       0.842   0.00643       
2025-05-25 05:00:41      50        0.408        0.434       0.808       0.850   0.00636       
2025-05-25 05:00:41      51        0.407        0.432       0.805       0.843   0.00630       
2025-05-25 05:00:41      52        0.405        0.428       0.808       0.844   0.00624       
2025-05-25 05:00:42      53        0.408        0.433       0.818       0.850   0.00617       
2025-05-25 05:00:42      54        0.403        0.428       0.813       0.851   0.00611       
2025-05-25 05:00:42      55        0.405        0.432       0.810       0.844   0.00605       
2025-05-25 05:00:43      56        0.400        0.423       0.821       0.858   0.00599      *
2025-05-25 05:00:43      57        0.410        0.435       0.818       0.847   0.00593       
2025-05-25 05:00:43      58        0.404        0.424       0.818       0.851   0.00587       
2025-05-25 05:00:44      59        0.407        0.428       0.818       0.847   0.00581       
2025-05-25 05:00:44      60        0.399        0.429       0.803       0.845   0.00575       
2025-05-25 05:00:44      61        0.402        0.429       0.813       0.844   0.00570       
2025-05-25 05:00:45      62        0.395        0.420       0.826       0.861   0.00564      *
2025-05-25 05:00:45      63        0.396        0.427       0.808       0.848   0.00558       
2025-05-25 05:00:46      64        0.393        0.422       0.818       0.854   0.00553       
2025-05-25 05:00:46      65        0.396        0.422       0.815       0.857   0.00547       
2025-05-25 05:00:46      66        0.405        0.439       0.810       0.857   0.00542       
2025-05-25 05:00:47      67        0.392        0.422       0.821       0.857   0.00536       
2025-05-25 05:00:47      68        0.395        0.422       0.821       0.859   0.00531       
2025-05-25 05:00:47      69        0.395        0.429       0.818       0.859   0.00526       
2025-05-25 05:00:48      70        0.390        0.416       0.826       0.861   0.00520      *
2025-05-25 05:00:48      71        0.396        0.428       0.818       0.848   0.00515       
2025-05-25 05:00:48      72        0.389        0.420       0.823       0.859   0.00510       
2025-05-25 05:00:49      73        0.388        0.418       0.821       0.858   0.00505       
2025-05-25 05:00:49      74        0.387        0.425       0.815       0.851   0.00500       
2025-05-25 05:00:50      75        0.390        0.417       0.828       0.864   0.00495       
2025-05-25 05:00:50      76        0.390        0.422       0.821       0.859   0.00490       
2025-05-25 05:00:50      77        0.389        0.425       0.810       0.853   0.00485       
2025-05-25 05:00:51      78        0.385        0.422       0.823       0.860   0.00480       
2025-05-25 05:00:51      79        0.383        0.422       0.818       0.854   0.00475       
2025-05-25 05:00:51      80        0.385        0.426       0.815       0.855   0.00471       
2025-05-25 05:00:52      81        0.385        0.420       0.826       0.863   0.00466       
2025-05-25 05:00:52      82        0.383        0.425       0.818       0.852   0.00461       
2025-05-25 05:00:52      83        0.384        0.414       0.813       0.850   0.00457      *
2025-05-25 05:00:53      84        0.384        0.422       0.821       0.852   0.00452       
2025-05-25 05:00:53      85        0.382        0.419       0.810       0.846   0.00448       
2025-05-25 05:00:54      86        0.381        0.426       0.815       0.854   0.00443       
2025-05-25 05:00:54      87        0.380        0.420       0.818       0.855   0.00439       
2025-05-25 05:00:54      88        0.380        0.421       0.823       0.861   0.00434       
2025-05-25 05:00:55      89        0.383        0.419       0.823       0.862   0.00430       
2025-05-25 05:00:55      90        0.379        0.418       0.826       0.862   0.00426       
2025-05-25 05:00:55      91        0.380        0.421       0.821       0.854   0.00421       
2025-05-25 05:00:56      92        0.379        0.423       0.826       0.864   0.00417       
2025-05-25 05:00:56      93        0.378        0.415       0.826       0.862   0.00413       
2025-05-25 05:00:56      94        0.381        0.423       0.818       0.858   0.00409       
2025-05-25 05:00:57      95        0.377        0.420       0.823       0.858   0.00405       
2025-05-25 05:00:57      96        0.378        0.427       0.818       0.858   0.00401       
2025-05-25 05:00:58      97        0.376        0.422       0.815       0.850   0.00397       
2025-05-25 05:00:58      98        0.379        0.424       0.818       0.849   0.00393       
2025-05-25 05:00:58      99        0.397        0.445       0.792       0.820   0.00389       
2025-05-25 05:00:58     100        0.375        0.417       0.828       0.865   0.00385       
2025-05-25 05:00:59     101        0.374        0.416       0.826       0.861   0.00381       
2025-05-25 05:00:59     102        0.374        0.421       0.823       0.861   0.00377       
2025-05-25 05:00:59     103        0.374        0.423       0.808       0.842   0.00373       
2025-05-25 05:00:59   --- Training ended ---
2025-05-25 05:00:59   Number of model parameters: 2401
2025-05-25 05:00:59   Training time: 0:00:37
2025-05-25 05:00:59   Best epoch: 83
2025-05-25 05:00:59   Best valid loss: 0.414
2025-05-25 05:00:59   Best valid accuracy (macro): 0.813
2025-05-25 05:00:59   Best F1 score: 0.850
