2025-05-25 05:13:00   --- Hyperparameters ---
2025-05-25 05:13:00   model = AAConvNet(
2025-05-25 05:13:00     (conv_layer): Sequential(
2025-05-25 05:13:00       (0): Conv1d(22, 64, kernel_size=(1,), stride=(1,))
2025-05-25 05:13:00       (1): ReLU()
2025-05-25 05:13:00       (2): AvgPool1d(kernel_size=(4851,), stride=(4851,), padding=(0,))
2025-05-25 05:13:00       (3): Dropout(p=0.2, inplace=False)
2025-05-25 05:13:00     )
2025-05-25 05:13:00     (dense_layer): Linear(in_features=64, out_features=1, bias=True)
2025-05-25 05:13:00   )
2025-05-25 05:13:00   split_proportion = 0.9
2025-05-25 05:13:00   batch_pad_sequences = False
2025-05-25 05:13:00   learning_rate = 0.01
2025-05-25 05:13:00   batch_size = 64
2025-05-25 05:13:00   max_epochs = 500
2025-05-25 05:13:00   early_stopping_patience = 20
2025-05-25 05:13:00   --- Creating loaders ---
2025-05-25 05:13:00   --- nvidia-smi output ---
2025-05-25 05:13:00   nvidia-smi cannot be run: Command 'nvidia-smi' returned non-zero exit status 18.
2025-05-25 05:13:00   --- Training start ---
2025-05-25 05:13:00   Start training using cuda device.
2025-05-25 05:13:00   Number of model parameters: 1537.
2025-05-25 05:13:00   Epoch   Train loss   Valid loss   Valid acc    F1-score        Lr   Best
2025-05-25 05:13:00   ------------------------------------------------------------------------
2025-05-25 05:13:03       1        0.689        0.688       0.372       0.000   0.00000      *
2025-05-25 05:13:04       2        0.666        0.660       0.408       0.189   0.00250      *
2025-05-25 05:13:06       3        0.665        0.659       0.628       0.772   0.00500      *
2025-05-25 05:13:07       4        0.664        0.659       0.369       0.000   0.00750       
2025-05-25 05:13:08       5        0.659        0.653       0.374       0.008   0.01000      *
2025-05-25 05:13:10       6        0.649        0.637       0.682       0.797   0.00990      *
2025-05-25 05:13:11       7        0.634        0.623       0.672       0.749   0.00980      *
2025-05-25 05:13:13       8        0.621        0.610       0.651       0.780   0.00970      *
2025-05-25 05:13:14       9        0.607        0.595       0.669       0.791   0.00961      *
2025-05-25 05:13:15      10        0.596        0.585       0.672       0.792   0.00951      *
2025-05-25 05:13:17      11        0.585        0.577       0.715       0.813   0.00941      *
2025-05-25 05:13:18      12        0.574        0.567       0.723       0.819   0.00932      *
2025-05-25 05:13:20      13        0.564        0.551       0.723       0.819   0.00923      *
2025-05-25 05:13:22      14        0.555        0.546       0.738       0.825   0.00914      *
2025-05-25 05:13:23      15        0.547        0.538       0.774       0.843   0.00904      *
2025-05-25 05:13:25      16        0.539        0.535       0.767       0.840   0.00895      *
2025-05-25 05:13:26      17        0.533        0.522       0.759       0.837   0.00886      *
2025-05-25 05:13:28      18        0.526        0.520       0.782       0.847   0.00878      *
2025-05-25 05:13:29      19        0.521        0.507       0.800       0.856   0.00869      *
2025-05-25 05:13:31      20        0.516        0.505       0.797       0.854   0.00860      *
2025-05-25 05:13:32      21        0.512        0.506       0.772       0.843   0.00851       
2025-05-25 05:13:33      22        0.506        0.495       0.792       0.852   0.00843      *
2025-05-25 05:13:35      23        0.504        0.491       0.797       0.854   0.00835      *
2025-05-25 05:13:36      24        0.501        0.494       0.790       0.851   0.00826       
2025-05-25 05:13:38      25        0.497        0.485       0.805       0.858   0.00818      *
2025-05-25 05:13:39      26        0.494        0.484       0.800       0.858   0.00810      *
2025-05-25 05:13:41      27        0.491        0.479       0.803       0.856   0.00802      *
2025-05-25 05:13:42      28        0.489        0.482       0.800       0.858   0.00794       
2025-05-25 05:13:44      29        0.486        0.474       0.805       0.858   0.00786      *
2025-05-25 05:13:45      30        0.484        0.475       0.803       0.855   0.00778       
2025-05-25 05:13:46      31        0.483        0.472       0.813       0.859   0.00770      *
2025-05-25 05:13:48      32        0.480        0.467       0.805       0.858   0.00762      *
2025-05-25 05:13:49      33        0.478        0.469       0.815       0.866   0.00755       
2025-05-25 05:13:51      34        0.478        0.477       0.808       0.862   0.00747       
2025-05-25 05:13:53      35        0.475        0.463       0.813       0.863   0.00740      *
2025-05-25 05:13:54      36        0.476        0.476       0.805       0.860   0.00732       
2025-05-25 05:13:56      37        0.473        0.468       0.813       0.865   0.00725       
2025-05-25 05:13:57      38        0.471        0.456       0.810       0.860   0.00718      *
2025-05-25 05:13:58      39        0.470        0.458       0.818       0.867   0.00711       
2025-05-25 05:14:00      40        0.468        0.457       0.815       0.866   0.00703       
2025-05-25 05:14:01      41        0.467        0.452       0.821       0.868   0.00696      *
2025-05-25 05:14:02      42        0.466        0.459       0.813       0.864   0.00689       
2025-05-25 05:14:04      43        0.466        0.462       0.810       0.861   0.00683       
2025-05-25 05:14:05      44        0.465        0.457       0.815       0.865   0.00676       
2025-05-25 05:14:06      45        0.465        0.462       0.810       0.862   0.00669       
2025-05-25 05:14:08      46        0.463        0.456       0.815       0.865   0.00662       
2025-05-25 05:14:09      47        0.462        0.456       0.810       0.862   0.00656       
2025-05-25 05:14:10      48        0.461        0.455       0.815       0.865   0.00649       
2025-05-25 05:14:12      49        0.460        0.438       0.821       0.866   0.00643      *
2025-05-25 05:14:13      50        0.459        0.438       0.823       0.869   0.00636      *
2025-05-25 05:14:15      51        0.459        0.442       0.818       0.867   0.00630       
2025-05-25 05:14:16      52        0.458        0.441       0.823       0.868   0.00624       
2025-05-25 05:14:17      53        0.458        0.454       0.813       0.864   0.00617       
2025-05-25 05:14:19      54        0.457        0.443       0.823       0.867   0.00611       
2025-05-25 05:14:21      55        0.456        0.442       0.823       0.870   0.00605       
2025-05-25 05:14:23      56        0.456        0.439       0.828       0.869   0.00599       
2025-05-25 05:14:24      57        0.456        0.453       0.813       0.864   0.00593       
2025-05-25 05:14:25      58        0.454        0.446       0.828       0.873   0.00587       
2025-05-25 05:14:28      59        0.454        0.436       0.828       0.871   0.00581      *
2025-05-25 05:14:30      60        0.453        0.439       0.826       0.871   0.00575       
2025-05-25 05:14:31      61        0.453        0.443       0.823       0.869   0.00570       
2025-05-25 05:14:33      62        0.452        0.443       0.826       0.872   0.00564       
2025-05-25 05:14:35      63        0.451        0.435       0.826       0.868   0.00558      *
2025-05-25 05:14:36      64        0.451        0.444       0.828       0.873   0.00553       
2025-05-25 05:14:38      65        0.451        0.433       0.826       0.868   0.00547      *
2025-05-25 05:14:39      66        0.453        0.427       0.831       0.870   0.00542      *
2025-05-25 05:14:41      67        0.450        0.442       0.826       0.872   0.00536       
2025-05-25 05:14:42      68        0.451        0.443       0.823       0.871   0.00531       
2025-05-25 05:14:43      69        0.449        0.436       0.833       0.875   0.00526       
2025-05-25 05:14:45      70        0.448        0.439       0.836       0.878   0.00520       
2025-05-25 05:14:47      71        0.448        0.432       0.823       0.867   0.00515       
2025-05-25 05:14:48      72        0.447        0.436       0.836       0.878   0.00510       
2025-05-25 05:14:49      73        0.447        0.436       0.836       0.878   0.00505       
2025-05-25 05:14:51      74        0.447        0.427       0.831       0.870   0.00500      *
2025-05-25 05:14:52      75        0.446        0.434       0.831       0.875   0.00495       
2025-05-25 05:14:54      76        0.446        0.425       0.831       0.871   0.00490      *
2025-05-25 05:14:56      77        0.445        0.428       0.826       0.868   0.00485       
2025-05-25 05:14:57      78        0.444        0.426       0.831       0.872   0.00480       
2025-05-25 05:14:59      79        0.444        0.432       0.838       0.880   0.00475       
2025-05-25 05:15:00      80        0.444        0.434       0.833       0.876   0.00471       
2025-05-25 05:15:01      81        0.444        0.437       0.833       0.876   0.00466       
2025-05-25 05:15:03      82        0.443        0.427       0.833       0.873   0.00461       
2025-05-25 05:15:04      83        0.442        0.427       0.826       0.869   0.00457       
2025-05-25 05:15:05      84        0.442        0.431       0.831       0.874   0.00452       
2025-05-25 05:15:07      85        0.442        0.430       0.838       0.880   0.00448       
2025-05-25 05:15:08      86        0.442        0.427       0.833       0.875   0.00443       
2025-05-25 05:15:09      87        0.442        0.432       0.833       0.876   0.00439       
2025-05-25 05:15:11      88        0.441        0.427       0.836       0.877   0.00434       
2025-05-25 05:15:12      89        0.441        0.422       0.833       0.873   0.00430      *
2025-05-25 05:15:13      90        0.440        0.426       0.838       0.880   0.00426       
2025-05-25 05:15:15      91        0.440        0.428       0.836       0.878   0.00421       
2025-05-25 05:15:16      92        0.440        0.429       0.833       0.876   0.00417       
2025-05-25 05:15:17      93        0.440        0.422       0.836       0.875   0.00413       
2025-05-25 05:15:19      94        0.439        0.427       0.838       0.879   0.00409       
2025-05-25 05:15:20      95        0.439        0.424       0.838       0.878   0.00405       
2025-05-25 05:15:22      96        0.439        0.422       0.836       0.875   0.00401       
2025-05-25 05:15:23      97        0.438        0.423       0.838       0.877   0.00397       
2025-05-25 05:15:25      98        0.439        0.432       0.836       0.878   0.00393       
2025-05-25 05:15:26      99        0.438        0.429       0.833       0.875   0.00389       
2025-05-25 05:15:28     100        0.438        0.432       0.836       0.877   0.00385       
2025-05-25 05:15:29     101        0.438        0.433       0.831       0.874   0.00381       
2025-05-25 05:15:30     102        0.437        0.427       0.833       0.874   0.00377       
2025-05-25 05:15:32     103        0.436        0.425       0.836       0.876   0.00373       
2025-05-25 05:15:33     104        0.436        0.423       0.838       0.878   0.00370       
2025-05-25 05:15:35     105        0.436        0.418       0.836       0.875   0.00366      *
2025-05-25 05:15:36     106        0.436        0.427       0.836       0.878   0.00362       
2025-05-25 05:15:37     107        0.436        0.423       0.836       0.877   0.00359       
2025-05-25 05:15:39     108        0.435        0.426       0.836       0.877   0.00355       
2025-05-25 05:15:40     109        0.435        0.426       0.836       0.877   0.00352       
2025-05-25 05:15:41     110        0.435        0.430       0.836       0.877   0.00348       
2025-05-25 05:15:43     111        0.435        0.429       0.838       0.879   0.00345       
2025-05-25 05:15:44     112        0.435        0.423       0.836       0.876   0.00341       
2025-05-25 05:15:45     113        0.435        0.417       0.831       0.870   0.00338      *
2025-05-25 05:15:47     114        0.435        0.421       0.841       0.882   0.00334       
2025-05-25 05:15:48     115        0.434        0.421       0.841       0.882   0.00331       
2025-05-25 05:15:50     116        0.434        0.416       0.838       0.877   0.00328      *
2025-05-25 05:15:52     117        0.434        0.424       0.841       0.882   0.00324       
2025-05-25 05:15:53     118        0.434        0.416       0.838       0.877   0.00321       
2025-05-25 05:15:54     119        0.434        0.424       0.841       0.882   0.00318       
2025-05-25 05:15:56     120        0.433        0.421       0.836       0.877   0.00315       
2025-05-25 05:15:57     121        0.433        0.416       0.838       0.877   0.00312      *
2025-05-25 05:15:58     122        0.433        0.422       0.838       0.880   0.00309       
2025-05-25 05:16:00     123        0.433        0.418       0.838       0.878   0.00305       
2025-05-25 05:16:01     124        0.432        0.419       0.841       0.880   0.00302       
2025-05-25 05:16:02     125        0.433        0.416       0.838       0.877   0.00299      *
2025-05-25 05:16:04     126        0.432        0.423       0.838       0.879   0.00296       
2025-05-25 05:16:05     127        0.432        0.423       0.838       0.879   0.00293       
2025-05-25 05:16:06     128        0.432        0.423       0.838       0.879   0.00290       
2025-05-25 05:16:08     129        0.432        0.424       0.838       0.879   0.00288       
2025-05-25 05:16:09     130        0.432        0.421       0.836       0.876   0.00285       
2025-05-25 05:16:10     131        0.432        0.424       0.838       0.879   0.00282       
2025-05-25 05:16:12     132        0.431        0.423       0.838       0.879   0.00279       
2025-05-25 05:16:13     133        0.431        0.425       0.838       0.879   0.00276       
2025-05-25 05:16:14     134        0.431        0.424       0.838       0.879   0.00273       
2025-05-25 05:16:16     135        0.431        0.420       0.836       0.876   0.00271       
2025-05-25 05:16:17     136        0.431        0.423       0.838       0.879   0.00268       
2025-05-25 05:16:18     137        0.430        0.422       0.836       0.876   0.00265       
2025-05-25 05:16:20     138        0.430        0.423       0.838       0.879   0.00263       
2025-05-25 05:16:21     139        0.430        0.421       0.836       0.876   0.00260       
2025-05-25 05:16:23     140        0.430        0.427       0.838       0.879   0.00257       
2025-05-25 05:16:25     141        0.430        0.425       0.838       0.879   0.00255       
2025-05-25 05:16:26     142        0.430        0.425       0.838       0.879   0.00252       
2025-05-25 05:16:27     143        0.429        0.417       0.838       0.878   0.00250       
2025-05-25 05:16:29     144        0.429        0.418       0.838       0.879   0.00247       
2025-05-25 05:16:30     145        0.429        0.420       0.838       0.879   0.00245       
2025-05-25 05:16:30   --- Training ended ---
2025-05-25 05:16:30   Number of model parameters: 1537
2025-05-25 05:16:30   Training time: 0:03:30
2025-05-25 05:16:30   Best epoch: 125
2025-05-25 05:16:30   Best valid loss: 0.416
2025-05-25 05:16:30   Best valid accuracy (macro): 0.838
2025-05-25 05:16:30   Best F1 score: 0.877
