Running task 18: uv run python src/classifiers/pipeline.py --config config/split_seq/viridiplantae/LG08_frequencies.json
2025-05-25 16:29:34   Tokenizing real alignments...
2025-05-25 16:29:35   Removing sequences with ambiguous tokens...
2025-05-25 16:29:35   0/17109 sequences have been removed from 0/17109 alignements due to ambiguous sites.
2025-05-25 16:29:35   Tokenizing simulated alignments...
2025-05-25 16:29:36   Removing sequences with ambiguous tokens...
2025-05-25 16:29:36   0/17109 sequences have been removed from 0/17109 alignements due to ambiguous sites.
2025-05-25 16:29:36   Checking alignments...
2025-05-25 16:29:36   17109 renamed keys in simulated aligns.
2025-05-25 16:29:36   Creating labels...
2025-05-25 16:29:36   Merging aligns and labels...
2025-05-25 16:29:36   Total number of alignments: 34218
2025-05-25 16:29:36   --- Preprocessing base data ---
2025-05-25 16:29:36   Tokenizing real alignments...
2025-05-25 16:29:37   Removing sequences with ambiguous tokens...
2025-05-25 16:29:38   0/17109 sequences have been removed from 0/17109 alignements due to ambiguous sites.
2025-05-25 16:29:38   Tokenizing simulated alignments...
2025-05-25 16:29:39   Removing sequences with ambiguous tokens...
2025-05-25 16:29:39   0/17109 sequences have been removed from 0/17109 alignements due to ambiguous sites.
2025-05-25 16:29:39   Checking alignments...
2025-05-25 16:29:39   17109 renamed keys in simulated aligns.
2025-05-25 16:29:39   Creating labels...
2025-05-25 16:29:39   Merging aligns and labels...
2025-05-25 16:29:39   Total number of alignments: 34218
2025-05-25 16:29:39   --- Start running LogisticRegressionClassifier ---
2025-05-25 16:29:39   --- Preprocessing data ---
2025-05-25 16:29:39   --- Start training ---
2025-05-25 16:29:39   Number of cross validation folds: 50
2025-05-25 16:29:39   Shuffle data: True
2025-05-25 16:29:39   Scale features: True
2025-05-25 16:29:41   --- Training ended ---
2025-05-25 16:29:41   Training time: 0:00:01
2025-05-25 16:29:41   Fold F1 scores: ('0.4789', '0.4794', '0.5224', '0.5022', '0.5037', '0.5127', '0.5083', '0.4765', '0.4651', '0.5022', '0.4763', '0.4662', '0.4726', '0.5029', '0.4715', '0.4792', '0.4513', '0.4963', '0.4899', '0.509', '0.5015', '0.4387', '0.475', '0.4716', '0.4758', '0.5022', '0.4677', '0.4726', '0.4731', '0.475', '0.4935', '0.4479', '0.488', '0.4822', '0.5104', '0.5447', '0.4675', '0.474', '0.4566', '0.4835', '0.469', '0.4847', '0.5037', '0.5367', '0.4882', '0.4918', '0.4632', '0.4963', '0.4663', '0.477')
2025-05-25 16:29:41   Fold accuracies: ('0.4949', '0.5022', '0.5168', '0.5139', '0.5109', '0.5226', '0.5255', '0.4964', '0.4964', '0.508', '0.4832', '0.4818', '0.4949', '0.5066', '0.4861', '0.4891', '0.4818', '0.4993', '0.5219', '0.5234', '0.5146', '0.4576', '0.4927', '0.4825', '0.4942', '0.5102', '0.4942', '0.4942', '0.4854', '0.4927', '0.4898', '0.4737', '0.5029', '0.4883', '0.5175', '0.5453', '0.4737', '0.4971', '0.4781', '0.4971', '0.4737', '0.5088', '0.5044', '0.538', '0.4942', '0.5015', '0.4883', '0.4985', '0.4912', '0.4839')
2025-05-25 16:29:41   
2025-05-25 16:29:41   --- End running LogisticRegressionClassifier ---
2025-05-25 16:29:41   --- Start running DenseMsaClassifier ---
--- Hyperparameters ---
model = DenseMsaNet(
  (dense_layer1): Sequential(
    (0): Linear(in_features=22, out_features=100, bias=True)
    (1): ReLU()
    (2): Dropout(p=0.2, inplace=False)
  )
  (dense_layer2): Linear(in_features=100, out_features=1, bias=True)
)
split_proportion = 0.9
batch_pad_sequences = False
learning_rate = 0.01
batch_size = 64
max_epochs = 500
early_stopping_patience = 20
--- Creating loaders ---
--- nvidia-smi output ---
nvidia-smi cannot be run: Command 'nvidia-smi' returned non-zero exit status 18.
--- Training start ---
Start training using cuda device.
Number of model parameters: 2401.
Epoch   Train loss   Valid loss   Valid acc    F1-score        Lr   Best
------------------------------------------------------------------------
    1        0.694        0.694       0.493       0.000   0.00000      *
    2        0.691        0.691       0.507       0.355   0.00250      *
    3        0.677        0.679       0.574       0.644   0.00500      *
    4        0.662        0.665       0.617       0.591   0.00750      *
    5        0.652        0.655       0.614       0.640   0.01000      *
    6        0.644        0.650       0.620       0.548   0.00990      *
    7        0.635        0.640       0.634       0.627   0.00980      *
    8        0.630        0.636       0.636       0.587   0.00970      *
    9        0.628        0.635       0.637       0.585   0.00961      *
   10        0.626        0.634       0.637       0.580   0.00951      *
   11        0.622        0.630       0.643       0.647   0.00941      *
   12        0.620        0.630       0.644       0.616   0.00932       
   13        0.616        0.627       0.646       0.608   0.00923      *
   14        0.623        0.633       0.632       0.622   0.00914       
   15        0.617        0.625       0.655       0.653   0.00904      *
   16        0.614        0.630       0.627       0.560   0.00895       
   17        0.618        0.633       0.631       0.551   0.00886       
   18        0.611        0.623       0.647       0.611   0.00878      *
   19        0.611        0.623       0.644       0.645   0.00869       
   20        0.613        0.624       0.648       0.650   0.00860       
   21        0.610        0.625       0.642       0.586   0.00851       
   22        0.606        0.621       0.648       0.611   0.00843      *
   23        0.606        0.619       0.648       0.628   0.00835      *
   24        0.605        0.621       0.645       0.628   0.00826       
   25        0.604        0.620       0.648       0.605   0.00818       
   26        0.610        0.621       0.645       0.647   0.00810       
   27        0.600        0.614       0.652       0.628   0.00802      *
   28        0.606        0.620       0.652       0.634   0.00794       
   29        0.601        0.616       0.654       0.638   0.00786       
   30        0.604        0.619       0.638       0.580   0.00778       
   31        0.604        0.620       0.639       0.589   0.00770       
   32        0.600        0.616       0.649       0.598   0.00762       
   33        0.604        0.619       0.648       0.597   0.00755       
   34        0.604        0.622       0.638       0.572   0.00747       
   35        0.598        0.615       0.654       0.626   0.00740       
   36        0.598        0.616       0.649       0.609   0.00732       
   37        0.607        0.624       0.640       0.561   0.00725       
   38        0.597        0.613       0.650       0.612   0.00718      *
   39        0.601        0.616       0.654       0.645   0.00711       
   40        0.598        0.615       0.655       0.613   0.00703       
   41        0.602        0.621       0.640       0.564   0.00696       
   42        0.597        0.612       0.664       0.634   0.00689      *
   43        0.599        0.615       0.652       0.630   0.00683       
   44        0.599        0.614       0.655       0.643   0.00676       
   45        0.596        0.613       0.657       0.625   0.00669       
   46        0.595        0.609       0.657       0.631   0.00662      *
   47        0.597        0.611       0.665       0.659   0.00656       
   48        0.595        0.609       0.667       0.645   0.00649       
   49        0.599        0.616       0.654       0.594   0.00643       
   50        0.597        0.613       0.655       0.608   0.00636       
   51        0.595        0.610       0.663       0.650   0.00630       
   52        0.595        0.611       0.654       0.618   0.00624       
   53        0.595        0.613       0.657       0.620   0.00617       
   54        0.593        0.611       0.660       0.622   0.00611       
   55        0.605        0.624       0.641       0.557   0.00605       
   56        0.597        0.614       0.653       0.600   0.00599       
   57        0.592        0.608       0.662       0.634   0.00593      *
   58        0.593        0.610       0.661       0.640   0.00587       
   59        0.598        0.613       0.658       0.645   0.00581       
   60        0.598        0.615       0.645       0.581   0.00575       
   61        0.591        0.609       0.665       0.628   0.00570       
   62        0.591        0.610       0.657       0.631   0.00564       
   63        0.593        0.610       0.659       0.650   0.00558       
   64        0.592        0.610       0.662       0.635   0.00553       
   65        0.591        0.609       0.666       0.637   0.00547       
   66        0.591        0.608       0.661       0.641   0.00542      *
   67        0.592        0.610       0.662       0.654   0.00536       
   68        0.593        0.612       0.655       0.600   0.00531       
   69        0.592        0.608       0.668       0.655   0.00526      *
   70        0.590        0.608       0.668       0.657   0.00520       
   71        0.592        0.610       0.657       0.612   0.00515       
   72        0.589        0.608       0.659       0.632   0.00510       
   73        0.591        0.609       0.659       0.631   0.00505       
   74        0.590        0.608       0.666       0.637   0.00500      *
   75        0.593        0.612       0.655       0.601   0.00495       
   76        0.593        0.610       0.660       0.663   0.00490       
   77        0.590        0.606       0.665       0.652   0.00485      *
   78        0.589        0.608       0.657       0.626   0.00480       
   79        0.590        0.608       0.662       0.625   0.00475       
   80        0.589        0.608       0.669       0.642   0.00471       
   81        0.588        0.606       0.662       0.638   0.00466      *
   82        0.590        0.609       0.664       0.625   0.00461       
   83        0.589        0.606       0.661       0.621   0.00457       
   84        0.589        0.607       0.664       0.623   0.00452       
   85        0.587        0.604       0.665       0.640   0.00448      *
   86        0.593        0.609       0.664       0.640   0.00443       
   87        0.589        0.607       0.662       0.635   0.00439       
   88        0.589        0.606       0.667       0.625   0.00434       
   89        0.591        0.607       0.663       0.617   0.00430       
   90        0.592        0.610       0.653       0.605   0.00426       
   91        0.591        0.608       0.659       0.606   0.00421       
   92        0.587        0.605       0.663       0.629   0.00417       
   93        0.586        0.604       0.660       0.625   0.00413       
   94        0.589        0.606       0.661       0.653   0.00409       
   95        0.588        0.607       0.659       0.609   0.00405       
   96        0.588        0.605       0.663       0.643   0.00401       
   97        0.588        0.605       0.665       0.624   0.00397       
   98        0.588        0.605       0.661       0.643   0.00393       
   99        0.587        0.606       0.664       0.619   0.00389       
  100        0.588        0.606       0.664       0.647   0.00385       
  101        0.591        0.610       0.658       0.617   0.00381       
  102        0.589        0.609       0.657       0.638   0.00377       
  103        0.588        0.608       0.661       0.637   0.00373       
  104        0.587        0.607       0.666       0.621   0.00370       
  105        0.589        0.608       0.656       0.628   0.00366       
--- Training ended ---
Number of model parameters: 2401
Training time: 0:04:52
Best epoch: 85
Best valid loss: 0.604
Best valid accuracy (macro): 0.665
Best F1 score: 0.640
2025-05-25 16:34:34   --- End running DenseMsaClassifier ---
2025-05-25 16:34:34   --- Start running DenseSiteClassifier ---
--- Hyperparameters ---
model = DenseSiteNet(
  (dense_layer1): Sequential(
    (0): Linear(in_features=91762, out_features=100, bias=True)
    (1): ReLU()
    (2): Dropout(p=0.2, inplace=False)
  )
  (dense_layer2): Linear(in_features=100, out_features=1, bias=True)
)
split_proportion = 0.9
batch_pad_sequences = False
learning_rate = 0.01
batch_size = 64
max_epochs = 500
early_stopping_patience = 20
--- Creating loaders ---
--- nvidia-smi output ---
nvidia-smi cannot be run: Command 'nvidia-smi' returned non-zero exit status 18.
--- Training start ---
Start training using cuda device.
Number of model parameters: 9176401.
Epoch   Train loss   Valid loss   Valid acc    F1-score        Lr   Best
------------------------------------------------------------------------
    1        0.693        0.693       0.473       0.534   0.00000      *
    2        0.041        0.089       0.970       0.971   0.00250      *
    3        0.014        0.058       0.983       0.983   0.00500      *
    4        0.015        0.070       0.980       0.980   0.00750       
    5        0.013        0.054       0.985       0.985   0.01000      *
    6        0.008        0.065       0.984       0.984   0.00990       
    7        0.007        0.066       0.985       0.986   0.00980       
    8        0.003        0.070       0.985       0.985   0.00970       
    9        0.003        0.077       0.984       0.985   0.00961       
   10        0.002        0.059       0.987       0.987   0.00951       
   11        0.002        0.063       0.987       0.987   0.00941       
   12        0.002        0.053       0.988       0.988   0.00932      *
   13        0.001        0.066       0.987       0.987   0.00923       
   14        0.005        0.068       0.984       0.984   0.00914       
   15        0.001        0.048       0.990       0.990   0.00904      *
   16        0.001        0.044       0.987       0.988   0.00895      *
   17        0.000        0.060       0.988       0.989   0.00886       
   18        0.001        0.054       0.988       0.988   0.00878       
   19        0.001        0.062       0.988       0.989   0.00869       
   20        0.002        0.062       0.989       0.989   0.00860       
   21        0.002        0.059       0.989       0.989   0.00851       
   22        0.001        0.079       0.987       0.987   0.00843       
   23        0.000        0.070       0.987       0.988   0.00835       
   24        0.000        0.060       0.988       0.989   0.00826       
   25        0.000        0.070       0.988       0.988   0.00818       
   26        0.001        0.061       0.989       0.989   0.00810       
   27        0.000        0.057       0.987       0.988   0.00802       
   28        0.006        0.080       0.984       0.984   0.00794       
   29        0.000        0.068       0.989       0.989   0.00786       
   30        0.000        0.066       0.987       0.987   0.00778       
   31        0.000        0.060       0.989       0.989   0.00770       
   32        0.000        0.056       0.989       0.990   0.00762       
   33        0.002        0.071       0.988       0.988   0.00755       
   34        0.001        0.070       0.989       0.989   0.00747       
   35        0.000        0.070       0.988       0.988   0.00740       
   36        0.000        0.063       0.990       0.991   0.00732       
--- Training ended ---
Number of model parameters: 9176401
Training time: 0:05:44
Best epoch: 16
Best valid loss: 0.044
Best valid accuracy (macro): 0.987
Best F1 score: 0.988
2025-05-25 16:40:31   --- End running DenseSiteClassifier ---
2025-05-25 16:40:31   --- Start running AACnnClassifier ---
--- Hyperparameters ---
model = AAConvNet(
  (conv_layer): Sequential(
    (0): Conv1d(22, 64, kernel_size=(1,), stride=(1,))
    (1): ReLU()
    (2): AdaptiveAvgPool1d(output_size=1)
    (3): Dropout(p=0.2, inplace=False)
  )
  (dense_layer): Linear(in_features=64, out_features=1, bias=True)
)
split_proportion = 0.9
batch_pad_sequences = False
learning_rate = 0.01
batch_size = 64
max_epochs = 500
early_stopping_patience = 20
kernel_size = 1
--- Creating loaders ---
--- nvidia-smi output ---
nvidia-smi cannot be run: Command 'nvidia-smi' returned non-zero exit status 18.
--- Training start ---
Start training using cuda device.
Number of model parameters: 1537.
Epoch   Train loss   Valid loss   Valid acc    F1-score        Lr   Best
------------------------------------------------------------------------
    1        0.695        0.694       0.493       0.000   0.00000      *
    2        0.693        0.693       0.493       0.000   0.00250      *
    3        0.693        0.693       0.493       0.000   0.00500      *
    4        0.693        0.693       0.493       0.000   0.00750       
    5        0.693        0.693       0.493       0.000   0.01000      *
    6        0.693        0.693       0.493       0.000   0.00990       
    7        0.693        0.693       0.493       0.000   0.00980       
    8        0.694        0.694       0.493       0.000   0.00970       
    9        0.693        0.693       0.493       0.036   0.00961       
   10        0.693        0.693       0.493       0.000   0.00951       
   11        0.693        0.693       0.493       0.036   0.00941       
   12        0.693        0.693       0.493       0.036   0.00932       
   13        0.693        0.693       0.493       0.000   0.00923       
   14        0.693        0.693       0.493       0.003   0.00914       
   15        0.693        0.693       0.493       0.000   0.00904       
   16        0.693        0.693       0.502       0.260   0.00895       
   17        0.693        0.693       0.493       0.002   0.00886       
   18        0.694        0.693       0.493       0.000   0.00878       
   19        0.693        0.693       0.493       0.000   0.00869      *
   20        0.693        0.693       0.493       0.000   0.00860       
   21        0.693        0.693       0.493       0.001   0.00851       
   22        0.693        0.694       0.493       0.000   0.00843       
   23        0.693        0.693       0.517       0.340   0.00835       
   24        0.693        0.693       0.504       0.394   0.00826       
   25        0.693        0.693       0.495       0.010   0.00818       
   26        0.693        0.693       0.519       0.606   0.00810       
   27        0.693        0.693       0.492       0.643   0.00802       
   28        0.693        0.693       0.508       0.629   0.00794      *
   29        0.693        0.693       0.496       0.185   0.00786      *
   30        0.693        0.693       0.499       0.343   0.00778       
   31        0.693        0.693       0.517       0.327   0.00770       
   32        0.693        0.693       0.497       0.647   0.00762       
   33        0.693        0.693       0.493       0.002   0.00755       
   34        0.693        0.693       0.509       0.635   0.00747       
   35        0.693        0.693       0.520       0.177   0.00740       
   36        0.693        0.693       0.485       0.607   0.00732       
   37        0.693        0.693       0.504       0.640   0.00725       
   38        0.693        0.693       0.484       0.617   0.00718       
   39        0.693        0.693       0.485       0.618   0.00711       
   40        0.693        0.693       0.501       0.415   0.00703      *
   41        0.693        0.694       0.493       0.005   0.00696       
   42        0.693        0.693       0.513       0.386   0.00689       
   43        0.693        0.693       0.522       0.293   0.00683       
   44        0.693        0.693       0.511       0.102   0.00676       
   45        0.693        0.693       0.511       0.474   0.00669       
   46        0.693        0.693       0.496       0.647   0.00662       
   47        0.693        0.693       0.522       0.324   0.00656       
   48        0.693        0.693       0.487       0.596   0.00649       
   49        0.693        0.693       0.508       0.643   0.00643      *
   50        0.693        0.693       0.506       0.612   0.00636      *
   51        0.693        0.693       0.512       0.111   0.00630       
   52        0.693        0.693       0.501       0.565   0.00624       
   53        0.693        0.693       0.507       0.502   0.00617       
   54        0.693        0.693       0.499       0.541   0.00611       
   55        0.693        0.693       0.522       0.188   0.00605       
   56        0.693        0.693       0.521       0.172   0.00599       
   57        0.693        0.693       0.494       0.642   0.00593       
   58        0.693        0.693       0.501       0.347   0.00587       
   59        0.693        0.693       0.498       0.498   0.00581       
   60        0.693        0.694       0.493       0.001   0.00575       
   61        0.693        0.693       0.501       0.039   0.00570       
   62        0.693        0.693       0.485       0.611   0.00564       
   63        0.693        0.693       0.513       0.419   0.00558       
   64        0.693        0.693       0.505       0.546   0.00553       
   65        0.693        0.693       0.516       0.372   0.00547       
   66        0.693        0.693       0.487       0.630   0.00542       
   67        0.693        0.693       0.517       0.141   0.00536       
   68        0.693        0.693       0.484       0.598   0.00531       
   69        0.693        0.693       0.496       0.015   0.00526       
   70        0.693        0.693       0.513       0.108   0.00520       
--- Training ended ---
Number of model parameters: 1537
Training time: 0:12:36
Best epoch: 50
Best valid loss: 0.693
Best valid accuracy (macro): 0.506
Best F1 score: 0.612
2025-05-25 16:53:18   --- End running AACnnClassifier ---
