Running task 10: uv run python src/classifiers/pipeline.py --config config/kernel_size_3/comparsion_mammals_viridiplantae/mammals_viridiplantae.json
2025-05-25 14:54:27   Tokenizing real alignments...
2025-05-25 14:54:28   Removing sequences with ambiguous tokens...
2025-05-25 14:54:28   0/20290 sequences have been removed from 0/1497 alignements due to ambiguous sites.
2025-05-25 14:54:28   Tokenizing simulated alignments...
2025-05-25 14:54:28   Removing sequences with ambiguous tokens...
2025-05-25 14:54:28   0/17109 sequences have been removed from 0/2413 alignements due to ambiguous sites.
2025-05-25 14:54:28   Checking alignments...
2025-05-25 14:54:28   30 renamed keys in simulated aligns.
2025-05-25 14:54:28   Creating labels...
2025-05-25 14:54:28   Merging aligns and labels...
2025-05-25 14:54:28   Total number of alignments: 3910
2025-05-25 14:54:28   --- Preprocessing base data ---
2025-05-25 14:54:28   Tokenizing real alignments...
2025-05-25 14:54:29   Removing sequences with ambiguous tokens...
2025-05-25 14:54:29   0/20290 sequences have been removed from 0/1497 alignements due to ambiguous sites.
2025-05-25 14:54:29   Tokenizing simulated alignments...
2025-05-25 14:54:29   Removing sequences with ambiguous tokens...
2025-05-25 14:54:29   0/17109 sequences have been removed from 0/2413 alignements due to ambiguous sites.
2025-05-25 14:54:29   Checking alignments...
2025-05-25 14:54:29   30 renamed keys in simulated aligns.
2025-05-25 14:54:29   Creating labels...
2025-05-25 14:54:29   Merging aligns and labels...
2025-05-25 14:54:29   Total number of alignments: 3910
2025-05-25 14:54:29   --- Start running AACnnClassifier ---
--- Hyperparameters ---
model = AAConvNet(
  (conv_layer): Sequential(
    (0): Conv1d(22, 64, kernel_size=(3,), stride=(1,), padding=(1,))
    (1): ReLU()
    (2): AdaptiveAvgPool1d(output_size=1)
    (3): Dropout(p=0.2, inplace=False)
  )
  (dense_layer): Linear(in_features=64, out_features=1, bias=True)
)
split_proportion = 0.9
batch_pad_sequences = False
learning_rate = 0.01
batch_size = 64
max_epochs = 500
early_stopping_patience = 20
kernel_size = 3
--- Creating loaders ---
--- nvidia-smi output ---
nvidia-smi cannot be run: Command 'nvidia-smi' returned non-zero exit status 18.
--- Training start ---
Start training using cuda device.
Number of model parameters: 4353.
Epoch   Train loss   Valid loss   Valid acc    F1-score        Lr   Best
------------------------------------------------------------------------
    1        0.698        0.699       0.372       0.000   0.00000      *
    2        0.665        0.661       0.400       0.220   0.00250      *
    3        0.662        0.658       0.544       0.564   0.00500      *
    4        0.651        0.646       0.638       0.775   0.00750      *
    5        0.621        0.617       0.667       0.780   0.01000      *
    6        0.587        0.577       0.695       0.802   0.00990      *
    7        0.561        0.559       0.687       0.798   0.00980      *
    8        0.535        0.517       0.751       0.830   0.00970      *
    9        0.517        0.517       0.790       0.850   0.00961      *
   10        0.503        0.489       0.795       0.851   0.00951      *
   11        0.493        0.477       0.808       0.860   0.00941      *
   12        0.487        0.464       0.795       0.852   0.00932      *
   13        0.479        0.460       0.823       0.867   0.00923      *
   14        0.474        0.453       0.821       0.865   0.00914      *
   15        0.473        0.466       0.815       0.864   0.00904       
   16        0.468        0.442       0.818       0.860   0.00895      *
   17        0.465        0.439       0.815       0.863   0.00886      *
   18        0.463        0.436       0.813       0.857   0.00878      *
   19        0.461        0.444       0.813       0.859   0.00869       
   20        0.459        0.442       0.813       0.859   0.00860       
   21        0.457        0.433       0.815       0.859   0.00851      *
   22        0.455        0.424       0.813       0.858   0.00843      *
   23        0.454        0.436       0.813       0.858   0.00835       
   24        0.456        0.447       0.810       0.858   0.00826       
   25        0.454        0.440       0.813       0.859   0.00818       
   26        0.453        0.443       0.815       0.860   0.00810       
   27        0.451        0.435       0.813       0.858   0.00802       
   28        0.451        0.435       0.818       0.863   0.00794       
   29        0.449        0.423       0.813       0.857   0.00786      *
   30        0.448        0.423       0.815       0.858   0.00778      *
   31        0.448        0.418       0.826       0.864   0.00770      *
   32        0.447        0.423       0.813       0.858   0.00762       
   33        0.448        0.434       0.821       0.865   0.00755       
   34        0.446        0.429       0.813       0.858   0.00747       
   35        0.446        0.432       0.818       0.863   0.00740       
   36        0.446        0.432       0.818       0.863   0.00732       
   37        0.444        0.424       0.821       0.863   0.00725       
   38        0.444        0.414       0.823       0.862   0.00718      *
   39        0.443        0.421       0.815       0.860   0.00711       
   40        0.443        0.423       0.815       0.860   0.00703       
   41        0.442        0.412       0.821       0.862   0.00696      *
   42        0.441        0.417       0.818       0.861   0.00689       
   43        0.442        0.422       0.815       0.860   0.00683       
   44        0.441        0.414       0.818       0.862   0.00676       
   45        0.442        0.407       0.826       0.866   0.00669      *
   46        0.440        0.411       0.821       0.863   0.00662       
   47        0.443        0.429       0.821       0.865   0.00656       
   48        0.440        0.416       0.823       0.864   0.00649       
   49        0.441        0.426       0.818       0.863   0.00643       
   50        0.439        0.410       0.823       0.865   0.00636       
   51        0.440        0.421       0.821       0.865   0.00630       
   52        0.440        0.406       0.826       0.865   0.00624      *
   53        0.440        0.405       0.823       0.862   0.00617      *
   54        0.438        0.417       0.815       0.860   0.00611       
   55        0.438        0.420       0.815       0.860   0.00605       
   56        0.438        0.405       0.828       0.866   0.00599       
   57        0.436        0.408       0.823       0.863   0.00593       
   58        0.436        0.412       0.815       0.859   0.00587       
   59        0.436        0.413       0.815       0.859   0.00581       
   60        0.436        0.416       0.821       0.863   0.00575       
   61        0.436        0.405       0.826       0.864   0.00570       
   62        0.435        0.409       0.823       0.864   0.00564       
   63        0.435        0.410       0.818       0.861   0.00558       
   64        0.435        0.408       0.828       0.867   0.00553       
   65        0.438        0.425       0.818       0.864   0.00547       
   66        0.437        0.423       0.821       0.865   0.00542       
   67        0.435        0.418       0.823       0.864   0.00536       
   68        0.435        0.405       0.833       0.869   0.00531       
   69        0.433        0.408       0.828       0.867   0.00526       
   70        0.434        0.405       0.828       0.866   0.00520       
   71        0.434        0.404       0.828       0.866   0.00515      *
   72        0.434        0.403       0.828       0.866   0.00510      *
   73        0.433        0.406       0.828       0.867   0.00505       
   74        0.437        0.425       0.821       0.865   0.00500       
   75        0.432        0.405       0.828       0.867   0.00495       
   76        0.432        0.409       0.826       0.866   0.00490       
   77        0.432        0.412       0.823       0.864   0.00485       
   78        0.433        0.415       0.821       0.862   0.00480       
   79        0.432        0.408       0.831       0.869   0.00475       
   80        0.431        0.405       0.828       0.867   0.00471       
   81        0.432        0.415       0.821       0.862   0.00466       
   82        0.432        0.416       0.823       0.864   0.00461       
   83        0.433        0.420       0.821       0.865   0.00457       
   84        0.431        0.409       0.823       0.864   0.00452       
   85        0.433        0.401       0.836       0.871   0.00448      *
   86        0.430        0.405       0.828       0.867   0.00443       
   87        0.432        0.401       0.828       0.866   0.00439      *
   88        0.430        0.405       0.828       0.867   0.00434       
   89        0.431        0.411       0.823       0.864   0.00430       
   90        0.430        0.405       0.828       0.867   0.00426       
   91        0.430        0.406       0.828       0.867   0.00421       
   92        0.430        0.405       0.828       0.867   0.00417       
   93        0.430        0.408       0.828       0.867   0.00413       
   94        0.431        0.414       0.828       0.869   0.00409       
   95        0.430        0.412       0.821       0.862   0.00405       
   96        0.429        0.409       0.823       0.864   0.00401       
   97        0.429        0.404       0.828       0.867   0.00397       
   98        0.429        0.406       0.828       0.867   0.00393       
   99        0.429        0.405       0.828       0.867   0.00389       
  100        0.429        0.410       0.823       0.864   0.00385       
  101        0.429        0.407       0.826       0.865   0.00381       
  102        0.429        0.404       0.828       0.866   0.00377       
  103        0.428        0.408       0.828       0.867   0.00373       
  104        0.431        0.418       0.831       0.872   0.00370       
  105        0.429        0.403       0.828       0.866   0.00366       
  106        0.430        0.401       0.831       0.867   0.00362       
  107        0.429        0.412       0.826       0.866   0.00359       
--- Training ended ---
Number of model parameters: 4353
Training time: 0:02:32
Best epoch: 87
Best valid loss: 0.401
Best valid accuracy (macro): 0.828
Best F1 score: 0.866
2025-05-25 14:57:03   --- End running AACnnClassifier ---
