Running task 1: uv run python src/classifiers/pipeline.py --config config/kernel_size_1/viridiplantae/DSO78_frequencies.json
2025-05-25 14:27:17   Tokenizing real alignments...
2025-05-25 14:27:18   Removing sequences with ambiguous tokens...
2025-05-25 14:27:18   0/20290 sequences have been removed from 0/1497 alignements due to ambiguous sites.
2025-05-25 14:27:18   Tokenizing simulated alignments...
2025-05-25 14:27:19   Removing sequences with ambiguous tokens...
2025-05-25 14:27:19   0/17109 sequences have been removed from 0/2413 alignements due to ambiguous sites.
2025-05-25 14:27:19   Checking alignments...
2025-05-25 14:27:19   30 renamed keys in simulated aligns.
2025-05-25 14:27:19   Creating labels...
2025-05-25 14:27:19   Merging aligns and labels...
2025-05-25 14:27:19   Total number of alignments: 3910
2025-05-25 14:27:19   --- Preprocessing base data ---
2025-05-25 14:27:19   Tokenizing real alignments...
2025-05-25 14:27:19   Removing sequences with ambiguous tokens...
2025-05-25 14:27:19   0/20290 sequences have been removed from 0/1497 alignements due to ambiguous sites.
2025-05-25 14:27:19   Tokenizing simulated alignments...
2025-05-25 14:27:20   Removing sequences with ambiguous tokens...
2025-05-25 14:27:20   0/17109 sequences have been removed from 0/2413 alignements due to ambiguous sites.
2025-05-25 14:27:20   Checking alignments...
2025-05-25 14:27:20   30 renamed keys in simulated aligns.
2025-05-25 14:27:20   Creating labels...
2025-05-25 14:27:20   Merging aligns and labels...
2025-05-25 14:27:20   Total number of alignments: 3910
2025-05-25 14:27:20   --- Start running AACnnClassifier ---
--- Hyperparameters ---
model = AAConvNet(
  (conv_layer): Sequential(
    (0): Conv1d(22, 64, kernel_size=(1,), stride=(1,))
    (1): ReLU()
    (2): AdaptiveAvgPool1d(output_size=1)
    (3): Dropout(p=0.2, inplace=False)
  )
  (dense_layer): Linear(in_features=64, out_features=1, bias=True)
)
split_proportion = 0.9
batch_pad_sequences = False
learning_rate = 0.01
batch_size = 64
max_epochs = 500
early_stopping_patience = 20
kernel_size = 1
--- Creating loaders ---
--- nvidia-smi output ---
nvidia-smi cannot be run: Command 'nvidia-smi' returned non-zero exit status 18.
--- Training start ---
Start training using cuda device.
Number of model parameters: 1537.
Epoch   Train loss   Valid loss   Valid acc    F1-score        Lr   Best
------------------------------------------------------------------------
    1        0.709        0.710       0.372       0.000   0.00000      *
    2        0.666        0.661       0.364       0.000   0.00250      *
    3        0.665        0.660       0.369       0.008   0.00500      *
    4        0.663        0.657       0.687       0.716   0.00750      *
    5        0.656        0.648       0.667       0.658   0.01000      *
    6        0.645        0.636       0.569       0.667   0.00990      *
    7        0.632        0.625       0.623       0.738   0.00980      *
    8        0.619        0.608       0.692       0.796   0.00970      *
    9        0.600        0.592       0.674       0.793   0.00961      *
   10        0.587        0.581       0.700       0.804   0.00951      *
   11        0.576        0.568       0.708       0.808   0.00941      *
   12        0.573        0.572       0.667       0.790   0.00932       
   13        0.561        0.549       0.769       0.834   0.00923      *
   14        0.550        0.541       0.777       0.845   0.00914      *
   15        0.543        0.534       0.769       0.842   0.00904      *
   16        0.537        0.528       0.777       0.845   0.00895      *
   17        0.539        0.519       0.797       0.842   0.00886      *
   18        0.527        0.508       0.782       0.846   0.00878      *
   19        0.523        0.505       0.777       0.838   0.00869      *
   20        0.520        0.509       0.777       0.845   0.00860       
   21        0.517        0.501       0.779       0.846   0.00851      *
   22        0.514        0.491       0.782       0.837   0.00843      *
   23        0.509        0.491       0.792       0.849   0.00835       
   24        0.507        0.487       0.785       0.838   0.00826      *
   25        0.504        0.485       0.787       0.847   0.00818      *
   26        0.502        0.484       0.790       0.846   0.00810      *
   27        0.501        0.494       0.790       0.846   0.00802       
   28        0.497        0.483       0.792       0.846   0.00794      *
   29        0.496        0.475       0.792       0.841   0.00786      *
   30        0.493        0.469       0.795       0.848   0.00778      *
   31        0.492        0.474       0.800       0.851   0.00770       
   32        0.491        0.476       0.795       0.849   0.00762       
   33        0.489        0.471       0.803       0.853   0.00755       
   34        0.488        0.461       0.792       0.840   0.00747      *
   35        0.487        0.475       0.803       0.854   0.00740       
   36        0.484        0.465       0.803       0.853   0.00732       
   37        0.483        0.458       0.803       0.853   0.00725      *
   38        0.482        0.456       0.803       0.852   0.00718      *
   39        0.484        0.445       0.795       0.841   0.00711      *
   40        0.480        0.456       0.803       0.853   0.00703       
   41        0.479        0.458       0.805       0.855   0.00696       
   42        0.478        0.449       0.797       0.847   0.00689       
   43        0.477        0.447       0.797       0.847   0.00683       
   44        0.475        0.449       0.805       0.854   0.00676       
   45        0.475        0.451       0.803       0.851   0.00669       
   46        0.475        0.446       0.805       0.850   0.00662       
   47        0.473        0.443       0.803       0.849   0.00656      *
   48        0.473        0.455       0.803       0.853   0.00649       
   49        0.471        0.447       0.805       0.853   0.00643       
   50        0.472        0.439       0.803       0.848   0.00636      *
   51        0.470        0.443       0.808       0.854   0.00630       
   52        0.470        0.453       0.803       0.853   0.00624       
   53        0.471        0.460       0.805       0.856   0.00617       
   54        0.468        0.447       0.805       0.853   0.00611       
   55        0.468        0.443       0.813       0.858   0.00605       
   56        0.467        0.438       0.810       0.855   0.00599      *
   57        0.466        0.439       0.805       0.853   0.00593       
   58        0.466        0.443       0.803       0.852   0.00587       
   59        0.465        0.440       0.805       0.853   0.00581       
   60        0.465        0.442       0.813       0.858   0.00575       
   61        0.464        0.444       0.813       0.858   0.00570       
   62        0.464        0.435       0.810       0.855   0.00564      *
   63        0.463        0.442       0.808       0.855   0.00558       
   64        0.464        0.447       0.805       0.855   0.00553       
   65        0.463        0.428       0.808       0.852   0.00547      *
   66        0.462        0.435       0.813       0.858   0.00542       
   67        0.461        0.436       0.810       0.857   0.00536       
   68        0.463        0.452       0.810       0.859   0.00531       
   69        0.461        0.444       0.810       0.857   0.00526       
   70        0.460        0.431       0.810       0.855   0.00520       
   71        0.459        0.437       0.813       0.858   0.00515       
   72        0.459        0.433       0.813       0.858   0.00510       
   73        0.459        0.428       0.808       0.853   0.00505       
   74        0.458        0.435       0.813       0.858   0.00500       
   75        0.458        0.433       0.813       0.858   0.00495       
   76        0.458        0.432       0.813       0.858   0.00490       
   77        0.458        0.424       0.813       0.856   0.00485      *
   78        0.457        0.432       0.810       0.857   0.00480       
   79        0.457        0.430       0.810       0.857   0.00475       
   80        0.457        0.432       0.813       0.858   0.00471       
   81        0.456        0.428       0.813       0.857   0.00466       
   82        0.456        0.438       0.813       0.859   0.00461       
   83        0.456        0.433       0.813       0.858   0.00457       
   84        0.455        0.428       0.815       0.859   0.00452       
   85        0.456        0.424       0.813       0.855   0.00448       
   86        0.455        0.426       0.813       0.856   0.00443       
   87        0.455        0.427       0.813       0.857   0.00439       
   88        0.455        0.420       0.815       0.858   0.00434      *
   89        0.454        0.421       0.815       0.859   0.00430       
   90        0.454        0.430       0.813       0.858   0.00426       
   91        0.454        0.432       0.815       0.860   0.00421       
   92        0.453        0.427       0.813       0.857   0.00417       
   93        0.453        0.425       0.815       0.859   0.00413       
   94        0.453        0.427       0.810       0.855   0.00409       
   95        0.454        0.434       0.815       0.862   0.00405       
   96        0.452        0.423       0.813       0.857   0.00401       
   97        0.452        0.418       0.818       0.861   0.00397      *
   98        0.452        0.432       0.815       0.860   0.00393       
   99        0.451        0.426       0.815       0.859   0.00389       
  100        0.451        0.428       0.813       0.857   0.00385       
  101        0.451        0.427       0.813       0.857   0.00381       
  102        0.451        0.420       0.815       0.858   0.00377       
  103        0.454        0.445       0.818       0.865   0.00373       
  104        0.451        0.430       0.813       0.857   0.00370       
  105        0.451        0.417       0.815       0.857   0.00366      *
  106        0.450        0.426       0.813       0.857   0.00362       
  107        0.450        0.427       0.813       0.857   0.00359       
  108        0.450        0.424       0.815       0.859   0.00355       
  109        0.449        0.423       0.815       0.859   0.00352       
  110        0.449        0.425       0.813       0.857   0.00348       
  111        0.449        0.422       0.815       0.859   0.00345       
  112        0.449        0.428       0.821       0.864   0.00341       
  113        0.449        0.425       0.813       0.857   0.00338       
  114        0.448        0.421       0.815       0.859   0.00334       
  115        0.448        0.418       0.818       0.861   0.00331       
  116        0.449        0.431       0.818       0.863   0.00328       
  117        0.448        0.416       0.818       0.861   0.00324      *
  118        0.448        0.426       0.815       0.859   0.00321       
  119        0.448        0.416       0.818       0.861   0.00318       
  120        0.449        0.433       0.821       0.865   0.00315       
  121        0.448        0.418       0.818       0.861   0.00312       
  122        0.447        0.419       0.818       0.861   0.00309       
  123        0.447        0.422       0.813       0.857   0.00305       
  124        0.447        0.419       0.818       0.861   0.00302       
  125        0.448        0.413       0.815       0.858   0.00299      *
  126        0.447        0.422       0.813       0.857   0.00296       
  127        0.447        0.418       0.818       0.861   0.00293       
  128        0.447        0.423       0.815       0.859   0.00290       
  129        0.447        0.425       0.815       0.859   0.00288       
  130        0.446        0.423       0.813       0.857   0.00285       
  131        0.446        0.426       0.821       0.864   0.00282       
  132        0.446        0.418       0.818       0.861   0.00279       
  133        0.446        0.422       0.813       0.857   0.00276       
  134        0.446        0.423       0.815       0.859   0.00273       
  135        0.446        0.419       0.818       0.861   0.00271       
  136        0.446        0.418       0.818       0.861   0.00268       
  137        0.446        0.419       0.823       0.867   0.00265       
  138        0.446        0.412       0.818       0.861   0.00263      *
  139        0.445        0.412       0.818       0.861   0.00260      *
  140        0.445        0.413       0.818       0.861   0.00257       
  141        0.446        0.426       0.821       0.865   0.00255       
  142        0.445        0.419       0.818       0.861   0.00252       
  143        0.445        0.420       0.815       0.859   0.00250       
  144        0.445        0.414       0.818       0.861   0.00247       
  145        0.444        0.414       0.818       0.861   0.00245       
  146        0.444        0.412       0.818       0.861   0.00242       
  147        0.444        0.415       0.818       0.861   0.00240       
  148        0.444        0.418       0.818       0.861   0.00238       
  149        0.444        0.416       0.818       0.861   0.00235       
  150        0.444        0.415       0.818       0.861   0.00233       
  151        0.444        0.424       0.818       0.862   0.00231       
  152        0.444        0.423       0.821       0.864   0.00228       
  153        0.444        0.419       0.818       0.861   0.00226       
  154        0.444        0.419       0.821       0.863   0.00224       
  155        0.443        0.417       0.821       0.862   0.00221       
  156        0.443        0.417       0.821       0.862   0.00219       
  157        0.443        0.417       0.818       0.861   0.00217       
  158        0.443        0.419       0.821       0.863   0.00215       
  159        0.443        0.420       0.815       0.859   0.00213       
--- Training ended ---
Number of model parameters: 1537
Training time: 0:03:29
Best epoch: 139
Best valid loss: 0.412
Best valid accuracy (macro): 0.818
Best F1 score: 0.861
2025-05-25 14:30:51   --- End running AACnnClassifier ---
