Running task 7: uv run python src/classifiers/pipeline.py --config config/kernel_size_2/viridiplantae/JTT92_frequencies.json
2025-05-25 14:46:56   Tokenizing real alignments...
2025-05-25 14:46:57   Removing sequences with ambiguous tokens...
2025-05-25 14:46:57   0/20290 sequences have been removed from 0/1497 alignements due to ambiguous sites.
2025-05-25 14:46:57   Tokenizing simulated alignments...
2025-05-25 14:46:58   Removing sequences with ambiguous tokens...
2025-05-25 14:46:58   0/17109 sequences have been removed from 0/2413 alignements due to ambiguous sites.
2025-05-25 14:46:58   Checking alignments...
2025-05-25 14:46:58   30 renamed keys in simulated aligns.
2025-05-25 14:46:58   Creating labels...
2025-05-25 14:46:58   Merging aligns and labels...
2025-05-25 14:46:58   Total number of alignments: 3910
2025-05-25 14:46:58   --- Preprocessing base data ---
2025-05-25 14:46:58   Tokenizing real alignments...
2025-05-25 14:46:58   Removing sequences with ambiguous tokens...
2025-05-25 14:46:58   0/20290 sequences have been removed from 0/1497 alignements due to ambiguous sites.
2025-05-25 14:46:58   Tokenizing simulated alignments...
2025-05-25 14:46:59   Removing sequences with ambiguous tokens...
2025-05-25 14:46:59   0/17109 sequences have been removed from 0/2413 alignements due to ambiguous sites.
2025-05-25 14:46:59   Checking alignments...
2025-05-25 14:46:59   30 renamed keys in simulated aligns.
2025-05-25 14:46:59   Creating labels...
2025-05-25 14:46:59   Merging aligns and labels...
2025-05-25 14:46:59   Total number of alignments: 3910
2025-05-25 14:46:59   --- Start running AACnnClassifier ---
--- Hyperparameters ---
model = AAConvNet(
  (conv_layer): Sequential(
    (0): Conv1d(22, 64, kernel_size=(2,), stride=(1,), padding=(1,))
    (1): ReLU()
    (2): AdaptiveAvgPool1d(output_size=1)
    (3): Dropout(p=0.2, inplace=False)
  )
  (dense_layer): Linear(in_features=64, out_features=1, bias=True)
)
split_proportion = 0.9
batch_pad_sequences = False
learning_rate = 0.01
batch_size = 64
max_epochs = 500
early_stopping_patience = 20
kernel_size = 2
--- Creating loaders ---
--- nvidia-smi output ---
nvidia-smi cannot be run: Command 'nvidia-smi' returned non-zero exit status 18.
--- Training start ---
Start training using cuda device.
Number of model parameters: 2945.
Epoch   Train loss   Valid loss   Valid acc    F1-score        Lr   Best
------------------------------------------------------------------------
    1        0.711        0.713       0.372       0.000   0.00000      *
    2        0.666        0.661       0.628       0.772   0.00250      *
    3        0.664        0.659       0.390       0.112   0.00500      *
    4        0.658        0.650       0.559       0.533   0.00750      *
    5        0.644        0.632       0.621       0.738   0.01000      *
    6        0.620        0.614       0.685       0.776   0.00990      *
    7        0.599        0.594       0.654       0.783   0.00980      *
    8        0.582        0.566       0.764       0.837   0.00970      *
    9        0.574        0.574       0.677       0.793   0.00961       
   10        0.556        0.535       0.787       0.849   0.00951      *
   11        0.547        0.534       0.741       0.826   0.00941      *
   12        0.538        0.525       0.774       0.843   0.00932      *
   13        0.532        0.518       0.782       0.847   0.00923      *
   14        0.531        0.499       0.792       0.840   0.00914      *
   15        0.522        0.499       0.795       0.851   0.00904       
   16        0.523        0.512       0.779       0.846   0.00895       
   17        0.515        0.487       0.797       0.854   0.00886      *
   18        0.515        0.492       0.785       0.847   0.00878       
   19        0.512        0.470       0.792       0.843   0.00869      *
   20        0.515        0.464       0.790       0.839   0.00860      *
   21        0.507        0.473       0.792       0.851   0.00851       
   22        0.505        0.475       0.795       0.852   0.00843       
   23        0.504        0.466       0.790       0.845   0.00835       
   24        0.503        0.464       0.792       0.845   0.00826      *
   25        0.501        0.461       0.790       0.845   0.00818      *
   26        0.500        0.461       0.790       0.843   0.00810       
   27        0.499        0.467       0.792       0.850   0.00802       
   28        0.499        0.468       0.792       0.849   0.00794       
   29        0.497        0.453       0.792       0.844   0.00786      *
   30        0.497        0.455       0.792       0.843   0.00778       
   31        0.496        0.453       0.792       0.845   0.00770       
   32        0.495        0.458       0.785       0.841   0.00762       
   33        0.495        0.463       0.785       0.841   0.00755       
   34        0.494        0.452       0.790       0.841   0.00747      *
   35        0.493        0.458       0.790       0.842   0.00740       
   36        0.494        0.451       0.792       0.841   0.00732      *
   37        0.492        0.452       0.792       0.845   0.00725       
   38        0.492        0.457       0.792       0.847   0.00718       
   39        0.491        0.454       0.790       0.845   0.00711       
   40        0.492        0.442       0.795       0.843   0.00703      *
   41        0.490        0.453       0.787       0.843   0.00696       
   42        0.495        0.440       0.805       0.848   0.00689      *
   43        0.491        0.465       0.787       0.845   0.00683       
   44        0.490        0.440       0.795       0.843   0.00676      *
   45        0.488        0.449       0.797       0.849   0.00669       
   46        0.488        0.440       0.800       0.851   0.00662      *
   47        0.487        0.446       0.785       0.837   0.00656       
   48        0.487        0.447       0.797       0.849   0.00649       
   49        0.488        0.453       0.792       0.848   0.00643       
   50        0.488        0.459       0.790       0.845   0.00636       
   51        0.486        0.440       0.792       0.841   0.00630      *
   52        0.486        0.443       0.795       0.845   0.00624       
   53        0.486        0.439       0.797       0.845   0.00617      *
   54        0.485        0.446       0.795       0.847   0.00611       
   55        0.485        0.451       0.792       0.846   0.00605       
   56        0.485        0.448       0.795       0.847   0.00599       
   57        0.486        0.436       0.805       0.849   0.00593      *
   58        0.485        0.435       0.795       0.843   0.00587      *
   59        0.486        0.432       0.800       0.846   0.00581      *
   60        0.486        0.457       0.792       0.847   0.00575       
   61        0.487        0.462       0.792       0.847   0.00570       
   62        0.485        0.457       0.792       0.847   0.00564       
   63        0.483        0.440       0.790       0.841   0.00558       
   64        0.483        0.434       0.795       0.843   0.00553       
   65        0.484        0.432       0.797       0.844   0.00547      *
   66        0.483        0.432       0.800       0.846   0.00542      *
   67        0.482        0.440       0.800       0.851   0.00536       
   68        0.482        0.439       0.792       0.843   0.00531       
   69        0.482        0.435       0.795       0.844   0.00526       
   70        0.482        0.446       0.800       0.852   0.00520       
   71        0.481        0.438       0.800       0.851   0.00515       
   72        0.481        0.437       0.797       0.848   0.00510       
   73        0.481        0.433       0.803       0.853   0.00505       
   74        0.481        0.440       0.797       0.850   0.00500       
   75        0.480        0.434       0.797       0.847   0.00495       
   76        0.480        0.433       0.792       0.842   0.00490       
   77        0.480        0.433       0.795       0.844   0.00485       
   78        0.483        0.428       0.805       0.849   0.00480      *
   79        0.480        0.440       0.797       0.850   0.00475       
   80        0.480        0.429       0.800       0.846   0.00471       
   81        0.479        0.441       0.797       0.850   0.00466       
   82        0.479        0.444       0.803       0.853   0.00461       
   83        0.479        0.437       0.797       0.848   0.00457       
   84        0.478        0.435       0.795       0.844   0.00452       
   85        0.478        0.430       0.800       0.847   0.00448       
   86        0.478        0.434       0.800       0.849   0.00443       
   87        0.479        0.429       0.803       0.849   0.00439       
   88        0.478        0.437       0.803       0.853   0.00434       
   89        0.479        0.426       0.800       0.846   0.00430      *
   90        0.478        0.439       0.800       0.852   0.00426       
   91        0.478        0.439       0.797       0.850   0.00421       
   92        0.477        0.431       0.800       0.849   0.00417       
   93        0.477        0.437       0.803       0.853   0.00413       
   94        0.477        0.431       0.800       0.848   0.00409       
   95        0.478        0.444       0.797       0.850   0.00405       
   96        0.479        0.452       0.797       0.850   0.00401       
   97        0.477        0.441       0.803       0.853   0.00397       
   98        0.482        0.425       0.815       0.855   0.00393      *
   99        0.477        0.428       0.805       0.851   0.00389       
  100        0.476        0.433       0.808       0.856   0.00385       
  101        0.476        0.432       0.808       0.856   0.00381       
  102        0.476        0.429       0.800       0.849   0.00377       
  103        0.476        0.436       0.805       0.854   0.00373       
  104        0.476        0.436       0.805       0.854   0.00370       
  105        0.476        0.430       0.803       0.850   0.00366       
  106        0.475        0.431       0.797       0.848   0.00362       
  107        0.476        0.437       0.805       0.854   0.00359       
  108        0.475        0.431       0.797       0.847   0.00355       
  109        0.476        0.441       0.805       0.854   0.00352       
  110        0.476        0.428       0.797       0.844   0.00348       
  111        0.475        0.436       0.805       0.854   0.00345       
  112        0.475        0.431       0.797       0.848   0.00341       
  113        0.475        0.427       0.803       0.849   0.00338       
  114        0.476        0.443       0.800       0.852   0.00334       
  115        0.475        0.428       0.805       0.852   0.00331       
  116        0.474        0.433       0.805       0.854   0.00328       
  117        0.474        0.430       0.800       0.849   0.00324       
  118        0.477        0.450       0.805       0.857   0.00321       
--- Training ended ---
Number of model parameters: 2945
Training time: 0:02:48
Best epoch: 98
Best valid loss: 0.425
Best valid accuracy (macro): 0.815
Best F1 score: 0.855
2025-05-25 14:49:49   --- End running AACnnClassifier ---
