Running task 0: uv run python src/classifiers/pipeline.py --config config/kernel_size_1/comparsion_mammals_viridiplantae/mammals_viridiplantae.json
2025-05-25 14:23:47   Tokenizing real alignments...
2025-05-25 14:23:48   Removing sequences with ambiguous tokens...
2025-05-25 14:23:48   0/20290 sequences have been removed from 0/1497 alignements due to ambiguous sites.
2025-05-25 14:23:48   Tokenizing simulated alignments...
2025-05-25 14:23:48   Removing sequences with ambiguous tokens...
2025-05-25 14:23:48   0/17109 sequences have been removed from 0/2413 alignements due to ambiguous sites.
2025-05-25 14:23:48   Checking alignments...
2025-05-25 14:23:48   30 renamed keys in simulated aligns.
2025-05-25 14:23:48   Creating labels...
2025-05-25 14:23:48   Merging aligns and labels...
2025-05-25 14:23:48   Total number of alignments: 3910
2025-05-25 14:23:48   --- Preprocessing base data ---
2025-05-25 14:23:48   Tokenizing real alignments...
2025-05-25 14:23:49   Removing sequences with ambiguous tokens...
2025-05-25 14:23:49   0/20290 sequences have been removed from 0/1497 alignements due to ambiguous sites.
2025-05-25 14:23:49   Tokenizing simulated alignments...
2025-05-25 14:23:50   Removing sequences with ambiguous tokens...
2025-05-25 14:23:50   0/17109 sequences have been removed from 0/2413 alignements due to ambiguous sites.
2025-05-25 14:23:50   Checking alignments...
2025-05-25 14:23:50   30 renamed keys in simulated aligns.
2025-05-25 14:23:50   Creating labels...
2025-05-25 14:23:50   Merging aligns and labels...
2025-05-25 14:23:50   Total number of alignments: 3910
2025-05-25 14:23:50   --- Start running AACnnClassifier ---
--- Hyperparameters ---
model = AAConvNet(
  (conv_layer): Sequential(
    (0): Conv1d(22, 64, kernel_size=(1,), stride=(1,))
    (1): ReLU()
    (2): AdaptiveAvgPool1d(output_size=1)
    (3): Dropout(p=0.2, inplace=False)
  )
  (dense_layer): Linear(in_features=64, out_features=1, bias=True)
)
split_proportion = 0.9
batch_pad_sequences = False
learning_rate = 0.01
batch_size = 64
max_epochs = 500
early_stopping_patience = 20
kernel_size = 1
--- Creating loaders ---
--- nvidia-smi output ---
nvidia-smi cannot be run: Command 'nvidia-smi' returned non-zero exit status 18.
--- Training start ---
Start training using cuda device.
Number of model parameters: 1537.
Epoch   Train loss   Valid loss   Valid acc    F1-score        Lr   Best
------------------------------------------------------------------------
    1        0.690        0.690       0.372       0.000   0.00000      *
    2        0.666        0.660       0.628       0.772   0.00250      *
    3        0.665        0.660       0.369       0.000   0.00500      *
    4        0.662        0.655       0.756       0.822   0.00750      *
    5        0.656        0.647       0.749       0.814   0.01000      *
    6        0.646        0.635       0.741       0.825   0.00990      *
    7        0.634        0.623       0.703       0.807   0.00980      *
    8        0.619        0.609       0.656       0.783   0.00970      *
    9        0.605        0.596       0.656       0.785   0.00961      *
   10        0.593        0.590       0.687       0.796   0.00951      *
   11        0.583        0.572       0.685       0.797   0.00941      *
   12        0.575        0.564       0.731       0.817   0.00932      *
   13        0.565        0.561       0.703       0.805   0.00923      *
   14        0.558        0.554       0.705       0.807   0.00914      *
   15        0.552        0.541       0.777       0.843   0.00904      *
   16        0.545        0.539       0.764       0.837   0.00895      *
   17        0.540        0.533       0.787       0.848   0.00886      *
   18        0.533        0.527       0.777       0.845   0.00878      *
   19        0.529        0.526       0.792       0.853   0.00869      *
   20        0.525        0.520       0.805       0.859   0.00860      *
   21        0.522        0.521       0.800       0.857   0.00851       
   22        0.517        0.512       0.795       0.853   0.00843      *
   23        0.514        0.502       0.785       0.847   0.00835      *
   24        0.511        0.506       0.790       0.853   0.00826       
   25        0.508        0.496       0.795       0.853   0.00818      *
   26        0.506        0.492       0.795       0.853   0.00810      *
   27        0.504        0.487       0.813       0.864   0.00802      *
   28        0.501        0.487       0.805       0.858   0.00794       
   29        0.499        0.478       0.815       0.865   0.00786      *
   30        0.496        0.485       0.808       0.861   0.00778       
   31        0.494        0.482       0.810       0.862   0.00770       
   32        0.493        0.480       0.810       0.861   0.00762       
   33        0.491        0.479       0.815       0.866   0.00755       
   34        0.489        0.473       0.813       0.864   0.00747      *
   35        0.489        0.483       0.813       0.866   0.00740       
   36        0.486        0.462       0.815       0.864   0.00732      *
   37        0.487        0.471       0.795       0.853   0.00725       
   38        0.484        0.469       0.815       0.866   0.00718       
   39        0.487        0.473       0.795       0.856   0.00711       
   40        0.482        0.471       0.818       0.868   0.00703       
   41        0.481        0.455       0.821       0.868   0.00696      *
   42        0.481        0.450       0.823       0.868   0.00689      *
   43        0.480        0.471       0.823       0.872   0.00683       
   44        0.478        0.460       0.815       0.866   0.00676       
   45        0.478        0.448       0.821       0.866   0.00669      *
   46        0.478        0.462       0.815       0.867   0.00662       
   47        0.475        0.454       0.813       0.864   0.00656       
   48        0.474        0.457       0.818       0.868   0.00649       
   49        0.474        0.450       0.818       0.868   0.00643       
   50        0.473        0.459       0.821       0.870   0.00636       
   51        0.472        0.450       0.826       0.871   0.00630       
   52        0.472        0.447       0.823       0.869   0.00624      *
   53        0.471        0.451       0.818       0.866   0.00617       
   54        0.470        0.448       0.823       0.869   0.00611       
   55        0.469        0.447       0.823       0.869   0.00605      *
   56        0.470        0.455       0.818       0.868   0.00599       
   57        0.469        0.450       0.821       0.867   0.00593       
   58        0.468        0.449       0.821       0.867   0.00587       
   59        0.468        0.443       0.823       0.869   0.00581      *
   60        0.467        0.448       0.821       0.869   0.00575       
   61        0.466        0.442       0.823       0.869   0.00570      *
   62        0.467        0.450       0.823       0.871   0.00564       
   63        0.466        0.442       0.821       0.867   0.00558      *
   64        0.466        0.441       0.821       0.866   0.00553      *
   65        0.466        0.437       0.823       0.868   0.00547      *
   66        0.465        0.437       0.826       0.870   0.00542       
   67        0.464        0.437       0.826       0.870   0.00536       
   68        0.465        0.450       0.821       0.869   0.00531       
   69        0.464        0.443       0.821       0.867   0.00526       
   70        0.464        0.448       0.821       0.868   0.00520       
   71        0.463        0.441       0.823       0.868   0.00515       
   72        0.463        0.446       0.821       0.868   0.00510       
   73        0.463        0.436       0.821       0.867   0.00505      *
   74        0.463        0.445       0.823       0.871   0.00500       
   75        0.463        0.445       0.823       0.870   0.00495       
   76        0.462        0.438       0.828       0.872   0.00490       
   77        0.462        0.433       0.823       0.868   0.00485      *
   78        0.461        0.436       0.823       0.869   0.00480       
   79        0.462        0.442       0.823       0.870   0.00475       
   80        0.462        0.447       0.823       0.871   0.00471       
   81        0.461        0.445       0.823       0.870   0.00466       
   82        0.462        0.447       0.826       0.872   0.00461       
   83        0.460        0.436       0.828       0.872   0.00457       
   84        0.460        0.433       0.823       0.868   0.00452       
   85        0.461        0.441       0.826       0.872   0.00448       
   86        0.461        0.448       0.823       0.871   0.00443       
   87        0.459        0.435       0.828       0.872   0.00439       
   88        0.460        0.427       0.831       0.872   0.00434      *
   89        0.459        0.438       0.823       0.870   0.00430       
   90        0.460        0.424       0.833       0.874   0.00426      *
   91        0.459        0.432       0.823       0.869   0.00421       
   92        0.458        0.435       0.826       0.871   0.00417       
   93        0.458        0.429       0.828       0.872   0.00413       
   94        0.458        0.439       0.823       0.869   0.00409       
   95        0.458        0.431       0.828       0.872   0.00405       
   96        0.458        0.425       0.833       0.874   0.00401       
   97        0.459        0.447       0.826       0.872   0.00397       
   98        0.458        0.439       0.823       0.869   0.00393       
   99        0.459        0.450       0.826       0.872   0.00389       
  100        0.458        0.437       0.831       0.874   0.00385       
  101        0.459        0.447       0.821       0.867   0.00381       
  102        0.457        0.438       0.828       0.872   0.00377       
  103        0.457        0.436       0.828       0.872   0.00373       
  104        0.457        0.430       0.836       0.876   0.00370       
  105        0.457        0.437       0.826       0.871   0.00366       
  106        0.456        0.433       0.826       0.871   0.00362       
  107        0.457        0.436       0.823       0.869   0.00359       
  108        0.456        0.435       0.823       0.869   0.00355       
  109        0.456        0.434       0.823       0.869   0.00352       
  110        0.456        0.434       0.823       0.869   0.00348       
--- Training ended ---
Number of model parameters: 1537
Training time: 0:02:29
Best epoch: 90
Best valid loss: 0.424
Best valid accuracy (macro): 0.833
Best F1 score: 0.874
2025-05-25 14:26:20   --- End running AACnnClassifier ---
