Running task 9: uv run python src/classifiers/pipeline.py --config config/kernel_size_2/viridiplantae/WAG_frequencies.json
2025-05-25 14:51:14   Tokenizing real alignments...
2025-05-25 14:51:15   Removing sequences with ambiguous tokens...
2025-05-25 14:51:15   0/20290 sequences have been removed from 0/1497 alignements due to ambiguous sites.
2025-05-25 14:51:15   Tokenizing simulated alignments...
2025-05-25 14:51:16   Removing sequences with ambiguous tokens...
2025-05-25 14:51:16   0/17109 sequences have been removed from 0/2413 alignements due to ambiguous sites.
2025-05-25 14:51:16   Checking alignments...
2025-05-25 14:51:16   30 renamed keys in simulated aligns.
2025-05-25 14:51:16   Creating labels...
2025-05-25 14:51:16   Merging aligns and labels...
2025-05-25 14:51:16   Total number of alignments: 3910
2025-05-25 14:51:16   --- Preprocessing base data ---
2025-05-25 14:51:16   Tokenizing real alignments...
2025-05-25 14:51:16   Removing sequences with ambiguous tokens...
2025-05-25 14:51:16   0/20290 sequences have been removed from 0/1497 alignements due to ambiguous sites.
2025-05-25 14:51:16   Tokenizing simulated alignments...
2025-05-25 14:51:17   Removing sequences with ambiguous tokens...
2025-05-25 14:51:17   0/17109 sequences have been removed from 0/2413 alignements due to ambiguous sites.
2025-05-25 14:51:17   Checking alignments...
2025-05-25 14:51:17   30 renamed keys in simulated aligns.
2025-05-25 14:51:17   Creating labels...
2025-05-25 14:51:17   Merging aligns and labels...
2025-05-25 14:51:17   Total number of alignments: 3910
2025-05-25 14:51:17   --- Start running AACnnClassifier ---
--- Hyperparameters ---
model = AAConvNet(
  (conv_layer): Sequential(
    (0): Conv1d(22, 64, kernel_size=(2,), stride=(1,), padding=(1,))
    (1): ReLU()
    (2): AdaptiveAvgPool1d(output_size=1)
    (3): Dropout(p=0.2, inplace=False)
  )
  (dense_layer): Linear(in_features=64, out_features=1, bias=True)
)
split_proportion = 0.9
batch_pad_sequences = False
learning_rate = 0.01
batch_size = 64
max_epochs = 500
early_stopping_patience = 20
kernel_size = 2
--- Creating loaders ---
--- nvidia-smi output ---
nvidia-smi cannot be run: Command 'nvidia-smi' returned non-zero exit status 18.
--- Training start ---
Start training using cuda device.
Number of model parameters: 2945.
Epoch   Train loss   Valid loss   Valid acc    F1-score        Lr   Best
------------------------------------------------------------------------
    1        0.693        0.693       0.626       0.755   0.00000      *
    2        0.666        0.661       0.474       0.468   0.00250      *
    3        0.664        0.658       0.372       0.008   0.00500      *
    4        0.650        0.643       0.746       0.820   0.00750      *
    5        0.627        0.629       0.628       0.772   0.01000      *
    6        0.602        0.590       0.744       0.825   0.00990      *
    7        0.578        0.563       0.692       0.799   0.00980      *
    8        0.567        0.568       0.756       0.829   0.00970       
    9        0.554        0.543       0.749       0.829   0.00961      *
   10        0.544        0.521       0.767       0.839   0.00951      *
   11        0.539        0.502       0.785       0.847   0.00941      *
   12        0.532        0.514       0.777       0.843   0.00932       
   13        0.526        0.498       0.808       0.860   0.00923      *
   14        0.521        0.499       0.792       0.850   0.00914       
   15        0.517        0.489       0.797       0.854   0.00904      *
   16        0.518        0.499       0.774       0.842   0.00895       
   17        0.513        0.495       0.790       0.849   0.00886       
   18        0.508        0.475       0.803       0.856   0.00878      *
   19        0.506        0.470       0.813       0.861   0.00869      *
   20        0.505        0.481       0.795       0.852   0.00860       
   21        0.502        0.463       0.818       0.865   0.00851      *
   22        0.499        0.463       0.810       0.860   0.00843      *
   23        0.499        0.454       0.821       0.866   0.00835      *
   24        0.496        0.457       0.815       0.864   0.00826       
   25        0.496        0.451       0.818       0.864   0.00818      *
   26        0.499        0.447       0.821       0.863   0.00810      *
   27        0.493        0.452       0.818       0.865   0.00802       
   28        0.493        0.449       0.818       0.863   0.00794       
   29        0.492        0.453       0.815       0.863   0.00786       
   30        0.491        0.453       0.808       0.859   0.00778       
   31        0.493        0.471       0.792       0.851   0.00770       
   32        0.489        0.448       0.818       0.865   0.00762       
   33        0.488        0.447       0.815       0.863   0.00755       
   34        0.488        0.442       0.818       0.864   0.00747      *
   35        0.486        0.446       0.818       0.864   0.00740       
   36        0.488        0.437       0.831       0.872   0.00732      *
   37        0.485        0.447       0.810       0.860   0.00725       
   38        0.486        0.435       0.833       0.874   0.00718      *
   39        0.483        0.445       0.813       0.861   0.00711       
   40        0.485        0.433       0.828       0.869   0.00703      *
   41        0.482        0.436       0.821       0.866   0.00696       
   42        0.481        0.438       0.818       0.864   0.00689       
   43        0.481        0.442       0.810       0.860   0.00683       
   44        0.480        0.442       0.810       0.860   0.00676       
   45        0.480        0.448       0.813       0.862   0.00669       
   46        0.480        0.448       0.808       0.859   0.00662       
   47        0.479        0.440       0.813       0.861   0.00656       
   48        0.479        0.436       0.823       0.868   0.00649       
   49        0.483        0.462       0.800       0.856   0.00643       
   50        0.478        0.435       0.813       0.861   0.00636       
   51        0.479        0.429       0.831       0.872   0.00630      *
   52        0.477        0.432       0.826       0.869   0.00624       
   53        0.477        0.441       0.810       0.860   0.00617       
   54        0.476        0.432       0.823       0.868   0.00611       
   55        0.476        0.445       0.813       0.862   0.00605       
   56        0.475        0.434       0.818       0.864   0.00599       
   57        0.475        0.437       0.813       0.861   0.00593       
   58        0.475        0.429       0.826       0.868   0.00587      *
   59        0.474        0.438       0.810       0.860   0.00581       
   60        0.474        0.425       0.831       0.872   0.00575      *
   61        0.473        0.428       0.823       0.867   0.00570       
   62        0.473        0.428       0.823       0.867   0.00564       
   63        0.472        0.432       0.818       0.865   0.00558       
   64        0.472        0.436       0.815       0.863   0.00553       
   65        0.472        0.435       0.818       0.865   0.00547       
   66        0.471        0.436       0.818       0.865   0.00542       
   67        0.472        0.423       0.826       0.867   0.00536      *
   68        0.470        0.431       0.821       0.866   0.00531       
   69        0.470        0.428       0.818       0.864   0.00526       
   70        0.470        0.423       0.831       0.871   0.00520       
   71        0.469        0.425       0.823       0.867   0.00515       
   72        0.469        0.427       0.818       0.864   0.00510       
   73        0.469        0.429       0.818       0.864   0.00505       
   74        0.469        0.435       0.818       0.865   0.00500       
   75        0.468        0.428       0.818       0.864   0.00495       
   76        0.468        0.428       0.821       0.866   0.00490       
   77        0.468        0.421       0.828       0.869   0.00485      *
   78        0.468        0.420       0.828       0.869   0.00480      *
   79        0.467        0.429       0.821       0.866   0.00475       
   80        0.467        0.424       0.818       0.864   0.00471       
   81        0.469        0.442       0.818       0.866   0.00466       
   82        0.468        0.418       0.833       0.873   0.00461      *
   83        0.466        0.422       0.821       0.866   0.00457       
   84        0.467        0.418       0.831       0.871   0.00452       
   85        0.466        0.428       0.821       0.866   0.00448       
   86        0.465        0.424       0.821       0.866   0.00443       
   87        0.465        0.424       0.821       0.866   0.00439       
   88        0.466        0.434       0.823       0.869   0.00434       
   89        0.466        0.436       0.826       0.871   0.00430       
   90        0.465        0.427       0.821       0.866   0.00426       
   91        0.464        0.423       0.828       0.871   0.00421       
   92        0.464        0.423       0.821       0.866   0.00417       
   93        0.464        0.423       0.823       0.868   0.00413       
   94        0.464        0.434       0.821       0.866   0.00409       
   95        0.463        0.428       0.821       0.866   0.00405       
   96        0.463        0.418       0.826       0.869   0.00401       
   97        0.463        0.420       0.823       0.867   0.00397       
   98        0.463        0.426       0.821       0.866   0.00393       
   99        0.464        0.427       0.815       0.866   0.00389       
  100        0.463        0.426       0.821       0.866   0.00385       
  101        0.462        0.420       0.823       0.867   0.00381       
  102        0.462        0.428       0.821       0.866   0.00377       
--- Training ended ---
Number of model parameters: 2945
Training time: 0:02:23
Best epoch: 82
Best valid loss: 0.418
Best valid accuracy (macro): 0.833
Best F1 score: 0.873
2025-05-25 14:53:41   --- End running AACnnClassifier ---
