Running task 6: uv run python src/classifiers/pipeline.py --config config/kernel_size_2/viridiplantae/DSO78_frequencies.json
2025-05-25 14:43:22   Tokenizing real alignments...
2025-05-25 14:43:23   Removing sequences with ambiguous tokens...
2025-05-25 14:43:23   0/20290 sequences have been removed from 0/1497 alignements due to ambiguous sites.
2025-05-25 14:43:23   Tokenizing simulated alignments...
2025-05-25 14:43:23   Removing sequences with ambiguous tokens...
2025-05-25 14:43:23   0/17109 sequences have been removed from 0/2413 alignements due to ambiguous sites.
2025-05-25 14:43:23   Checking alignments...
2025-05-25 14:43:23   30 renamed keys in simulated aligns.
2025-05-25 14:43:23   Creating labels...
2025-05-25 14:43:23   Merging aligns and labels...
2025-05-25 14:43:23   Total number of alignments: 3910
2025-05-25 14:43:23   --- Preprocessing base data ---
2025-05-25 14:43:23   Tokenizing real alignments...
2025-05-25 14:43:24   Removing sequences with ambiguous tokens...
2025-05-25 14:43:24   0/20290 sequences have been removed from 0/1497 alignements due to ambiguous sites.
2025-05-25 14:43:24   Tokenizing simulated alignments...
2025-05-25 14:43:25   Removing sequences with ambiguous tokens...
2025-05-25 14:43:25   0/17109 sequences have been removed from 0/2413 alignements due to ambiguous sites.
2025-05-25 14:43:25   Checking alignments...
2025-05-25 14:43:25   30 renamed keys in simulated aligns.
2025-05-25 14:43:25   Creating labels...
2025-05-25 14:43:25   Merging aligns and labels...
2025-05-25 14:43:25   Total number of alignments: 3910
2025-05-25 14:43:25   --- Start running AACnnClassifier ---
--- Hyperparameters ---
model = AAConvNet(
  (conv_layer): Sequential(
    (0): Conv1d(22, 64, kernel_size=(2,), stride=(1,), padding=(1,))
    (1): ReLU()
    (2): AdaptiveAvgPool1d(output_size=1)
    (3): Dropout(p=0.2, inplace=False)
  )
  (dense_layer): Linear(in_features=64, out_features=1, bias=True)
)
split_proportion = 0.9
batch_pad_sequences = False
learning_rate = 0.01
batch_size = 64
max_epochs = 500
early_stopping_patience = 20
kernel_size = 2
--- Creating loaders ---
--- nvidia-smi output ---
nvidia-smi cannot be run: Command 'nvidia-smi' returned non-zero exit status 18.
--- Training start ---
Start training using cuda device.
Number of model parameters: 2945.
Epoch   Train loss   Valid loss   Valid acc    F1-score        Lr   Best
------------------------------------------------------------------------
    1        0.698        0.699       0.372       0.000   0.00000      *
    2        0.665        0.660       0.421       0.280   0.00250      *
    3        0.665        0.662       0.369       0.000   0.00500       
    4        0.654        0.647       0.644       0.779   0.00750      *
    5        0.631        0.626       0.659       0.776   0.01000      *
    6        0.613        0.616       0.631       0.773   0.00990      *
    7        0.594        0.591       0.662       0.788   0.00980      *
    8        0.575        0.568       0.703       0.805   0.00970      *
    9        0.564        0.549       0.774       0.838   0.00961      *
   10        0.552        0.547       0.751       0.830   0.00951      *
   11        0.558        0.537       0.785       0.820   0.00941      *
   12        0.543        0.536       0.731       0.819   0.00932      *
   13        0.532        0.513       0.774       0.839   0.00923      *
   14        0.527        0.512       0.782       0.842   0.00914      *
   15        0.523        0.498       0.772       0.830   0.00904      *
   16        0.522        0.515       0.767       0.833   0.00895       
   17        0.520        0.483       0.779       0.831   0.00886      *
   18        0.515        0.487       0.779       0.831   0.00878       
   19        0.513        0.479       0.777       0.829   0.00869      *
   20        0.511        0.476       0.779       0.830   0.00860      *
   21        0.517        0.474       0.803       0.843   0.00851      *
   22        0.507        0.495       0.769       0.832   0.00843       
   23        0.505        0.492       0.769       0.832   0.00835       
   24        0.502        0.473       0.777       0.832   0.00826      *
   25        0.502        0.465       0.777       0.829   0.00818      *
   26        0.498        0.472       0.779       0.834   0.00810       
   27        0.498        0.480       0.774       0.833   0.00802       
   28        0.496        0.473       0.774       0.832   0.00794       
   29        0.495        0.466       0.782       0.834   0.00786       
   30        0.498        0.459       0.787       0.835   0.00778      *
   31        0.495        0.462       0.779       0.831   0.00770       
   32        0.497        0.457       0.787       0.834   0.00762      *
   33        0.492        0.464       0.782       0.836   0.00755       
   34        0.491        0.458       0.785       0.835   0.00747       
   35        0.491        0.469       0.774       0.832   0.00740       
   36        0.494        0.488       0.777       0.837   0.00732       
   37        0.489        0.460       0.782       0.836   0.00725       
   38        0.492        0.480       0.777       0.836   0.00718       
   39        0.487        0.464       0.774       0.831   0.00711       
   40        0.489        0.477       0.774       0.834   0.00703       
   41        0.486        0.466       0.779       0.835   0.00696       
   42        0.486        0.451       0.782       0.834   0.00689      *
   43        0.486        0.463       0.777       0.834   0.00683       
   44        0.484        0.455       0.787       0.839   0.00676       
   45        0.484        0.454       0.787       0.839   0.00669       
   46        0.483        0.456       0.787       0.839   0.00662       
   47        0.483        0.450       0.790       0.841   0.00656      *
   48        0.482        0.460       0.785       0.838   0.00649       
   49        0.482        0.452       0.790       0.841   0.00643       
   50        0.484        0.472       0.787       0.843   0.00636       
   51        0.482        0.448       0.795       0.843   0.00630      *
   52        0.481        0.454       0.790       0.841   0.00624       
   53        0.480        0.453       0.790       0.841   0.00617       
   54        0.482        0.465       0.782       0.838   0.00611       
   55        0.481        0.462       0.785       0.840   0.00605       
   56        0.479        0.450       0.790       0.841   0.00599       
   57        0.479        0.443       0.795       0.843   0.00593      *
   58        0.479        0.458       0.782       0.837   0.00587       
   59        0.478        0.451       0.787       0.839   0.00581       
   60        0.477        0.445       0.790       0.841   0.00575       
   61        0.477        0.445       0.790       0.841   0.00570       
   62        0.476        0.452       0.785       0.838   0.00564       
   63        0.477        0.457       0.785       0.838   0.00558       
   64        0.475        0.448       0.790       0.840   0.00553       
   65        0.476        0.449       0.787       0.839   0.00547       
   66        0.476        0.451       0.782       0.837   0.00542       
   67        0.478        0.438       0.800       0.844   0.00536      *
   68        0.476        0.456       0.785       0.839   0.00531       
   69        0.474        0.451       0.787       0.839   0.00526       
   70        0.474        0.440       0.797       0.845   0.00520       
   71        0.473        0.446       0.790       0.840   0.00515       
   72        0.474        0.455       0.787       0.841   0.00510       
   73        0.473        0.451       0.787       0.840   0.00505       
   74        0.472        0.445       0.790       0.840   0.00500       
   75        0.472        0.449       0.785       0.837   0.00495       
   76        0.473        0.438       0.805       0.850   0.00490      *
   77        0.471        0.445       0.790       0.840   0.00485       
   78        0.471        0.451       0.787       0.839   0.00480       
   79        0.471        0.453       0.787       0.839   0.00475       
   80        0.471        0.452       0.787       0.839   0.00471       
   81        0.470        0.442       0.792       0.842   0.00466       
   82        0.470        0.451       0.787       0.839   0.00461       
   83        0.470        0.439       0.795       0.844   0.00457       
   84        0.469        0.444       0.787       0.839   0.00452       
   85        0.469        0.440       0.797       0.845   0.00448       
   86        0.469        0.448       0.790       0.840   0.00443       
   87        0.469        0.443       0.790       0.840   0.00439       
   88        0.468        0.440       0.792       0.842   0.00434       
   89        0.468        0.441       0.792       0.842   0.00430       
   90        0.468        0.436       0.803       0.849   0.00426      *
   91        0.469        0.451       0.787       0.840   0.00421       
   92        0.468        0.452       0.787       0.840   0.00417       
   93        0.467        0.439       0.792       0.843   0.00413       
   94        0.467        0.442       0.792       0.843   0.00409       
   95        0.469        0.431       0.810       0.853   0.00405      *
   96        0.467        0.448       0.790       0.842   0.00401       
   97        0.467        0.446       0.787       0.839   0.00397       
   98        0.466        0.444       0.790       0.841   0.00393       
   99        0.466        0.436       0.800       0.847   0.00389       
  100        0.466        0.435       0.795       0.844   0.00385       
  101        0.466        0.433       0.800       0.847   0.00381       
  102        0.466        0.442       0.787       0.839   0.00377       
  103        0.465        0.442       0.787       0.839   0.00373       
  104        0.465        0.433       0.803       0.849   0.00370       
  105        0.465        0.434       0.800       0.847   0.00366       
  106        0.466        0.447       0.790       0.842   0.00362       
  107        0.465        0.441       0.790       0.841   0.00359       
  108        0.465        0.449       0.790       0.842   0.00355       
  109        0.464        0.432       0.800       0.846   0.00352       
  110        0.464        0.438       0.795       0.844   0.00348       
  111        0.464        0.434       0.800       0.847   0.00345       
  112        0.463        0.433       0.803       0.849   0.00341       
  113        0.463        0.437       0.792       0.843   0.00338       
  114        0.463        0.434       0.797       0.846   0.00334       
  115        0.463        0.436       0.790       0.841   0.00331       
--- Training ended ---
Number of model parameters: 2945
Training time: 0:02:47
Best epoch: 95
Best valid loss: 0.431
Best valid accuracy (macro): 0.810
Best F1 score: 0.853
2025-05-25 14:46:14   --- End running AACnnClassifier ---
