Running task 19: uv run python src/classifiers/pipeline.py --config config/split_seq/viridiplantae/WAG_frequencies.json
2025-05-25 14:17:50   Tokenizing real alignments...
2025-05-25 14:17:51   Removing sequences with ambiguous tokens...
2025-05-25 14:17:51   0/17109 sequences have been removed from 0/17109 alignements due to ambiguous sites.
2025-05-25 14:17:51   Tokenizing simulated alignments...
2025-05-25 14:17:52   Removing sequences with ambiguous tokens...
2025-05-25 14:17:52   0/17109 sequences have been removed from 0/17109 alignements due to ambiguous sites.
2025-05-25 14:17:52   Checking alignments...
2025-05-25 14:17:52   17109 renamed keys in simulated aligns.
2025-05-25 14:17:52   Creating labels...
2025-05-25 14:17:52   Merging aligns and labels...
2025-05-25 14:17:52   Total number of alignments: 34218
2025-05-25 14:17:52   --- Preprocessing base data ---
2025-05-25 14:17:52   Tokenizing real alignments...
2025-05-25 14:17:53   Removing sequences with ambiguous tokens...
2025-05-25 14:17:53   0/17109 sequences have been removed from 0/17109 alignements due to ambiguous sites.
2025-05-25 14:17:53   Tokenizing simulated alignments...
2025-05-25 14:17:54   Removing sequences with ambiguous tokens...
2025-05-25 14:17:54   0/17109 sequences have been removed from 0/17109 alignements due to ambiguous sites.
2025-05-25 14:17:54   Checking alignments...
2025-05-25 14:17:54   17109 renamed keys in simulated aligns.
2025-05-25 14:17:54   Creating labels...
2025-05-25 14:17:54   Merging aligns and labels...
2025-05-25 14:17:54   Total number of alignments: 34218
2025-05-25 14:17:54   --- Start running LogisticRegressionClassifier ---
2025-05-25 14:17:54   --- Preprocessing data ---
2025-05-25 14:17:55   --- Start training ---
2025-05-25 14:17:55   Number of cross validation folds: 50
2025-05-25 14:17:55   Shuffle data: True
2025-05-25 14:17:55   Scale features: True
2025-05-25 14:17:57   --- Training ended ---
2025-05-25 14:17:57   Training time: 0:00:02
2025-05-25 14:17:57   Fold F1 scores: ('0.481', '0.4836', '0.4735', '0.4644', '0.5325', '0.4741', '0.5023', '0.4802', '0.476', '0.5045', '0.4933', '0.4887', '0.4963', '0.4846', '0.5227', '0.5045', '0.5259', '0.4978', '0.4725', '0.5173', '0.5398', '0.4871', '0.4962', '0.4978', '0.4814', '0.47', '0.5', '0.4977', '0.5412', '0.503', '0.5111', '0.497', '0.5081', '0.5181', '0.4606', '0.4788', '0.516', '0.4902', '0.5294', '0.5093', '0.4694', '0.4772', '0.4528', '0.441', '0.4541', '0.4872', '0.5284', '0.4699', '0.4933', '0.4776')
2025-05-25 14:17:57   Fold accuracies: ('0.5022', '0.4949', '0.5066', '0.4949', '0.5387', '0.4818', '0.5285', '0.4818', '0.4891', '0.5153', '0.5022', '0.5051', '0.5051', '0.4876', '0.5095', '0.5153', '0.5182', '0.5109', '0.481', '0.5307', '0.5263', '0.5044', '0.5132', '0.5015', '0.4898', '0.4956', '0.4971', '0.5132', '0.5439', '0.5175', '0.5161', '0.5029', '0.5132', '0.5322', '0.4898', '0.4971', '0.5146', '0.5073', '0.5322', '0.538', '0.481', '0.4971', '0.4912', '0.4664', '0.4868', '0.5015', '0.538', '0.4854', '0.5044', '0.4883')
2025-05-25 14:17:57   
2025-05-25 14:17:57   --- End running LogisticRegressionClassifier ---
2025-05-25 14:17:57   --- Start running DenseMsaClassifier ---
--- Hyperparameters ---
model = DenseMsaNet(
  (dense_layer1): Sequential(
    (0): Linear(in_features=22, out_features=100, bias=True)
    (1): ReLU()
    (2): Dropout(p=0.2, inplace=False)
  )
  (dense_layer2): Linear(in_features=100, out_features=1, bias=True)
)
split_proportion = 0.9
batch_pad_sequences = False
learning_rate = 0.01
batch_size = 64
max_epochs = 500
early_stopping_patience = 20
--- Creating loaders ---
--- nvidia-smi output ---
nvidia-smi cannot be run: Command 'nvidia-smi' returned non-zero exit status 18.
--- Training start ---
Start training using cuda device.
Number of model parameters: 2401.
Epoch   Train loss   Valid loss   Valid acc    F1-score        Lr   Best
------------------------------------------------------------------------
    1        0.694        0.694       0.493       0.000   0.00000      *
    2        0.691        0.691       0.535       0.262   0.00250      *
    3        0.684        0.683       0.577       0.629   0.00500      *
    4        0.680        0.679       0.545       0.648   0.00750      *
    5        0.656        0.654       0.626       0.615   0.01000      *
    6        0.653        0.656       0.611       0.490   0.00990       
    7        0.638        0.637       0.644       0.633   0.00980      *
    8        0.634        0.635       0.649       0.586   0.00970      *
    9        0.625        0.628       0.646       0.632   0.00961      *
   10        0.629        0.628       0.648       0.570   0.00951      *
   11        0.638        0.641       0.629       0.501   0.00941       
   12        0.619        0.624       0.649       0.600   0.00932      *
   13        0.620        0.626       0.644       0.600   0.00923       
   14        0.636        0.640       0.635       0.507   0.00914       
   15        0.616        0.622       0.652       0.639   0.00904      *
   16        0.617        0.621       0.652       0.640   0.00895      *
   17        0.613        0.618       0.653       0.622   0.00886      *
   18        0.612        0.620       0.656       0.658   0.00878       
   19        0.617        0.623       0.647       0.578   0.00869       
   20        0.618        0.622       0.647       0.665   0.00860       
   21        0.608        0.617       0.647       0.593   0.00851      *
   22        0.607        0.614       0.657       0.634   0.00843      *
   23        0.606        0.614       0.650       0.628   0.00835       
   24        0.607        0.616       0.651       0.634   0.00826       
   25        0.605        0.611       0.658       0.626   0.00818      *
   26        0.608        0.613       0.658       0.637   0.00810       
   27        0.608        0.615       0.653       0.642   0.00802       
   28        0.603        0.609       0.658       0.638   0.00794      *
   29        0.608        0.615       0.656       0.608   0.00786       
   30        0.608        0.612       0.661       0.609   0.00778       
   31        0.604        0.609       0.660       0.655   0.00770      *
   32        0.610        0.614       0.659       0.591   0.00762       
   33        0.604        0.612       0.657       0.647   0.00755       
   34        0.604        0.611       0.665       0.672   0.00747       
   35        0.604        0.613       0.660       0.609   0.00740       
   36        0.605        0.613       0.657       0.612   0.00732       
   37        0.603        0.609       0.662       0.664   0.00725       
   38        0.604        0.613       0.659       0.621   0.00718       
   39        0.601        0.608       0.667       0.614   0.00711      *
   40        0.597        0.602       0.676       0.655   0.00703      *
   41        0.596        0.604       0.670       0.653   0.00696       
   42        0.597        0.603       0.670       0.643   0.00689       
   43        0.600        0.607       0.666       0.635   0.00683       
   44        0.597        0.603       0.672       0.660   0.00676       
   45        0.598        0.605       0.670       0.640   0.00669       
   46        0.600        0.607       0.668       0.617   0.00662       
   47        0.596        0.602       0.669       0.647   0.00656      *
   48        0.599        0.608       0.665       0.609   0.00649       
   49        0.596        0.604       0.669       0.644   0.00643       
   50        0.597        0.606       0.664       0.654   0.00636       
   51        0.599        0.606       0.660       0.621   0.00630       
   52        0.596        0.607       0.663       0.635   0.00624       
   53        0.598        0.605       0.671       0.666   0.00617       
   54        0.595        0.603       0.667       0.647   0.00611       
   55        0.598        0.607       0.663       0.616   0.00605       
   56        0.595        0.603       0.673       0.634   0.00599       
   57        0.597        0.603       0.670       0.661   0.00593       
   58        0.594        0.605       0.673       0.656   0.00587       
   59        0.596        0.604       0.665       0.638   0.00581       
   60        0.594        0.603       0.670       0.654   0.00575       
   61        0.594        0.603       0.674       0.645   0.00570       
   62        0.598        0.604       0.671       0.665   0.00564       
   63        0.599        0.607       0.672       0.639   0.00558       
   64        0.596        0.605       0.667       0.638   0.00553       
   65        0.598        0.607       0.667       0.627   0.00547       
   66        0.596        0.606       0.666       0.652   0.00542       
   67        0.593        0.601       0.666       0.641   0.00536      *
   68        0.594        0.602       0.674       0.632   0.00531       
   69        0.594        0.605       0.669       0.654   0.00526       
   70        0.591        0.601       0.670       0.645   0.00520      *
   71        0.595        0.606       0.671       0.656   0.00515       
   72        0.595        0.602       0.670       0.678   0.00510       
   73        0.594        0.604       0.664       0.630   0.00505       
   74        0.592        0.600       0.678       0.661   0.00500      *
   75        0.594        0.602       0.667       0.645   0.00495       
   76        0.592        0.602       0.673       0.645   0.00490       
   77        0.591        0.601       0.674       0.640   0.00485       
   78        0.594        0.602       0.674       0.645   0.00480       
   79        0.593        0.603       0.673       0.646   0.00475       
   80        0.595        0.604       0.673       0.675   0.00471       
   81        0.593        0.602       0.679       0.640   0.00466       
   82        0.601        0.609       0.665       0.596   0.00461       
   83        0.593        0.602       0.672       0.668   0.00457       
   84        0.591        0.602       0.672       0.660   0.00452       
   85        0.597        0.605       0.664       0.659   0.00448       
   86        0.592        0.603       0.678       0.649   0.00443       
   87        0.591        0.601       0.678       0.668   0.00439       
   88        0.593        0.603       0.674       0.623   0.00434       
   89        0.588        0.598       0.682       0.658   0.00430      *
   90        0.592        0.599       0.672       0.648   0.00426       
   91        0.589        0.599       0.675       0.649   0.00421       
   92        0.589        0.599       0.678       0.659   0.00417       
   93        0.593        0.601       0.676       0.636   0.00413       
   94        0.590        0.598       0.678       0.655   0.00409      *
   95        0.590        0.599       0.677       0.650   0.00405       
   96        0.589        0.598       0.677       0.650   0.00401       
   97        0.592        0.602       0.670       0.643   0.00397       
   98        0.591        0.601       0.681       0.641   0.00393       
   99        0.592        0.600       0.679       0.644   0.00389       
  100        0.588        0.599       0.677       0.655   0.00385       
  101        0.589        0.599       0.672       0.645   0.00381       
  102        0.593        0.603       0.669       0.640   0.00377       
  103        0.591        0.601       0.682       0.649   0.00373       
  104        0.591        0.603       0.673       0.677   0.00370       
  105        0.590        0.600       0.674       0.671   0.00366       
  106        0.590        0.601       0.674       0.631   0.00362       
  107        0.590        0.599       0.678       0.649   0.00359       
  108        0.588        0.598       0.678       0.650   0.00355       
