Running task 12: uv run python src/classifiers/pipeline.py --config config/kernel_size_3/viridiplantae/JTT92_frequencies.json
2025-05-25 15:03:17   Tokenizing real alignments...
2025-05-25 15:03:17   Removing sequences with ambiguous tokens...
2025-05-25 15:03:17   0/20290 sequences have been removed from 0/1497 alignements due to ambiguous sites.
2025-05-25 15:03:17   Tokenizing simulated alignments...
2025-05-25 15:03:18   Removing sequences with ambiguous tokens...
2025-05-25 15:03:18   0/17109 sequences have been removed from 0/2413 alignements due to ambiguous sites.
2025-05-25 15:03:18   Checking alignments...
2025-05-25 15:03:18   30 renamed keys in simulated aligns.
2025-05-25 15:03:18   Creating labels...
2025-05-25 15:03:18   Merging aligns and labels...
2025-05-25 15:03:18   Total number of alignments: 3910
2025-05-25 15:03:18   --- Preprocessing base data ---
2025-05-25 15:03:18   Tokenizing real alignments...
2025-05-25 15:03:19   Removing sequences with ambiguous tokens...
2025-05-25 15:03:19   0/20290 sequences have been removed from 0/1497 alignements due to ambiguous sites.
2025-05-25 15:03:19   Tokenizing simulated alignments...
2025-05-25 15:03:19   Removing sequences with ambiguous tokens...
2025-05-25 15:03:19   0/17109 sequences have been removed from 0/2413 alignements due to ambiguous sites.
2025-05-25 15:03:19   Checking alignments...
2025-05-25 15:03:19   30 renamed keys in simulated aligns.
2025-05-25 15:03:19   Creating labels...
2025-05-25 15:03:19   Merging aligns and labels...
2025-05-25 15:03:19   Total number of alignments: 3910
2025-05-25 15:03:19   --- Start running AACnnClassifier ---
--- Hyperparameters ---
model = AAConvNet(
  (conv_layer): Sequential(
    (0): Conv1d(22, 64, kernel_size=(3,), stride=(1,), padding=(1,))
    (1): ReLU()
    (2): AdaptiveAvgPool1d(output_size=1)
    (3): Dropout(p=0.2, inplace=False)
  )
  (dense_layer): Linear(in_features=64, out_features=1, bias=True)
)
split_proportion = 0.9
batch_pad_sequences = False
learning_rate = 0.01
batch_size = 64
max_epochs = 500
early_stopping_patience = 20
kernel_size = 3
--- Creating loaders ---
--- nvidia-smi output ---
nvidia-smi cannot be run: Command 'nvidia-smi' returned non-zero exit status 18.
--- Training start ---
Start training using cuda device.
Number of model parameters: 4353.
Epoch   Train loss   Valid loss   Valid acc    F1-score        Lr   Best
------------------------------------------------------------------------
    1        0.697        0.697       0.372       0.000   0.00000      *
    2        0.665        0.661       0.551       0.600   0.00250      *
    3        0.663        0.658       0.628       0.772   0.00500      *
    4        0.654        0.649       0.628       0.772   0.00750      *
    5        0.614        0.606       0.654       0.783   0.01000      *
    6        0.587        0.581       0.764       0.836   0.00990      *
    7        0.567        0.547       0.777       0.840   0.00980      *
    8        0.546        0.525       0.767       0.837   0.00970      *
    9        0.534        0.517       0.782       0.846   0.00961      *
   10        0.530        0.502       0.792       0.843   0.00951      *
   11        0.520        0.498       0.779       0.846   0.00941      *
   12        0.514        0.500       0.779       0.841   0.00932       
   13        0.508        0.478       0.790       0.846   0.00923      *
   14        0.507        0.486       0.785       0.844   0.00914       
   15        0.503        0.474       0.790       0.845   0.00904      *
   16        0.501        0.474       0.787       0.845   0.00895       
   17        0.499        0.473       0.787       0.845   0.00886      *
   18        0.499        0.460       0.792       0.842   0.00878      *
   19        0.497        0.471       0.787       0.843   0.00869       
   20        0.495        0.462       0.795       0.847   0.00860       
   21        0.495        0.450       0.797       0.848   0.00851      *
   22        0.495        0.451       0.803       0.848   0.00843       
   23        0.492        0.453       0.795       0.844   0.00835       
   24        0.496        0.480       0.782       0.841   0.00826       
   25        0.491        0.457       0.792       0.845   0.00818       
   26        0.490        0.451       0.795       0.845   0.00810       
   27        0.493        0.476       0.782       0.841   0.00802       
   28        0.489        0.453       0.790       0.844   0.00794       
   29        0.489        0.448       0.803       0.850   0.00786      *
   30        0.488        0.453       0.790       0.843   0.00778       
   31        0.489        0.462       0.787       0.843   0.00770       
   32        0.487        0.451       0.795       0.846   0.00762       
   33        0.495        0.484       0.782       0.842   0.00755       
   34        0.488        0.460       0.785       0.840   0.00747       
   35        0.487        0.458       0.790       0.844   0.00740       
   36        0.490        0.471       0.779       0.838   0.00732       
   37        0.487        0.463       0.787       0.842   0.00725       
   38        0.486        0.442       0.813       0.856   0.00718      *
   39        0.487        0.441       0.808       0.851   0.00711      *
   40        0.485        0.445       0.808       0.854   0.00703       
   41        0.485        0.440       0.805       0.851   0.00696      *
   42        0.484        0.451       0.792       0.845   0.00689       
   43        0.484        0.452       0.795       0.847   0.00683       
   44        0.484        0.454       0.795       0.847   0.00676       
   45        0.488        0.436       0.810       0.851   0.00669      *
   46        0.483        0.444       0.792       0.845   0.00662       
   47        0.489        0.435       0.805       0.847   0.00656      *
   48        0.483        0.441       0.800       0.849   0.00649       
   49        0.483        0.444       0.792       0.845   0.00643       
   50        0.482        0.444       0.797       0.848   0.00636       
   51        0.483        0.451       0.792       0.845   0.00630       
   52        0.483        0.453       0.795       0.847   0.00624       
   53        0.482        0.452       0.792       0.845   0.00617       
   54        0.482        0.444       0.803       0.850   0.00611       
   55        0.482        0.451       0.792       0.845   0.00605       
   56        0.481        0.443       0.800       0.848   0.00599       
   57        0.481        0.451       0.797       0.848   0.00593       
   58        0.481        0.442       0.803       0.849   0.00587       
   59        0.481        0.446       0.803       0.851   0.00581       
   60        0.480        0.446       0.800       0.849   0.00575       
   61        0.481        0.450       0.795       0.846   0.00570       
   62        0.481        0.437       0.805       0.852   0.00564       
   63        0.480        0.442       0.805       0.853   0.00558       
   64        0.480        0.443       0.805       0.853   0.00553       
   65        0.480        0.439       0.805       0.852   0.00547       
   66        0.480        0.451       0.792       0.845   0.00542       
   67        0.484        0.467       0.795       0.848   0.00536       
--- Training ended ---
Number of model parameters: 4353
Training time: 0:01:22
Best epoch: 47
Best valid loss: 0.435
Best valid accuracy (macro): 0.805
Best F1 score: 0.847
2025-05-25 15:04:43   --- End running AACnnClassifier ---
