Running task 14: uv run python src/classifiers/pipeline.py --config config/kernel_size_3/viridiplantae/WAG_frequencies.json
2025-05-25 15:06:17   Tokenizing real alignments...
2025-05-25 15:06:18   Removing sequences with ambiguous tokens...
2025-05-25 15:06:18   0/20290 sequences have been removed from 0/1497 alignements due to ambiguous sites.
2025-05-25 15:06:18   Tokenizing simulated alignments...
2025-05-25 15:06:19   Removing sequences with ambiguous tokens...
2025-05-25 15:06:19   0/17109 sequences have been removed from 0/2413 alignements due to ambiguous sites.
2025-05-25 15:06:19   Checking alignments...
2025-05-25 15:06:19   30 renamed keys in simulated aligns.
2025-05-25 15:06:19   Creating labels...
2025-05-25 15:06:19   Merging aligns and labels...
2025-05-25 15:06:19   Total number of alignments: 3910
2025-05-25 15:06:19   --- Preprocessing base data ---
2025-05-25 15:06:19   Tokenizing real alignments...
2025-05-25 15:06:19   Removing sequences with ambiguous tokens...
2025-05-25 15:06:19   0/20290 sequences have been removed from 0/1497 alignements due to ambiguous sites.
2025-05-25 15:06:19   Tokenizing simulated alignments...
2025-05-25 15:06:20   Removing sequences with ambiguous tokens...
2025-05-25 15:06:20   0/17109 sequences have been removed from 0/2413 alignements due to ambiguous sites.
2025-05-25 15:06:20   Checking alignments...
2025-05-25 15:06:20   30 renamed keys in simulated aligns.
2025-05-25 15:06:20   Creating labels...
2025-05-25 15:06:20   Merging aligns and labels...
2025-05-25 15:06:20   Total number of alignments: 3910
2025-05-25 15:06:20   --- Start running AACnnClassifier ---
--- Hyperparameters ---
model = AAConvNet(
  (conv_layer): Sequential(
    (0): Conv1d(22, 64, kernel_size=(3,), stride=(1,), padding=(1,))
    (1): ReLU()
    (2): AdaptiveAvgPool1d(output_size=1)
    (3): Dropout(p=0.2, inplace=False)
  )
  (dense_layer): Linear(in_features=64, out_features=1, bias=True)
)
split_proportion = 0.9
batch_pad_sequences = False
learning_rate = 0.01
batch_size = 64
max_epochs = 500
early_stopping_patience = 20
kernel_size = 3
--- Creating loaders ---
--- nvidia-smi output ---
nvidia-smi cannot be run: Command 'nvidia-smi' returned non-zero exit status 18.
--- Training start ---
Start training using cuda device.
Number of model parameters: 4353.
Epoch   Train loss   Valid loss   Valid acc    F1-score        Lr   Best
------------------------------------------------------------------------
    1        0.680        0.678       0.372       0.000   0.00000      *
    2        0.665        0.660       0.459       0.381   0.00250      *
    3        0.662        0.658       0.372       0.008   0.00500      *
    4        0.638        0.630       0.610       0.708   0.00750      *
    5        0.611        0.599       0.690       0.797   0.01000      *
    6        0.582        0.564       0.764       0.836   0.00990      *
    7        0.559        0.537       0.726       0.816   0.00980      *
    8        0.544        0.525       0.774       0.843   0.00970      *
    9        0.536        0.500       0.790       0.846   0.00961      *
   10        0.525        0.493       0.792       0.850   0.00951      *
   11        0.518        0.490       0.797       0.854   0.00941      *
   12        0.513        0.490       0.797       0.854   0.00932      *
   13        0.513        0.486       0.777       0.843   0.00923      *
   14        0.507        0.480       0.797       0.853   0.00914      *
   15        0.503        0.467       0.805       0.857   0.00904      *
   16        0.501        0.468       0.800       0.854   0.00895       
   17        0.499        0.460       0.810       0.859   0.00886      *
   18        0.498        0.469       0.790       0.846   0.00878       
   19        0.496        0.461       0.805       0.856   0.00869       
   20        0.499        0.480       0.790       0.848   0.00860       
   21        0.501        0.491       0.792       0.851   0.00851       
   22        0.493        0.452       0.818       0.863   0.00843      *
   23        0.493        0.450       0.821       0.864   0.00835      *
   24        0.491        0.453       0.805       0.857   0.00826       
   25        0.490        0.459       0.808       0.858   0.00818       
   26        0.494        0.441       0.828       0.868   0.00810      *
   27        0.493        0.440       0.828       0.868   0.00802      *
   28        0.488        0.444       0.818       0.864   0.00794       
   29        0.488        0.444       0.821       0.865   0.00786       
   30        0.487        0.450       0.808       0.858   0.00778       
   31        0.489        0.437       0.818       0.860   0.00770      *
   32        0.486        0.454       0.805       0.856   0.00762       
   33        0.485        0.443       0.821       0.865   0.00755       
   34        0.488        0.465       0.795       0.851   0.00747       
   35        0.484        0.451       0.813       0.861   0.00740       
   36        0.485        0.437       0.826       0.867   0.00732      *
   37        0.483        0.446       0.815       0.863   0.00725       
   38        0.483        0.440       0.826       0.869   0.00718       
   39        0.486        0.466       0.795       0.850   0.00711       
   40        0.483        0.437       0.828       0.869   0.00703       
   41        0.481        0.448       0.815       0.863   0.00696       
   42        0.481        0.446       0.815       0.863   0.00689       
   43        0.480        0.447       0.813       0.861   0.00683       
   44        0.480        0.436       0.818       0.863   0.00676      *
   45        0.479        0.447       0.810       0.859   0.00669       
   46        0.479        0.436       0.815       0.862   0.00662      *
   47        0.479        0.431       0.826       0.868   0.00656      *
   48        0.481        0.430       0.828       0.866   0.00649      *
   49        0.479        0.450       0.808       0.858   0.00643       
   50        0.477        0.433       0.821       0.865   0.00636       
   51        0.476        0.436       0.821       0.866   0.00630       
   52        0.477        0.443       0.810       0.859   0.00624       
   53        0.476        0.431       0.823       0.867   0.00617       
   54        0.475        0.434       0.818       0.864   0.00611       
   55        0.475        0.438       0.815       0.863   0.00605       
   56        0.475        0.429       0.821       0.865   0.00599      *
   57        0.474        0.432       0.821       0.865   0.00593       
   58        0.476        0.450       0.805       0.856   0.00587       
   59        0.473        0.437       0.815       0.863   0.00581       
   60        0.473        0.433       0.821       0.865   0.00575       
   61        0.472        0.434       0.815       0.862   0.00570       
   62        0.473        0.441       0.810       0.859   0.00564       
   63        0.472        0.438       0.815       0.863   0.00558       
   64        0.473        0.427       0.831       0.870   0.00553      *
   65        0.472        0.441       0.810       0.859   0.00547       
   66        0.474        0.425       0.831       0.869   0.00542      *
   67        0.470        0.434       0.818       0.864   0.00536       
   68        0.470        0.437       0.813       0.861   0.00531       
   69        0.470        0.426       0.831       0.872   0.00526       
   70        0.471        0.424       0.838       0.876   0.00520      *
   71        0.469        0.427       0.823       0.867   0.00515       
   72        0.469        0.437       0.810       0.859   0.00510       
   73        0.468        0.429       0.821       0.865   0.00505       
   74        0.469        0.425       0.838       0.877   0.00500       
   75        0.467        0.430       0.823       0.867   0.00495       
   76        0.468        0.425       0.836       0.875   0.00490       
   77        0.468        0.440       0.810       0.859   0.00485       
   78        0.466        0.428       0.823       0.867   0.00480       
   79        0.466        0.428       0.823       0.867   0.00475       
   80        0.466        0.428       0.823       0.867   0.00471       
   81        0.466        0.433       0.821       0.866   0.00466       
   82        0.466        0.440       0.813       0.861   0.00461       
   83        0.465        0.431       0.826       0.869   0.00457       
   84        0.464        0.429       0.826       0.869   0.00452       
   85        0.465        0.423       0.831       0.872   0.00448      *
   86        0.465        0.419       0.838       0.877   0.00443      *
   87        0.464        0.421       0.828       0.870   0.00439       
   88        0.464        0.433       0.813       0.861   0.00434       
   89        0.464        0.431       0.815       0.863   0.00430       
   90        0.463        0.425       0.823       0.867   0.00426       
   91        0.466        0.446       0.808       0.858   0.00421       
   92        0.463        0.423       0.831       0.872   0.00417       
   93        0.463        0.431       0.818       0.864   0.00413       
   94        0.469        0.419       0.828       0.865   0.00409      *
   95        0.463        0.433       0.815       0.863   0.00405       
   96        0.462        0.421       0.831       0.872   0.00401       
   97        0.462        0.429       0.818       0.864   0.00397       
   98        0.461        0.428       0.826       0.869   0.00393       
   99        0.461        0.430       0.823       0.868   0.00389       
  100        0.461        0.427       0.823       0.868   0.00385       
  101        0.461        0.418       0.833       0.873   0.00381      *
  102        0.460        0.423       0.823       0.867   0.00377       
  103        0.460        0.429       0.818       0.864   0.00373       
  104        0.460        0.422       0.828       0.871   0.00370       
  105        0.460        0.420       0.826       0.868   0.00366       
  106        0.462        0.438       0.813       0.861   0.00362       
  107        0.460        0.426       0.823       0.868   0.00359       
  108        0.459        0.423       0.826       0.868   0.00355       
  109        0.459        0.429       0.821       0.866   0.00352       
  110        0.459        0.427       0.828       0.870   0.00348       
  111        0.459        0.424       0.828       0.870   0.00345       
  112        0.463        0.449       0.808       0.858   0.00341       
  113        0.458        0.419       0.831       0.872   0.00338       
  114        0.458        0.422       0.831       0.872   0.00334       
  115        0.458        0.418       0.828       0.869   0.00331      *
  116        0.458        0.431       0.818       0.864   0.00328       
  117        0.457        0.421       0.826       0.868   0.00324       
  118        0.457        0.422       0.828       0.870   0.00321       
  119        0.457        0.419       0.833       0.874   0.00318       
  120        0.457        0.419       0.828       0.869   0.00315       
  121        0.456        0.424       0.826       0.869   0.00312       
  122        0.456        0.421       0.828       0.870   0.00309       
  123        0.457        0.416       0.828       0.868   0.00305      *
  124        0.456        0.416       0.826       0.867   0.00302       
  125        0.456        0.416       0.826       0.867   0.00299       
  126        0.455        0.420       0.826       0.869   0.00296       
  127        0.456        0.428       0.821       0.866   0.00293       
  128        0.455        0.415       0.833       0.873   0.00290      *
  129        0.455        0.416       0.833       0.873   0.00288       
  130        0.455        0.416       0.826       0.869   0.00285       
  131        0.455        0.415       0.831       0.871   0.00282      *
  132        0.455        0.415       0.831       0.872   0.00279       
  133        0.454        0.418       0.823       0.867   0.00276       
  134        0.455        0.423       0.821       0.866   0.00273       
  135        0.455        0.425       0.821       0.866   0.00271       
  136        0.454        0.414       0.828       0.869   0.00268      *
  137        0.454        0.419       0.821       0.866   0.00265       
  138        0.454        0.423       0.821       0.866   0.00263       
  139        0.453        0.416       0.831       0.872   0.00260       
  140        0.454        0.413       0.831       0.871   0.00257      *
  141        0.453        0.419       0.823       0.868   0.00255       
  142        0.453        0.416       0.826       0.868   0.00252       
  143        0.454        0.424       0.821       0.866   0.00250       
  144        0.453        0.413       0.831       0.871   0.00247      *
  145        0.453        0.412       0.831       0.871   0.00245      *
  146        0.453        0.424       0.821       0.866   0.00242       
  147        0.452        0.415       0.826       0.868   0.00240       
  148        0.452        0.414       0.831       0.871   0.00238       
  149        0.452        0.414       0.828       0.870   0.00235       
  150        0.453        0.410       0.833       0.872   0.00233      *
  151        0.452        0.412       0.831       0.871   0.00231       
  152        0.452        0.416       0.821       0.865   0.00228       
  153        0.451        0.415       0.821       0.865   0.00226       
  154        0.451        0.415       0.823       0.867   0.00224       
  155        0.451        0.412       0.826       0.868   0.00221       
  156        0.451        0.409       0.836       0.875   0.00219      *
  157        0.451        0.414       0.826       0.868   0.00217       
  158        0.450        0.414       0.826       0.868   0.00215       
  159        0.450        0.414       0.826       0.868   0.00213       
  160        0.450        0.413       0.826       0.868   0.00211       
  161        0.450        0.414       0.826       0.868   0.00208       
  162        0.450        0.411       0.831       0.871   0.00206       
  163        0.450        0.414       0.823       0.867   0.00204       
  164        0.450        0.409       0.836       0.875   0.00202      *
  165        0.450        0.421       0.821       0.866   0.00200       
  166        0.449        0.412       0.823       0.866   0.00198       
  167        0.450        0.409       0.836       0.875   0.00196      *
  168        0.449        0.411       0.823       0.866   0.00194       
  169        0.449        0.411       0.826       0.868   0.00192       
  170        0.449        0.411       0.826       0.868   0.00190       
  171        0.449        0.411       0.826       0.868   0.00189       
  172        0.450        0.406       0.836       0.874   0.00187      *
  173        0.451        0.428       0.818       0.865   0.00185       
  174        0.449        0.409       0.828       0.869   0.00183       
  175        0.449        0.412       0.823       0.867   0.00181       
  176        0.449        0.408       0.833       0.873   0.00179       
  177        0.448        0.412       0.826       0.868   0.00178       
  178        0.448        0.411       0.826       0.868   0.00176       
  179        0.448        0.408       0.831       0.871   0.00174       
  180        0.448        0.410       0.826       0.868   0.00172       
  181        0.448        0.414       0.826       0.868   0.00171       
  182        0.448        0.411       0.826       0.868   0.00169       
  183        0.448        0.408       0.828       0.869   0.00167       
  184        0.447        0.410       0.826       0.868   0.00165       
  185        0.447        0.414       0.823       0.866   0.00164       
  186        0.447        0.410       0.826       0.868   0.00162       
  187        0.447        0.410       0.828       0.869   0.00161       
  188        0.447        0.408       0.833       0.873   0.00159       
  189        0.447        0.410       0.826       0.868   0.00157       
  190        0.447        0.410       0.826       0.868   0.00156       
  191        0.447        0.415       0.821       0.865   0.00154       
  192        0.447        0.409       0.828       0.869   0.00153       
--- Training ended ---
Number of model parameters: 4353
Training time: 0:03:47
Best epoch: 172
Best valid loss: 0.406
Best valid accuracy (macro): 0.836
Best F1 score: 0.874
2025-05-25 15:10:09   --- End running AACnnClassifier ---
