Running task 16: uv run python src/classifiers/pipeline.py --config config/split_seq/viridiplantae/DSO78_frequencies.json
2025-05-25 15:48:15   Tokenizing real alignments...
2025-05-25 15:48:16   Removing sequences with ambiguous tokens...
2025-05-25 15:48:16   0/17109 sequences have been removed from 0/17109 alignements due to ambiguous sites.
2025-05-25 15:48:16   Tokenizing simulated alignments...
2025-05-25 15:48:18   Removing sequences with ambiguous tokens...
2025-05-25 15:48:18   0/17109 sequences have been removed from 0/17109 alignements due to ambiguous sites.
2025-05-25 15:48:18   Checking alignments...
2025-05-25 15:48:18   17109 renamed keys in simulated aligns.
2025-05-25 15:48:18   Creating labels...
2025-05-25 15:48:18   Merging aligns and labels...
2025-05-25 15:48:18   Total number of alignments: 34218
2025-05-25 15:48:18   --- Preprocessing base data ---
2025-05-25 15:48:18   Tokenizing real alignments...
2025-05-25 15:48:18   Removing sequences with ambiguous tokens...
2025-05-25 15:48:19   0/17109 sequences have been removed from 0/17109 alignements due to ambiguous sites.
2025-05-25 15:48:19   Tokenizing simulated alignments...
2025-05-25 15:48:19   Removing sequences with ambiguous tokens...
2025-05-25 15:48:20   0/17109 sequences have been removed from 0/17109 alignements due to ambiguous sites.
2025-05-25 15:48:20   Checking alignments...
2025-05-25 15:48:20   17109 renamed keys in simulated aligns.
2025-05-25 15:48:20   Creating labels...
2025-05-25 15:48:20   Merging aligns and labels...
2025-05-25 15:48:20   Total number of alignments: 34218
2025-05-25 15:48:20   --- Start running LogisticRegressionClassifier ---
2025-05-25 15:48:20   --- Preprocessing data ---
2025-05-25 15:48:20   --- Start training ---
2025-05-25 15:48:20   Number of cross validation folds: 50
2025-05-25 15:48:20   Shuffle data: True
2025-05-25 15:48:20   Scale features: True
2025-05-25 15:48:21   --- Training ended ---
2025-05-25 15:48:21   Training time: 0:00:01
2025-05-25 15:48:21   Fold F1 scores: ('0.4969', '0.4611', '0.4886', '0.4438', '0.4462', '0.4885', '0.4713', '0.4919', '0.4789', '0.4771', '0.4599', '0.4768', '0.5091', '0.429', '0.5052', '0.4691', '0.4734', '0.4821', '0.4431', '0.503', '0.4643', '0.4864', '0.4939', '0.5062', '0.4911', '0.5162', '0.506', '0.5037', '0.4858', '0.4881', '0.4551', '0.5114', '0.4538', '0.5418', '0.5085', '0.4918', '0.4795', '0.4552', '0.4862', '0.4842', '0.4805', '0.4775', '0.5335', '0.4954', '0.4828', '0.5203', '0.4564', '0.5089', '0.5268', '0.4636')
2025-05-25 15:48:21   Fold accuracies: ('0.5241', '0.4949', '0.508', '0.4803', '0.4745', '0.5139', '0.5022', '0.4964', '0.5139', '0.5168', '0.4686', '0.4905', '0.527', '0.4599', '0.5168', '0.4978', '0.4934', '0.5139', '0.4708', '0.5117', '0.4839', '0.5029', '0.5117', '0.5322', '0.5', '0.5205', '0.5146', '0.5132', '0.4985', '0.4971', '0.4854', '0.4971', '0.4898', '0.5278', '0.5365', '0.5044', '0.4985', '0.4751', '0.5088', '0.4985', '0.4942', '0.4912', '0.5424', '0.5146', '0.4956', '0.5336', '0.481', '0.5146', '0.5351', '0.4722')
2025-05-25 15:48:21   
2025-05-25 15:48:21   --- End running LogisticRegressionClassifier ---
2025-05-25 15:48:21   --- Start running DenseMsaClassifier ---
--- Hyperparameters ---
model = DenseMsaNet(
  (dense_layer1): Sequential(
    (0): Linear(in_features=22, out_features=100, bias=True)
    (1): ReLU()
    (2): Dropout(p=0.2, inplace=False)
  )
  (dense_layer2): Linear(in_features=100, out_features=1, bias=True)
)
split_proportion = 0.9
batch_pad_sequences = False
learning_rate = 0.01
batch_size = 64
max_epochs = 500
early_stopping_patience = 20
--- Creating loaders ---
--- nvidia-smi output ---
nvidia-smi cannot be run: Command 'nvidia-smi' returned non-zero exit status 18.
--- Training start ---
Start training using cuda device.
Number of model parameters: 2401.
Epoch   Train loss   Valid loss   Valid acc    F1-score        Lr   Best
------------------------------------------------------------------------
    1        0.693        0.693       0.483       0.587   0.00000      *
    2        0.692        0.693       0.503       0.052   0.00250      *
    3        0.684        0.685       0.538       0.595   0.00500      *
    4        0.665        0.666       0.620       0.610   0.00750      *
    5        0.654        0.649       0.624       0.664   0.01000      *
    6        0.647        0.648       0.612       0.667   0.00990      *
    7        0.634        0.638       0.635       0.567   0.00980      *
    8        0.626        0.630       0.654       0.623   0.00970      *
    9        0.623        0.629       0.649       0.643   0.00961      *
   10        0.621        0.625       0.656       0.588   0.00951      *
   11        0.619        0.620       0.666       0.663   0.00941      *
   12        0.617        0.622       0.651       0.598   0.00932       
   13        0.611        0.617       0.665       0.649   0.00923      *
   14        0.610        0.612       0.672       0.639   0.00914      *
   15        0.609        0.612       0.681       0.679   0.00904       
   16        0.612        0.614       0.673       0.672   0.00895       
   17        0.613        0.619       0.652       0.583   0.00886       
   18        0.616        0.620       0.652       0.580   0.00878       
   19        0.607        0.609       0.676       0.675   0.00869      *
   20        0.604        0.609       0.676       0.642   0.00860      *
   21        0.609        0.610       0.669       0.651   0.00851       
   22        0.605        0.606       0.676       0.677   0.00843      *
   23        0.602        0.609       0.674       0.667   0.00835       
   24        0.604        0.603       0.678       0.683   0.00826      *
   25        0.600        0.606       0.676       0.646   0.00818       
   26        0.604        0.606       0.673       0.685   0.00810       
   27        0.597        0.601       0.680       0.674   0.00802      *
   28        0.602        0.608       0.674       0.656   0.00794       
   29        0.597        0.603       0.674       0.656   0.00786       
   30        0.605        0.608       0.668       0.607   0.00778       
   31        0.597        0.602       0.684       0.651   0.00770       
   32        0.597        0.600       0.681       0.654   0.00762      *
   33        0.596        0.600       0.678       0.656   0.00755       
   34        0.594        0.598       0.683       0.654   0.00747      *
   35        0.596        0.600       0.685       0.680   0.00740       
   36        0.600        0.609       0.669       0.640   0.00732       
   37        0.596        0.603       0.688       0.687   0.00725       
   38        0.594        0.604       0.676       0.644   0.00718       
   39        0.596        0.600       0.673       0.653   0.00711       
   40        0.596        0.603       0.671       0.634   0.00703       
   41        0.593        0.603       0.686       0.687   0.00696       
   42        0.595        0.599       0.689       0.657   0.00689       
   43        0.594        0.603       0.673       0.667   0.00683       
   44        0.592        0.601       0.683       0.682   0.00676       
   45        0.595        0.600       0.673       0.629   0.00669       
   46        0.595        0.602       0.678       0.649   0.00662       
   47        0.594        0.602       0.688       0.693   0.00656       
   48        0.599        0.608       0.670       0.670   0.00649       
   49        0.593        0.598       0.682       0.666   0.00643      *
   50        0.590        0.596       0.690       0.674   0.00636      *
   51        0.590        0.597       0.688       0.688   0.00630       
   52        0.591        0.597       0.683       0.669   0.00624       
   53        0.589        0.596       0.689       0.664   0.00617      *
   54        0.593        0.601       0.679       0.634   0.00611       
   55        0.589        0.599       0.679       0.650   0.00605       
   56        0.593        0.600       0.678       0.663   0.00599       
   57        0.587        0.593       0.692       0.679   0.00593      *
   58        0.589        0.598       0.683       0.653   0.00587       
   59        0.591        0.600       0.679       0.638   0.00581       
   60        0.587        0.597       0.686       0.673   0.00575       
   61        0.589        0.597       0.685       0.650   0.00570       
   62        0.587        0.595       0.682       0.648   0.00564       
   63        0.590        0.596       0.683       0.679   0.00558       
   64        0.586        0.594       0.690       0.662   0.00553       
   65        0.587        0.596       0.679       0.652   0.00547       
   66        0.589        0.598       0.682       0.647   0.00542       
   67        0.588        0.597       0.683       0.684   0.00536       
   68        0.588        0.599       0.683       0.685   0.00531       
   69        0.585        0.592       0.698       0.688   0.00526      *
   70        0.586        0.596       0.690       0.672   0.00520       
   71        0.586        0.597       0.684       0.655   0.00515       
   72        0.587        0.596       0.683       0.659   0.00510       
   73        0.586        0.595       0.679       0.636   0.00505       
   74        0.585        0.593       0.695       0.690   0.00500       
   75        0.587        0.596       0.680       0.634   0.00495       
   76        0.588        0.601       0.683       0.691   0.00490       
   77        0.585        0.595       0.683       0.650   0.00485       
   78        0.585        0.594       0.695       0.683   0.00480       
   79        0.586        0.594       0.685       0.653   0.00475       
   80        0.584        0.594       0.684       0.661   0.00471       
   81        0.585        0.596       0.681       0.666   0.00466       
   82        0.586        0.599       0.686       0.686   0.00461       
   83        0.584        0.596       0.690       0.668   0.00457       
   84        0.584        0.593       0.691       0.679   0.00452       
   85        0.585        0.597       0.687       0.684   0.00448       
   86        0.587        0.595       0.673       0.629   0.00443       
   87        0.585        0.594       0.694       0.692   0.00439       
   88        0.584        0.593       0.685       0.650   0.00434       
   89        0.586        0.596       0.681       0.644   0.00430       
--- Training ended ---
Number of model parameters: 2401
Training time: 0:04:06
Best epoch: 69
Best valid loss: 0.592
Best valid accuracy (macro): 0.698
Best F1 score: 0.688
2025-05-25 15:52:29   --- End running DenseMsaClassifier ---
2025-05-25 15:52:29   --- Start running DenseSiteClassifier ---
--- Hyperparameters ---
model = DenseSiteNet(
  (dense_layer1): Sequential(
    (0): Linear(in_features=91762, out_features=100, bias=True)
    (1): ReLU()
    (2): Dropout(p=0.2, inplace=False)
  )
  (dense_layer2): Linear(in_features=100, out_features=1, bias=True)
)
split_proportion = 0.9
batch_pad_sequences = False
learning_rate = 0.01
batch_size = 64
max_epochs = 500
early_stopping_patience = 20
--- Creating loaders ---
--- nvidia-smi output ---
nvidia-smi cannot be run: Command 'nvidia-smi' returned non-zero exit status 18.
--- Training start ---
Start training using cuda device.
Number of model parameters: 9176401.
Epoch   Train loss   Valid loss   Valid acc    F1-score        Lr   Best
------------------------------------------------------------------------
    1        0.693        0.693       0.514       0.631   0.00000      *
    2        0.035        0.070       0.980       0.981   0.00250      *
    3        0.019        0.064       0.978       0.979   0.00500      *
    4        0.011        0.051       0.983       0.983   0.00750      *
    5        0.007        0.046       0.986       0.986   0.01000      *
    6        0.010        0.072       0.981       0.981   0.00990       
    7        0.006        0.080       0.984       0.985   0.00980       
    8        0.001        0.052       0.987       0.987   0.00970       
    9        0.001        0.061       0.987       0.988   0.00961       
   10        0.010        0.083       0.983       0.984   0.00951       
   11        0.003        0.062       0.987       0.987   0.00941       
   12        0.002        0.057       0.989       0.989   0.00932       
   13        0.000        0.053       0.990       0.990   0.00923       
   14        0.001        0.064       0.988       0.988   0.00914       
   15        0.001        0.046       0.991       0.991   0.00904       
   16        0.003        0.055       0.990       0.990   0.00895       
   17        0.001        0.046       0.991       0.991   0.00886       
   18        0.001        0.044       0.990       0.990   0.00878      *
   19        0.002        0.052       0.989       0.989   0.00869       
   20        0.001        0.045       0.990       0.991   0.00860       
   21        0.001        0.047       0.991       0.991   0.00851       
   22        0.000        0.037       0.992       0.992   0.00843      *
   23        0.000        0.039       0.991       0.991   0.00835       
   24        0.000        0.040       0.991       0.991   0.00826       
   25        0.001        0.040       0.989       0.989   0.00818       
   26        0.000        0.041       0.992       0.992   0.00810       
   27        0.001        0.049       0.991       0.991   0.00802       
   28        0.000        0.041       0.992       0.993   0.00794       
   29        0.000        0.043       0.991       0.991   0.00786       
   30        0.000        0.051       0.991       0.991   0.00778       
   31        0.000        0.053       0.991       0.991   0.00770       
   32        0.000        0.063       0.990       0.990   0.00762       
   33        0.000        0.059       0.991       0.991   0.00755       
   34        0.000        0.048       0.989       0.989   0.00747       
   35        0.001        0.057       0.989       0.989   0.00740       
   36        0.000        0.054       0.990       0.990   0.00732       
   37        0.000        0.047       0.990       0.990   0.00725       
   38        0.000        0.056       0.992       0.992   0.00718       
   39        0.000        0.045       0.990       0.990   0.00711       
   40        0.000        0.042       0.991       0.991   0.00703       
   41        0.000        0.048       0.992       0.992   0.00696       
   42        0.000        0.050       0.991       0.991   0.00689       
--- Training ended ---
Number of model parameters: 9176401
Training time: 0:06:51
Best epoch: 22
Best valid loss: 0.037
Best valid accuracy (macro): 0.992
Best F1 score: 0.992
2025-05-25 15:59:31   --- End running DenseSiteClassifier ---
2025-05-25 15:59:31   --- Start running AACnnClassifier ---
--- Hyperparameters ---
model = AAConvNet(
  (conv_layer): Sequential(
    (0): Conv1d(22, 64, kernel_size=(1,), stride=(1,))
    (1): ReLU()
    (2): AdaptiveAvgPool1d(output_size=1)
    (3): Dropout(p=0.2, inplace=False)
  )
  (dense_layer): Linear(in_features=64, out_features=1, bias=True)
)
split_proportion = 0.9
batch_pad_sequences = False
learning_rate = 0.01
batch_size = 64
max_epochs = 500
early_stopping_patience = 20
kernel_size = 1
--- Creating loaders ---
--- nvidia-smi output ---
nvidia-smi cannot be run: Command 'nvidia-smi' returned non-zero exit status 18.
--- Training start ---
Start training using cuda device.
Number of model parameters: 1537.
Epoch   Train loss   Valid loss   Valid acc    F1-score        Lr   Best
------------------------------------------------------------------------
    1        0.695        0.696       0.493       0.000   0.00000      *
    2        0.693        0.694       0.493       0.000   0.00250      *
    3        0.693        0.693       0.493       0.000   0.00500      *
    4        0.693        0.693       0.493       0.000   0.00750      *
    5        0.693        0.694       0.493       0.000   0.01000       
    6        0.693        0.693       0.493       0.000   0.00990      *
    7        0.693        0.693       0.493       0.000   0.00980      *
    8        0.693        0.694       0.493       0.000   0.00970       
    9        0.693        0.693       0.492       0.013   0.00961       
   10        0.694        0.694       0.493       0.001   0.00951       
   11        0.693        0.694       0.493       0.001   0.00941       
   12        0.693        0.693       0.493       0.000   0.00932       
   13        0.693        0.693       0.492       0.030   0.00923       
   14        0.694        0.694       0.493       0.001   0.00914       
   15        0.693        0.693       0.494       0.010   0.00904       
   16        0.693        0.694       0.493       0.001   0.00895       
   17        0.694        0.693       0.493       0.000   0.00886       
   18        0.693        0.693       0.493       0.000   0.00878       
   19        0.693        0.693       0.490       0.042   0.00869       
   20        0.693        0.693       0.493       0.032   0.00860       
   21        0.693        0.693       0.493       0.000   0.00851       
   22        0.693        0.693       0.515       0.288   0.00843       
   23        0.693        0.693       0.493       0.010   0.00835       
   24        0.694        0.693       0.493       0.000   0.00826       
   25        0.693        0.693       0.493       0.014   0.00818       
   26        0.694        0.694       0.493       0.001   0.00810       
   27        0.693        0.693       0.488       0.196   0.00802       
--- Training ended ---
Number of model parameters: 1537
Training time: 0:05:29
Best epoch: 7
Best valid loss: 0.693
Best valid accuracy (macro): 0.493
Best F1 score: 0.000
2025-05-25 16:05:11   --- End running AACnnClassifier ---
