Running task 5: uv run python src/classifiers/pipeline.py --config config/kernel_size_2/comparsion_mammals_viridiplantae/mammals_viridiplantae.json
2025-05-25 14:40:13   Tokenizing real alignments...
2025-05-25 14:40:13   Removing sequences with ambiguous tokens...
2025-05-25 14:40:13   0/20290 sequences have been removed from 0/1497 alignements due to ambiguous sites.
2025-05-25 14:40:13   Tokenizing simulated alignments...
2025-05-25 14:40:14   Removing sequences with ambiguous tokens...
2025-05-25 14:40:14   0/17109 sequences have been removed from 0/2413 alignements due to ambiguous sites.
2025-05-25 14:40:14   Checking alignments...
2025-05-25 14:40:14   30 renamed keys in simulated aligns.
2025-05-25 14:40:14   Creating labels...
2025-05-25 14:40:14   Merging aligns and labels...
2025-05-25 14:40:14   Total number of alignments: 3910
2025-05-25 14:40:14   --- Preprocessing base data ---
2025-05-25 14:40:14   Tokenizing real alignments...
2025-05-25 14:40:15   Removing sequences with ambiguous tokens...
2025-05-25 14:40:15   0/20290 sequences have been removed from 0/1497 alignements due to ambiguous sites.
2025-05-25 14:40:15   Tokenizing simulated alignments...
2025-05-25 14:40:15   Removing sequences with ambiguous tokens...
2025-05-25 14:40:15   0/17109 sequences have been removed from 0/2413 alignements due to ambiguous sites.
2025-05-25 14:40:15   Checking alignments...
2025-05-25 14:40:15   30 renamed keys in simulated aligns.
2025-05-25 14:40:15   Creating labels...
2025-05-25 14:40:15   Merging aligns and labels...
2025-05-25 14:40:15   Total number of alignments: 3910
2025-05-25 14:40:15   --- Start running AACnnClassifier ---
--- Hyperparameters ---
model = AAConvNet(
  (conv_layer): Sequential(
    (0): Conv1d(22, 64, kernel_size=(2,), stride=(1,), padding=(1,))
    (1): ReLU()
    (2): AdaptiveAvgPool1d(output_size=1)
    (3): Dropout(p=0.2, inplace=False)
  )
  (dense_layer): Linear(in_features=64, out_features=1, bias=True)
)
split_proportion = 0.9
batch_pad_sequences = False
learning_rate = 0.01
batch_size = 64
max_epochs = 500
early_stopping_patience = 20
kernel_size = 2
--- Creating loaders ---
--- nvidia-smi output ---
nvidia-smi cannot be run: Command 'nvidia-smi' returned non-zero exit status 18.
--- Training start ---
Start training using cuda device.
Number of model parameters: 2945.
Epoch   Train loss   Valid loss   Valid acc    F1-score        Lr   Best
------------------------------------------------------------------------
    1        0.682        0.680       0.372       0.000   0.00000      *
    2        0.665        0.660       0.369       0.024   0.00250      *
    3        0.662        0.656       0.631       0.773   0.00500      *
    4        0.648        0.641       0.690       0.799   0.00750      *
    5        0.620        0.614       0.664       0.786   0.01000      *
    6        0.586        0.579       0.695       0.803   0.00990      *
    7        0.561        0.543       0.733       0.819   0.00980      *
    8        0.555        0.567       0.695       0.803   0.00970       
    9        0.531        0.519       0.808       0.859   0.00961      *
   10        0.519        0.503       0.800       0.858   0.00951      *
   11        0.510        0.493       0.805       0.861   0.00941      *
   12        0.504        0.479       0.813       0.864   0.00932      *
   13        0.504        0.500       0.795       0.857   0.00923       
   14        0.503        0.463       0.823       0.862   0.00914      *
   15        0.488        0.465       0.818       0.867   0.00904       
   16        0.485        0.454       0.823       0.871   0.00895      *
   17        0.481        0.459       0.828       0.873   0.00886       
   18        0.484        0.445       0.821       0.859   0.00878      *
   19        0.480        0.471       0.818       0.869   0.00869       
   20        0.475        0.459       0.821       0.868   0.00860       
   21        0.471        0.437       0.813       0.860   0.00851      *
   22        0.468        0.439       0.823       0.869   0.00843       
   23        0.467        0.438       0.826       0.871   0.00835       
   24        0.466        0.430       0.821       0.866   0.00826      *
   25        0.464        0.440       0.828       0.873   0.00818       
   26        0.465        0.424       0.818       0.859   0.00810      *
   27        0.461        0.424       0.818       0.863   0.00802      *
   28        0.460        0.432       0.826       0.871   0.00794       
   29        0.458        0.430       0.818       0.864   0.00786       
   30        0.459        0.436       0.828       0.873   0.00778       
   31        0.457        0.431       0.823       0.867   0.00770       
   32        0.458        0.418       0.818       0.860   0.00762      *
   33        0.455        0.424       0.821       0.864   0.00755       
   34        0.455        0.418       0.823       0.865   0.00747      *
   35        0.458        0.448       0.823       0.869   0.00740       
   36        0.453        0.424       0.821       0.865   0.00732       
   37        0.453        0.420       0.826       0.867   0.00725       
   38        0.454        0.410       0.826       0.867   0.00718      *
   39        0.451        0.417       0.818       0.862   0.00711       
   40        0.452        0.432       0.815       0.863   0.00703       
   41        0.450        0.423       0.823       0.867   0.00696       
   42        0.449        0.419       0.818       0.862   0.00689       
   43        0.449        0.421       0.821       0.864   0.00683       
   44        0.452        0.405       0.831       0.868   0.00676      *
   45        0.450        0.429       0.818       0.864   0.00669       
   46        0.448        0.410       0.823       0.865   0.00662       
   47        0.448        0.407       0.823       0.865   0.00656       
   48        0.447        0.410       0.821       0.864   0.00649       
   49        0.447        0.406       0.828       0.868   0.00643       
   50        0.446        0.411       0.823       0.865   0.00636       
   51        0.448        0.427       0.823       0.867   0.00630       
   52        0.446        0.409       0.823       0.865   0.00624       
   53        0.445        0.413       0.826       0.867   0.00617       
   54        0.446        0.408       0.831       0.869   0.00611       
   55        0.445        0.418       0.823       0.867   0.00605       
   56        0.446        0.427       0.823       0.867   0.00599       
   57        0.447        0.427       0.823       0.868   0.00593       
   58        0.445        0.419       0.826       0.869   0.00587       
   59        0.444        0.412       0.823       0.866   0.00581       
   60        0.444        0.413       0.821       0.864   0.00575       
   61        0.444        0.420       0.823       0.867   0.00570       
   62        0.446        0.425       0.821       0.866   0.00564       
   63        0.447        0.400       0.833       0.869   0.00558      *
   64        0.443        0.413       0.823       0.866   0.00553       
   65        0.444        0.419       0.821       0.865   0.00547       
   66        0.444        0.419       0.821       0.865   0.00542       
   67        0.442        0.413       0.823       0.866   0.00536       
   68        0.443        0.420       0.821       0.865   0.00531       
   69        0.445        0.425       0.823       0.868   0.00526       
   70        0.442        0.414       0.826       0.867   0.00520       
   71        0.446        0.399       0.838       0.872   0.00515      *
   72        0.442        0.410       0.823       0.866   0.00510       
   73        0.442        0.402       0.828       0.868   0.00505       
   74        0.442        0.400       0.833       0.871   0.00500       
   75        0.441        0.405       0.821       0.864   0.00495       
   76        0.441        0.400       0.826       0.866   0.00490       
   77        0.443        0.396       0.831       0.869   0.00485      *
   78        0.442        0.399       0.831       0.867   0.00480       
   79        0.441        0.397       0.826       0.866   0.00475       
   80        0.441        0.404       0.821       0.865   0.00471       
   81        0.441        0.404       0.818       0.863   0.00466       
   82        0.440        0.400       0.831       0.870   0.00461       
   83        0.440        0.406       0.823       0.867   0.00457       
   84        0.440        0.402       0.821       0.863   0.00452       
   85        0.440        0.404       0.826       0.868   0.00448       
   86        0.440        0.400       0.823       0.865   0.00443       
   87        0.442        0.408       0.821       0.867   0.00439       
   88        0.440        0.403       0.823       0.866   0.00434       
   89        0.440        0.404       0.826       0.868   0.00430       
   90        0.439        0.404       0.821       0.864   0.00426       
   91        0.440        0.400       0.828       0.868   0.00421       
   92        0.439        0.406       0.821       0.864   0.00417       
   93        0.439        0.403       0.826       0.867   0.00413       
   94        0.439        0.401       0.823       0.865   0.00409       
   95        0.440        0.407       0.821       0.865   0.00405       
   96        0.439        0.398       0.828       0.868   0.00401       
   97        0.439        0.404       0.826       0.868   0.00397       
--- Training ended ---
Number of model parameters: 2945
Training time: 0:02:21
Best epoch: 77
Best valid loss: 0.396
Best valid accuracy (macro): 0.831
Best F1 score: 0.869
2025-05-25 14:42:38   --- End running AACnnClassifier ---
