Running task 19: uv run python src/classifiers/pipeline.py --config config/split_seq/viridiplantae/WAG_frequencies.json
2025-05-25 16:56:27   Tokenizing real alignments...
2025-05-25 16:56:28   Removing sequences with ambiguous tokens...
2025-05-25 16:56:28   0/17109 sequences have been removed from 0/17109 alignements due to ambiguous sites.
2025-05-25 16:56:28   Tokenizing simulated alignments...
2025-05-25 16:56:29   Removing sequences with ambiguous tokens...
2025-05-25 16:56:29   0/17109 sequences have been removed from 0/17109 alignements due to ambiguous sites.
2025-05-25 16:56:29   Checking alignments...
2025-05-25 16:56:29   17109 renamed keys in simulated aligns.
2025-05-25 16:56:29   Creating labels...
2025-05-25 16:56:29   Merging aligns and labels...
2025-05-25 16:56:29   Total number of alignments: 34218
2025-05-25 16:56:29   --- Preprocessing base data ---
2025-05-25 16:56:29   Tokenizing real alignments...
2025-05-25 16:56:30   Removing sequences with ambiguous tokens...
2025-05-25 16:56:30   0/17109 sequences have been removed from 0/17109 alignements due to ambiguous sites.
2025-05-25 16:56:30   Tokenizing simulated alignments...
2025-05-25 16:56:31   Removing sequences with ambiguous tokens...
2025-05-25 16:56:31   0/17109 sequences have been removed from 0/17109 alignements due to ambiguous sites.
2025-05-25 16:56:31   Checking alignments...
2025-05-25 16:56:31   17109 renamed keys in simulated aligns.
2025-05-25 16:56:31   Creating labels...
2025-05-25 16:56:31   Merging aligns and labels...
2025-05-25 16:56:31   Total number of alignments: 34218
2025-05-25 16:56:31   --- Start running LogisticRegressionClassifier ---
2025-05-25 16:56:31   --- Preprocessing data ---
2025-05-25 16:56:31   --- Start training ---
2025-05-25 16:56:31   Number of cross validation folds: 50
2025-05-25 16:56:31   Shuffle data: True
2025-05-25 16:56:31   Scale features: True
2025-05-25 16:56:33   --- Training ended ---
2025-05-25 16:56:33   Training time: 0:00:01
2025-05-25 16:56:33   Fold F1 scores: ('0.4954', '0.5184', '0.4873', '0.4772', '0.5075', '0.4711', '0.4858', '0.5141', '0.473', '0.4838', '0.4729', '0.4753', '0.4978', '0.4935', '0.5103', '0.4885', '0.4746', '0.4888', '0.4925', '0.4722', '0.4684', '0.506', '0.4924', '0.4925', '0.4924', '0.4701', '0.4985', '0.5263', '0.5108', '0.4948', '0.4742', '0.5207', '0.4977', '0.5417', '0.474', '0.5089', '0.4839', '0.4905', '0.4919', '0.484', '0.4769', '0.468', '0.455', '0.5478', '0.4807', '0.4809', '0.4874', '0.4781', '0.4918', '0.5263')
2025-05-25 16:56:33   Fold accuracies: ('0.5153', '0.5416', '0.4993', '0.4818', '0.5212', '0.4788', '0.4993', '0.5226', '0.5022', '0.5109', '0.4891', '0.4876', '0.508', '0.4905', '0.5153', '0.5139', '0.5022', '0.4993', '0.5058', '0.5', '0.4956', '0.5175', '0.5146', '0.5029', '0.5088', '0.4825', '0.5', '0.5395', '0.5351', '0.5015', '0.4942', '0.5263', '0.5132', '0.5424', '0.4971', '0.5146', '0.4854', '0.4927', '0.4985', '0.5044', '0.4868', '0.4781', '0.4781', '0.5365', '0.5073', '0.5044', '0.4956', '0.4956', '0.5015', '0.5263')
2025-05-25 16:56:33   
2025-05-25 16:56:33   --- End running LogisticRegressionClassifier ---
2025-05-25 16:56:33   --- Start running DenseMsaClassifier ---
--- Hyperparameters ---
model = DenseMsaNet(
  (dense_layer1): Sequential(
    (0): Linear(in_features=22, out_features=100, bias=True)
    (1): ReLU()
    (2): Dropout(p=0.2, inplace=False)
  )
  (dense_layer2): Linear(in_features=100, out_features=1, bias=True)
)
split_proportion = 0.9
batch_pad_sequences = False
learning_rate = 0.01
batch_size = 64
max_epochs = 500
early_stopping_patience = 20
--- Creating loaders ---
--- nvidia-smi output ---
nvidia-smi cannot be run: Command 'nvidia-smi' returned non-zero exit status 18.
--- Training start ---
Start training using cuda device.
Number of model parameters: 2401.
Epoch   Train loss   Valid loss   Valid acc    F1-score        Lr   Best
------------------------------------------------------------------------
    1        0.693        0.693       0.515       0.421   0.00000      *
    2        0.690        0.691       0.573       0.436   0.00250      *
    3        0.680        0.680       0.594       0.509   0.00500      *
    4        0.666        0.667       0.606       0.631   0.00750      *
    5        0.654        0.651       0.627       0.653   0.01000      *
    6        0.644        0.646       0.631       0.588   0.00990      *
    7        0.638        0.641       0.629       0.554   0.00980      *
    8        0.634        0.634       0.639       0.663   0.00970      *
    9        0.632        0.636       0.634       0.651   0.00961       
   10        0.628        0.626       0.658       0.639   0.00951      *
   11        0.626        0.630       0.642       0.594   0.00941       
   12        0.621        0.625       0.650       0.602   0.00932      *
   13        0.623        0.627       0.650       0.626   0.00923       
   14        0.623        0.631       0.648       0.570   0.00914       
   15        0.617        0.624       0.653       0.619   0.00904      *
   16        0.618        0.622       0.652       0.655   0.00895      *
   17        0.615        0.620       0.650       0.640   0.00886      *
   18        0.613        0.619       0.659       0.644   0.00878      *
   19        0.614        0.619       0.655       0.653   0.00869      *
   20        0.617        0.624       0.652       0.597   0.00860       
   21        0.621        0.626       0.646       0.579   0.00851       
   22        0.614        0.620       0.649       0.641   0.00843       
   23        0.617        0.621       0.650       0.592   0.00835       
   24        0.612        0.619       0.663       0.654   0.00826       
   25        0.610        0.618       0.658       0.627   0.00818      *
   26        0.611        0.618       0.655       0.654   0.00810      *
   27        0.608        0.619       0.651       0.633   0.00802       
   28        0.609        0.619       0.659       0.639   0.00794       
   29        0.610        0.617       0.648       0.640   0.00786      *
   30        0.607        0.617       0.661       0.624   0.00778      *
   31        0.607        0.614       0.657       0.630   0.00770      *
   32        0.610        0.620       0.656       0.603   0.00762       
   33        0.611        0.620       0.655       0.600   0.00755       
   34        0.607        0.613       0.663       0.627   0.00747      *
   35        0.605        0.616       0.660       0.629   0.00740       
   36        0.609        0.619       0.659       0.653   0.00732       
   37        0.606        0.616       0.664       0.652   0.00725       
   38        0.614        0.622       0.657       0.614   0.00718       
   39        0.605        0.615       0.662       0.633   0.00711       
   40        0.606        0.615       0.659       0.632   0.00703       
   41        0.604        0.612       0.663       0.635   0.00696      *
   42        0.609        0.617       0.654       0.594   0.00689       
   43        0.605        0.615       0.664       0.644   0.00683       
   44        0.607        0.620       0.659       0.602   0.00676       
   45        0.610        0.620       0.657       0.598   0.00669       
   46        0.605        0.613       0.653       0.642   0.00662       
   47        0.604        0.615       0.657       0.621   0.00656       
   48        0.604        0.613       0.663       0.646   0.00649       
   49        0.604        0.615       0.662       0.652   0.00643       
   50        0.604        0.617       0.667       0.640   0.00636       
   51        0.603        0.611       0.666       0.645   0.00630      *
   52        0.607        0.618       0.659       0.615   0.00624       
   53        0.607        0.620       0.658       0.650   0.00617       
   54        0.604        0.614       0.661       0.611   0.00611       
   55        0.602        0.611       0.665       0.653   0.00605      *
   56        0.604        0.614       0.661       0.624   0.00599       
   57        0.603        0.612       0.661       0.639   0.00593       
   58        0.603        0.612       0.664       0.621   0.00587       
   59        0.603        0.611       0.663       0.619   0.00581      *
   60        0.604        0.617       0.656       0.623   0.00575       
   61        0.603        0.613       0.666       0.640   0.00570       
   62        0.606        0.618       0.663       0.614   0.00564       
   63        0.608        0.618       0.650       0.591   0.00558       
   64        0.603        0.613       0.658       0.639   0.00553       
   65        0.605        0.616       0.657       0.605   0.00547       
   66        0.602        0.613       0.663       0.649   0.00542       
   67        0.605        0.615       0.659       0.658   0.00536       
   68        0.601        0.612       0.674       0.647   0.00531       
   69        0.601        0.610       0.658       0.626   0.00526      *
   70        0.602        0.612       0.669       0.637   0.00520       
   71        0.602        0.613       0.664       0.664   0.00515       
   72        0.602        0.611       0.663       0.638   0.00510       
   73        0.603        0.613       0.670       0.633   0.00505       
   74        0.606        0.613       0.667       0.665   0.00500       
   75        0.600        0.611       0.667       0.641   0.00495       
   76        0.604        0.612       0.657       0.623   0.00490       
   77        0.601        0.613       0.663       0.650   0.00485       
   78        0.602        0.613       0.659       0.646   0.00480       
   79        0.599        0.608       0.678       0.661   0.00475      *
   80        0.601        0.612       0.666       0.625   0.00471       
   81        0.601        0.609       0.665       0.654   0.00466       
   82        0.600        0.611       0.666       0.643   0.00461       
   83        0.602        0.612       0.662       0.624   0.00457       
   84        0.601        0.613       0.668       0.663   0.00452       
   85        0.603        0.612       0.658       0.667   0.00448       
   86        0.598        0.609       0.673       0.640   0.00443       
   87        0.599        0.608       0.673       0.650   0.00439       
   88        0.600        0.611       0.667       0.637   0.00434       
   89        0.603        0.613       0.662       0.605   0.00430       
   90        0.601        0.608       0.674       0.667   0.00426      *
   91        0.600        0.610       0.672       0.659   0.00421       
   92        0.603        0.613       0.668       0.676   0.00417       
   93        0.599        0.610       0.667       0.646   0.00413       
   94        0.599        0.609       0.669       0.633   0.00409       
   95        0.599        0.607       0.672       0.641   0.00405      *
   96        0.600        0.611       0.661       0.622   0.00401       
   97        0.599        0.611       0.664       0.662   0.00397       
   98        0.601        0.612       0.663       0.650   0.00393       
   99        0.601        0.611       0.668       0.660   0.00389       
  100        0.600        0.610       0.667       0.630   0.00385       
  101        0.598        0.608       0.668       0.638   0.00381       
  102        0.598        0.609       0.667       0.636   0.00377       
  103        0.598        0.609       0.669       0.631   0.00373       
  104        0.598        0.608       0.675       0.659   0.00370       
  105        0.600        0.610       0.666       0.628   0.00366       
  106        0.599        0.609       0.672       0.643   0.00362       
  107        0.597        0.608       0.676       0.663   0.00359       
  108        0.600        0.609       0.674       0.660   0.00355       
  109        0.597        0.606       0.671       0.652   0.00352      *
  110        0.600        0.611       0.660       0.609   0.00348       
  111        0.598        0.608       0.667       0.636   0.00345       
  112        0.599        0.610       0.671       0.638   0.00341       
  113        0.598        0.607       0.668       0.664   0.00338       
  114        0.596        0.606       0.673       0.653   0.00334       
  115        0.597        0.605       0.673       0.653   0.00331      *
  116        0.596        0.607       0.671       0.641   0.00328       
  117        0.597        0.607       0.669       0.645   0.00324       
  118        0.599        0.609       0.667       0.651   0.00321       
  119        0.598        0.608       0.674       0.646   0.00318       
  120        0.596        0.607       0.672       0.639   0.00315       
  121        0.597        0.608       0.672       0.640   0.00312       
  122        0.596        0.605       0.671       0.646   0.00309       
  123        0.596        0.605       0.673       0.641   0.00305       
  124        0.598        0.610       0.666       0.621   0.00302       
  125        0.597        0.609       0.666       0.628   0.00299       
  126        0.596        0.605       0.674       0.661   0.00296      *
  127        0.597        0.606       0.672       0.661   0.00293       
  128        0.598        0.609       0.674       0.647   0.00290       
  129        0.598        0.606       0.669       0.636   0.00288       
  130        0.600        0.609       0.663       0.667   0.00285       
  131        0.596        0.606       0.672       0.646   0.00282       
  132        0.597        0.609       0.669       0.642   0.00279       
  133        0.599        0.611       0.666       0.615   0.00276       
  134        0.598        0.605       0.674       0.639   0.00273       
  135        0.597        0.609       0.671       0.636   0.00271       
  136        0.596        0.608       0.675       0.662   0.00268       
  137        0.598        0.610       0.669       0.662   0.00265       
  138        0.597        0.609       0.669       0.639   0.00263       
  139        0.595        0.607       0.675       0.654   0.00260       
  140        0.595        0.609       0.673       0.659   0.00257       
  141        0.597        0.609       0.664       0.626   0.00255       
  142        0.595        0.608       0.670       0.641   0.00252       
  143        0.595        0.605       0.677       0.648   0.00250       
  144        0.597        0.608       0.667       0.630   0.00247       
  145        0.595        0.606       0.675       0.651   0.00245       
  146        0.597        0.609       0.673       0.662   0.00242       
--- Training ended ---
Number of model parameters: 2401
Training time: 0:06:43
Best epoch: 126
Best valid loss: 0.605
Best valid accuracy (macro): 0.674
Best F1 score: 0.661
2025-05-25 17:03:17   --- End running DenseMsaClassifier ---
2025-05-25 17:03:17   --- Start running DenseSiteClassifier ---
--- Hyperparameters ---
model = DenseSiteNet(
  (dense_layer1): Sequential(
    (0): Linear(in_features=91762, out_features=100, bias=True)
    (1): ReLU()
    (2): Dropout(p=0.2, inplace=False)
  )
  (dense_layer2): Linear(in_features=100, out_features=1, bias=True)
)
split_proportion = 0.9
batch_pad_sequences = False
learning_rate = 0.01
batch_size = 64
max_epochs = 500
early_stopping_patience = 20
--- Creating loaders ---
--- nvidia-smi output ---
nvidia-smi cannot be run: Command 'nvidia-smi' returned non-zero exit status 18.
--- Training start ---
Start training using cuda device.
Number of model parameters: 9176401.
Epoch   Train loss   Valid loss   Valid acc    F1-score        Lr   Best
------------------------------------------------------------------------
    1        0.693        0.693       0.509       0.630   0.00000      *
    2        0.035        0.080       0.976       0.976   0.00250      *
    3        0.019        0.065       0.983       0.983   0.00500      *
    4        0.014        0.064       0.982       0.983   0.00750      *
    5        0.014        0.073       0.980       0.980   0.01000       
    6        0.010        0.070       0.983       0.984   0.00990       
    7        0.004        0.062       0.987       0.987   0.00980      *
    8        0.003        0.064       0.985       0.985   0.00970       
    9        0.005        0.076       0.986       0.986   0.00961       
   10        0.006        0.094       0.982       0.982   0.00951       
   11        0.002        0.068       0.987       0.988   0.00941       
   12        0.001        0.065       0.987       0.987   0.00932       
   13        0.001        0.068       0.987       0.987   0.00923       
   14        0.001        0.073       0.987       0.987   0.00914       
   15        0.001        0.075       0.987       0.987   0.00904       
   16        0.001        0.050       0.987       0.988   0.00895      *
   17        0.006        0.091       0.984       0.984   0.00886       
   18        0.003        0.077       0.985       0.985   0.00878       
   19        0.006        0.046       0.986       0.986   0.00869      *
   20        0.000        0.046       0.989       0.990   0.00860      *
   21        0.000        0.051       0.989       0.989   0.00851       
   22        0.000        0.060       0.987       0.988   0.00843       
   23        0.000        0.061       0.989       0.989   0.00835       
   24        0.000        0.053       0.989       0.989   0.00826       
   25        0.000        0.057       0.989       0.989   0.00818       
   26        0.000        0.058       0.989       0.989   0.00810       
   27        0.000        0.055       0.989       0.990   0.00802       
   28        0.000        0.070       0.991       0.991   0.00794       
   29        0.001        0.056       0.989       0.989   0.00786       
   30        0.001        0.060       0.989       0.989   0.00778       
   31        0.001        0.050       0.991       0.991   0.00770       
   32        0.000        0.052       0.991       0.991   0.00762       
   33        0.001        0.064       0.989       0.989   0.00755       
   34        0.001        0.049       0.990       0.991   0.00747       
   35        0.000        0.058       0.988       0.988   0.00740       
   36        0.000        0.057       0.990       0.990   0.00732       
   37        0.002        0.054       0.987       0.988   0.00725       
   38        0.000        0.061       0.990       0.990   0.00718       
   39        0.000        0.045       0.992       0.992   0.00711      *
   40        0.000        0.056       0.989       0.989   0.00703       
   41        0.000        0.056       0.989       0.989   0.00696       
   42        0.000        0.054       0.990       0.990   0.00689       
   43        0.000        0.070       0.989       0.989   0.00683       
   44        0.000        0.056       0.991       0.991   0.00676       
   45        0.000        0.065       0.990       0.990   0.00669       
   46        0.001        0.050       0.990       0.990   0.00662       
   47        0.000        0.064       0.992       0.992   0.00656       
   48        0.000        0.062       0.990       0.990   0.00649       
   49        0.000        0.057       0.989       0.990   0.00643       
   50        0.000        0.075       0.989       0.989   0.00636       
   51        0.001        0.063       0.989       0.989   0.00630       
   52        0.000        0.057       0.991       0.991   0.00624       
   53        0.000        0.052       0.991       0.991   0.00617       
   54        0.000        0.058       0.990       0.990   0.00611       
   55        0.000        0.060       0.991       0.991   0.00605       
   56        0.000        0.060       0.989       0.989   0.00599       
   57        0.000        0.055       0.992       0.992   0.00593       
   58        0.000        0.061       0.989       0.989   0.00587       
   59        0.002        0.059       0.989       0.989   0.00581       
--- Training ended ---
Number of model parameters: 9176401
Training time: 0:09:23
Best epoch: 39
Best valid loss: 0.045
Best valid accuracy (macro): 0.992
Best F1 score: 0.992
2025-05-25 17:12:51   --- End running DenseSiteClassifier ---
2025-05-25 17:12:51   --- Start running AACnnClassifier ---
--- Hyperparameters ---
model = AAConvNet(
  (conv_layer): Sequential(
    (0): Conv1d(22, 64, kernel_size=(1,), stride=(1,))
    (1): ReLU()
    (2): AdaptiveAvgPool1d(output_size=1)
    (3): Dropout(p=0.2, inplace=False)
  )
  (dense_layer): Linear(in_features=64, out_features=1, bias=True)
)
split_proportion = 0.9
batch_pad_sequences = False
learning_rate = 0.01
batch_size = 64
max_epochs = 500
early_stopping_patience = 20
kernel_size = 1
--- Creating loaders ---
--- nvidia-smi output ---
nvidia-smi cannot be run: Command 'nvidia-smi' returned non-zero exit status 18.
--- Training start ---
Start training using cuda device.
Number of model parameters: 1537.
Epoch   Train loss   Valid loss   Valid acc    F1-score        Lr   Best
------------------------------------------------------------------------
    1        0.698        0.697       0.493       0.000   0.00000      *
    2        0.693        0.693       0.493       0.000   0.00250      *
    3        0.693        0.693       0.493       0.000   0.00500      *
    4        0.693        0.693       0.493       0.000   0.00750      *
    5        0.693        0.693       0.493       0.000   0.01000       
    6        0.694        0.693       0.493       0.000   0.00990       
    7        0.693        0.693       0.493       0.000   0.00980       
    8        0.694        0.693       0.493       0.000   0.00970       
    9        0.693        0.693       0.493       0.002   0.00961       
   10        0.693        0.693       0.493       0.000   0.00951       
   11        0.693        0.693       0.493       0.000   0.00941       
   12        0.693        0.694       0.493       0.002   0.00932       
   13        0.693        0.693       0.493       0.006   0.00923       
   14        0.693        0.693       0.493       0.000   0.00914       
   15        0.693        0.693       0.494       0.049   0.00904       
   16        0.693        0.693       0.493       0.000   0.00895       
   17        0.693        0.693       0.494       0.129   0.00886       
   18        0.693        0.694       0.493       0.021   0.00878       
   19        0.693        0.693       0.495       0.474   0.00869       
   20        0.693        0.694       0.496       0.065   0.00860       
   21        0.693        0.693       0.471       0.615   0.00851       
   22        0.693        0.693       0.503       0.153   0.00843       
   23        0.693        0.693       0.497       0.326   0.00835       
   24        0.693        0.694       0.493       0.018   0.00826       
--- Training ended ---
Number of model parameters: 1537
Training time: 0:04:56
Best epoch: 4
Best valid loss: 0.693
Best valid accuracy (macro): 0.493
Best F1 score: 0.000
2025-05-25 17:17:59   --- End running AACnnClassifier ---
