2025-05-25 04:37:42   --- Hyperparameters ---
2025-05-25 04:37:42   model = AAConvNet(
2025-05-25 04:37:42     (conv_layer): Sequential(
2025-05-25 04:37:42       (0): Conv1d(22, 64, kernel_size=(1,), stride=(1,))
2025-05-25 04:37:42       (1): ReLU()
2025-05-25 04:37:42       (2): AvgPool1d(kernel_size=(4851,), stride=(4851,), padding=(0,))
2025-05-25 04:37:42       (3): Dropout(p=0.2, inplace=False)
2025-05-25 04:37:42     )
2025-05-25 04:37:42     (dense_layer): Linear(in_features=64, out_features=1, bias=True)
2025-05-25 04:37:42   )
2025-05-25 04:37:42   split_proportion = 0.9
2025-05-25 04:37:42   batch_pad_sequences = False
2025-05-25 04:37:42   learning_rate = 0.01
2025-05-25 04:37:42   batch_size = 64
2025-05-25 04:37:42   max_epochs = 500
2025-05-25 04:37:42   early_stopping_patience = 20
2025-05-25 04:37:42   --- Creating loaders ---
2025-05-25 04:37:42   --- nvidia-smi output ---
2025-05-25 04:37:42   nvidia-smi cannot be run: Command 'nvidia-smi' returned non-zero exit status 18.
2025-05-25 04:37:42   --- Training start ---
2025-05-25 04:37:42   Start training using cuda device.
2025-05-25 04:37:42   Number of model parameters: 1537.
2025-05-25 04:37:42   Epoch   Train loss   Valid loss   Valid acc    F1-score        Lr   Best
2025-05-25 04:37:42   ------------------------------------------------------------------------
2025-05-25 04:37:44       1        0.699        0.700       0.372       0.000   0.00000      *
2025-05-25 04:37:46       2        0.666        0.661       0.364       0.000   0.00250      *
2025-05-25 04:37:47       3        0.665        0.660       0.367       0.000   0.00500      *
2025-05-25 04:37:49       4        0.662        0.656       0.641       0.778   0.00750      *
2025-05-25 04:37:50       5        0.660        0.651       0.636       0.775   0.01000      *
2025-05-25 04:37:52       6        0.643        0.639       0.703       0.749   0.00990      *
2025-05-25 04:37:53       7        0.629        0.624       0.651       0.771   0.00980      *
2025-05-25 04:37:55       8        0.614        0.613       0.654       0.781   0.00970      *
2025-05-25 04:37:56       9        0.600        0.600       0.656       0.785   0.00961      *
2025-05-25 04:37:58      10        0.586        0.585       0.708       0.809   0.00951      *
2025-05-25 04:37:59      11        0.574        0.571       0.690       0.802   0.00941      *
2025-05-25 04:38:01      12        0.562        0.565       0.721       0.817   0.00932      *
2025-05-25 04:38:02      13        0.554        0.550       0.713       0.813   0.00923      *
2025-05-25 04:38:04      14        0.543        0.545       0.769       0.838   0.00914      *
2025-05-25 04:38:05      15        0.537        0.542       0.741       0.827   0.00904      *
2025-05-25 04:38:06      16        0.531        0.538       0.777       0.834   0.00895      *
2025-05-25 04:38:08      17        0.524        0.526       0.774       0.835   0.00886      *
2025-05-25 04:38:09      18        0.516        0.519       0.782       0.845   0.00878      *
2025-05-25 04:38:11      19        0.515        0.530       0.756       0.834   0.00869       
2025-05-25 04:38:12      20        0.509        0.517       0.782       0.845   0.00860      *
2025-05-25 04:38:13      21        0.505        0.513       0.772       0.833   0.00851      *
2025-05-25 04:38:15      22        0.504        0.509       0.762       0.818   0.00843      *
2025-05-25 04:38:17      23        0.499        0.513       0.777       0.840   0.00835       
2025-05-25 04:38:18      24        0.495        0.506       0.769       0.831   0.00826      *
2025-05-25 04:38:19      25        0.493        0.511       0.779       0.840   0.00818       
2025-05-25 04:38:21      26        0.491        0.509       0.779       0.841   0.00810       
2025-05-25 04:38:22      27        0.488        0.499       0.779       0.842   0.00802      *
2025-05-25 04:38:23      28        0.485        0.493       0.774       0.829   0.00794      *
2025-05-25 04:38:25      29        0.487        0.504       0.785       0.848   0.00786       
2025-05-25 04:38:26      30        0.482        0.499       0.777       0.837   0.00778       
2025-05-25 04:38:27      31        0.483        0.509       0.779       0.843   0.00770       
2025-05-25 04:38:29      32        0.477        0.489       0.790       0.844   0.00762      *
2025-05-25 04:38:30      33        0.478        0.496       0.782       0.843   0.00755       
2025-05-25 04:38:32      34        0.475        0.496       0.785       0.842   0.00747       
2025-05-25 04:38:33      35        0.473        0.496       0.785       0.842   0.00740       
2025-05-25 04:38:34      36        0.471        0.485       0.785       0.838   0.00732      *
2025-05-25 04:38:36      37        0.470        0.488       0.785       0.841   0.00725       
2025-05-25 04:38:37      38        0.469        0.475       0.782       0.831   0.00718      *
2025-05-25 04:38:38      39        0.468        0.479       0.782       0.831   0.00711       
2025-05-25 04:38:40      40        0.466        0.480       0.792       0.841   0.00703       
2025-05-25 04:38:41      41        0.465        0.474       0.787       0.839   0.00696      *
2025-05-25 04:38:43      42        0.463        0.474       0.792       0.843   0.00689      *
2025-05-25 04:38:44      43        0.463        0.477       0.795       0.843   0.00683       
2025-05-25 04:38:45      44        0.463        0.483       0.790       0.845   0.00676       
2025-05-25 04:38:47      45        0.462        0.471       0.790       0.837   0.00669      *
2025-05-25 04:38:48      46        0.460        0.475       0.792       0.843   0.00662       
2025-05-25 04:38:50      47        0.459        0.477       0.790       0.842   0.00656       
2025-05-25 04:38:51      48        0.459        0.471       0.795       0.844   0.00649      *
2025-05-25 04:38:53      49        0.459        0.473       0.803       0.852   0.00643       
2025-05-25 04:38:55      50        0.458        0.475       0.800       0.851   0.00636       
2025-05-25 04:38:57      51        0.459        0.481       0.792       0.847   0.00630       
2025-05-25 04:38:58      52        0.456        0.468       0.795       0.843   0.00624      *
2025-05-25 04:39:00      53        0.455        0.469       0.800       0.849   0.00617       
2025-05-25 04:39:01      54        0.454        0.466       0.792       0.841   0.00611      *
2025-05-25 04:39:03      55        0.455        0.462       0.795       0.841   0.00605      *
2025-05-25 04:39:05      56        0.454        0.470       0.800       0.850   0.00599       
2025-05-25 04:39:06      57        0.456        0.480       0.795       0.849   0.00593       
2025-05-25 04:39:08      58        0.454        0.475       0.797       0.849   0.00587       
2025-05-25 04:39:09      59        0.452        0.464       0.803       0.849   0.00581       
2025-05-25 04:39:11      60        0.451        0.465       0.795       0.841   0.00575       
2025-05-25 04:39:12      61        0.451        0.472       0.797       0.847   0.00570       
2025-05-25 04:39:13      62        0.450        0.464       0.800       0.846   0.00564       
2025-05-25 04:39:15      63        0.450        0.465       0.800       0.848   0.00558       
2025-05-25 04:39:16      64        0.449        0.457       0.808       0.855   0.00553      *
2025-05-25 04:39:17      65        0.448        0.462       0.808       0.853   0.00547       
2025-05-25 04:39:19      66        0.448        0.463       0.800       0.849   0.00542       
2025-05-25 04:39:20      67        0.448        0.455       0.797       0.844   0.00536      *
2025-05-25 04:39:21      68        0.447        0.453       0.795       0.844   0.00531      *
2025-05-25 04:39:23      69        0.447        0.453       0.803       0.850   0.00526      *
2025-05-25 04:39:24      70        0.446        0.456       0.810       0.857   0.00520       
2025-05-25 04:39:25      71        0.446        0.463       0.805       0.854   0.00515       
2025-05-25 04:39:26      72        0.446        0.462       0.805       0.854   0.00510       
2025-05-25 04:39:28      73        0.445        0.457       0.810       0.855   0.00505       
2025-05-25 04:39:29      74        0.445        0.459       0.808       0.854   0.00500       
2025-05-25 04:39:30      75        0.444        0.453       0.805       0.850   0.00495      *
2025-05-25 04:39:32      76        0.446        0.466       0.805       0.856   0.00490       
2025-05-25 04:39:33      77        0.444        0.458       0.808       0.854   0.00485       
2025-05-25 04:39:35      78        0.444        0.462       0.808       0.856   0.00480       
2025-05-25 04:39:36      79        0.443        0.457       0.808       0.854   0.00475       
2025-05-25 04:39:38      80        0.442        0.453       0.805       0.850   0.00471      *
2025-05-25 04:39:40      81        0.443        0.462       0.803       0.852   0.00466       
2025-05-25 04:39:41      82        0.442        0.453       0.803       0.846   0.00461       
2025-05-25 04:39:42      83        0.441        0.453       0.803       0.847   0.00457       
2025-05-25 04:39:44      84        0.441        0.452       0.810       0.853   0.00452      *
2025-05-25 04:39:45      85        0.441        0.453       0.800       0.844   0.00448       
2025-05-25 04:39:46      86        0.447        0.458       0.787       0.823   0.00443       
2025-05-25 04:39:48      87        0.440        0.452       0.805       0.850   0.00439      *
2025-05-25 04:39:50      88        0.440        0.450       0.803       0.846   0.00434      *
2025-05-25 04:39:51      89        0.440        0.454       0.808       0.854   0.00430       
2025-05-25 04:39:53      90        0.440        0.452       0.813       0.858   0.00426       
2025-05-25 04:39:54      91        0.439        0.446       0.810       0.853   0.00421      *
2025-05-25 04:39:56      92        0.439        0.451       0.813       0.858   0.00417       
2025-05-25 04:39:57      93        0.438        0.448       0.808       0.852   0.00413       
2025-05-25 04:39:59      94        0.438        0.450       0.810       0.856   0.00409       
2025-05-25 04:40:00      95        0.439        0.448       0.808       0.853   0.00405       
2025-05-25 04:40:02      96        0.439        0.454       0.813       0.860   0.00401       
2025-05-25 04:40:03      97        0.438        0.450       0.810       0.856   0.00397       
2025-05-25 04:40:05      98        0.438        0.448       0.808       0.853   0.00393       
2025-05-25 04:40:06      99        0.438        0.452       0.810       0.856   0.00389       
2025-05-25 04:40:08     100        0.438        0.452       0.808       0.854   0.00385       
2025-05-25 04:40:09     101        0.437        0.449       0.808       0.850   0.00381       
2025-05-25 04:40:10     102        0.437        0.451       0.813       0.857   0.00377       
2025-05-25 04:40:12     103        0.437        0.446       0.810       0.852   0.00373      *
2025-05-25 04:40:13     104        0.437        0.452       0.813       0.858   0.00370       
2025-05-25 04:40:14     105        0.437        0.450       0.810       0.856   0.00366       
2025-05-25 04:40:16     106        0.436        0.443       0.815       0.857   0.00362      *
2025-05-25 04:40:17     107        0.436        0.449       0.813       0.858   0.00359       
2025-05-25 04:40:18     108        0.435        0.444       0.808       0.850   0.00355       
2025-05-25 04:40:20     109        0.436        0.448       0.810       0.856   0.00352       
2025-05-25 04:40:21     110        0.436        0.454       0.815       0.860   0.00348       
2025-05-25 04:40:22     111        0.435        0.445       0.808       0.850   0.00345       
2025-05-25 04:40:24     112        0.435        0.451       0.813       0.858   0.00341       
2025-05-25 04:40:25     113        0.435        0.443       0.810       0.851   0.00338       
2025-05-25 04:40:27     114        0.435        0.452       0.815       0.860   0.00334       
2025-05-25 04:40:28     115        0.435        0.452       0.813       0.857   0.00331       
2025-05-25 04:40:30     116        0.434        0.445       0.808       0.848   0.00328       
2025-05-25 04:40:31     117        0.434        0.448       0.810       0.854   0.00324       
2025-05-25 04:40:33     118        0.435        0.452       0.818       0.862   0.00321       
2025-05-25 04:40:34     119        0.433        0.447       0.810       0.853   0.00318       
2025-05-25 04:40:35     120        0.434        0.450       0.815       0.859   0.00315       
2025-05-25 04:40:37     121        0.433        0.447       0.808       0.852   0.00312       
2025-05-25 04:40:38     122        0.433        0.445       0.808       0.851   0.00309       
2025-05-25 04:40:39     123        0.433        0.447       0.813       0.857   0.00305       
2025-05-25 04:40:41     124        0.433        0.447       0.818       0.861   0.00302       
2025-05-25 04:40:42     125        0.433        0.446       0.815       0.859   0.00299       
2025-05-25 04:40:44     126        0.433        0.447       0.813       0.858   0.00296       
2025-05-25 04:40:44   --- Training ended ---
2025-05-25 04:40:44   Number of model parameters: 1537
2025-05-25 04:40:44   Training time: 0:03:02
2025-05-25 04:40:44   Best epoch: 106
2025-05-25 04:40:44   Best valid loss: 0.443
2025-05-25 04:40:44   Best valid accuracy (macro): 0.815
2025-05-25 04:40:44   Best F1 score: 0.857
