2025-05-25 03:23:48   --- Hyperparameters ---
2025-05-25 03:23:48   model = DenseSiteNet(
2025-05-25 03:23:48     (dense_layer1): Sequential(
2025-05-25 03:23:48       (0): Linear(in_features=106722, out_features=100, bias=True)
2025-05-25 03:23:48       (1): ReLU()
2025-05-25 03:23:48       (2): Dropout(p=0.2, inplace=False)
2025-05-25 03:23:48     )
2025-05-25 03:23:48     (dense_layer2): Linear(in_features=100, out_features=1, bias=True)
2025-05-25 03:23:48   )
2025-05-25 03:23:48   split_proportion = 0.9
2025-05-25 03:23:48   batch_pad_sequences = False
2025-05-25 03:23:48   learning_rate = 0.01
2025-05-25 03:23:48   batch_size = 64
2025-05-25 03:23:48   max_epochs = 500
2025-05-25 03:23:48   early_stopping_patience = 20
2025-05-25 03:23:48   --- Creating loaders ---
2025-05-25 03:23:48   --- nvidia-smi output ---
2025-05-25 03:23:48   nvidia-smi cannot be run: Command 'nvidia-smi' returned non-zero exit status 18.
2025-05-25 03:23:48   --- Training start ---
2025-05-25 03:23:48   Start training using cuda device.
2025-05-25 03:23:48   Number of model parameters: 10672401.
2025-05-25 03:23:48   Epoch   Train loss   Valid loss   Valid acc    F1-score        Lr   Best
2025-05-25 03:23:48   ------------------------------------------------------------------------
2025-05-25 03:23:49       1        0.695        0.695       0.372       0.000   0.00000      *
2025-05-25 03:23:51       2        0.289        0.449       0.792       0.841   0.00250      *
2025-05-25 03:23:52       3        0.173        0.491       0.779       0.818   0.00500       
2025-05-25 03:23:54       4        0.102        0.694       0.767       0.823   0.00750       
2025-05-25 03:23:55       5        0.083        1.061       0.728       0.780   0.01000       
2025-05-25 03:23:56       6        0.030        1.118       0.756       0.803   0.00990       
2025-05-25 03:23:58       7        0.022        1.611       0.718       0.767   0.00980       
2025-05-25 03:23:59       8        0.009        1.501       0.733       0.781   0.00970       
2025-05-25 03:24:00       9        0.009        1.496       0.744       0.781   0.00961       
2025-05-25 03:24:02      10        0.005        1.472       0.756       0.799   0.00951       
2025-05-25 03:24:03      11        0.002        1.496       0.759       0.804   0.00941       
2025-05-25 03:24:04      12        0.002        1.545       0.764       0.803   0.00932       
2025-05-25 03:24:05      13        0.001        1.630       0.762       0.797   0.00923       
2025-05-25 03:24:07      14        0.001        1.625       0.769       0.806   0.00914       
2025-05-25 03:24:08      15        0.001        1.668       0.764       0.802   0.00904       
2025-05-25 03:24:09      16        0.001        1.720       0.759       0.794   0.00895       
2025-05-25 03:24:10      17        0.000        1.733       0.767       0.803   0.00886       
2025-05-25 03:24:12      18        0.000        1.747       0.759       0.793   0.00878       
2025-05-25 03:24:13      19        0.000        1.733       0.777       0.813   0.00869       
2025-05-25 03:24:14      20        0.000        1.772       0.764       0.799   0.00860       
2025-05-25 03:24:15      21        0.000        1.772       0.769       0.805   0.00851       
2025-05-25 03:24:17      22        0.000        1.776       0.772       0.807   0.00843       
2025-05-25 03:24:17   --- Training ended ---
2025-05-25 03:24:17   Number of model parameters: 10672401
2025-05-25 03:24:17   Training time: 0:00:29
2025-05-25 03:24:17   Best epoch: 2
2025-05-25 03:24:17   Best valid loss: 0.449
2025-05-25 03:24:17   Best valid accuracy (macro): 0.792
2025-05-25 03:24:17   Best F1 score: 0.841
