2025-05-25 05:27:08   --- Hyperparameters ---
2025-05-25 05:27:08   model = DenseMsaNet(
2025-05-25 05:27:08     (dense_layer1): Sequential(
2025-05-25 05:27:08       (0): Linear(in_features=22, out_features=100, bias=True)
2025-05-25 05:27:08       (1): ReLU()
2025-05-25 05:27:08       (2): Dropout(p=0.2, inplace=False)
2025-05-25 05:27:08     )
2025-05-25 05:27:08     (dense_layer2): Linear(in_features=100, out_features=1, bias=True)
2025-05-25 05:27:08   )
2025-05-25 05:27:08   split_proportion = 0.9
2025-05-25 05:27:08   batch_pad_sequences = False
2025-05-25 05:27:08   learning_rate = 0.01
2025-05-25 05:27:08   batch_size = 64
2025-05-25 05:27:08   max_epochs = 500
2025-05-25 05:27:08   early_stopping_patience = 20
2025-05-25 05:27:08   --- Creating loaders ---
2025-05-25 05:27:08   --- nvidia-smi output ---
2025-05-25 05:27:08   nvidia-smi cannot be run: Command 'nvidia-smi' returned non-zero exit status 18.
2025-05-25 05:27:08   --- Training start ---
2025-05-25 05:27:08   Start training using cuda device.
2025-05-25 05:27:08   Number of model parameters: 2401.
2025-05-25 05:27:08   Epoch   Train loss   Valid loss   Valid acc    F1-score        Lr   Best
2025-05-25 05:27:08   ------------------------------------------------------------------------
2025-05-25 05:27:09       1        0.700        0.701       0.372       0.000   0.00000      *
2025-05-25 05:27:10       2        0.646        0.638       0.790       0.840   0.00250      *
2025-05-25 05:27:10       3        0.548        0.529       0.746       0.828   0.00500      *
2025-05-25 05:27:11       4        0.487        0.454       0.785       0.847   0.00750      *
2025-05-25 05:27:11       5        0.485        0.442       0.790       0.823   0.01000      *
2025-05-25 05:27:11       6        0.459        0.423       0.803       0.852   0.00990      *
2025-05-25 05:27:12       7        0.455        0.418       0.810       0.858   0.00980      *
2025-05-25 05:27:12       8        0.451        0.411       0.821       0.864   0.00970      *
2025-05-25 05:27:13       9        0.453        0.414       0.810       0.858   0.00961       
2025-05-25 05:27:13      10        0.452        0.417       0.803       0.853   0.00951       
2025-05-25 05:27:13      11        0.446        0.405       0.821       0.864   0.00941      *
2025-05-25 05:27:14      12        0.447        0.413       0.818       0.862   0.00932       
2025-05-25 05:27:14      13        0.471        0.431       0.800       0.832   0.00923       
2025-05-25 05:27:15      14        0.448        0.409       0.831       0.865   0.00914       
2025-05-25 05:27:15      15        0.441        0.404       0.821       0.864   0.00904      *
2025-05-25 05:27:15      16        0.437        0.402       0.823       0.865   0.00895      *
2025-05-25 05:27:16      17        0.435        0.399       0.826       0.866   0.00886      *
2025-05-25 05:27:16      18        0.434        0.395       0.823       0.861   0.00878      *
2025-05-25 05:27:16      19        0.435        0.403       0.828       0.865   0.00869       
2025-05-25 05:27:17      20        0.438        0.408       0.808       0.857   0.00860       
2025-05-25 05:27:17      21        0.430        0.392       0.821       0.860   0.00851      *
2025-05-25 05:27:17      22        0.429        0.394       0.823       0.861   0.00843       
2025-05-25 05:27:18      23        0.428        0.394       0.818       0.859   0.00835       
2025-05-25 05:27:18      24        0.436        0.407       0.808       0.858   0.00826       
2025-05-25 05:27:19      25        0.427        0.394       0.810       0.854   0.00818       
2025-05-25 05:27:19      26        0.425        0.396       0.813       0.857   0.00810       
2025-05-25 05:27:19      27        0.425        0.392       0.823       0.859   0.00802      *
2025-05-25 05:27:20      28        0.423        0.397       0.818       0.859   0.00794       
2025-05-25 05:27:20      29        0.423        0.398       0.815       0.859   0.00786       
2025-05-25 05:27:20      30        0.421        0.392       0.810       0.854   0.00778       
2025-05-25 05:27:21      31        0.423        0.391       0.826       0.860   0.00770      *
2025-05-25 05:27:21      32        0.421        0.393       0.828       0.867   0.00762       
2025-05-25 05:27:22      33        0.418        0.391       0.821       0.859   0.00755       
2025-05-25 05:27:22      34        0.418        0.393       0.818       0.859   0.00747       
2025-05-25 05:27:22      35        0.419        0.395       0.808       0.854   0.00740       
2025-05-25 05:27:23      36        0.419        0.390       0.831       0.863   0.00732      *
2025-05-25 05:27:23      37        0.417        0.399       0.813       0.858   0.00725       
2025-05-25 05:27:23      38        0.416        0.389       0.821       0.857   0.00718      *
2025-05-25 05:27:24      39        0.424        0.397       0.828       0.858   0.00711       
2025-05-25 05:27:24      40        0.416        0.398       0.813       0.858   0.00703       
2025-05-25 05:27:25      41        0.412        0.391       0.821       0.857   0.00696       
2025-05-25 05:27:25      42        0.424        0.408       0.808       0.858   0.00689       
2025-05-25 05:27:25      43        0.414        0.390       0.823       0.865   0.00683       
2025-05-25 05:27:26      44        0.413        0.393       0.810       0.857   0.00676       
2025-05-25 05:27:26      45        0.410        0.389       0.826       0.866   0.00669       
2025-05-25 05:27:27      46        0.410        0.387       0.826       0.866   0.00662      *
2025-05-25 05:27:27      47        0.409        0.389       0.823       0.858   0.00656       
2025-05-25 05:27:27      48        0.411        0.386       0.831       0.863   0.00649      *
2025-05-25 05:27:28      49        0.408        0.386       0.833       0.870   0.00643       
2025-05-25 05:27:28      50        0.407        0.391       0.818       0.859   0.00636       
2025-05-25 05:27:28      51        0.410        0.392       0.808       0.855   0.00630       
2025-05-25 05:27:29      52        0.407        0.392       0.826       0.867   0.00624       
2025-05-25 05:27:29      53        0.407        0.391       0.823       0.861   0.00617       
2025-05-25 05:27:30      54        0.407        0.391       0.823       0.858   0.00611       
2025-05-25 05:27:30      55        0.422        0.410       0.800       0.854   0.00605       
2025-05-25 05:27:30      56        0.406        0.386       0.828       0.863   0.00599       
2025-05-25 05:27:31      57        0.403        0.385       0.826       0.862   0.00593      *
2025-05-25 05:27:31      58        0.412        0.396       0.826       0.857   0.00587       
2025-05-25 05:27:31      59        0.403        0.387       0.831       0.866   0.00581       
2025-05-25 05:27:32      60        0.406        0.392       0.828       0.864   0.00575       
2025-05-25 05:27:32      61        0.402        0.384       0.831       0.867   0.00570      *
2025-05-25 05:27:32      62        0.403        0.386       0.826       0.860   0.00564       
2025-05-25 05:27:33      63        0.402        0.384       0.826       0.861   0.00558       
2025-05-25 05:27:33      64        0.404        0.387       0.818       0.861   0.00553       
2025-05-25 05:27:34      65        0.401        0.385       0.818       0.859   0.00547       
2025-05-25 05:27:34      66        0.401        0.387       0.821       0.863   0.00542       
2025-05-25 05:27:34      67        0.402        0.388       0.833       0.869   0.00536       
2025-05-25 05:27:35      68        0.403        0.394       0.805       0.854   0.00531       
2025-05-25 05:27:35      69        0.407        0.390       0.831       0.861   0.00526       
2025-05-25 05:27:36      70        0.401        0.389       0.831       0.865   0.00520       
2025-05-25 05:27:36      71        0.399        0.382       0.818       0.858   0.00515      *
2025-05-25 05:27:36      72        0.398        0.384       0.826       0.861   0.00510       
2025-05-25 05:27:37      73        0.401        0.384       0.821       0.863   0.00505       
2025-05-25 05:27:37      74        0.398        0.384       0.823       0.861   0.00500       
2025-05-25 05:27:37      75        0.397        0.383       0.813       0.855   0.00495       
2025-05-25 05:27:38      76        0.406        0.391       0.803       0.853   0.00490       
2025-05-25 05:27:38      77        0.401        0.389       0.821       0.863   0.00485       
2025-05-25 05:27:39      78        0.397        0.384       0.821       0.857   0.00480       
2025-05-25 05:27:39      79        0.398        0.389       0.823       0.858   0.00475       
2025-05-25 05:27:39      80        0.396        0.381       0.826       0.862   0.00471      *
2025-05-25 05:27:40      81        0.396        0.380       0.826       0.862   0.00466      *
2025-05-25 05:27:40      82        0.394        0.384       0.823       0.860   0.00461       
2025-05-25 05:27:40      83        0.397        0.385       0.821       0.862   0.00457       
2025-05-25 05:27:41      84        0.403        0.389       0.826       0.857   0.00452       
2025-05-25 05:27:41      85        0.395        0.387       0.826       0.862   0.00448       
2025-05-25 05:27:42      86        0.394        0.382       0.823       0.862   0.00443       
2025-05-25 05:27:42      87        0.394        0.384       0.821       0.859   0.00439       
2025-05-25 05:27:42      88        0.393        0.384       0.828       0.865   0.00434       
2025-05-25 05:27:43      89        0.395        0.383       0.828       0.867   0.00430       
2025-05-25 05:27:43      90        0.392        0.380       0.831       0.866   0.00426       
2025-05-25 05:27:43      91        0.392        0.380       0.828       0.864   0.00421      *
2025-05-25 05:27:44      92        0.392        0.385       0.808       0.851   0.00417       
2025-05-25 05:27:44      93        0.391        0.382       0.823       0.860   0.00413       
2025-05-25 05:27:44      94        0.391        0.380       0.823       0.859   0.00409       
2025-05-25 05:27:45      95        0.393        0.380       0.826       0.861   0.00405       
2025-05-25 05:27:45      96        0.395        0.382       0.833       0.866   0.00401       
2025-05-25 05:27:46      97        0.392        0.384       0.808       0.851   0.00397       
2025-05-25 05:27:46      98        0.389        0.379       0.826       0.862   0.00393      *
2025-05-25 05:27:46      99        0.395        0.389       0.831       0.871   0.00389       
2025-05-25 05:27:46     100        0.389        0.380       0.831       0.866   0.00385       
2025-05-25 05:27:47     101        0.390        0.377       0.826       0.861   0.00381      *
2025-05-25 05:27:47     102        0.391        0.380       0.828       0.862   0.00377       
2025-05-25 05:27:47     103        0.389        0.376       0.831       0.865   0.00373      *
2025-05-25 05:27:48     104        0.393        0.389       0.815       0.859   0.00370       
2025-05-25 05:27:48     105        0.397        0.388       0.821       0.865   0.00366       
2025-05-25 05:27:48     106        0.388        0.377       0.831       0.866   0.00362       
2025-05-25 05:27:48     107        0.387        0.378       0.833       0.867   0.00359       
2025-05-25 05:27:49     108        0.387        0.378       0.828       0.864   0.00355       
2025-05-25 05:27:49     109        0.392        0.381       0.836       0.868   0.00352       
2025-05-25 05:27:49     110        0.387        0.378       0.821       0.859   0.00348       
2025-05-25 05:27:50     111        0.386        0.377       0.823       0.860   0.00345       
2025-05-25 05:27:50     112        0.386        0.376       0.826       0.863   0.00341       
2025-05-25 05:27:50     113        0.386        0.377       0.826       0.862   0.00338       
2025-05-25 05:27:50     114        0.387        0.380       0.831       0.866   0.00334       
2025-05-25 05:27:51     115        0.386        0.379       0.826       0.863   0.00331       
2025-05-25 05:27:51     116        0.389        0.382       0.833       0.873   0.00328       
2025-05-25 05:27:51     117        0.386        0.380       0.821       0.859   0.00324       
2025-05-25 05:27:51     118        0.385        0.376       0.828       0.864   0.00321       
2025-05-25 05:27:52     119        0.386        0.381       0.828       0.864   0.00318       
2025-05-25 05:27:52     120        0.385        0.379       0.815       0.857   0.00315       
2025-05-25 05:27:52     121        0.384        0.377       0.828       0.864   0.00312       
2025-05-25 05:27:53     122        0.385        0.378       0.821       0.862   0.00309       
2025-05-25 05:27:53     123        0.384        0.376       0.833       0.867   0.00305      *
2025-05-25 05:27:53     124        0.384        0.376       0.833       0.867   0.00302       
2025-05-25 05:27:53     125        0.384        0.376       0.828       0.864   0.00299       
2025-05-25 05:27:54     126        0.384        0.377       0.828       0.862   0.00296       
2025-05-25 05:27:54     127        0.383        0.378       0.831       0.865   0.00293       
2025-05-25 05:27:54     128        0.383        0.376       0.831       0.865   0.00290       
2025-05-25 05:27:55     129        0.382        0.376       0.833       0.868   0.00288       
2025-05-25 05:27:55     130        0.383        0.379       0.826       0.863   0.00285       
2025-05-25 05:27:55     131        0.384        0.379       0.826       0.863   0.00282       
2025-05-25 05:27:55     132        0.382        0.377       0.828       0.864   0.00279       
2025-05-25 05:27:56     133        0.383        0.376       0.823       0.862   0.00276       
2025-05-25 05:27:56     134        0.384        0.377       0.831       0.864   0.00273       
2025-05-25 05:27:56     135        0.382        0.379       0.818       0.858   0.00271       
2025-05-25 05:27:56     136        0.388        0.379       0.831       0.863   0.00268       
2025-05-25 05:27:57     137        0.383        0.377       0.833       0.867   0.00265       
2025-05-25 05:27:57     138        0.381        0.378       0.828       0.865   0.00263       
2025-05-25 05:27:57     139        0.382        0.377       0.831       0.866   0.00260       
2025-05-25 05:27:58     140        0.381        0.376       0.838       0.872   0.00257       
2025-05-25 05:27:58     141        0.381        0.376       0.826       0.865   0.00255       
2025-05-25 05:27:58     142        0.382        0.379       0.833       0.867   0.00252       
2025-05-25 05:27:58     143        0.380        0.377       0.836       0.870   0.00250       
2025-05-25 05:27:58   --- Training ended ---
2025-05-25 05:27:58   Number of model parameters: 2401
2025-05-25 05:27:58   Training time: 0:00:50
2025-05-25 05:27:58   Best epoch: 123
2025-05-25 05:27:58   Best valid loss: 0.376
2025-05-25 05:27:58   Best valid accuracy (macro): 0.833
2025-05-25 05:27:58   Best F1 score: 0.867
