2025-05-24 20:40:46   --- Preprocessing base data ---
2025-05-24 20:40:46   Tokenizing real alignments...
2025-05-24 20:40:47   Removing sequences with ambiguous tokens...
2025-05-24 20:40:47   0/20290 sequences have been removed from 0/1497 alignements due to ambiguous sites.
2025-05-24 20:40:47   Tokenizing simulated alignments...
2025-05-24 20:40:47   Removing sequences with ambiguous tokens...
2025-05-24 20:40:47   0/17109 sequences have been removed from 0/2413 alignements due to ambiguous sites.
2025-05-24 20:40:47   Checking alignments...
2025-05-24 20:40:47   30 renamed keys in simulated aligns.
2025-05-24 20:40:47   Creating labels...
2025-05-24 20:40:47   Merging aligns and labels...
2025-05-24 20:40:47   Total number of alignments: 3910
2025-05-24 20:40:47   --- Start running LogisticRegressionClassifier ---
2025-05-24 20:40:48   --- End running LogisticRegressionClassifier ---
2025-05-24 20:40:48   --- Start running DenseMsaClassifier ---
2025-05-24 20:41:14   --- End running DenseMsaClassifier ---
2025-05-24 20:41:14   --- Start running DenseSiteClassifier ---
2025-05-24 20:41:44   --- End running DenseSiteClassifier ---
2025-05-24 20:41:44   --- Start running AACnnClassifier ---
2025-05-24 20:50:20   --- End running AACnnClassifier ---
