2025-05-25 03:09:39   --- Preprocessing base data ---
2025-05-25 03:09:39   Tokenizing real alignments...
2025-05-25 03:09:40   Removing sequences with ambiguous tokens...
2025-05-25 03:09:40   0/20290 sequences have been removed from 0/1497 alignements due to ambiguous sites.
2025-05-25 03:09:40   Tokenizing simulated alignments...
2025-05-25 03:09:40   Removing sequences with ambiguous tokens...
2025-05-25 03:09:40   0/17109 sequences have been removed from 0/2413 alignements due to ambiguous sites.
2025-05-25 03:09:40   Checking alignments...
2025-05-25 03:09:40   30 renamed keys in simulated aligns.
2025-05-25 03:09:40   Creating labels...
2025-05-25 03:09:40   Merging aligns and labels...
2025-05-25 03:09:40   Total number of alignments: 3910
2025-05-25 03:09:40   --- Start running LogisticRegressionClassifier ---
2025-05-25 03:09:41   --- End running LogisticRegressionClassifier ---
2025-05-25 03:09:41   --- Start running DenseMsaClassifier ---
2025-05-25 03:10:18   --- End running DenseMsaClassifier ---
2025-05-25 03:10:18   --- Start running DenseSiteClassifier ---
2025-05-25 03:10:50   --- End running DenseSiteClassifier ---
2025-05-25 03:10:50   --- Start running AACnnClassifier ---
2025-05-25 03:15:07   --- End running AACnnClassifier ---
