2025-05-25 04:42:54   --- Hyperparameters ---
2025-05-25 04:42:55   model = AAConvNet(
2025-05-25 04:42:55     (conv_layer): Sequential(
2025-05-25 04:42:55       (0): Conv1d(22, 64, kernel_size=(1,), stride=(1,))
2025-05-25 04:42:55       (1): ReLU()
2025-05-25 04:42:55       (2): AvgPool1d(kernel_size=(4851,), stride=(4851,), padding=(0,))
2025-05-25 04:42:55       (3): Dropout(p=0.2, inplace=False)
2025-05-25 04:42:55     )
2025-05-25 04:42:55     (dense_layer): Linear(in_features=64, out_features=1, bias=True)
2025-05-25 04:42:55   )
2025-05-25 04:42:55   split_proportion = 0.9
2025-05-25 04:42:55   batch_pad_sequences = False
2025-05-25 04:42:55   learning_rate = 0.01
2025-05-25 04:42:55   batch_size = 64
2025-05-25 04:42:55   max_epochs = 500
2025-05-25 04:42:55   early_stopping_patience = 20
2025-05-25 04:42:55   --- Creating loaders ---
2025-05-25 04:42:55   --- nvidia-smi output ---
2025-05-25 04:42:55   nvidia-smi cannot be run: Command 'nvidia-smi' returned non-zero exit status 18.
2025-05-25 04:42:55   --- Training start ---
2025-05-25 04:42:55   Start training using cuda device.
2025-05-25 04:42:55   Number of model parameters: 1537.
2025-05-25 04:42:55   Epoch   Train loss   Valid loss   Valid acc    F1-score        Lr   Best
2025-05-25 04:42:55   ------------------------------------------------------------------------
2025-05-25 04:42:57       1        0.678        0.676       0.372       0.000   0.00000      *
2025-05-25 04:42:58       2        0.666        0.660       0.369       0.000   0.00250      *
2025-05-25 04:43:00       3        0.665        0.659       0.372       0.008   0.00500      *
2025-05-25 04:43:01       4        0.661        0.652       0.472       0.376   0.00750      *
2025-05-25 04:43:02       5        0.656        0.646       0.541       0.640   0.01000      *
2025-05-25 04:43:04       6        0.643        0.633       0.672       0.791   0.00990      *
2025-05-25 04:43:05       7        0.627        0.617       0.656       0.782   0.00980      *
2025-05-25 04:43:07       8        0.611        0.598       0.677       0.794   0.00970      *
2025-05-25 04:43:08       9        0.596        0.585       0.685       0.799   0.00961      *
2025-05-25 04:43:09      10        0.583        0.569       0.703       0.807   0.00951      *
2025-05-25 04:43:11      11        0.570        0.564       0.705       0.809   0.00941      *
2025-05-25 04:43:12      12        0.562        0.554       0.705       0.809   0.00932      *
2025-05-25 04:43:14      13        0.551        0.539       0.759       0.836   0.00923      *
2025-05-25 04:43:15      14        0.544        0.527       0.795       0.854   0.00914      *
2025-05-25 04:43:16      15        0.538        0.521       0.810       0.859   0.00904      *
2025-05-25 04:43:18      16        0.528        0.515       0.795       0.855   0.00895      *
2025-05-25 04:43:19      17        0.521        0.508       0.795       0.855   0.00886      *
2025-05-25 04:43:21      18        0.517        0.508       0.792       0.854   0.00878       
2025-05-25 04:43:22      19        0.511        0.495       0.803       0.859   0.00869      *
2025-05-25 04:43:23      20        0.506        0.487       0.813       0.865   0.00860      *
2025-05-25 04:43:25      21        0.502        0.483       0.805       0.861   0.00851      *
2025-05-25 04:43:26      22        0.500        0.474       0.823       0.868   0.00843      *
2025-05-25 04:43:27      23        0.494        0.474       0.818       0.867   0.00835       
2025-05-25 04:43:29      24        0.490        0.468       0.821       0.868   0.00826      *
2025-05-25 04:43:30      25        0.488        0.462       0.808       0.861   0.00818      *
2025-05-25 04:43:31      26        0.485        0.461       0.810       0.863   0.00810      *
2025-05-25 04:43:33      27        0.483        0.455       0.828       0.872   0.00802      *
2025-05-25 04:43:34      28        0.480        0.451       0.826       0.871   0.00794      *
2025-05-25 04:43:36      29        0.478        0.456       0.828       0.874   0.00786       
2025-05-25 04:43:37      30        0.476        0.459       0.821       0.869   0.00778       
2025-05-25 04:43:39      31        0.475        0.457       0.821       0.869   0.00770       
2025-05-25 04:43:40      32        0.472        0.454       0.831       0.875   0.00762       
2025-05-25 04:43:41      33        0.471        0.448       0.826       0.871   0.00755      *
2025-05-25 04:43:43      34        0.473        0.462       0.810       0.864   0.00747       
2025-05-25 04:43:44      35        0.468        0.440       0.828       0.871   0.00740      *
2025-05-25 04:43:46      36        0.466        0.445       0.828       0.873   0.00732       
2025-05-25 04:43:47      37        0.464        0.444       0.826       0.871   0.00725       
2025-05-25 04:43:49      38        0.463        0.441       0.828       0.873   0.00718       
2025-05-25 04:43:50      39        0.464        0.451       0.831       0.877   0.00711       
2025-05-25 04:43:51      40        0.461        0.437       0.828       0.872   0.00703      *
2025-05-25 04:43:53      41        0.462        0.436       0.849       0.883   0.00696      *
2025-05-25 04:43:54      42        0.458        0.429       0.826       0.869   0.00689      *
2025-05-25 04:43:56      43        0.458        0.435       0.828       0.873   0.00683       
2025-05-25 04:43:57      44        0.457        0.435       0.828       0.872   0.00676       
2025-05-25 04:43:58      45        0.456        0.432       0.828       0.873   0.00669       
2025-05-25 04:43:59      46        0.455        0.423       0.828       0.871   0.00662      *
2025-05-25 04:44:01      47        0.454        0.426       0.828       0.871   0.00656       
2025-05-25 04:44:03      48        0.454        0.420       0.836       0.876   0.00649      *
2025-05-25 04:44:04      49        0.452        0.423       0.828       0.872   0.00643       
2025-05-25 04:44:06      50        0.453        0.434       0.833       0.878   0.00636       
2025-05-25 04:44:07      51        0.452        0.435       0.833       0.878   0.00630       
2025-05-25 04:44:09      52        0.450        0.425       0.831       0.874   0.00624       
2025-05-25 04:44:10      53        0.450        0.416       0.831       0.873   0.00617      *
2025-05-25 04:44:12      54        0.450        0.417       0.838       0.878   0.00611       
2025-05-25 04:44:13      55        0.449        0.415       0.828       0.871   0.00605      *
2025-05-25 04:44:14      56        0.448        0.422       0.831       0.874   0.00599       
2025-05-25 04:44:16      57        0.448        0.413       0.833       0.874   0.00593      *
2025-05-25 04:44:18      58        0.447        0.426       0.836       0.879   0.00587       
2025-05-25 04:44:19      59        0.446        0.415       0.831       0.873   0.00581       
2025-05-25 04:44:21      60        0.446        0.414       0.836       0.876   0.00575       
2025-05-25 04:44:23      61        0.448        0.437       0.836       0.880   0.00570       
2025-05-25 04:44:24      62        0.445        0.418       0.828       0.871   0.00564       
2025-05-25 04:44:25      63        0.445        0.428       0.833       0.877   0.00558       
2025-05-25 04:44:27      64        0.443        0.417       0.828       0.871   0.00553       
2025-05-25 04:44:29      65        0.443        0.416       0.831       0.874   0.00547       
2025-05-25 04:44:30      66        0.442        0.416       0.833       0.876   0.00542       
2025-05-25 04:44:31      67        0.442        0.406       0.841       0.880   0.00536      *
2025-05-25 04:44:33      68        0.441        0.411       0.836       0.876   0.00531       
2025-05-25 04:44:34      69        0.441        0.415       0.836       0.878   0.00526       
2025-05-25 04:44:35      70        0.441        0.404       0.841       0.880   0.00520      *
2025-05-25 04:44:37      71        0.440        0.413       0.836       0.878   0.00515       
2025-05-25 04:44:38      72        0.441        0.400       0.841       0.879   0.00510      *
2025-05-25 04:44:39      73        0.440        0.408       0.833       0.876   0.00505       
2025-05-25 04:44:41      74        0.439        0.404       0.841       0.880   0.00500       
2025-05-25 04:44:42      75        0.439        0.404       0.841       0.880   0.00495       
2025-05-25 04:44:43      76        0.438        0.409       0.838       0.879   0.00490       
2025-05-25 04:44:45      77        0.438        0.403       0.841       0.880   0.00485       
2025-05-25 04:44:46      78        0.438        0.405       0.841       0.880   0.00480       
2025-05-25 04:44:48      79        0.438        0.414       0.836       0.878   0.00475       
2025-05-25 04:44:49      80        0.437        0.407       0.841       0.881   0.00471       
2025-05-25 04:44:50      81        0.437        0.403       0.844       0.882   0.00466       
2025-05-25 04:44:52      82        0.437        0.412       0.836       0.878   0.00461       
2025-05-25 04:44:53      83        0.436        0.410       0.844       0.883   0.00457       
2025-05-25 04:44:55      84        0.436        0.400       0.841       0.880   0.00452      *
2025-05-25 04:44:57      85        0.437        0.413       0.833       0.876   0.00448       
2025-05-25 04:44:58      86        0.436        0.399       0.844       0.882   0.00443      *
2025-05-25 04:44:59      87        0.435        0.400       0.844       0.882   0.00439       
2025-05-25 04:45:01      88        0.435        0.410       0.833       0.876   0.00434       
2025-05-25 04:45:03      89        0.435        0.397       0.844       0.882   0.00430      *
2025-05-25 04:45:04      90        0.434        0.400       0.846       0.884   0.00426       
2025-05-25 04:45:05      91        0.434        0.405       0.844       0.883   0.00421       
2025-05-25 04:45:07      92        0.434        0.403       0.844       0.883   0.00417       
2025-05-25 04:45:08      93        0.434        0.396       0.846       0.883   0.00413      *
2025-05-25 04:45:10      94        0.433        0.409       0.841       0.881   0.00409       
2025-05-25 04:45:11      95        0.433        0.407       0.844       0.883   0.00405       
2025-05-25 04:45:12      96        0.433        0.398       0.846       0.883   0.00401       
2025-05-25 04:45:14      97        0.433        0.411       0.833       0.876   0.00397       
2025-05-25 04:45:15      98        0.432        0.405       0.844       0.883   0.00393       
2025-05-25 04:45:17      99        0.432        0.395       0.846       0.883   0.00389      *
2025-05-25 04:45:18     100        0.432        0.403       0.844       0.883   0.00385       
2025-05-25 04:45:19     101        0.431        0.400       0.849       0.886   0.00381       
2025-05-25 04:45:21     102        0.431        0.397       0.849       0.886   0.00377       
2025-05-25 04:45:22     103        0.431        0.403       0.844       0.883   0.00373       
2025-05-25 04:45:24     104        0.431        0.398       0.849       0.886   0.00370       
2025-05-25 04:45:25     105        0.432        0.390       0.849       0.885   0.00366      *
2025-05-25 04:45:26     106        0.431        0.403       0.844       0.883   0.00362       
2025-05-25 04:45:28     107        0.430        0.395       0.849       0.885   0.00359       
2025-05-25 04:45:29     108        0.430        0.397       0.849       0.886   0.00355       
2025-05-25 04:45:30     109        0.430        0.401       0.844       0.883   0.00352       
2025-05-25 04:45:32     110        0.430        0.405       0.841       0.881   0.00348       
2025-05-25 04:45:33     111        0.430        0.406       0.849       0.886   0.00345       
2025-05-25 04:45:35     112        0.430        0.405       0.849       0.886   0.00341       
2025-05-25 04:45:37     113        0.430        0.406       0.849       0.886   0.00338       
2025-05-25 04:45:39     114        0.429        0.400       0.851       0.888   0.00334       
2025-05-25 04:45:40     115        0.429        0.405       0.846       0.885   0.00331       
2025-05-25 04:45:41     116        0.429        0.399       0.851       0.888   0.00328       
2025-05-25 04:45:43     117        0.429        0.396       0.849       0.886   0.00324       
2025-05-25 04:45:44     118        0.429        0.400       0.846       0.885   0.00321       
2025-05-25 04:45:45     119        0.428        0.393       0.851       0.887   0.00318       
2025-05-25 04:45:47     120        0.428        0.400       0.846       0.885   0.00315       
2025-05-25 04:45:48     121        0.428        0.396       0.851       0.888   0.00312       
2025-05-25 04:45:50     122        0.428        0.394       0.849       0.886   0.00309       
2025-05-25 04:45:51     123        0.428        0.405       0.846       0.885   0.00305       
2025-05-25 04:45:53     124        0.427        0.400       0.851       0.888   0.00302       
2025-05-25 04:45:54     125        0.428        0.404       0.849       0.886   0.00299       
2025-05-25 04:45:54   --- Training ended ---
2025-05-25 04:45:54   Number of model parameters: 1537
2025-05-25 04:45:54   Training time: 0:03:00
2025-05-25 04:45:54   Best epoch: 105
2025-05-25 04:45:54   Best valid loss: 0.390
2025-05-25 04:45:54   Best valid accuracy (macro): 0.849
2025-05-25 04:45:54   Best F1 score: 0.885
