2025-05-25 05:39:37   --- Hyperparameters ---
2025-05-25 05:39:37   model = DenseSiteNet(
2025-05-25 05:39:37     (dense_layer1): Sequential(
2025-05-25 05:39:37       (0): Linear(in_features=106722, out_features=100, bias=True)
2025-05-25 05:39:37       (1): ReLU()
2025-05-25 05:39:37       (2): Dropout(p=0.2, inplace=False)
2025-05-25 05:39:37     )
2025-05-25 05:39:37     (dense_layer2): Linear(in_features=100, out_features=1, bias=True)
2025-05-25 05:39:37   )
2025-05-25 05:39:37   split_proportion = 0.9
2025-05-25 05:39:37   batch_pad_sequences = False
2025-05-25 05:39:37   learning_rate = 0.01
2025-05-25 05:39:37   batch_size = 64
2025-05-25 05:39:37   max_epochs = 500
2025-05-25 05:39:37   early_stopping_patience = 20
2025-05-25 05:39:37   --- Creating loaders ---
2025-05-25 05:39:37   --- nvidia-smi output ---
2025-05-25 05:39:37   nvidia-smi cannot be run: Command 'nvidia-smi' returned non-zero exit status 18.
2025-05-25 05:39:37   --- Training start ---
2025-05-25 05:39:37   Start training using cuda device.
2025-05-25 05:39:37   Number of model parameters: 10672401.
2025-05-25 05:39:37   Epoch   Train loss   Valid loss   Valid acc    F1-score        Lr   Best
2025-05-25 05:39:37   ------------------------------------------------------------------------
2025-05-25 05:39:38       1        0.701        0.702       0.372       0.000   0.00000      *
2025-05-25 05:39:40       2        0.325        0.476       0.803       0.850   0.00250      *
2025-05-25 05:39:42       3        0.192        0.532       0.787       0.836   0.00500       
2025-05-25 05:39:43       4        0.093        0.660       0.782       0.820   0.00750       
2025-05-25 05:39:44       5        0.058        0.807       0.779       0.810   0.01000       
2025-05-25 05:39:45       6        0.030        1.151       0.759       0.811   0.00990       
2025-05-25 05:39:46       7        0.010        1.261       0.777       0.816   0.00980       
2025-05-25 05:39:47       8        0.004        1.440       0.764       0.807   0.00970       
2025-05-25 05:39:49       9        0.002        1.569       0.769       0.809   0.00961       
2025-05-25 05:39:51      10        0.001        1.644       0.767       0.809   0.00951       
2025-05-25 05:39:52      11        0.001        1.700       0.774       0.812   0.00941       
2025-05-25 05:39:53      12        0.004        1.788       0.769       0.816   0.00932       
2025-05-25 05:39:55      13        0.003        1.791       0.772       0.813   0.00923       
2025-05-25 05:39:56      14        0.005        1.708       0.764       0.808   0.00914       
2025-05-25 05:39:57      15        0.005        1.657       0.751       0.795   0.00904       
2025-05-25 05:39:58      16        0.004        1.936       0.769       0.821   0.00895       
2025-05-25 05:40:00      17        0.001        1.852       0.746       0.794   0.00886       
2025-05-25 05:40:01      18        0.001        1.874       0.754       0.798   0.00878       
2025-05-25 05:40:02      19        0.001        1.897       0.767       0.812   0.00869       
2025-05-25 05:40:03      20        0.000        1.994       0.767       0.812   0.00860       
2025-05-25 05:40:04      21        0.000        1.962       0.756       0.802   0.00851       
2025-05-25 05:40:05      22        0.000        1.963       0.759       0.802   0.00843       
2025-05-25 05:40:05   --- Training ended ---
2025-05-25 05:40:05   Number of model parameters: 10672401
2025-05-25 05:40:05   Training time: 0:00:29
2025-05-25 05:40:05   Best epoch: 2
2025-05-25 05:40:05   Best valid loss: 0.476
2025-05-25 05:40:05   Best valid accuracy (macro): 0.803
2025-05-25 05:40:05   Best F1 score: 0.850
