2025-05-25 03:10:19   --- Hyperparameters ---
2025-05-25 03:10:19   model = DenseSiteNet(
2025-05-25 03:10:19     (dense_layer1): Sequential(
2025-05-25 03:10:19       (0): Linear(in_features=106722, out_features=100, bias=True)
2025-05-25 03:10:19       (1): ReLU()
2025-05-25 03:10:19       (2): Dropout(p=0.2, inplace=False)
2025-05-25 03:10:19     )
2025-05-25 03:10:19     (dense_layer2): Linear(in_features=100, out_features=1, bias=True)
2025-05-25 03:10:19   )
2025-05-25 03:10:19   split_proportion = 0.9
2025-05-25 03:10:19   batch_pad_sequences = False
2025-05-25 03:10:19   learning_rate = 0.01
2025-05-25 03:10:19   batch_size = 64
2025-05-25 03:10:19   max_epochs = 500
2025-05-25 03:10:19   early_stopping_patience = 20
2025-05-25 03:10:19   --- Creating loaders ---
2025-05-25 03:10:19   --- nvidia-smi output ---
2025-05-25 03:10:19   nvidia-smi cannot be run: Command 'nvidia-smi' returned non-zero exit status 18.
2025-05-25 03:10:19   --- Training start ---
2025-05-25 03:10:19   Start training using cuda device.
2025-05-25 03:10:19   Number of model parameters: 10672401.
2025-05-25 03:10:19   Epoch   Train loss   Valid loss   Valid acc    F1-score        Lr   Best
2025-05-25 03:10:19   ------------------------------------------------------------------------
2025-05-25 03:10:21       1        0.685        0.684       0.372       0.000   0.00000      *
2025-05-25 03:10:23       2        0.243        0.421       0.815       0.858   0.00250      *
2025-05-25 03:10:24       3        0.145        0.489       0.803       0.850   0.00500       
2025-05-25 03:10:25       4        0.078        0.637       0.779       0.825   0.00750       
2025-05-25 03:10:27       5        0.062        1.006       0.772       0.815   0.01000       
2025-05-25 03:10:28       6        0.046        1.114       0.769       0.813   0.00990       
2025-05-25 03:10:29       7        0.035        1.338       0.767       0.805   0.00980       
2025-05-25 03:10:31       8        0.015        1.392       0.754       0.807   0.00970       
2025-05-25 03:10:32       9        0.009        1.461       0.767       0.821   0.00961       
2025-05-25 03:10:33      10        0.042        2.174       0.782       0.836   0.00951       
2025-05-25 03:10:34      11        0.012        1.604       0.772       0.823   0.00941       
2025-05-25 03:10:36      12        0.005        1.943       0.759       0.810   0.00932       
2025-05-25 03:10:37      13        0.009        2.257       0.774       0.826   0.00923       
2025-05-25 03:10:39      14        0.001        2.051       0.772       0.816   0.00914       
2025-05-25 03:10:40      15        0.002        2.063       0.762       0.819   0.00904       
2025-05-25 03:10:41      16        0.001        2.096       0.762       0.817   0.00895       
2025-05-25 03:10:43      17        0.001        2.227       0.756       0.810   0.00886       
2025-05-25 03:10:44      18        0.000        2.220       0.756       0.812   0.00878       
2025-05-25 03:10:46      19        0.000        2.269       0.759       0.816   0.00869       
2025-05-25 03:10:47      20        0.000        2.169       0.769       0.821   0.00860       
2025-05-25 03:10:48      21        0.000        2.198       0.769       0.819   0.00851       
2025-05-25 03:10:50      22        0.000        2.256       0.762       0.817   0.00843       
2025-05-25 03:10:50   --- Training ended ---
2025-05-25 03:10:50   Number of model parameters: 10672401
2025-05-25 03:10:50   Training time: 0:00:31
2025-05-25 03:10:50   Best epoch: 2
2025-05-25 03:10:50   Best valid loss: 0.421
2025-05-25 03:10:50   Best valid accuracy (macro): 0.815
2025-05-25 03:10:50   Best F1 score: 0.858
