2025-05-25 03:10:51   --- Hyperparameters ---
2025-05-25 03:10:51   model = AAConvNet(
2025-05-25 03:10:51     (conv_layer): Sequential(
2025-05-25 03:10:51       (0): Conv1d(22, 64, kernel_size=(1,), stride=(1,))
2025-05-25 03:10:51       (1): ReLU()
2025-05-25 03:10:51       (2): AvgPool1d(kernel_size=(4851,), stride=(4851,), padding=(0,))
2025-05-25 03:10:51       (3): Dropout(p=0.2, inplace=False)
2025-05-25 03:10:51     )
2025-05-25 03:10:51     (dense_layer): Linear(in_features=64, out_features=1, bias=True)
2025-05-25 03:10:51   )
2025-05-25 03:10:51   split_proportion = 0.9
2025-05-25 03:10:51   batch_pad_sequences = False
2025-05-25 03:10:51   learning_rate = 0.01
2025-05-25 03:10:51   batch_size = 64
2025-05-25 03:10:51   max_epochs = 500
2025-05-25 03:10:51   early_stopping_patience = 20
2025-05-25 03:10:51   --- Creating loaders ---
2025-05-25 03:10:51   --- nvidia-smi output ---
2025-05-25 03:10:51   nvidia-smi cannot be run: Command 'nvidia-smi' returned non-zero exit status 18.
2025-05-25 03:10:51   --- Training start ---
2025-05-25 03:10:51   Start training using cuda device.
2025-05-25 03:10:51   Number of model parameters: 1537.
2025-05-25 03:10:51   Epoch   Train loss   Valid loss   Valid acc    F1-score        Lr   Best
2025-05-25 03:10:51   ------------------------------------------------------------------------
2025-05-25 03:10:54       1        0.711        0.713       0.372       0.000   0.00000      *
2025-05-25 03:10:55       2        0.666        0.661       0.359       0.081   0.00250      *
2025-05-25 03:10:57       3        0.665        0.658       0.644       0.779   0.00500      *
2025-05-25 03:10:58       4        0.661        0.653       0.374       0.008   0.00750      *
2025-05-25 03:11:00       5        0.652        0.641       0.510       0.563   0.01000      *
2025-05-25 03:11:01       6        0.639        0.627       0.756       0.819   0.00990      *
2025-05-25 03:11:03       7        0.631        0.620       0.628       0.772   0.00980      *
2025-05-25 03:11:05       8        0.607        0.590       0.672       0.793   0.00970      *
2025-05-25 03:11:06       9        0.593        0.580       0.677       0.795   0.00961      *
2025-05-25 03:11:08      10        0.577        0.560       0.710       0.812   0.00951      *
2025-05-25 03:11:09      11        0.565        0.548       0.713       0.813   0.00941      *
2025-05-25 03:11:11      12        0.555        0.533       0.805       0.861   0.00932      *
2025-05-25 03:11:12      13        0.541        0.517       0.762       0.837   0.00923      *
2025-05-25 03:11:14      14        0.533        0.518       0.805       0.862   0.00914       
2025-05-25 03:11:15      15        0.524        0.500       0.782       0.848   0.00904      *
2025-05-25 03:11:17      16        0.518        0.493       0.810       0.865   0.00895      *
2025-05-25 03:11:18      17        0.512        0.487       0.782       0.848   0.00886      *
2025-05-25 03:11:20      18        0.506        0.474       0.797       0.858   0.00878      *
2025-05-25 03:11:22      19        0.501        0.478       0.828       0.875   0.00869       
2025-05-25 03:11:23      20        0.496        0.462       0.813       0.867   0.00860      *
2025-05-25 03:11:25      21        0.492        0.461       0.818       0.869   0.00851      *
2025-05-25 03:11:26      22        0.488        0.461       0.823       0.871   0.00843      *
2025-05-25 03:11:28      23        0.484        0.453       0.831       0.875   0.00835      *
2025-05-25 03:11:29      24        0.480        0.450       0.831       0.876   0.00826      *
2025-05-25 03:11:31      25        0.477        0.447       0.828       0.875   0.00818      *
2025-05-25 03:11:32      26        0.476        0.450       0.815       0.867   0.00810       
2025-05-25 03:11:34      27        0.471        0.439       0.831       0.876   0.00802      *
2025-05-25 03:11:35      28        0.469        0.436       0.831       0.876   0.00794      *
2025-05-25 03:11:37      29        0.466        0.430       0.833       0.877   0.00786      *
2025-05-25 03:11:38      30        0.463        0.423       0.836       0.878   0.00778      *
2025-05-25 03:11:40      31        0.461        0.430       0.831       0.876   0.00770       
2025-05-25 03:11:41      32        0.459        0.420       0.836       0.877   0.00762      *
2025-05-25 03:11:43      33        0.457        0.422       0.833       0.877   0.00755       
2025-05-25 03:11:44      34        0.455        0.418       0.836       0.878   0.00747      *
2025-05-25 03:11:46      35        0.453        0.413       0.838       0.880   0.00740      *
2025-05-25 03:11:47      36        0.452        0.410       0.838       0.880   0.00732      *
2025-05-25 03:11:49      37        0.450        0.406       0.836       0.877   0.00725      *
2025-05-25 03:11:50      38        0.450        0.402       0.849       0.885   0.00718      *
2025-05-25 03:11:52      39        0.447        0.407       0.833       0.876   0.00711       
2025-05-25 03:11:54      40        0.445        0.406       0.836       0.878   0.00703       
2025-05-25 03:11:55      41        0.444        0.399       0.846       0.884   0.00696      *
2025-05-25 03:11:57      42        0.442        0.399       0.846       0.884   0.00689       
2025-05-25 03:11:58      43        0.441        0.405       0.833       0.876   0.00683       
2025-05-25 03:12:00      44        0.440        0.402       0.838       0.880   0.00676       
2025-05-25 03:12:02      45        0.438        0.396       0.846       0.884   0.00669      *
2025-05-25 03:12:03      46        0.437        0.390       0.846       0.884   0.00662      *
2025-05-25 03:12:05      47        0.436        0.390       0.846       0.885   0.00656       
2025-05-25 03:12:06      48        0.435        0.395       0.833       0.876   0.00649       
2025-05-25 03:12:08      49        0.435        0.399       0.833       0.877   0.00643       
2025-05-25 03:12:09      50        0.435        0.384       0.854       0.888   0.00636      *
2025-05-25 03:12:11      51        0.432        0.389       0.846       0.885   0.00630       
2025-05-25 03:12:12      52        0.431        0.390       0.844       0.883   0.00624       
2025-05-25 03:12:14      53        0.431        0.394       0.841       0.881   0.00617       
2025-05-25 03:12:15      54        0.429        0.383       0.846       0.884   0.00611      *
2025-05-25 03:12:16      55        0.428        0.384       0.846       0.884   0.00605       
2025-05-25 03:12:18      56        0.428        0.380       0.851       0.886   0.00599      *
2025-05-25 03:12:19      57        0.427        0.385       0.849       0.886   0.00593       
2025-05-25 03:12:21      58        0.426        0.378       0.851       0.888   0.00587      *
2025-05-25 03:12:22      59        0.425        0.382       0.849       0.886   0.00581       
2025-05-25 03:12:24      60        0.428        0.388       0.823       0.872   0.00575       
2025-05-25 03:12:25      61        0.426        0.376       0.867       0.896   0.00570      *
2025-05-25 03:12:26      62        0.423        0.377       0.849       0.886   0.00564       
2025-05-25 03:12:28      63        0.422        0.377       0.849       0.886   0.00558       
2025-05-25 03:12:29      64        0.421        0.373       0.856       0.891   0.00553      *
2025-05-25 03:12:31      65        0.421        0.373       0.851       0.886   0.00547      *
2025-05-25 03:12:33      66        0.420        0.372       0.859       0.893   0.00542      *
2025-05-25 03:12:34      67        0.424        0.374       0.864       0.893   0.00536       
2025-05-25 03:12:36      68        0.419        0.371       0.851       0.886   0.00531      *
2025-05-25 03:12:37      69        0.418        0.372       0.856       0.891   0.00526       
2025-05-25 03:12:39      70        0.418        0.372       0.851       0.888   0.00520       
2025-05-25 03:12:40      71        0.418        0.370       0.856       0.890   0.00515      *
2025-05-25 03:12:41      72        0.417        0.371       0.856       0.891   0.00510       
2025-05-25 03:12:43      73        0.417        0.368       0.856       0.890   0.00505      *
2025-05-25 03:12:44      74        0.417        0.379       0.846       0.885   0.00500       
2025-05-25 03:12:46      75        0.416        0.367       0.856       0.891   0.00495      *
2025-05-25 03:12:47      76        0.415        0.370       0.854       0.890   0.00490       
2025-05-25 03:12:49      77        0.414        0.367       0.859       0.893   0.00485       
2025-05-25 03:12:50      78        0.415        0.364       0.856       0.890   0.00480      *
2025-05-25 03:12:51      79        0.414        0.364       0.859       0.893   0.00475       
2025-05-25 03:12:53      80        0.414        0.374       0.846       0.885   0.00471       
2025-05-25 03:12:54      81        0.413        0.365       0.859       0.893   0.00466       
2025-05-25 03:12:56      82        0.412        0.364       0.854       0.888   0.00461      *
2025-05-25 03:12:58      83        0.420        0.369       0.867       0.894   0.00457       
2025-05-25 03:12:59      84        0.412        0.371       0.851       0.888   0.00452       
2025-05-25 03:13:01      85        0.411        0.369       0.851       0.888   0.00448       
2025-05-25 03:13:02      86        0.412        0.373       0.846       0.885   0.00443       
2025-05-25 03:13:03      87        0.410        0.363       0.859       0.892   0.00439      *
2025-05-25 03:13:05      88        0.410        0.365       0.862       0.895   0.00434       
2025-05-25 03:13:06      89        0.410        0.368       0.854       0.890   0.00430       
2025-05-25 03:13:08      90        0.409        0.362       0.859       0.893   0.00426      *
2025-05-25 03:13:09      91        0.410        0.368       0.851       0.888   0.00421       
2025-05-25 03:13:10      92        0.409        0.363       0.856       0.891   0.00417       
2025-05-25 03:13:12      93        0.410        0.359       0.859       0.892   0.00413      *
2025-05-25 03:13:13      94        0.408        0.361       0.859       0.892   0.00409       
2025-05-25 03:13:15      95        0.408        0.365       0.856       0.891   0.00405       
2025-05-25 03:13:16      96        0.408        0.360       0.862       0.894   0.00401       
2025-05-25 03:13:18      97        0.407        0.361       0.862       0.894   0.00397       
2025-05-25 03:13:19      98        0.407        0.359       0.856       0.889   0.00393      *
2025-05-25 03:13:21      99        0.406        0.362       0.859       0.892   0.00389       
2025-05-25 03:13:22     100        0.407        0.359       0.862       0.893   0.00385      *
2025-05-25 03:13:24     101        0.406        0.360       0.862       0.895   0.00381       
2025-05-25 03:13:25     102        0.406        0.362       0.862       0.895   0.00377       
2025-05-25 03:13:27     103        0.405        0.360       0.859       0.892   0.00373       
2025-05-25 03:13:28     104        0.405        0.359       0.859       0.892   0.00370       
2025-05-25 03:13:30     105        0.405        0.359       0.862       0.895   0.00366       
2025-05-25 03:13:31     106        0.404        0.359       0.859       0.892   0.00362       
2025-05-25 03:13:33     107        0.404        0.361       0.862       0.895   0.00359       
2025-05-25 03:13:35     108        0.405        0.366       0.856       0.891   0.00355       
2025-05-25 03:13:36     109        0.403        0.361       0.864       0.897   0.00352       
2025-05-25 03:13:38     110        0.403        0.359       0.862       0.895   0.00348       
2025-05-25 03:13:40     111        0.403        0.360       0.862       0.895   0.00345       
2025-05-25 03:13:41     112        0.403        0.358       0.862       0.895   0.00341      *
2025-05-25 03:13:43     113        0.403        0.359       0.859       0.893   0.00338       
2025-05-25 03:13:44     114        0.403        0.356       0.862       0.894   0.00334      *
2025-05-25 03:13:46     115        0.402        0.356       0.864       0.896   0.00331      *
2025-05-25 03:13:48     116        0.402        0.358       0.862       0.895   0.00328       
2025-05-25 03:13:49     117        0.401        0.356       0.862       0.894   0.00324       
2025-05-25 03:13:51     118        0.401        0.356       0.859       0.892   0.00321       
2025-05-25 03:13:53     119        0.401        0.355       0.864       0.896   0.00318      *
2025-05-25 03:13:54     120        0.401        0.357       0.862       0.895   0.00315       
2025-05-25 03:13:56     121        0.401        0.357       0.862       0.895   0.00312       
2025-05-25 03:13:58     122        0.401        0.355       0.859       0.892   0.00309      *
2025-05-25 03:13:59     123        0.401        0.354       0.856       0.890   0.00305      *
2025-05-25 03:14:01     124        0.400        0.356       0.862       0.895   0.00302       
2025-05-25 03:14:03     125        0.400        0.353       0.859       0.892   0.00299      *
2025-05-25 03:14:04     126        0.400        0.355       0.862       0.895   0.00296       
2025-05-25 03:14:06     127        0.400        0.354       0.862       0.894   0.00293       
2025-05-25 03:14:07     128        0.399        0.357       0.862       0.895   0.00290       
2025-05-25 03:14:09     129        0.399        0.355       0.864       0.896   0.00288       
2025-05-25 03:14:11     130        0.400        0.353       0.864       0.896   0.00285      *
2025-05-25 03:14:12     131        0.399        0.359       0.862       0.895   0.00282       
2025-05-25 03:14:14     132        0.399        0.358       0.862       0.895   0.00279       
2025-05-25 03:14:15     133        0.399        0.356       0.862       0.895   0.00276       
2025-05-25 03:14:17     134        0.399        0.354       0.864       0.896   0.00273       
2025-05-25 03:14:19     135        0.398        0.355       0.864       0.896   0.00271       
2025-05-25 03:14:20     136        0.402        0.365       0.846       0.885   0.00268       
2025-05-25 03:14:22     137        0.398        0.354       0.862       0.894   0.00265       
2025-05-25 03:14:23     138        0.398        0.353       0.862       0.894   0.00263       
2025-05-25 03:14:25     139        0.398        0.353       0.864       0.896   0.00260       
2025-05-25 03:14:26     140        0.398        0.353       0.864       0.896   0.00257       
2025-05-25 03:14:28     141        0.397        0.352       0.864       0.896   0.00255      *
2025-05-25 03:14:30     142        0.397        0.353       0.864       0.896   0.00252       
2025-05-25 03:14:31     143        0.397        0.352       0.864       0.896   0.00250      *
2025-05-25 03:14:33     144        0.397        0.354       0.864       0.896   0.00247       
2025-05-25 03:14:34     145        0.398        0.350       0.859       0.892   0.00245      *
2025-05-25 03:14:36     146        0.397        0.352       0.864       0.896   0.00242       
2025-05-25 03:14:38     147        0.397        0.358       0.862       0.895   0.00240       
2025-05-25 03:14:39     148        0.397        0.354       0.862       0.895   0.00238       
2025-05-25 03:14:41     149        0.397        0.355       0.862       0.895   0.00235       
2025-05-25 03:14:42     150        0.396        0.353       0.864       0.896   0.00233       
2025-05-25 03:14:44     151        0.396        0.352       0.862       0.894   0.00231       
2025-05-25 03:14:46     152        0.396        0.352       0.862       0.894   0.00228       
2025-05-25 03:14:47     153        0.396        0.351       0.864       0.896   0.00226       
2025-05-25 03:14:49     154        0.396        0.353       0.864       0.896   0.00224       
2025-05-25 03:14:51     155        0.396        0.353       0.864       0.896   0.00221       
2025-05-25 03:14:52     156        0.396        0.353       0.864       0.896   0.00219       
2025-05-25 03:14:54     157        0.396        0.353       0.864       0.896   0.00217       
2025-05-25 03:14:55     158        0.396        0.351       0.864       0.896   0.00215       
2025-05-25 03:14:57     159        0.395        0.352       0.864       0.896   0.00213       
2025-05-25 03:14:59     160        0.395        0.352       0.864       0.896   0.00211       
2025-05-25 03:15:00     161        0.395        0.352       0.864       0.896   0.00208       
2025-05-25 03:15:02     162        0.395        0.352       0.864       0.896   0.00206       
2025-05-25 03:15:03     163        0.395        0.351       0.864       0.896   0.00204       
2025-05-25 03:15:05     164        0.395        0.351       0.864       0.896   0.00202       
2025-05-25 03:15:07     165        0.395        0.352       0.864       0.896   0.00200       
2025-05-25 03:15:07   --- Training ended ---
2025-05-25 03:15:07   Number of model parameters: 1537
2025-05-25 03:15:07   Training time: 0:04:15
2025-05-25 03:15:07   Best epoch: 145
2025-05-25 03:15:07   Best valid loss: 0.350
2025-05-25 03:15:07   Best valid accuracy (macro): 0.859
2025-05-25 03:15:07   Best F1 score: 0.892
