2025-05-25 04:31:59   --- Hyperparameters ---
2025-05-25 04:31:59   model = DenseMsaNet(
2025-05-25 04:31:59     (dense_layer1): Sequential(
2025-05-25 04:31:59       (0): Linear(in_features=22, out_features=100, bias=True)
2025-05-25 04:31:59       (1): ReLU()
2025-05-25 04:31:59       (2): Dropout(p=0.2, inplace=False)
2025-05-25 04:31:59     )
2025-05-25 04:31:59     (dense_layer2): Linear(in_features=100, out_features=1, bias=True)
2025-05-25 04:31:59   )
2025-05-25 04:31:59   split_proportion = 0.9
2025-05-25 04:31:59   batch_pad_sequences = False
2025-05-25 04:31:59   learning_rate = 0.01
2025-05-25 04:31:59   batch_size = 64
2025-05-25 04:31:59   max_epochs = 500
2025-05-25 04:31:59   early_stopping_patience = 20
2025-05-25 04:31:59   --- Creating loaders ---
2025-05-25 04:31:59   --- nvidia-smi output ---
2025-05-25 04:31:59   nvidia-smi cannot be run: Command 'nvidia-smi' returned non-zero exit status 18.
2025-05-25 04:31:59   --- Training start ---
2025-05-25 04:31:59   Start training using cuda device.
2025-05-25 04:31:59   Number of model parameters: 2401.
2025-05-25 04:31:59   Epoch   Train loss   Valid loss   Valid acc    F1-score        Lr   Best
2025-05-25 04:31:59   ------------------------------------------------------------------------
2025-05-25 04:32:01       1        0.698        0.699       0.372       0.000   0.00000      *
2025-05-25 04:32:01       2        0.652        0.645       0.749       0.830   0.00250      *
2025-05-25 04:32:02       3        0.570        0.559       0.731       0.821   0.00500      *
2025-05-25 04:32:02       4        0.476        0.459       0.795       0.843   0.00750      *
2025-05-25 04:32:02       5        0.457        0.439       0.813       0.860   0.01000      *
2025-05-25 04:32:03       6        0.451        0.437       0.808       0.855   0.00990      *
2025-05-25 04:32:03       7        0.452        0.442       0.797       0.837   0.00980       
2025-05-25 04:32:04       8        0.446        0.436       0.808       0.853   0.00970      *
2025-05-25 04:32:04       9        0.444        0.432       0.805       0.854   0.00961      *
2025-05-25 04:32:05      10        0.436        0.423       0.826       0.866   0.00951      *
2025-05-25 04:32:05      11        0.440        0.431       0.821       0.861   0.00941       
2025-05-25 04:32:06      12        0.437        0.425       0.785       0.825   0.00932       
2025-05-25 04:32:06      13        0.432        0.420       0.792       0.829   0.00923      *
2025-05-25 04:32:07      14        0.423        0.405       0.828       0.870   0.00914      *
2025-05-25 04:32:07      15        0.440        0.424       0.800       0.857   0.00904       
2025-05-25 04:32:07      16        0.421        0.406       0.813       0.850   0.00895       
2025-05-25 04:32:08      17        0.431        0.417       0.795       0.828   0.00886       
2025-05-25 04:32:08      18        0.413        0.401       0.815       0.857   0.00878      *
2025-05-25 04:32:08      19        0.413        0.397       0.821       0.857   0.00869      *
2025-05-25 04:32:09      20        0.409        0.398       0.823       0.862   0.00860       
2025-05-25 04:32:09      21        0.408        0.396       0.815       0.855   0.00851      *
2025-05-25 04:32:09      22        0.407        0.397       0.815       0.859   0.00843       
2025-05-25 04:32:10      23        0.404        0.394       0.828       0.866   0.00835      *
2025-05-25 04:32:10      24        0.402        0.392       0.815       0.859   0.00826      *
2025-05-25 04:32:10      25        0.403        0.393       0.808       0.847   0.00818       
2025-05-25 04:32:11      26        0.402        0.391       0.821       0.861   0.00810      *
2025-05-25 04:32:11      27        0.400        0.390       0.823       0.864   0.00802      *
2025-05-25 04:32:11      28        0.399        0.393       0.818       0.858   0.00794       
2025-05-25 04:32:12      29        0.402        0.394       0.815       0.850   0.00786       
2025-05-25 04:32:12      30        0.402        0.394       0.815       0.862   0.00778       
2025-05-25 04:32:12      31        0.399        0.394       0.818       0.861   0.00770       
2025-05-25 04:32:13      32        0.398        0.391       0.818       0.852   0.00762       
2025-05-25 04:32:13      33        0.394        0.389       0.826       0.863   0.00755      *
2025-05-25 04:32:14      34        0.395        0.391       0.826       0.861   0.00747       
2025-05-25 04:32:14      35        0.408        0.402       0.823       0.852   0.00740       
2025-05-25 04:32:14      36        0.391        0.387       0.828       0.866   0.00732      *
2025-05-25 04:32:15      37        0.394        0.386       0.818       0.852   0.00725      *
2025-05-25 04:32:15      38        0.392        0.389       0.828       0.869   0.00718       
2025-05-25 04:32:15      39        0.390        0.385       0.828       0.868   0.00711      *
2025-05-25 04:32:16      40        0.405        0.403       0.823       0.852   0.00703       
2025-05-25 04:32:16      41        0.396        0.391       0.821       0.854   0.00696       
2025-05-25 04:32:16      42        0.388        0.386       0.833       0.869   0.00689       
2025-05-25 04:32:17      43        0.387        0.386       0.828       0.865   0.00683       
2025-05-25 04:32:17      44        0.387        0.385       0.828       0.863   0.00676      *
2025-05-25 04:32:18      45        0.387        0.387       0.826       0.864   0.00669       
2025-05-25 04:32:18      46        0.386        0.382       0.813       0.850   0.00662      *
2025-05-25 04:32:18      47        0.396        0.394       0.815       0.863   0.00656       
2025-05-25 04:32:19      48        0.389        0.388       0.821       0.855   0.00649       
2025-05-25 04:32:19      49        0.383        0.384       0.826       0.866   0.00643       
2025-05-25 04:32:19      50        0.382        0.384       0.831       0.869   0.00636       
2025-05-25 04:32:20      51        0.391        0.392       0.818       0.849   0.00630       
2025-05-25 04:32:20      52        0.386        0.385       0.828       0.869   0.00624       
2025-05-25 04:32:20      53        0.384        0.386       0.826       0.868   0.00617       
2025-05-25 04:32:21      54        0.395        0.398       0.808       0.859   0.00611       
2025-05-25 04:32:21      55        0.379        0.383       0.823       0.862   0.00605       
2025-05-25 04:32:21      56        0.387        0.391       0.818       0.863   0.00599       
2025-05-25 04:32:22      57        0.383        0.383       0.828       0.869   0.00593       
2025-05-25 04:32:22      58        0.383        0.385       0.813       0.849   0.00587       
2025-05-25 04:32:22      59        0.381        0.383       0.826       0.861   0.00581       
2025-05-25 04:32:23      60        0.376        0.379       0.828       0.866   0.00575      *
2025-05-25 04:32:23      61        0.378        0.385       0.823       0.859   0.00570       
2025-05-25 04:32:23      62        0.379        0.385       0.826       0.868   0.00564       
2025-05-25 04:32:24      63        0.374        0.378       0.826       0.861   0.00558      *
2025-05-25 04:32:24      64        0.375        0.382       0.828       0.867   0.00553       
2025-05-25 04:32:24      65        0.374        0.378       0.831       0.867   0.00547       
2025-05-25 04:32:24      66        0.374        0.383       0.826       0.863   0.00542       
2025-05-25 04:32:25      67        0.400        0.404       0.805       0.858   0.00536       
2025-05-25 04:32:25      68        0.373        0.381       0.828       0.867   0.00531       
2025-05-25 04:32:25      69        0.379        0.386       0.828       0.871   0.00526       
2025-05-25 04:32:26      70        0.372        0.382       0.836       0.870   0.00520       
2025-05-25 04:32:26      71        0.371        0.381       0.831       0.868   0.00515       
2025-05-25 04:32:26      72        0.373        0.381       0.818       0.853   0.00510       
2025-05-25 04:32:27      73        0.376        0.389       0.823       0.855   0.00505       
2025-05-25 04:32:27      74        0.369        0.382       0.823       0.861   0.00500       
2025-05-25 04:32:27      75        0.370        0.382       0.828       0.869   0.00495       
2025-05-25 04:32:28      76        0.373        0.385       0.826       0.868   0.00490       
2025-05-25 04:32:28      77        0.372        0.383       0.828       0.869   0.00485       
2025-05-25 04:32:28      78        0.369        0.381       0.831       0.870   0.00480       
2025-05-25 04:32:29      79        0.371        0.383       0.815       0.850   0.00475       
2025-05-25 04:32:29      80        0.367        0.382       0.831       0.869   0.00471       
2025-05-25 04:32:29      81        0.373        0.386       0.828       0.870   0.00466       
2025-05-25 04:32:30      82        0.367        0.380       0.826       0.866   0.00461       
2025-05-25 04:32:30      83        0.369        0.384       0.821       0.854   0.00457       
2025-05-25 04:32:30   --- Training ended ---
2025-05-25 04:32:30   Number of model parameters: 2401
2025-05-25 04:32:30   Training time: 0:00:31
2025-05-25 04:32:30   Best epoch: 63
2025-05-25 04:32:30   Best valid loss: 0.378
2025-05-25 04:32:30   Best valid accuracy (macro): 0.826
2025-05-25 04:32:30   Best F1 score: 0.861
