2025-05-25 04:31:57   --- Preprocessing base data ---
2025-05-25 04:31:57   Tokenizing real alignments...
2025-05-25 04:31:58   Removing sequences with ambiguous tokens...
2025-05-25 04:31:58   0/20290 sequences have been removed from 0/1497 alignements due to ambiguous sites.
2025-05-25 04:31:58   Tokenizing simulated alignments...
2025-05-25 04:31:58   Removing sequences with ambiguous tokens...
2025-05-25 04:31:58   0/17109 sequences have been removed from 0/2413 alignements due to ambiguous sites.
2025-05-25 04:31:58   Checking alignments...
2025-05-25 04:31:58   30 renamed keys in simulated aligns.
2025-05-25 04:31:58   Creating labels...
2025-05-25 04:31:58   Merging aligns and labels...
2025-05-25 04:31:58   Total number of alignments: 3910
2025-05-25 04:31:58   --- Start running LogisticRegressionClassifier ---
2025-05-25 04:31:59   --- End running LogisticRegressionClassifier ---
2025-05-25 04:31:59   --- Start running DenseMsaClassifier ---
2025-05-25 04:32:30   --- End running DenseMsaClassifier ---
2025-05-25 04:32:30   --- Start running DenseSiteClassifier ---
2025-05-25 04:32:58   --- End running DenseSiteClassifier ---
2025-05-25 04:32:58   --- Start running AACnnClassifier ---
2025-05-25 04:34:39   --- End running AACnnClassifier ---
