2025-05-25 05:00:20   --- Preprocessing base data ---
2025-05-25 05:00:20   Tokenizing real alignments...
2025-05-25 05:00:21   Removing sequences with ambiguous tokens...
2025-05-25 05:00:21   0/20290 sequences have been removed from 0/1497 alignements due to ambiguous sites.
2025-05-25 05:00:21   Tokenizing simulated alignments...
2025-05-25 05:00:21   Removing sequences with ambiguous tokens...
2025-05-25 05:00:21   0/17109 sequences have been removed from 0/2413 alignements due to ambiguous sites.
2025-05-25 05:00:21   Checking alignments...
2025-05-25 05:00:21   30 renamed keys in simulated aligns.
2025-05-25 05:00:21   Creating labels...
2025-05-25 05:00:21   Merging aligns and labels...
2025-05-25 05:00:21   Total number of alignments: 3910
2025-05-25 05:00:21   --- Start running LogisticRegressionClassifier ---
2025-05-25 05:00:22   --- End running LogisticRegressionClassifier ---
2025-05-25 05:00:22   --- Start running DenseMsaClassifier ---
2025-05-25 05:00:59   --- End running DenseMsaClassifier ---
2025-05-25 05:00:59   --- Start running DenseSiteClassifier ---
2025-05-25 05:01:29   --- End running DenseSiteClassifier ---
2025-05-25 05:01:29   --- Start running AACnnClassifier ---
2025-05-25 05:04:34   --- End running AACnnClassifier ---
