2025-05-25 03:23:17   --- Hyperparameters ---
2025-05-25 03:23:17   model = DenseMsaNet(
2025-05-25 03:23:17     (dense_layer1): Sequential(
2025-05-25 03:23:17       (0): Linear(in_features=22, out_features=100, bias=True)
2025-05-25 03:23:17       (1): ReLU()
2025-05-25 03:23:17       (2): Dropout(p=0.2, inplace=False)
2025-05-25 03:23:17     )
2025-05-25 03:23:17     (dense_layer2): Linear(in_features=100, out_features=1, bias=True)
2025-05-25 03:23:17   )
2025-05-25 03:23:17   split_proportion = 0.9
2025-05-25 03:23:17   batch_pad_sequences = False
2025-05-25 03:23:17   learning_rate = 0.01
2025-05-25 03:23:17   batch_size = 64
2025-05-25 03:23:17   max_epochs = 500
2025-05-25 03:23:17   early_stopping_patience = 20
2025-05-25 03:23:17   --- Creating loaders ---
2025-05-25 03:23:17   --- nvidia-smi output ---
2025-05-25 03:23:17   nvidia-smi cannot be run: Command 'nvidia-smi' returned non-zero exit status 18.
2025-05-25 03:23:17   --- Training start ---
2025-05-25 03:23:17   Start training using cuda device.
2025-05-25 03:23:17   Number of model parameters: 2401.
2025-05-25 03:23:17   Epoch   Train loss   Valid loss   Valid acc    F1-score        Lr   Best
2025-05-25 03:23:17   ------------------------------------------------------------------------
2025-05-25 03:23:18       1        0.691        0.691       0.410       0.253   0.00000      *
2025-05-25 03:23:19       2        0.646        0.638       0.756       0.826   0.00250      *
2025-05-25 03:23:19       3        0.543        0.529       0.756       0.829   0.00500      *
2025-05-25 03:23:19       4        0.476        0.453       0.795       0.841   0.00750      *
2025-05-25 03:23:19       5        0.461        0.438       0.803       0.850   0.01000      *
2025-05-25 03:23:20       6        0.466        0.445       0.785       0.843   0.00990       
2025-05-25 03:23:20       7        0.463        0.441       0.800       0.840   0.00980       
2025-05-25 03:23:20       8        0.451        0.431       0.823       0.865   0.00970      *
2025-05-25 03:23:21       9        0.454        0.434       0.810       0.859   0.00961       
2025-05-25 03:23:21      10        0.448        0.426       0.810       0.852   0.00951      *
2025-05-25 03:23:21      11        0.452        0.431       0.815       0.856   0.00941       
2025-05-25 03:23:22      12        0.476        0.449       0.785       0.817   0.00932       
2025-05-25 03:23:22      13        0.477        0.452       0.779       0.812   0.00923       
2025-05-25 03:23:22      14        0.440        0.417       0.813       0.852   0.00914      *
2025-05-25 03:23:23      15        0.436        0.416       0.815       0.857   0.00904      *
2025-05-25 03:23:23      16        0.435        0.412       0.828       0.867   0.00895      *
2025-05-25 03:23:23      17        0.436        0.417       0.818       0.856   0.00886       
2025-05-25 03:23:23      18        0.442        0.422       0.810       0.849   0.00878       
2025-05-25 03:23:24      19        0.432        0.419       0.828       0.868   0.00869       
2025-05-25 03:23:24      20        0.436        0.421       0.792       0.847   0.00860       
2025-05-25 03:23:24      21        0.426        0.408       0.823       0.861   0.00851      *
2025-05-25 03:23:24      22        0.422        0.406       0.826       0.867   0.00843      *
2025-05-25 03:23:25      23        0.424        0.410       0.815       0.858   0.00835       
2025-05-25 03:23:25      24        0.420        0.404       0.826       0.863   0.00826      *
2025-05-25 03:23:25      25        0.419        0.403       0.818       0.859   0.00818      *
2025-05-25 03:23:26      26        0.421        0.410       0.803       0.852   0.00810       
2025-05-25 03:23:26      27        0.416        0.404       0.828       0.868   0.00802       
2025-05-25 03:23:26      28        0.417        0.408       0.831       0.866   0.00794       
2025-05-25 03:23:26      29        0.421        0.411       0.803       0.850   0.00786       
2025-05-25 03:23:27      30        0.416        0.409       0.805       0.853   0.00778       
2025-05-25 03:23:27      31        0.417        0.403       0.828       0.862   0.00770       
2025-05-25 03:23:27      32        0.411        0.398       0.828       0.868   0.00762      *
2025-05-25 03:23:27      33        0.411        0.399       0.828       0.864   0.00755       
2025-05-25 03:23:28      34        0.419        0.411       0.792       0.845   0.00747       
2025-05-25 03:23:28      35        0.410        0.399       0.810       0.854   0.00740       
2025-05-25 03:23:28      36        0.411        0.405       0.808       0.854   0.00732       
2025-05-25 03:23:28      37        0.411        0.406       0.800       0.849   0.00725       
2025-05-25 03:23:29      38        0.408        0.404       0.833       0.871   0.00718       
2025-05-25 03:23:29      39        0.408        0.403       0.810       0.853   0.00711       
2025-05-25 03:23:29      40        0.406        0.400       0.833       0.869   0.00703       
2025-05-25 03:23:29      41        0.407        0.400       0.836       0.869   0.00696       
2025-05-25 03:23:30      42        0.414        0.411       0.792       0.846   0.00689       
2025-05-25 03:23:30      43        0.406        0.402       0.810       0.856   0.00683       
2025-05-25 03:23:30      44        0.404        0.399       0.821       0.863   0.00676       
2025-05-25 03:23:30      45        0.414        0.406       0.828       0.860   0.00669       
2025-05-25 03:23:31      46        0.400        0.398       0.833       0.871   0.00662       
2025-05-25 03:23:31      47        0.399        0.397       0.821       0.862   0.00656      *
2025-05-25 03:23:31      48        0.398        0.395       0.831       0.869   0.00649      *
2025-05-25 03:23:32      49        0.397        0.397       0.828       0.866   0.00643       
2025-05-25 03:23:32      50        0.406        0.403       0.836       0.868   0.00636       
2025-05-25 03:23:32      51        0.397        0.394       0.831       0.868   0.00630      *
2025-05-25 03:23:32      52        0.399        0.398       0.838       0.872   0.00624       
2025-05-25 03:23:33      53        0.400        0.404       0.805       0.853   0.00617       
2025-05-25 03:23:33      54        0.396        0.397       0.833       0.870   0.00611       
2025-05-25 03:23:33      55        0.396        0.395       0.833       0.870   0.00605       
2025-05-25 03:23:33      56        0.394        0.396       0.836       0.871   0.00599       
2025-05-25 03:23:34      57        0.395        0.393       0.841       0.875   0.00593      *
2025-05-25 03:23:34      58        0.395        0.395       0.823       0.863   0.00587       
2025-05-25 03:23:34      59        0.393        0.392       0.833       0.870   0.00581      *
2025-05-25 03:23:34      60        0.392        0.396       0.841       0.874   0.00575       
2025-05-25 03:23:35      61        0.391        0.392       0.831       0.868   0.00570      *
2025-05-25 03:23:35      62        0.393        0.399       0.821       0.863   0.00564       
2025-05-25 03:23:35      63        0.394        0.398       0.836       0.869   0.00558       
2025-05-25 03:23:36      64        0.392        0.397       0.836       0.871   0.00553       
2025-05-25 03:23:36      65        0.390        0.395       0.826       0.865   0.00547       
2025-05-25 03:23:36      66        0.405        0.414       0.797       0.851   0.00542       
2025-05-25 03:23:36      67        0.388        0.392       0.838       0.873   0.00536       
2025-05-25 03:23:37      68        0.390        0.393       0.833       0.869   0.00531       
2025-05-25 03:23:37      69        0.389        0.395       0.838       0.873   0.00526       
2025-05-25 03:23:37      70        0.389        0.396       0.818       0.860   0.00520       
2025-05-25 03:23:37      71        0.387        0.394       0.823       0.862   0.00515       
2025-05-25 03:23:38      72        0.387        0.394       0.828       0.867   0.00510       
2025-05-25 03:23:38      73        0.386        0.392       0.826       0.864   0.00505       
2025-05-25 03:23:38      74        0.386        0.392       0.841       0.875   0.00500      *
2025-05-25 03:23:38      75        0.386        0.396       0.833       0.870   0.00495       
2025-05-25 03:23:39      76        0.388        0.399       0.823       0.863   0.00490       
2025-05-25 03:23:39      77        0.386        0.394       0.831       0.869   0.00485       
2025-05-25 03:23:39      78        0.389        0.398       0.841       0.873   0.00480       
2025-05-25 03:23:40      79        0.394        0.409       0.805       0.854   0.00475       
2025-05-25 03:23:40      80        0.384        0.396       0.838       0.872   0.00471       
2025-05-25 03:23:40      81        0.388        0.399       0.815       0.859   0.00466       
2025-05-25 03:23:40      82        0.384        0.394       0.826       0.865   0.00461       
2025-05-25 03:23:41      83        0.383        0.398       0.821       0.861   0.00457       
2025-05-25 03:23:41      84        0.384        0.390       0.849       0.880   0.00452      *
2025-05-25 03:23:41      85        0.382        0.394       0.823       0.863   0.00448       
2025-05-25 03:23:41      86        0.383        0.399       0.823       0.863   0.00443       
2025-05-25 03:23:42      87        0.395        0.409       0.805       0.855   0.00439       
2025-05-25 03:23:42      88        0.383        0.398       0.841       0.874   0.00434       
2025-05-25 03:23:42      89        0.382        0.395       0.821       0.861   0.00430       
2025-05-25 03:23:43      90        0.382        0.398       0.838       0.872   0.00426       
2025-05-25 03:23:43      91        0.380        0.394       0.826       0.865   0.00421       
2025-05-25 03:23:43      92        0.381        0.397       0.821       0.861   0.00417       
2025-05-25 03:23:43      93        0.380        0.394       0.849       0.880   0.00413       
2025-05-25 03:23:44      94        0.380        0.395       0.831       0.868   0.00409       
2025-05-25 03:23:44      95        0.379        0.393       0.846       0.878   0.00405       
2025-05-25 03:23:44      96        0.381        0.396       0.844       0.876   0.00401       
2025-05-25 03:23:44      97        0.380        0.395       0.828       0.867   0.00397       
2025-05-25 03:23:45      98        0.381        0.392       0.844       0.877   0.00393       
2025-05-25 03:23:45      99        0.380        0.395       0.836       0.871   0.00389       
2025-05-25 03:23:45     100        0.378        0.392       0.828       0.867   0.00385       
2025-05-25 03:23:46     101        0.379        0.392       0.846       0.878   0.00381       
2025-05-25 03:23:46     102        0.377        0.392       0.836       0.871   0.00377       
2025-05-25 03:23:46     103        0.379        0.396       0.823       0.864   0.00373       
2025-05-25 03:23:46     104        0.377        0.394       0.841       0.874   0.00370       
2025-05-25 03:23:46   --- Training ended ---
2025-05-25 03:23:46   Number of model parameters: 2401
2025-05-25 03:23:46   Training time: 0:00:29
2025-05-25 03:23:46   Best epoch: 84
2025-05-25 03:23:46   Best valid loss: 0.390
2025-05-25 03:23:46   Best valid accuracy (macro): 0.849
2025-05-25 03:23:46   Best F1 score: 0.880
