2025-11-13 10:23:02   --- Hyperparameters ---
2025-11-13 10:23:02   model = AAConvNet(
2025-11-13 10:23:02     (conv_layer): Sequential(
2025-11-13 10:23:02       (0): Conv1d(22, 64, kernel_size=(1,), stride=(1,))
2025-11-13 10:23:02       (1): ReLU()
2025-11-13 10:23:02       (2): AdaptiveAvgPool1d(output_size=1)
2025-11-13 10:23:02       (3): Dropout(p=0.2, inplace=False)
2025-11-13 10:23:02     )
2025-11-13 10:23:02     (dense_layer): Linear(in_features=64, out_features=1, bias=True)
2025-11-13 10:23:02   )
2025-11-13 10:23:02   split_proportion = 0.9
2025-11-13 10:23:02   batch_pad_sequences = False
2025-11-13 10:23:02   learning_rate = 0.01
2025-11-13 10:23:02   batch_size = 64
2025-11-13 10:23:02   max_epochs = 500
2025-11-13 10:23:02   early_stopping_patience = 20
2025-11-13 10:23:02   kernel_size = 1
2025-11-13 10:23:02   --- Creating loaders ---
2025-11-13 10:23:02   --- Training start ---
2025-11-13 10:23:02   Start training using cpu device.
2025-11-13 10:23:02   Number of model parameters: 1537.
2025-11-13 10:23:02   Epoch   Train loss   Valid loss   Valid acc    F1-score        Lr   Best
2025-11-13 10:23:02   ------------------------------------------------------------------------
2025-11-13 10:23:04       1        0.693        0.695       0.471       0.000   0.00000      *
2025-11-13 10:23:05       2        0.693        0.694       0.471       0.000   0.00250      *
2025-11-13 10:23:07       3        0.693        0.693       0.471       0.000   0.00500      *
2025-11-13 10:23:08       4        0.693        0.694       0.471       0.000   0.00750       
2025-11-13 10:23:10       5        0.693        0.694       0.471       0.000   0.01000       
2025-11-13 10:23:11       6        0.692        0.691       0.564       0.691   0.00990      *
2025-11-13 10:23:13       7        0.691        0.692       0.535       0.216   0.00980       
2025-11-13 10:23:14       8        0.690        0.689       0.564       0.681   0.00970      *
2025-11-13 10:23:18       9        0.689        0.689       0.605       0.638   0.00961      *
2025-11-13 10:23:20      10        0.687        0.688       0.628       0.663   0.00951      *
2025-11-13 10:23:21      11        0.686        0.686       0.587       0.687   0.00941      *
2025-11-13 10:23:23      12        0.684        0.687       0.581       0.556   0.00932       
2025-11-13 10:23:24      13        0.687        0.683       0.541       0.678   0.00923      *
2025-11-13 10:23:26      14        0.682        0.683       0.587       0.682   0.00914       
2025-11-13 10:23:27      15        0.681        0.687       0.593       0.426   0.00904       
2025-11-13 10:23:29      16        0.679        0.684       0.605       0.534   0.00895       
2025-11-13 10:23:30      17        0.677        0.681       0.610       0.573   0.00886      *
2025-11-13 10:23:32      18        0.676        0.677       0.576       0.676   0.00878      *
2025-11-13 10:23:33      19        0.675        0.674       0.576       0.687   0.00869      *
2025-11-13 10:23:35      20        0.673        0.681       0.634       0.533   0.00860       
2025-11-13 10:23:36      21        0.675        0.686       0.558       0.296   0.00851       
2025-11-13 10:23:38      22        0.669        0.671       0.605       0.676   0.00843      *
2025-11-13 10:23:40      23        0.672        0.670       0.547       0.680   0.00835      *
2025-11-13 10:23:41      24        0.666        0.674       0.651       0.595   0.00826       
2025-11-13 10:23:42      25        0.664        0.669       0.599       0.635   0.00818      *
2025-11-13 10:23:44      26        0.663        0.672       0.640       0.557   0.00810       
2025-11-13 10:23:45      27        0.661        0.669       0.657       0.604   0.00802       
2025-11-13 10:23:47      28        0.659        0.664       0.599       0.646   0.00794      *
2025-11-13 10:23:48      29        0.657        0.664       0.605       0.626   0.00786      *
2025-11-13 10:23:52      30        0.656        0.661       0.610       0.682   0.00778      *
2025-11-13 10:23:54      31        0.655        0.667       0.663       0.603   0.00770       
2025-11-13 10:23:55      32        0.652        0.663       0.640       0.622   0.00762       
2025-11-13 10:23:57      33        0.658        0.658       0.564       0.686   0.00755      *
2025-11-13 10:23:58      34        0.650        0.659       0.657       0.647   0.00747       
2025-11-13 10:24:00      35        0.648        0.658       0.651       0.647   0.00740      *
2025-11-13 10:24:01      36        0.647        0.659       0.669       0.646   0.00732       
2025-11-13 10:24:03      37        0.646        0.659       0.663       0.633   0.00725       
2025-11-13 10:24:04      38        0.644        0.652       0.622       0.667   0.00718      *
2025-11-13 10:24:06      39        0.645        0.662       0.669       0.607   0.00711       
2025-11-13 10:24:07      40        0.642        0.651       0.634       0.659   0.00703      *
2025-11-13 10:24:09      41        0.643        0.659       0.680       0.626   0.00696       
2025-11-13 10:24:10      42        0.639        0.649       0.628       0.644   0.00689      *
2025-11-13 10:24:12      43        0.638        0.647       0.640       0.652   0.00683      *
2025-11-13 10:24:13      44        0.637        0.652       0.680       0.645   0.00676       
2025-11-13 10:24:15      45        0.636        0.645       0.645       0.677   0.00669      *
2025-11-13 10:24:16      46        0.634        0.644       0.651       0.659   0.00662      *
2025-11-13 10:24:18      47        0.633        0.645       0.663       0.655   0.00656       
2025-11-13 10:24:19      48        0.632        0.643       0.651       0.655   0.00649      *
2025-11-13 10:24:21      49        0.631        0.641       0.663       0.681   0.00643      *
2025-11-13 10:24:22      50        0.631        0.640       0.651       0.681   0.00636      *
2025-11-13 10:24:24      51        0.630        0.645       0.680       0.645   0.00630       
2025-11-13 10:24:28      52        0.629        0.644       0.692       0.662   0.00624       
2025-11-13 10:24:29      53        0.627        0.639       0.680       0.667   0.00617      *
2025-11-13 10:24:31      54        0.626        0.636       0.657       0.670   0.00611      *
2025-11-13 10:24:32      55        0.625        0.639       0.698       0.675   0.00605       
2025-11-13 10:24:33      56        0.624        0.635       0.674       0.667   0.00599      *
2025-11-13 10:24:35      57        0.623        0.635       0.686       0.675   0.00593      *
2025-11-13 10:24:36      58        0.623        0.639       0.692       0.658   0.00587       
2025-11-13 10:24:38      59        0.621        0.633       0.692       0.679   0.00581      *
2025-11-13 10:24:39      60        0.620        0.630       0.680       0.693   0.00575      *
2025-11-13 10:24:41      61        0.619        0.633       0.692       0.662   0.00570       
2025-11-13 10:24:42      62        0.618        0.630       0.698       0.687   0.00564      *
2025-11-13 10:24:44      63        0.618        0.627       0.674       0.696   0.00558      *
2025-11-13 10:24:45      64        0.617        0.626       0.686       0.703   0.00553      *
2025-11-13 10:24:47      65        0.617        0.633       0.692       0.658   0.00547       
2025-11-13 10:24:48      66        0.615        0.625       0.698       0.698   0.00542      *
2025-11-13 10:24:50      67        0.614        0.627       0.698       0.675   0.00536       
2025-11-13 10:24:51      68        0.613        0.625       0.698       0.679   0.00531       
2025-11-13 10:24:53      69        0.613        0.623       0.669       0.678   0.00526      *
2025-11-13 10:24:54      70        0.612        0.624       0.703       0.691   0.00520       
2025-11-13 10:24:56      71        0.611        0.623       0.692       0.683   0.00515       
2025-11-13 10:24:57      72        0.610        0.623       0.703       0.687   0.00510       
2025-11-13 10:24:59      73        0.610        0.621       0.709       0.706   0.00505      *
2025-11-13 10:25:03      74        0.610        0.625       0.692       0.658   0.00500       
2025-11-13 10:25:04      75        0.608        0.621       0.703       0.683   0.00495       
2025-11-13 10:25:06      76        0.607        0.620       0.703       0.695   0.00490      *
2025-11-13 10:25:07      77        0.607        0.619       0.709       0.702   0.00485      *
2025-11-13 10:25:09      78        0.606        0.617       0.692       0.697   0.00480      *
2025-11-13 10:25:10      79        0.606        0.617       0.715       0.713   0.00475       
2025-11-13 10:25:12      80        0.605        0.617       0.715       0.713   0.00471      *
2025-11-13 10:25:13      81        0.604        0.618       0.709       0.691   0.00466       
2025-11-13 10:25:15      82        0.604        0.617       0.703       0.687   0.00461       
2025-11-13 10:25:16      83        0.603        0.616       0.709       0.695   0.00457      *
2025-11-13 10:25:18      84        0.603        0.615       0.703       0.687   0.00452      *
2025-11-13 10:25:19      85        0.602        0.617       0.703       0.679   0.00448       
2025-11-13 10:25:21      86        0.602        0.613       0.703       0.705   0.00443      *
2025-11-13 10:25:22      87        0.601        0.614       0.703       0.687   0.00439       
2025-11-13 10:25:24      88        0.600        0.613       0.703       0.687   0.00434       
2025-11-13 10:25:25      89        0.600        0.611       0.709       0.709   0.00430      *
2025-11-13 10:25:27      90        0.599        0.610       0.703       0.712   0.00426      *
2025-11-13 10:25:29      91        0.599        0.613       0.727       0.701   0.00421       
2025-11-13 10:25:30      92        0.598        0.613       0.715       0.684   0.00417       
2025-11-13 10:25:32      93        0.599        0.614       0.709       0.667   0.00413       
2025-11-13 10:25:33      94        0.597        0.612       0.721       0.692   0.00409       
2025-11-13 10:25:37      95        0.596        0.609       0.709       0.695   0.00405      *
2025-11-13 10:25:39      96        0.596        0.606       0.709       0.709   0.00401      *
2025-11-13 10:25:40      97        0.595        0.606       0.709       0.709   0.00397      *
2025-11-13 10:25:42      98        0.594        0.607       0.733       0.712   0.00393       
2025-11-13 10:25:43      99        0.595        0.604       0.692       0.701   0.00389      *
2025-11-13 10:25:45     100        0.596        0.612       0.715       0.671   0.00385       
2025-11-13 10:25:46     101        0.593        0.606       0.721       0.700   0.00381       
2025-11-13 10:25:48     102        0.593        0.606       0.727       0.708   0.00377       
2025-11-13 10:25:49     103        0.593        0.607       0.721       0.688   0.00373       
2025-11-13 10:25:51     104        0.592        0.605       0.727       0.708   0.00370       
2025-11-13 10:25:52     105        0.591        0.602       0.721       0.718   0.00366      *
2025-11-13 10:25:54     106        0.590        0.603       0.721       0.707   0.00362       
2025-11-13 10:25:56     107        0.591        0.607       0.721       0.688   0.00359       
2025-11-13 10:25:57     108        0.589        0.602       0.727       0.715   0.00355       
2025-11-13 10:25:59     109        0.589        0.602       0.733       0.720   0.00352       
2025-11-13 10:26:00     110        0.589        0.602       0.738       0.717   0.00348       
2025-11-13 10:26:02     111        0.588        0.602       0.744       0.728   0.00345      *
2025-11-13 10:26:03     112        0.587        0.599       0.721       0.718   0.00341      *
2025-11-13 10:26:05     113        0.588        0.602       0.738       0.717   0.00338       
2025-11-13 10:26:06     114        0.587        0.599       0.738       0.727   0.00334      *
2025-11-13 10:26:08     115        0.587        0.597       0.727       0.725   0.00331      *
2025-11-13 10:26:12     116        0.586        0.599       0.733       0.720   0.00328       
2025-11-13 10:26:13     117        0.586        0.599       0.750       0.733   0.00324       
2025-11-13 10:26:15     118        0.586        0.599       0.744       0.722   0.00321       
2025-11-13 10:26:16     119        0.585        0.597       0.733       0.720   0.00318      *
2025-11-13 10:26:18     120        0.585        0.595       0.715       0.717   0.00315      *
2025-11-13 10:26:19     121        0.584        0.595       0.733       0.726   0.00312       
2025-11-13 10:26:21     122        0.584        0.596       0.733       0.720   0.00309       
2025-11-13 10:26:23     123        0.584        0.598       0.738       0.713   0.00305       
2025-11-13 10:26:24     124        0.583        0.595       0.738       0.731   0.00302      *
2025-11-13 10:26:26     125        0.583        0.598       0.733       0.705   0.00299       
2025-11-13 10:26:27     126        0.582        0.595       0.738       0.720   0.00296       
2025-11-13 10:26:29     127        0.582        0.593       0.721       0.721   0.00293      *
2025-11-13 10:26:30     128        0.581        0.593       0.738       0.731   0.00290       
2025-11-13 10:26:32     129        0.582        0.599       0.727       0.693   0.00288       
2025-11-13 10:26:33     130        0.581        0.592       0.738       0.731   0.00285      *
2025-11-13 10:26:35     131        0.580        0.593       0.744       0.725   0.00282       
2025-11-13 10:26:36     132        0.580        0.592       0.733       0.726   0.00279      *
2025-11-13 10:26:38     133        0.580        0.592       0.733       0.723   0.00276       
2025-11-13 10:26:39     134        0.580        0.590       0.727       0.725   0.00273      *
2025-11-13 10:26:41     135        0.579        0.592       0.738       0.724   0.00271       
2025-11-13 10:26:43     136        0.579        0.591       0.738       0.727   0.00268       
2025-11-13 10:26:47     137        0.579        0.591       0.744       0.732   0.00265       
2025-11-13 10:26:48     138        0.579        0.591       0.744       0.732   0.00263       
2025-11-13 10:26:50     139        0.578        0.591       0.744       0.732   0.00260       
2025-11-13 10:26:51     140        0.578        0.590       0.744       0.735   0.00257      *
2025-11-13 10:26:53     141        0.578        0.590       0.744       0.732   0.00255      *
2025-11-13 10:26:55     142        0.577        0.588       0.721       0.721   0.00252      *
2025-11-13 10:26:56     143        0.577        0.590       0.750       0.733   0.00250       
2025-11-13 10:26:58     144        0.577        0.590       0.744       0.725   0.00247       
2025-11-13 10:26:59     145        0.576        0.589       0.756       0.744   0.00245       
2025-11-13 10:27:01     146        0.576        0.589       0.744       0.728   0.00242       
2025-11-13 10:27:02     147        0.576        0.589       0.744       0.725   0.00240       
2025-11-13 10:27:04     148        0.576        0.585       0.721       0.730   0.00238      *
2025-11-13 10:27:05     149        0.575        0.587       0.738       0.731   0.00235       
2025-11-13 10:27:07     150        0.575        0.587       0.756       0.744   0.00233       
2025-11-13 10:27:08     151        0.575        0.588       0.750       0.730   0.00231       
2025-11-13 10:27:10     152        0.575        0.587       0.750       0.736   0.00228       
2025-11-13 10:27:11     153        0.574        0.587       0.750       0.736   0.00226       
2025-11-13 10:27:13     154        0.574        0.587       0.738       0.724   0.00224       
2025-11-13 10:27:15     155        0.574        0.585       0.715       0.717   0.00221      *
2025-11-13 10:27:16     156        0.574        0.588       0.756       0.738   0.00219       
2025-11-13 10:27:18     157        0.574        0.585       0.738       0.731   0.00217       
2025-11-13 10:27:22     158        0.574        0.587       0.762       0.742   0.00215       
2025-11-13 10:27:23     159        0.573        0.587       0.756       0.738   0.00213       
2025-11-13 10:27:25     160        0.573        0.587       0.762       0.742   0.00211       
2025-11-13 10:27:27     161        0.573        0.587       0.762       0.742   0.00208       
2025-11-13 10:27:28     162        0.572        0.585       0.744       0.728   0.00206       
2025-11-13 10:27:30     163        0.572        0.585       0.750       0.739   0.00204      *
2025-11-13 10:27:31     164        0.572        0.585       0.744       0.728   0.00202       
2025-11-13 10:27:32     165        0.572        0.584       0.738       0.724   0.00200      *
2025-11-13 10:27:34     166        0.572        0.585       0.750       0.733   0.00198       
2025-11-13 10:27:35     167        0.572        0.585       0.762       0.742   0.00196       
2025-11-13 10:27:37     168        0.571        0.583       0.750       0.739   0.00194      *
2025-11-13 10:27:38     169        0.571        0.583       0.756       0.744   0.00192       
2025-11-13 10:27:40     170        0.570        0.582       0.750       0.739   0.00190      *
2025-11-13 10:27:41     171        0.570        0.582       0.750       0.739   0.00189      *
2025-11-13 10:27:43     172        0.570        0.581       0.750       0.739   0.00187      *
2025-11-13 10:27:44     173        0.570        0.583       0.773       0.758   0.00185       
2025-11-13 10:27:46     174        0.570        0.584       0.756       0.734   0.00183       
2025-11-13 10:27:47     175        0.570        0.579       0.727       0.731   0.00181      *
2025-11-13 10:27:49     176        0.569        0.581       0.762       0.748   0.00179       
2025-11-13 10:27:50     177        0.569        0.579       0.733       0.729   0.00178       
2025-11-13 10:27:52     178        0.569        0.580       0.744       0.735   0.00176       
2025-11-13 10:27:53     179        0.568        0.580       0.756       0.744   0.00174       
2025-11-13 10:27:57     180        0.568        0.581       0.767       0.750   0.00172       
2025-11-13 10:27:59     181        0.568        0.580       0.767       0.753   0.00171       
2025-11-13 10:28:00     182        0.568        0.579       0.744       0.735   0.00169      *
2025-11-13 10:28:02     183        0.567        0.579       0.756       0.744   0.00167       
2025-11-13 10:28:03     184        0.567        0.579       0.756       0.744   0.00165       
2025-11-13 10:28:04     185        0.568        0.580       0.767       0.750   0.00164       
2025-11-13 10:28:06     186        0.567        0.579       0.756       0.744   0.00162      *
2025-11-13 10:28:08     187        0.567        0.581       0.762       0.742   0.00161       
2025-11-13 10:28:09     188        0.568        0.582       0.756       0.734   0.00159       
2025-11-13 10:28:11     189        0.567        0.580       0.767       0.750   0.00157       
2025-11-13 10:28:13     190        0.566        0.579       0.773       0.758   0.00156       
2025-11-13 10:28:14     191        0.566        0.578       0.756       0.744   0.00154      *
2025-11-13 10:28:16     192        0.566        0.577       0.744       0.735   0.00153      *
2025-11-13 10:28:17     193        0.566        0.577       0.756       0.744   0.00151       
2025-11-13 10:28:19     194        0.566        0.578       0.773       0.758   0.00150       
2025-11-13 10:28:20     195        0.565        0.578       0.773       0.758   0.00148       
2025-11-13 10:28:22     196        0.566        0.579       0.767       0.750   0.00147       
2025-11-13 10:28:23     197        0.565        0.577       0.756       0.744   0.00145      *
2025-11-13 10:28:25     198        0.565        0.576       0.762       0.748   0.00144      *
2025-11-13 10:28:26     199        0.565        0.578       0.767       0.750   0.00142       
2025-11-13 10:28:28     200        0.564        0.575       0.750       0.743   0.00141      *
2025-11-13 10:28:32     201        0.564        0.575       0.750       0.743   0.00139      *
2025-11-13 10:28:34     202        0.564        0.575       0.738       0.731   0.00138      *
2025-11-13 10:28:35     203        0.564        0.577       0.773       0.758   0.00137       
2025-11-13 10:28:37     204        0.564        0.575       0.756       0.744   0.00135      *
2025-11-13 10:28:38     205        0.564        0.576       0.773       0.758   0.00134       
2025-11-13 10:28:39     206        0.563        0.575       0.756       0.744   0.00133      *
2025-11-13 10:28:41     207        0.563        0.575       0.756       0.744   0.00131       
2025-11-13 10:28:42     208        0.564        0.577       0.767       0.750   0.00130       
2025-11-13 10:28:44     209        0.563        0.575       0.756       0.744   0.00129       
2025-11-13 10:28:45     210        0.563        0.577       0.767       0.750   0.00127       
2025-11-13 10:28:47     211        0.563        0.577       0.767       0.750   0.00126       
2025-11-13 10:28:49     212        0.563        0.576       0.773       0.758   0.00125       
2025-11-13 10:28:50     213        0.563        0.573       0.750       0.739   0.00124      *
2025-11-13 10:28:52     214        0.563        0.574       0.762       0.748   0.00122       
2025-11-13 10:28:53     215        0.563        0.575       0.773       0.758   0.00121       
2025-11-13 10:28:55     216        0.562        0.574       0.773       0.758   0.00120       
2025-11-13 10:28:56     217        0.562        0.573       0.767       0.753   0.00119       
2025-11-13 10:28:57     218        0.562        0.574       0.767       0.753   0.00118       
2025-11-13 10:28:59     219        0.562        0.574       0.773       0.758   0.00116       
2025-11-13 10:29:00     220        0.562        0.574       0.773       0.758   0.00115       
2025-11-13 10:29:02     221        0.562        0.572       0.750       0.743   0.00114      *
2025-11-13 10:29:03     222        0.561        0.573       0.767       0.753   0.00113       
2025-11-13 10:29:07     223        0.561        0.573       0.767       0.753   0.00112       
2025-11-13 10:29:09     224        0.561        0.573       0.773       0.758   0.00111       
2025-11-13 10:29:10     225        0.561        0.573       0.773       0.758   0.00110       
2025-11-13 10:29:12     226        0.562        0.575       0.767       0.750   0.00108       
2025-11-13 10:29:13     227        0.561        0.572       0.762       0.748   0.00107      *
2025-11-13 10:29:15     228        0.561        0.573       0.773       0.758   0.00106       
2025-11-13 10:29:16     229        0.561        0.572       0.762       0.748   0.00105      *
2025-11-13 10:29:18     230        0.560        0.570       0.762       0.757   0.00104      *
2025-11-13 10:29:19     231        0.560        0.572       0.762       0.748   0.00103       
2025-11-13 10:29:21     232        0.560        0.572       0.773       0.758   0.00102       
2025-11-13 10:29:22     233        0.560        0.570       0.756       0.747   0.00101       
2025-11-13 10:29:24     234        0.560        0.572       0.762       0.748   0.00100       
2025-11-13 10:29:25     235        0.560        0.571       0.767       0.756   0.00099       
2025-11-13 10:29:27     236        0.560        0.571       0.762       0.748   0.00098       
2025-11-13 10:29:28     237        0.560        0.570       0.750       0.743   0.00097      *
2025-11-13 10:29:30     238        0.561        0.574       0.767       0.750   0.00096       
2025-11-13 10:29:31     239        0.560        0.573       0.767       0.750   0.00095       
2025-11-13 10:29:32     240        0.560        0.571       0.767       0.753   0.00094       
2025-11-13 10:29:34     241        0.560        0.572       0.773       0.758   0.00093       
2025-11-13 10:29:35     242        0.559        0.571       0.767       0.753   0.00092       
2025-11-13 10:29:37     243        0.559        0.571       0.767       0.753   0.00091       
2025-11-13 10:29:38     244        0.559        0.570       0.767       0.756   0.00091      *
2025-11-13 10:29:42     245        0.559        0.570       0.767       0.756   0.00090      *
2025-11-13 10:29:44     246        0.559        0.572       0.773       0.758   0.00089       
2025-11-13 10:29:45     247        0.559        0.571       0.773       0.758   0.00088       
2025-11-13 10:29:47     248        0.558        0.569       0.767       0.756   0.00087      *
2025-11-13 10:29:48     249        0.558        0.569       0.767       0.756   0.00086       
2025-11-13 10:29:50     250        0.558        0.570       0.767       0.753   0.00085       
2025-11-13 10:29:51     251        0.558        0.570       0.762       0.748   0.00084       
2025-11-13 10:29:52     252        0.558        0.569       0.762       0.748   0.00084       
2025-11-13 10:29:54     253        0.558        0.569       0.767       0.756   0.00083       
2025-11-13 10:29:55     254        0.558        0.571       0.773       0.758   0.00082       
2025-11-13 10:29:57     255        0.558        0.570       0.762       0.748   0.00081       
2025-11-13 10:29:58     256        0.559        0.573       0.762       0.742   0.00080       
2025-11-13 10:30:00     257        0.559        0.573       0.762       0.742   0.00079       
2025-11-13 10:30:01     258        0.558        0.571       0.773       0.758   0.00079       
2025-11-13 10:30:03     259        0.558        0.570       0.773       0.758   0.00078       
2025-11-13 10:30:04     260        0.558        0.568       0.762       0.752   0.00077      *
2025-11-13 10:30:06     261        0.558        0.568       0.762       0.752   0.00076       
2025-11-13 10:30:07     262        0.557        0.567       0.762       0.757   0.00076      *
2025-11-13 10:30:09     263        0.557        0.568       0.756       0.750   0.00075       
2025-11-13 10:30:10     264        0.557        0.570       0.773       0.758   0.00074       
2025-11-13 10:30:12     265        0.557        0.568       0.767       0.756   0.00073       
2025-11-13 10:30:13     266        0.557        0.567       0.762       0.754   0.00073      *
2025-11-13 10:30:17     267        0.557        0.568       0.767       0.756   0.00072       
2025-11-13 10:30:18     268        0.557        0.568       0.767       0.756   0.00071       
2025-11-13 10:30:20     269        0.557        0.568       0.767       0.756   0.00070       
2025-11-13 10:30:21     270        0.557        0.568       0.767       0.756   0.00070       
2025-11-13 10:30:23     271        0.557        0.569       0.773       0.758   0.00069       
2025-11-13 10:30:24     272        0.557        0.568       0.767       0.753   0.00068       
2025-11-13 10:30:26     273        0.557        0.567       0.767       0.756   0.00068      *
2025-11-13 10:30:27     274        0.557        0.567       0.767       0.756   0.00067       
2025-11-13 10:30:29     275        0.557        0.569       0.773       0.758   0.00066       
2025-11-13 10:30:30     276        0.557        0.568       0.773       0.758   0.00066       
2025-11-13 10:30:32     277        0.556        0.567       0.767       0.756   0.00065       
2025-11-13 10:30:33     278        0.556        0.568       0.773       0.758   0.00064       
2025-11-13 10:30:35     279        0.556        0.569       0.773       0.758   0.00064       
2025-11-13 10:30:36     280        0.556        0.567       0.767       0.756   0.00063      *
2025-11-13 10:30:37     281        0.556        0.566       0.767       0.756   0.00062      *
2025-11-13 10:30:39     282        0.556        0.566       0.767       0.759   0.00062      *
2025-11-13 10:30:40     283        0.556        0.567       0.767       0.756   0.00061       
2025-11-13 10:30:42     284        0.556        0.567       0.773       0.758   0.00061       
2025-11-13 10:30:43     285        0.556        0.567       0.767       0.756   0.00060       
2025-11-13 10:30:45     286        0.556        0.566       0.767       0.756   0.00059       
2025-11-13 10:30:46     287        0.556        0.568       0.773       0.758   0.00059       
2025-11-13 10:30:48     288        0.556        0.566       0.762       0.748   0.00058       
2025-11-13 10:30:52     289        0.556        0.567       0.773       0.758   0.00058       
2025-11-13 10:30:53     290        0.556        0.567       0.773       0.758   0.00057       
2025-11-13 10:30:55     291        0.555        0.566       0.767       0.756   0.00056      *
2025-11-13 10:30:56     292        0.555        0.566       0.767       0.756   0.00056       
2025-11-13 10:30:58     293        0.555        0.566       0.767       0.753   0.00055       
2025-11-13 10:30:59     294        0.555        0.565       0.767       0.756   0.00055      *
2025-11-13 10:31:00     295        0.555        0.565       0.767       0.756   0.00054      *
2025-11-13 10:31:02     296        0.555        0.566       0.767       0.753   0.00054       
2025-11-13 10:31:03     297        0.555        0.567       0.773       0.758   0.00053       
2025-11-13 10:31:05     298        0.555        0.567       0.773       0.758   0.00053       
2025-11-13 10:31:06     299        0.555        0.566       0.773       0.758   0.00052       
2025-11-13 10:31:08     300        0.555        0.566       0.773       0.758   0.00052       
2025-11-13 10:31:09     301        0.555        0.567       0.773       0.758   0.00051       
2025-11-13 10:31:10     302        0.555        0.567       0.773       0.758   0.00051       
2025-11-13 10:31:12     303        0.555        0.566       0.773       0.758   0.00050       
2025-11-13 10:31:13     304        0.555        0.566       0.773       0.758   0.00050       
2025-11-13 10:31:15     305        0.555        0.566       0.773       0.758   0.00049       
2025-11-13 10:31:16     306        0.555        0.566       0.773       0.758   0.00049       
2025-11-13 10:31:18     307        0.555        0.566       0.773       0.758   0.00048       
2025-11-13 10:31:19     308        0.554        0.565       0.767       0.753   0.00048       
2025-11-13 10:31:20     309        0.554        0.566       0.773       0.758   0.00047       
2025-11-13 10:31:22     310        0.555        0.567       0.773       0.758   0.00047       
2025-11-13 10:31:26     311        0.555        0.567       0.773       0.758   0.00046       
2025-11-13 10:31:27     312        0.554        0.566       0.773       0.758   0.00046       
2025-11-13 10:31:29     313        0.554        0.566       0.773       0.758   0.00045       
2025-11-13 10:31:30     314        0.554        0.565       0.773       0.758   0.00045       
2025-11-13 10:31:32     315        0.554        0.565       0.773       0.758   0.00044      *
2025-11-13 10:31:33     316        0.554        0.565       0.767       0.756   0.00044      *
2025-11-13 10:31:35     317        0.554        0.566       0.773       0.758   0.00043       
2025-11-13 10:31:36     318        0.554        0.565       0.773       0.758   0.00043       
2025-11-13 10:31:38     319        0.554        0.566       0.773       0.758   0.00043       
2025-11-13 10:31:39     320        0.554        0.566       0.773       0.758   0.00042       
2025-11-13 10:31:41     321        0.554        0.566       0.773       0.758   0.00042       
2025-11-13 10:31:42     322        0.554        0.565       0.773       0.758   0.00041       
2025-11-13 10:31:44     323        0.553        0.564       0.767       0.756   0.00041      *
2025-11-13 10:31:45     324        0.553        0.564       0.767       0.756   0.00041      *
2025-11-13 10:31:47     325        0.553        0.565       0.773       0.758   0.00040       
2025-11-13 10:31:48     326        0.553        0.565       0.773       0.758   0.00040       
2025-11-13 10:31:50     327        0.553        0.565       0.773       0.758   0.00039       
2025-11-13 10:31:51     328        0.553        0.565       0.773       0.758   0.00039       
2025-11-13 10:31:53     329        0.553        0.565       0.773       0.758   0.00039       
2025-11-13 10:31:54     330        0.553        0.564       0.773       0.758   0.00038       
2025-11-13 10:31:55     331        0.553        0.565       0.773       0.758   0.00038       
2025-11-13 10:31:57     332        0.553        0.565       0.773       0.758   0.00037       
2025-11-13 10:32:01     333        0.553        0.565       0.773       0.758   0.00037       
2025-11-13 10:32:03     334        0.553        0.566       0.773       0.758   0.00037       
2025-11-13 10:32:04     335        0.553        0.565       0.773       0.758   0.00036       
2025-11-13 10:32:06     336        0.553        0.565       0.773       0.758   0.00036       
2025-11-13 10:32:07     337        0.553        0.565       0.773       0.758   0.00036       
2025-11-13 10:32:09     338        0.553        0.565       0.773       0.758   0.00035       
2025-11-13 10:32:10     339        0.553        0.564       0.773       0.761   0.00035       
2025-11-13 10:32:12     340        0.553        0.563       0.767       0.756   0.00034      *
2025-11-13 10:32:13     341        0.553        0.563       0.767       0.756   0.00034      *
2025-11-13 10:32:14     342        0.553        0.563       0.767       0.756   0.00034       
2025-11-13 10:32:16     343        0.553        0.564       0.773       0.758   0.00033       
2025-11-13 10:32:18     344        0.553        0.563       0.767       0.756   0.00033       
2025-11-13 10:32:19     345        0.553        0.563       0.773       0.764   0.00033      *
2025-11-13 10:32:20     346        0.553        0.563       0.773       0.761   0.00032       
2025-11-13 10:32:22     347        0.553        0.564       0.773       0.758   0.00032       
2025-11-13 10:32:23     348        0.553        0.564       0.773       0.758   0.00032       
2025-11-13 10:32:25     349        0.552        0.563       0.773       0.761   0.00032       
2025-11-13 10:32:26     350        0.552        0.563       0.773       0.758   0.00031       
2025-11-13 10:32:27     351        0.552        0.564       0.773       0.758   0.00031       
2025-11-13 10:32:29     352        0.552        0.563       0.773       0.761   0.00031       
2025-11-13 10:32:30     353        0.552        0.563       0.773       0.758   0.00030       
2025-11-13 10:32:32     354        0.552        0.564       0.773       0.758   0.00030       
2025-11-13 10:32:33     355        0.552        0.564       0.773       0.758   0.00030       
2025-11-13 10:32:38     356        0.552        0.563       0.773       0.761   0.00029       
2025-11-13 10:32:39     357        0.552        0.563       0.773       0.761   0.00029       
2025-11-13 10:32:41     358        0.552        0.563       0.773       0.761   0.00029       
2025-11-13 10:32:42     359        0.552        0.563       0.773       0.761   0.00029       
2025-11-13 10:32:44     360        0.552        0.563       0.767       0.756   0.00028      *
2025-11-13 10:32:45     361        0.552        0.563       0.773       0.758   0.00028       
2025-11-13 10:32:47     362        0.552        0.563       0.767       0.753   0.00028       
2025-11-13 10:32:48     363        0.552        0.563       0.773       0.758   0.00027       
2025-11-13 10:32:49     364        0.552        0.563       0.773       0.758   0.00027       
2025-11-13 10:32:51     365        0.552        0.563       0.773       0.758   0.00027       
2025-11-13 10:32:52     366        0.552        0.563       0.773       0.758   0.00027       
2025-11-13 10:32:54     367        0.552        0.562       0.773       0.761   0.00026      *
2025-11-13 10:32:55     368        0.552        0.562       0.773       0.761   0.00026      *
2025-11-13 10:32:57     369        0.552        0.563       0.773       0.758   0.00026       
2025-11-13 10:32:58     370        0.552        0.563       0.773       0.761   0.00026       
2025-11-13 10:32:59     371        0.552        0.563       0.773       0.758   0.00025       
2025-11-13 10:33:01     372        0.552        0.563       0.773       0.758   0.00025       
2025-11-13 10:33:02     373        0.552        0.562       0.773       0.761   0.00025      *
2025-11-13 10:33:04     374        0.552        0.562       0.773       0.761   0.00025      *
2025-11-13 10:33:05     375        0.551        0.562       0.767       0.756   0.00024      *
2025-11-13 10:33:06     376        0.551        0.562       0.767       0.756   0.00024       
2025-11-13 10:33:08     377        0.552        0.563       0.773       0.758   0.00024       
2025-11-13 10:33:12     378        0.552        0.563       0.773       0.758   0.00024       
2025-11-13 10:33:14     379        0.551        0.563       0.773       0.758   0.00023       
2025-11-13 10:33:16     380        0.551        0.563       0.773       0.758   0.00023       
2025-11-13 10:33:17     381        0.552        0.563       0.773       0.758   0.00023       
2025-11-13 10:33:19     382        0.552        0.563       0.773       0.758   0.00023       
2025-11-13 10:33:20     383        0.551        0.563       0.773       0.758   0.00022       
2025-11-13 10:33:22     384        0.551        0.563       0.773       0.758   0.00022       
2025-11-13 10:33:23     385        0.551        0.563       0.773       0.758   0.00022       
2025-11-13 10:33:25     386        0.551        0.563       0.773       0.758   0.00022       
2025-11-13 10:33:26     387        0.551        0.563       0.773       0.758   0.00022       
2025-11-13 10:33:28     388        0.551        0.563       0.773       0.758   0.00021       
2025-11-13 10:33:29     389        0.551        0.563       0.773       0.758   0.00021       
2025-11-13 10:33:31     390        0.551        0.563       0.773       0.758   0.00021       
2025-11-13 10:33:32     391        0.551        0.563       0.773       0.758   0.00021       
2025-11-13 10:33:34     392        0.551        0.563       0.773       0.758   0.00020       
2025-11-13 10:33:35     393        0.551        0.563       0.773       0.758   0.00020       
2025-11-13 10:33:36     394        0.551        0.562       0.773       0.758   0.00020      *
2025-11-13 10:33:38     395        0.551        0.562       0.773       0.761   0.00020      *
2025-11-13 10:33:39     396        0.551        0.562       0.773       0.758   0.00020       
2025-11-13 10:33:41     397        0.551        0.563       0.773       0.758   0.00019       
2025-11-13 10:33:42     398        0.551        0.562       0.773       0.758   0.00019       
2025-11-13 10:33:44     399        0.551        0.562       0.773       0.758   0.00019       
2025-11-13 10:33:47     400        0.551        0.562       0.773       0.758   0.00019       
2025-11-13 10:33:49     401        0.551        0.562       0.773       0.758   0.00019       
2025-11-13 10:33:50     402        0.551        0.561       0.767       0.756   0.00019      *
2025-11-13 10:33:52     403        0.551        0.561       0.773       0.761   0.00018       
2025-11-13 10:33:53     404        0.551        0.562       0.773       0.758   0.00018       
2025-11-13 10:33:55     405        0.551        0.562       0.773       0.758   0.00018       
2025-11-13 10:33:56     406        0.551        0.561       0.773       0.761   0.00018       
2025-11-13 10:33:58     407        0.551        0.561       0.773       0.761   0.00018       
2025-11-13 10:33:59     408        0.551        0.561       0.767       0.753   0.00017       
2025-11-13 10:34:01     409        0.551        0.562       0.773       0.758   0.00017       
2025-11-13 10:34:02     410        0.551        0.562       0.773       0.758   0.00017       
2025-11-13 10:34:03     411        0.551        0.562       0.773       0.758   0.00017       
2025-11-13 10:34:05     412        0.551        0.561       0.767       0.753   0.00017       
2025-11-13 10:34:06     413        0.551        0.562       0.773       0.758   0.00017       
2025-11-13 10:34:08     414        0.551        0.562       0.773       0.758   0.00016       
2025-11-13 10:34:09     415        0.551        0.562       0.773       0.758   0.00016       
2025-11-13 10:34:10     416        0.551        0.562       0.773       0.758   0.00016       
2025-11-13 10:34:12     417        0.551        0.562       0.773       0.758   0.00016       
2025-11-13 10:34:13     418        0.551        0.562       0.773       0.758   0.00016       
2025-11-13 10:34:15     419        0.551        0.562       0.773       0.758   0.00016       
2025-11-13 10:34:16     420        0.550        0.562       0.773       0.758   0.00015       
2025-11-13 10:34:18     421        0.550        0.561       0.773       0.758   0.00015       
2025-11-13 10:34:22     422        0.550        0.562       0.773       0.758   0.00015       
2025-11-13 10:34:22   --- Training ended ---
2025-11-13 10:34:22   Number of model parameters: 1537
2025-11-13 10:34:22   Training time: 0:11:20
2025-11-13 10:34:22   Best epoch: 402
2025-11-13 10:34:22   Best valid loss: 0.561
2025-11-13 10:34:22   Best valid accuracy (macro): 0.767
2025-11-13 10:34:22   Best F1 score: 0.756
