2025-05-25 05:38:50   --- Hyperparameters ---
2025-05-25 05:38:50   model = DenseMsaNet(
2025-05-25 05:38:50     (dense_layer1): Sequential(
2025-05-25 05:38:50       (0): Linear(in_features=22, out_features=100, bias=True)
2025-05-25 05:38:50       (1): ReLU()
2025-05-25 05:38:50       (2): Dropout(p=0.2, inplace=False)
2025-05-25 05:38:50     )
2025-05-25 05:38:50     (dense_layer2): Linear(in_features=100, out_features=1, bias=True)
2025-05-25 05:38:50   )
2025-05-25 05:38:50   split_proportion = 0.9
2025-05-25 05:38:50   batch_pad_sequences = False
2025-05-25 05:38:50   learning_rate = 0.01
2025-05-25 05:38:50   batch_size = 64
2025-05-25 05:38:50   max_epochs = 500
2025-05-25 05:38:50   early_stopping_patience = 20
2025-05-25 05:38:50   --- Creating loaders ---
2025-05-25 05:38:50   --- nvidia-smi output ---
2025-05-25 05:38:50   nvidia-smi cannot be run: Command 'nvidia-smi' returned non-zero exit status 18.
2025-05-25 05:38:50   --- Training start ---
2025-05-25 05:38:50   Start training using cuda device.
2025-05-25 05:38:50   Number of model parameters: 2401.
2025-05-25 05:38:50   Epoch   Train loss   Valid loss   Valid acc    F1-score        Lr   Best
2025-05-25 05:38:50   ------------------------------------------------------------------------
2025-05-25 05:39:00       1        0.693        0.693       0.490       0.547   0.00000      *
2025-05-25 05:39:01       2        0.653        0.647       0.644       0.633   0.00250      *
2025-05-25 05:39:01       3        0.555        0.541       0.767       0.837   0.00500      *
2025-05-25 05:39:02       4        0.480        0.455       0.800       0.843   0.00750      *
2025-05-25 05:39:02       5        0.456        0.431       0.810       0.860   0.01000      *
2025-05-25 05:39:03       6        0.448        0.424       0.823       0.865   0.00990      *
2025-05-25 05:39:03       7        0.449        0.428       0.815       0.860   0.00980       
2025-05-25 05:39:03       8        0.451        0.433       0.797       0.851   0.00970       
2025-05-25 05:39:04       9        0.460        0.434       0.805       0.841   0.00961       
2025-05-25 05:39:04      10        0.438        0.415       0.826       0.866   0.00951      *
2025-05-25 05:39:04      11        0.438        0.420       0.821       0.864   0.00941       
2025-05-25 05:39:05      12        0.434        0.416       0.831       0.872   0.00932       
2025-05-25 05:39:05      13        0.427        0.408       0.823       0.865   0.00923      *
2025-05-25 05:39:05      14        0.429        0.410       0.808       0.849   0.00914       
2025-05-25 05:39:06      15        0.423        0.407       0.823       0.863   0.00904      *
2025-05-25 05:39:06      16        0.421        0.404       0.815       0.858   0.00895      *
2025-05-25 05:39:07      17        0.417        0.402       0.815       0.856   0.00886      *
2025-05-25 05:39:07      18        0.417        0.400       0.815       0.857   0.00878      *
2025-05-25 05:39:07      19        0.415        0.404       0.813       0.859   0.00869       
2025-05-25 05:39:08      20        0.413        0.402       0.818       0.860   0.00860       
2025-05-25 05:39:08      21        0.417        0.402       0.828       0.863   0.00851       
2025-05-25 05:39:08      22        0.415        0.408       0.808       0.856   0.00843       
2025-05-25 05:39:09      23        0.430        0.422       0.797       0.852   0.00835       
2025-05-25 05:39:09      24        0.414        0.407       0.797       0.848   0.00826       
2025-05-25 05:39:10      25        0.410        0.403       0.803       0.852   0.00818       
2025-05-25 05:39:10      26        0.407        0.400       0.810       0.854   0.00810      *
2025-05-25 05:39:10      27        0.432        0.421       0.826       0.856   0.00802       
2025-05-25 05:39:11      28        0.411        0.403       0.800       0.849   0.00794       
2025-05-25 05:39:11      29        0.410        0.403       0.805       0.852   0.00786       
2025-05-25 05:39:11      30        0.414        0.404       0.828       0.862   0.00778       
2025-05-25 05:39:12      31        0.403        0.396       0.818       0.858   0.00770      *
2025-05-25 05:39:12      32        0.410        0.402       0.828       0.863   0.00762       
2025-05-25 05:39:13      33        0.402        0.399       0.805       0.850   0.00755       
2025-05-25 05:39:13      34        0.401        0.398       0.818       0.858   0.00747       
2025-05-25 05:39:13      35        0.402        0.394       0.815       0.859   0.00740      *
2025-05-25 05:39:14      36        0.406        0.406       0.797       0.848   0.00732       
2025-05-25 05:39:14      37        0.402        0.393       0.826       0.862   0.00725      *
2025-05-25 05:39:14      38        0.400        0.395       0.813       0.856   0.00718       
2025-05-25 05:39:15      39        0.398        0.395       0.821       0.862   0.00711       
2025-05-25 05:39:15      40        0.398        0.395       0.831       0.867   0.00703       
2025-05-25 05:39:16      41        0.396        0.394       0.828       0.868   0.00696       
2025-05-25 05:39:16      42        0.411        0.409       0.828       0.861   0.00689       
2025-05-25 05:39:16      43        0.397        0.398       0.797       0.848   0.00683       
2025-05-25 05:39:17      44        0.396        0.393       0.828       0.866   0.00676       
2025-05-25 05:39:17      45        0.398        0.397       0.833       0.868   0.00669       
2025-05-25 05:39:17      46        0.396        0.395       0.815       0.859   0.00662       
2025-05-25 05:39:17      47        0.401        0.400       0.833       0.867   0.00656       
2025-05-25 05:39:18      48        0.403        0.398       0.828       0.862   0.00649       
2025-05-25 05:39:18      49        0.392        0.391       0.836       0.871   0.00643      *
2025-05-25 05:39:18      50        0.395        0.394       0.800       0.850   0.00636       
2025-05-25 05:39:19      51        0.392        0.395       0.821       0.862   0.00630       
2025-05-25 05:39:19      52        0.391        0.390       0.823       0.863   0.00624      *
2025-05-25 05:39:19      53        0.393        0.399       0.803       0.852   0.00617       
2025-05-25 05:39:20      54        0.391        0.388       0.828       0.867   0.00611      *
2025-05-25 05:39:20      55        0.391        0.392       0.833       0.869   0.00605       
2025-05-25 05:39:20      56        0.394        0.400       0.833       0.867   0.00599       
2025-05-25 05:39:21      57        0.388        0.388       0.823       0.864   0.00593       
2025-05-25 05:39:21      58        0.396        0.404       0.800       0.851   0.00587       
2025-05-25 05:39:21      59        0.386        0.386       0.838       0.874   0.00581      *
2025-05-25 05:39:22      60        0.389        0.393       0.808       0.854   0.00575       
2025-05-25 05:39:22      61        0.386        0.393       0.808       0.853   0.00570       
2025-05-25 05:39:23      62        0.385        0.387       0.831       0.869   0.00564       
2025-05-25 05:39:23      63        0.385        0.392       0.826       0.865   0.00558       
2025-05-25 05:39:23      64        0.386        0.388       0.836       0.871   0.00553       
2025-05-25 05:39:24      65        0.384        0.387       0.838       0.873   0.00547       
2025-05-25 05:39:24      66        0.384        0.387       0.831       0.867   0.00542       
2025-05-25 05:39:24      67        0.383        0.389       0.828       0.867   0.00536       
2025-05-25 05:39:25      68        0.383        0.387       0.838       0.873   0.00531       
2025-05-25 05:39:25      69        0.382        0.393       0.821       0.862   0.00526       
2025-05-25 05:39:25      70        0.381        0.389       0.841       0.874   0.00520       
2025-05-25 05:39:26      71        0.380        0.391       0.826       0.866   0.00515       
2025-05-25 05:39:26      72        0.381        0.392       0.821       0.862   0.00510       
2025-05-25 05:39:27      73        0.380        0.395       0.828       0.866   0.00505       
2025-05-25 05:39:27      74        0.389        0.399       0.803       0.852   0.00500       
2025-05-25 05:39:27      75        0.378        0.385       0.828       0.867   0.00495      *
2025-05-25 05:39:28      76        0.384        0.397       0.838       0.872   0.00490       
2025-05-25 05:39:28      77        0.389        0.401       0.805       0.855   0.00485       
2025-05-25 05:39:28      78        0.377        0.389       0.828       0.867   0.00480       
2025-05-25 05:39:29      79        0.379        0.390       0.810       0.856   0.00475       
2025-05-25 05:39:29      80        0.381        0.394       0.797       0.847   0.00471       
2025-05-25 05:39:30      81        0.391        0.403       0.833       0.865   0.00466       
2025-05-25 05:39:30      82        0.380        0.391       0.810       0.857   0.00461       
2025-05-25 05:39:30      83        0.378        0.391       0.810       0.856   0.00457       
2025-05-25 05:39:31      84        0.376        0.387       0.826       0.864   0.00452       
2025-05-25 05:39:31      85        0.374        0.388       0.828       0.866   0.00448       
2025-05-25 05:39:32      86        0.376        0.388       0.838       0.873   0.00443       
2025-05-25 05:39:32      87        0.378        0.392       0.831       0.866   0.00439       
2025-05-25 05:39:33      88        0.376        0.391       0.841       0.874   0.00434       
2025-05-25 05:39:33      89        0.373        0.390       0.831       0.869   0.00430       
2025-05-25 05:39:34      90        0.373        0.389       0.821       0.862   0.00426       
2025-05-25 05:39:34      91        0.374        0.388       0.838       0.872   0.00421       
2025-05-25 05:39:34      92        0.371        0.386       0.828       0.867   0.00417       
2025-05-25 05:39:35      93        0.372        0.388       0.831       0.868   0.00413       
2025-05-25 05:39:35      94        0.376        0.395       0.803       0.851   0.00409       
2025-05-25 05:39:35      95        0.372        0.391       0.818       0.860   0.00405       
2025-05-25 05:39:35   --- Training ended ---
2025-05-25 05:39:35   Number of model parameters: 2401
2025-05-25 05:39:35   Training time: 0:00:45
2025-05-25 05:39:35   Best epoch: 75
2025-05-25 05:39:35   Best valid loss: 0.385
2025-05-25 05:39:35   Best valid accuracy (macro): 0.828
2025-05-25 05:39:35   Best F1 score: 0.867
