2025-05-25 03:39:17   --- Preprocessing base data ---
2025-05-25 03:39:17   Tokenizing real alignments...
2025-05-25 03:39:18   Removing sequences with ambiguous tokens...
2025-05-25 03:39:18   0/20290 sequences have been removed from 0/1497 alignements due to ambiguous sites.
2025-05-25 03:39:18   Tokenizing simulated alignments...
2025-05-25 03:39:19   Removing sequences with ambiguous tokens...
2025-05-25 03:39:19   0/17109 sequences have been removed from 0/2413 alignements due to ambiguous sites.
2025-05-25 03:39:19   Checking alignments...
2025-05-25 03:39:19   30 renamed keys in simulated aligns.
2025-05-25 03:39:19   Creating labels...
2025-05-25 03:39:19   Merging aligns and labels...
2025-05-25 03:39:19   Total number of alignments: 3910
2025-05-25 03:39:19   --- Start running LogisticRegressionClassifier ---
2025-05-25 03:39:19   --- End running LogisticRegressionClassifier ---
2025-05-25 03:39:19   --- Start running DenseMsaClassifier ---
2025-05-25 03:39:55   --- End running DenseMsaClassifier ---
2025-05-25 03:39:55   --- Start running DenseSiteClassifier ---
2025-05-25 03:40:27   --- End running DenseSiteClassifier ---
2025-05-25 03:40:27   --- Start running AACnnClassifier ---
2025-05-25 03:50:32   --- End running AACnnClassifier ---
