2025-05-24 20:58:40   --- Hyperparameters ---
2025-05-24 20:58:40   model = DenseSiteNet(
2025-05-24 20:58:40     (dense_layer1): Sequential(
2025-05-24 20:58:40       (0): Linear(in_features=106722, out_features=100, bias=True)
2025-05-24 20:58:40       (1): ReLU()
2025-05-24 20:58:40       (2): Dropout(p=0.2, inplace=False)
2025-05-24 20:58:40     )
2025-05-24 20:58:40     (dense_layer2): Linear(in_features=100, out_features=1, bias=True)
2025-05-24 20:58:40   )
2025-05-24 20:58:40   split_proportion = 0.9
2025-05-24 20:58:40   batch_pad_sequences = False
2025-05-24 20:58:40   learning_rate = 0.01
2025-05-24 20:58:40   batch_size = 64
2025-05-24 20:58:40   max_epochs = 500
2025-05-24 20:58:40   early_stopping_patience = 20
2025-05-24 20:58:40   --- Creating loaders ---
2025-05-24 20:58:40   --- nvidia-smi output ---
2025-05-24 20:58:40   nvidia-smi cannot be run: Command 'nvidia-smi' returned non-zero exit status 18.
2025-05-24 20:58:40   --- Training start ---
2025-05-24 20:58:40   Start training using cuda device.
2025-05-24 20:58:40   Number of model parameters: 10672401.
2025-05-24 20:58:40   Epoch   Train loss   Valid loss   Valid acc    F1-score        Lr   Best
2025-05-24 20:58:40   ------------------------------------------------------------------------
2025-05-24 20:58:42       1        0.686        0.686       0.372       0.000   0.00000      *
2025-05-24 20:58:44       2        0.248        0.428       0.828       0.874   0.00250      *
2025-05-24 20:58:45       3        0.154        0.418       0.836       0.871   0.00500      *
2025-05-24 20:58:46       4        0.089        0.613       0.805       0.836   0.00750       
2025-05-24 20:58:48       5        0.071        0.750       0.803       0.841   0.01000       
2025-05-24 20:58:49       6        0.034        0.868       0.818       0.855   0.00990       
2025-05-24 20:58:50       7        0.014        1.170       0.810       0.847   0.00980       
2025-05-24 20:58:51       8        0.019        1.336       0.782       0.813   0.00970       
2025-05-24 20:58:53       9        0.012        1.127       0.815       0.852   0.00961       
2025-05-24 20:58:54      10        0.019        1.101       0.803       0.838   0.00951       
2025-05-24 20:58:55      11        0.005        1.437       0.805       0.844   0.00941       
2025-05-24 20:58:57      12        0.019        1.622       0.810       0.850   0.00932       
2025-05-24 20:58:58      13        0.003        1.612       0.787       0.826   0.00923       
2025-05-24 20:58:59      14        0.005        1.565       0.795       0.834   0.00914       
2025-05-24 20:59:00      15        0.002        1.612       0.813       0.848   0.00904       
2025-05-24 20:59:02      16        0.001        1.699       0.797       0.832   0.00895       
2025-05-24 20:59:03      17        0.001        1.663       0.808       0.843   0.00886       
2025-05-24 20:59:04      18        0.000        1.678       0.818       0.852   0.00878       
2025-05-24 20:59:05      19        0.000        1.678       0.823       0.858   0.00869       
2025-05-24 20:59:07      20        0.000        1.715       0.815       0.849   0.00860       
2025-05-24 20:59:08      21        0.000        1.731       0.815       0.849   0.00851       
2025-05-24 20:59:09      22        0.000        1.711       0.823       0.858   0.00843       
2025-05-24 20:59:11      23        0.000        1.648       0.810       0.844   0.00835       
2025-05-24 20:59:11   --- Training ended ---
2025-05-24 20:59:11   Number of model parameters: 10672401
2025-05-24 20:59:11   Training time: 0:00:30
2025-05-24 20:59:11   Best epoch: 3
2025-05-24 20:59:11   Best valid loss: 0.418
2025-05-24 20:59:11   Best valid accuracy (macro): 0.836
2025-05-24 20:59:11   Best F1 score: 0.871
