2025-05-25 03:23:15   --- Preprocessing base data ---
2025-05-25 03:23:15   Tokenizing real alignments...
2025-05-25 03:23:15   Removing sequences with ambiguous tokens...
2025-05-25 03:23:15   0/20290 sequences have been removed from 0/1497 alignements due to ambiguous sites.
2025-05-25 03:23:15   Tokenizing simulated alignments...
2025-05-25 03:23:16   Removing sequences with ambiguous tokens...
2025-05-25 03:23:16   0/17109 sequences have been removed from 0/2413 alignements due to ambiguous sites.
2025-05-25 03:23:16   Checking alignments...
2025-05-25 03:23:16   30 renamed keys in simulated aligns.
2025-05-25 03:23:16   Creating labels...
2025-05-25 03:23:16   Merging aligns and labels...
2025-05-25 03:23:16   Total number of alignments: 3910
2025-05-25 03:23:16   --- Start running LogisticRegressionClassifier ---
2025-05-25 03:23:17   --- End running LogisticRegressionClassifier ---
2025-05-25 03:23:17   --- Start running DenseMsaClassifier ---
2025-05-25 03:23:46   --- End running DenseMsaClassifier ---
2025-05-25 03:23:46   --- Start running DenseSiteClassifier ---
2025-05-25 03:24:17   --- End running DenseSiteClassifier ---
2025-05-25 03:24:17   --- Start running AACnnClassifier ---
2025-05-25 03:29:17   --- End running AACnnClassifier ---
