2025-05-24 20:41:15   --- Hyperparameters ---
2025-05-24 20:41:15   model = DenseSiteNet(
2025-05-24 20:41:15     (dense_layer1): Sequential(
2025-05-24 20:41:15       (0): Linear(in_features=106722, out_features=100, bias=True)
2025-05-24 20:41:15       (1): ReLU()
2025-05-24 20:41:15       (2): Dropout(p=0.2, inplace=False)
2025-05-24 20:41:15     )
2025-05-24 20:41:15     (dense_layer2): Linear(in_features=100, out_features=1, bias=True)
2025-05-24 20:41:15   )
2025-05-24 20:41:15   split_proportion = 0.9
2025-05-24 20:41:15   batch_pad_sequences = False
2025-05-24 20:41:15   learning_rate = 0.01
2025-05-24 20:41:15   batch_size = 64
2025-05-24 20:41:15   max_epochs = 500
2025-05-24 20:41:15   early_stopping_patience = 20
2025-05-24 20:41:15   --- Creating loaders ---
2025-05-24 20:41:15   --- nvidia-smi output ---
2025-05-24 20:41:15   nvidia-smi cannot be run: Command 'nvidia-smi' returned non-zero exit status 18.
2025-05-24 20:41:15   --- Training start ---
2025-05-24 20:41:15   Start training using cuda device.
2025-05-24 20:41:15   Number of model parameters: 10672401.
2025-05-24 20:41:15   Epoch   Train loss   Valid loss   Valid acc    F1-score        Lr   Best
2025-05-24 20:41:15   ------------------------------------------------------------------------
2025-05-24 20:41:18       1        0.685        0.684       0.372       0.000   0.00000      *
2025-05-24 20:41:20       2        0.260        0.439       0.810       0.848   0.00250      *
2025-05-24 20:41:21       3        0.156        0.573       0.764       0.826   0.00500       
2025-05-24 20:41:23       4        0.076        0.748       0.777       0.826   0.00750       
2025-05-24 20:41:24       5        0.069        1.167       0.762       0.808   0.01000       
2025-05-24 20:41:25       6        0.059        1.148       0.759       0.828   0.00990       
2025-05-24 20:41:27       7        0.016        1.637       0.749       0.808   0.00980       
2025-05-24 20:41:28       8        0.008        1.947       0.762       0.822   0.00970       
2025-05-24 20:41:29       9        0.004        1.850       0.749       0.800   0.00961       
2025-05-24 20:41:30      10        0.010        2.601       0.754       0.817   0.00951       
2025-05-24 20:41:31      11        0.032        2.183       0.754       0.820   0.00941       
2025-05-24 20:41:32      12        0.007        1.707       0.764       0.819   0.00932       
2025-05-24 20:41:33      13        0.003        2.064       0.762       0.821   0.00923       
2025-05-24 20:41:34      14        0.009        1.915       0.782       0.821   0.00914       
2025-05-24 20:41:36      15        0.048        3.105       0.759       0.797   0.00904       
2025-05-24 20:41:37      16        0.010        2.399       0.795       0.841   0.00895       
2025-05-24 20:41:38      17        0.003        1.896       0.792       0.838   0.00886       
2025-05-24 20:41:39      18        0.003        1.893       0.772       0.822   0.00878       
2025-05-24 20:41:40      19        0.005        2.344       0.779       0.827   0.00869       
2025-05-24 20:41:41      20        0.001        1.534       0.787       0.832   0.00860       
2025-05-24 20:41:43      21        0.001        1.682       0.785       0.829   0.00851       
2025-05-24 20:41:44      22        0.000        1.722       0.782       0.830   0.00843       
2025-05-24 20:41:44   --- Training ended ---
2025-05-24 20:41:44   Number of model parameters: 10672401
2025-05-24 20:41:44   Training time: 0:00:28
2025-05-24 20:41:44   Best epoch: 2
2025-05-24 20:41:44   Best valid loss: 0.439
2025-05-24 20:41:44   Best valid accuracy (macro): 0.810
2025-05-24 20:41:44   Best F1 score: 0.848
