2025-05-25 03:39:19   --- Hyperparameters ---
2025-05-25 03:39:19   model = DenseMsaNet(
2025-05-25 03:39:19     (dense_layer1): Sequential(
2025-05-25 03:39:19       (0): Linear(in_features=22, out_features=100, bias=True)
2025-05-25 03:39:19       (1): ReLU()
2025-05-25 03:39:19       (2): Dropout(p=0.2, inplace=False)
2025-05-25 03:39:19     )
2025-05-25 03:39:19     (dense_layer2): Linear(in_features=100, out_features=1, bias=True)
2025-05-25 03:39:19   )
2025-05-25 03:39:19   split_proportion = 0.9
2025-05-25 03:39:19   batch_pad_sequences = False
2025-05-25 03:39:19   learning_rate = 0.01
2025-05-25 03:39:19   batch_size = 64
2025-05-25 03:39:19   max_epochs = 500
2025-05-25 03:39:19   early_stopping_patience = 20
2025-05-25 03:39:19   --- Creating loaders ---
2025-05-25 03:39:20   --- nvidia-smi output ---
2025-05-25 03:39:20   nvidia-smi cannot be run: Command 'nvidia-smi' returned non-zero exit status 18.
2025-05-25 03:39:20   --- Training start ---
2025-05-25 03:39:20   Start training using cuda device.
2025-05-25 03:39:20   Number of model parameters: 2401.
2025-05-25 03:39:20   Epoch   Train loss   Valid loss   Valid acc    F1-score        Lr   Best
2025-05-25 03:39:20   ------------------------------------------------------------------------
2025-05-25 03:39:21       1        0.695        0.695       0.367       0.054   0.00000      *
2025-05-25 03:39:21       2        0.655        0.647       0.697       0.803   0.00250      *
2025-05-25 03:39:22       3        0.563        0.548       0.703       0.805   0.00500      *
2025-05-25 03:39:22       4        0.472        0.448       0.808       0.851   0.00750      *
2025-05-25 03:39:22       5        0.445        0.421       0.813       0.853   0.01000      *
2025-05-25 03:39:22       6        0.433        0.412       0.810       0.856   0.00990      *
2025-05-25 03:39:23       7        0.444        0.429       0.808       0.861   0.00980       
2025-05-25 03:39:23       8        0.427        0.408       0.808       0.852   0.00970      *
2025-05-25 03:39:23       9        0.427        0.414       0.810       0.858   0.00961       
2025-05-25 03:39:24      10        0.424        0.405       0.810       0.852   0.00951      *
2025-05-25 03:39:24      11        0.442        0.419       0.810       0.844   0.00941       
2025-05-25 03:39:24      12        0.416        0.402       0.813       0.858   0.00932      *
2025-05-25 03:39:25      13        0.424        0.405       0.815       0.852   0.00923       
2025-05-25 03:39:25      14        0.417        0.401       0.818       0.857   0.00914      *
2025-05-25 03:39:25      15        0.409        0.397       0.815       0.859   0.00904      *
2025-05-25 03:39:26      16        0.421        0.402       0.815       0.852   0.00895       
2025-05-25 03:39:26      17        0.405        0.394       0.818       0.863   0.00886      *
2025-05-25 03:39:26      18        0.404        0.393       0.821       0.864   0.00878      *
2025-05-25 03:39:27      19        0.402        0.390       0.826       0.868   0.00869      *
2025-05-25 03:39:27      20        0.411        0.400       0.800       0.854   0.00860       
2025-05-25 03:39:27      21        0.401        0.387       0.831       0.865   0.00851      *
2025-05-25 03:39:28      22        0.396        0.383       0.833       0.870   0.00843      *
2025-05-25 03:39:28      23        0.396        0.383       0.831       0.869   0.00835       
2025-05-25 03:39:28      24        0.399        0.387       0.831       0.865   0.00826       
2025-05-25 03:39:28      25        0.391        0.379       0.831       0.869   0.00818      *
2025-05-25 03:39:29      26        0.391        0.379       0.833       0.871   0.00810      *
2025-05-25 03:39:29      27        0.392        0.376       0.836       0.869   0.00802      *
2025-05-25 03:39:29      28        0.387        0.374       0.838       0.873   0.00794      *
2025-05-25 03:39:30      29        0.389        0.378       0.833       0.868   0.00786       
2025-05-25 03:39:30      30        0.386        0.376       0.831       0.871   0.00778       
2025-05-25 03:39:30      31        0.386        0.373       0.836       0.874   0.00770      *
2025-05-25 03:39:31      32        0.395        0.392       0.815       0.865   0.00762       
2025-05-25 03:39:31      33        0.392        0.388       0.826       0.871   0.00755       
2025-05-25 03:39:31      34        0.401        0.387       0.826       0.857   0.00747       
2025-05-25 03:39:32      35        0.385        0.378       0.823       0.868   0.00740       
2025-05-25 03:39:32      36        0.381        0.371       0.838       0.877   0.00732      *
2025-05-25 03:39:32      37        0.411        0.396       0.831       0.860   0.00725       
2025-05-25 03:39:32      38        0.378        0.366       0.828       0.865   0.00718      *
2025-05-25 03:39:33      39        0.376        0.366       0.841       0.876   0.00711       
2025-05-25 03:39:33      40        0.373        0.365       0.841       0.876   0.00703      *
2025-05-25 03:39:33      41        0.373        0.363       0.831       0.867   0.00696      *
2025-05-25 03:39:34      42        0.373        0.366       0.836       0.873   0.00689       
2025-05-25 03:39:34      43        0.373        0.367       0.831       0.870   0.00683       
2025-05-25 03:39:34      44        0.372        0.369       0.836       0.874   0.00676       
2025-05-25 03:39:35      45        0.372        0.367       0.828       0.870   0.00669       
2025-05-25 03:39:35      46        0.380        0.369       0.841       0.871   0.00662       
2025-05-25 03:39:35      47        0.369        0.367       0.831       0.872   0.00656       
2025-05-25 03:39:35      48        0.367        0.360       0.831       0.867   0.00649      *
2025-05-25 03:39:36      49        0.373        0.364       0.841       0.872   0.00643       
2025-05-25 03:39:36      50        0.366        0.363       0.836       0.873   0.00636       
2025-05-25 03:39:36      51        0.368        0.365       0.833       0.874   0.00630       
2025-05-25 03:39:37      52        0.369        0.371       0.831       0.872   0.00624       
2025-05-25 03:39:37      53        0.366        0.359       0.833       0.868   0.00617      *
2025-05-25 03:39:37      54        0.363        0.358       0.838       0.876   0.00611      *
2025-05-25 03:39:38      55        0.364        0.364       0.828       0.869   0.00605       
2025-05-25 03:39:38      56        0.362        0.361       0.838       0.875   0.00599       
2025-05-25 03:39:38      57        0.363        0.362       0.841       0.873   0.00593       
2025-05-25 03:39:39      58        0.361        0.359       0.836       0.872   0.00587       
2025-05-25 03:39:39      59        0.362        0.360       0.833       0.868   0.00581       
2025-05-25 03:39:39      60        0.359        0.360       0.838       0.874   0.00575       
2025-05-25 03:39:39      61        0.364        0.369       0.831       0.873   0.00570       
2025-05-25 03:39:40      62        0.357        0.359       0.841       0.877   0.00564       
2025-05-25 03:39:40      63        0.358        0.363       0.838       0.877   0.00558       
2025-05-25 03:39:40      64        0.357        0.363       0.831       0.871   0.00553       
2025-05-25 03:39:41      65        0.355        0.357       0.841       0.877   0.00547      *
2025-05-25 03:39:41      66        0.353        0.357       0.841       0.878   0.00542       
2025-05-25 03:39:41      67        0.355        0.359       0.844       0.880   0.00536       
2025-05-25 03:39:42      68        0.353        0.360       0.833       0.872   0.00531       
2025-05-25 03:39:42      69        0.353        0.360       0.841       0.878   0.00526       
2025-05-25 03:39:42      70        0.360        0.372       0.823       0.868   0.00520       
2025-05-25 03:39:43      71        0.351        0.361       0.831       0.871   0.00515       
2025-05-25 03:39:43      72        0.352        0.356       0.849       0.881   0.00510      *
2025-05-25 03:39:43      73        0.354        0.365       0.826       0.869   0.00505       
2025-05-25 03:39:43      74        0.356        0.361       0.844       0.875   0.00500       
2025-05-25 03:39:44      75        0.349        0.358       0.831       0.870   0.00495       
2025-05-25 03:39:44      76        0.354        0.363       0.833       0.875   0.00490       
2025-05-25 03:39:44      77        0.349        0.355       0.841       0.878   0.00485      *
2025-05-25 03:39:45      78        0.348        0.356       0.841       0.874   0.00480       
2025-05-25 03:39:45      79        0.347        0.356       0.838       0.876   0.00475       
2025-05-25 03:39:45      80        0.345        0.356       0.846       0.880   0.00471       
2025-05-25 03:39:46      81        0.348        0.360       0.833       0.874   0.00466       
2025-05-25 03:39:46      82        0.343        0.352       0.838       0.876   0.00461      *
2025-05-25 03:39:46      83        0.344        0.356       0.849       0.882   0.00457       
2025-05-25 03:39:46      84        0.346        0.356       0.844       0.881   0.00452       
2025-05-25 03:39:47      85        0.346        0.361       0.833       0.873   0.00448       
2025-05-25 03:39:47      86        0.343        0.352       0.849       0.881   0.00443      *
2025-05-25 03:39:47      87        0.351        0.367       0.838       0.880   0.00439       
2025-05-25 03:39:48      88        0.345        0.358       0.844       0.881   0.00434       
2025-05-25 03:39:48      89        0.340        0.353       0.844       0.877   0.00430       
2025-05-25 03:39:48      90        0.343        0.354       0.844       0.876   0.00426       
2025-05-25 03:39:49      91        0.341        0.351       0.846       0.880   0.00421      *
2025-05-25 03:39:49      92        0.340        0.350       0.849       0.881   0.00417      *
2025-05-25 03:39:49      93        0.342        0.355       0.838       0.874   0.00413       
2025-05-25 03:39:50      94        0.338        0.353       0.838       0.875   0.00409       
2025-05-25 03:39:50      95        0.342        0.359       0.838       0.878   0.00405       
2025-05-25 03:39:50      96        0.347        0.366       0.841       0.881   0.00401       
2025-05-25 03:39:50      97        0.336        0.353       0.838       0.875   0.00397       
2025-05-25 03:39:51      98        0.336        0.356       0.844       0.879   0.00393       
2025-05-25 03:39:51      99        0.336        0.355       0.844       0.880   0.00389       
2025-05-25 03:39:51     100        0.339        0.352       0.851       0.883   0.00385       
2025-05-25 03:39:52     101        0.337        0.355       0.836       0.871   0.00381       
2025-05-25 03:39:52     102        0.336        0.355       0.838       0.875   0.00377       
2025-05-25 03:39:52     103        0.337        0.354       0.836       0.870   0.00373       
2025-05-25 03:39:53     104        0.334        0.351       0.846       0.881   0.00370       
2025-05-25 03:39:53     105        0.335        0.351       0.841       0.878   0.00366       
2025-05-25 03:39:53     106        0.335        0.351       0.849       0.882   0.00362       
2025-05-25 03:39:53     107        0.340        0.357       0.846       0.877   0.00359       
2025-05-25 03:39:54     108        0.333        0.351       0.844       0.878   0.00355       
2025-05-25 03:39:54     109        0.332        0.352       0.846       0.880   0.00352       
2025-05-25 03:39:54     110        0.336        0.354       0.844       0.875   0.00348       
2025-05-25 03:39:55     111        0.331        0.353       0.844       0.879   0.00345       
2025-05-25 03:39:55     112        0.335        0.358       0.844       0.881   0.00341       
2025-05-25 03:39:55   --- Training ended ---
2025-05-25 03:39:55   Number of model parameters: 2401
2025-05-25 03:39:55   Training time: 0:00:35
2025-05-25 03:39:55   Best epoch: 92
2025-05-25 03:39:55   Best valid loss: 0.350
2025-05-25 03:39:55   Best valid accuracy (macro): 0.849
2025-05-25 03:39:55   Best F1 score: 0.881
