2025-05-25 03:16:24   --- Hyperparameters ---
2025-05-25 03:16:24   model = DenseMsaNet(
2025-05-25 03:16:24     (dense_layer1): Sequential(
2025-05-25 03:16:24       (0): Linear(in_features=22, out_features=100, bias=True)
2025-05-25 03:16:24       (1): ReLU()
2025-05-25 03:16:24       (2): Dropout(p=0.2, inplace=False)
2025-05-25 03:16:24     )
2025-05-25 03:16:24     (dense_layer2): Linear(in_features=100, out_features=1, bias=True)
2025-05-25 03:16:24   )
2025-05-25 03:16:24   split_proportion = 0.9
2025-05-25 03:16:24   batch_pad_sequences = False
2025-05-25 03:16:24   learning_rate = 0.01
2025-05-25 03:16:24   batch_size = 64
2025-05-25 03:16:24   max_epochs = 500
2025-05-25 03:16:24   early_stopping_patience = 20
2025-05-25 03:16:24   --- Creating loaders ---
2025-05-25 03:16:24   --- nvidia-smi output ---
2025-05-25 03:16:24   nvidia-smi cannot be run: Command 'nvidia-smi' returned non-zero exit status 18.
2025-05-25 03:16:24   --- Training start ---
2025-05-25 03:16:24   Start training using cuda device.
2025-05-25 03:16:24   Number of model parameters: 2401.
2025-05-25 03:16:24   Epoch   Train loss   Valid loss   Valid acc    F1-score        Lr   Best
2025-05-25 03:16:24   ------------------------------------------------------------------------
2025-05-25 03:16:25       1        0.682        0.680       0.372       0.000   0.00000      *
2025-05-25 03:16:26       2        0.649        0.641       0.636       0.612   0.00250      *
2025-05-25 03:16:26       3        0.553        0.534       0.762       0.831   0.00500      *
2025-05-25 03:16:26       4        0.498        0.466       0.792       0.843   0.00750      *
2025-05-25 03:16:26       5        0.495        0.459       0.779       0.840   0.01000      *
2025-05-25 03:16:27       6        0.489        0.451       0.790       0.845   0.00990      *
2025-05-25 03:16:27       7        0.482        0.442       0.800       0.848   0.00980      *
2025-05-25 03:16:27       8        0.479        0.439       0.805       0.849   0.00970      *
2025-05-25 03:16:27       9        0.482        0.447       0.810       0.848   0.00961       
2025-05-25 03:16:28      10        0.477        0.439       0.805       0.844   0.00951      *
2025-05-25 03:16:28      11        0.477        0.443       0.808       0.844   0.00941       
2025-05-25 03:16:28      12        0.482        0.447       0.782       0.816   0.00932       
2025-05-25 03:16:28      13        0.478        0.445       0.795       0.846   0.00923       
2025-05-25 03:16:29      14        0.468        0.431       0.808       0.847   0.00914      *
2025-05-25 03:16:29      15        0.468        0.441       0.808       0.846   0.00904       
2025-05-25 03:16:29      16        0.468        0.438       0.800       0.848   0.00895       
2025-05-25 03:16:30      17        0.466        0.435       0.800       0.835   0.00886       
2025-05-25 03:16:30      18        0.466        0.434       0.795       0.830   0.00878       
2025-05-25 03:16:30      19        0.484        0.457       0.759       0.789   0.00869       
2025-05-25 03:16:30      20        0.455        0.430       0.810       0.848   0.00860      *
2025-05-25 03:16:31      21        0.452        0.424       0.815       0.854   0.00851      *
2025-05-25 03:16:31      22        0.452        0.431       0.803       0.839   0.00843       
2025-05-25 03:16:31      23        0.452        0.431       0.823       0.861   0.00835       
2025-05-25 03:16:32      24        0.449        0.430       0.815       0.855   0.00826       
2025-05-25 03:16:32      25        0.448        0.431       0.815       0.857   0.00818       
2025-05-25 03:16:32      26        0.447        0.428       0.797       0.834   0.00810       
2025-05-25 03:16:33      27        0.445        0.427       0.805       0.841   0.00802       
2025-05-25 03:16:33      28        0.452        0.430       0.815       0.861   0.00794       
2025-05-25 03:16:33      29        0.438        0.421       0.815       0.852   0.00786      *
2025-05-25 03:16:34      30        0.442        0.425       0.823       0.864   0.00778       
2025-05-25 03:16:34      31        0.439        0.426       0.810       0.844   0.00770       
2025-05-25 03:16:34      32        0.435        0.421       0.818       0.855   0.00762      *
2025-05-25 03:16:34      33        0.432        0.421       0.813       0.849   0.00755       
2025-05-25 03:16:35      34        0.432        0.416       0.818       0.854   0.00747      *
2025-05-25 03:16:35      35        0.433        0.424       0.818       0.858   0.00740       
2025-05-25 03:16:35      36        0.432        0.420       0.823       0.863   0.00732       
2025-05-25 03:16:35      37        0.428        0.423       0.808       0.847   0.00725       
2025-05-25 03:16:36      38        0.431        0.424       0.818       0.859   0.00718       
2025-05-25 03:16:36      39        0.425        0.421       0.818       0.855   0.00711       
2025-05-25 03:16:36      40        0.424        0.418       0.818       0.855   0.00703       
2025-05-25 03:16:37      41        0.425        0.422       0.808       0.845   0.00696       
2025-05-25 03:16:37      42        0.420        0.418       0.808       0.846   0.00689       
2025-05-25 03:16:37      43        0.425        0.419       0.823       0.855   0.00683       
2025-05-25 03:16:38      44        0.439        0.441       0.792       0.820   0.00676       
2025-05-25 03:16:38      45        0.421        0.416       0.818       0.858   0.00669       
2025-05-25 03:16:38      46        0.417        0.414       0.818       0.854   0.00662      *
2025-05-25 03:16:39      47        0.417        0.419       0.813       0.851   0.00656       
2025-05-25 03:16:39      48        0.427        0.422       0.805       0.835   0.00649       
2025-05-25 03:16:39      49        0.417        0.417       0.826       0.858   0.00643       
2025-05-25 03:16:40      50        0.417        0.414       0.818       0.855   0.00636       
2025-05-25 03:16:40      51        0.413        0.411       0.821       0.857   0.00630      *
2025-05-25 03:16:40      52        0.414        0.411       0.828       0.862   0.00624       
2025-05-25 03:16:41      53        0.413        0.416       0.818       0.852   0.00617       
2025-05-25 03:16:41      54        0.412        0.418       0.815       0.851   0.00611       
2025-05-25 03:16:41      55        0.416        0.421       0.815       0.847   0.00605       
2025-05-25 03:16:42      56        0.409        0.411       0.823       0.860   0.00599      *
2025-05-25 03:16:42      57        0.419        0.420       0.800       0.831   0.00593       
2025-05-25 03:16:42      58        0.408        0.411       0.815       0.851   0.00587       
2025-05-25 03:16:43      59        0.406        0.410       0.823       0.858   0.00581      *
2025-05-25 03:16:43      60        0.409        0.409       0.818       0.859   0.00575      *
2025-05-25 03:16:43      61        0.406        0.412       0.813       0.851   0.00570       
2025-05-25 03:16:44      62        0.408        0.408       0.815       0.857   0.00564      *
2025-05-25 03:16:44      63        0.406        0.410       0.815       0.853   0.00558       
2025-05-25 03:16:44      64        0.404        0.402       0.815       0.854   0.00553      *
2025-05-25 03:16:44      65        0.406        0.406       0.818       0.858   0.00547       
2025-05-25 03:16:45      66        0.401        0.404       0.815       0.853   0.00542       
2025-05-25 03:16:45      67        0.406        0.414       0.818       0.860   0.00536       
2025-05-25 03:16:45      68        0.405        0.413       0.823       0.863   0.00531       
2025-05-25 03:16:46      69        0.400        0.408       0.823       0.858   0.00526       
2025-05-25 03:16:46      70        0.401        0.410       0.815       0.855   0.00520       
2025-05-25 03:16:46      71        0.399        0.404       0.828       0.861   0.00515       
2025-05-25 03:16:47      72        0.411        0.420       0.815       0.845   0.00510       
2025-05-25 03:16:47      73        0.397        0.407       0.828       0.863   0.00505       
2025-05-25 03:16:47      74        0.397        0.404       0.823       0.858   0.00500       
2025-05-25 03:16:48      75        0.398        0.411       0.831       0.863   0.00495       
2025-05-25 03:16:48      76        0.397        0.414       0.821       0.858   0.00490       
2025-05-25 03:16:48      77        0.396        0.406       0.818       0.853   0.00485       
2025-05-25 03:16:49      78        0.397        0.412       0.821       0.854   0.00480       
2025-05-25 03:16:49      79        0.394        0.406       0.821       0.858   0.00475       
2025-05-25 03:16:49      80        0.396        0.413       0.831       0.866   0.00471       
2025-05-25 03:16:49      81        0.395        0.404       0.821       0.854   0.00466       
2025-05-25 03:16:50      82        0.393        0.408       0.813       0.848   0.00461       
2025-05-25 03:16:50      83        0.393        0.408       0.826       0.862   0.00457       
2025-05-25 03:16:50      84        0.391        0.406       0.831       0.865   0.00452       
2025-05-25 03:16:50   --- Training ended ---
2025-05-25 03:16:50   Number of model parameters: 2401
2025-05-25 03:16:50   Training time: 0:00:26
2025-05-25 03:16:50   Best epoch: 64
2025-05-25 03:16:50   Best valid loss: 0.402
2025-05-25 03:16:50   Best valid accuracy (macro): 0.815
2025-05-25 03:16:50   Best F1 score: 0.854
