2025-05-25 03:39:57   --- Hyperparameters ---
2025-05-25 03:39:57   model = DenseSiteNet(
2025-05-25 03:39:57     (dense_layer1): Sequential(
2025-05-25 03:39:57       (0): Linear(in_features=106722, out_features=100, bias=True)
2025-05-25 03:39:57       (1): ReLU()
2025-05-25 03:39:57       (2): Dropout(p=0.2, inplace=False)
2025-05-25 03:39:57     )
2025-05-25 03:39:57     (dense_layer2): Linear(in_features=100, out_features=1, bias=True)
2025-05-25 03:39:57   )
2025-05-25 03:39:57   split_proportion = 0.9
2025-05-25 03:39:57   batch_pad_sequences = False
2025-05-25 03:39:57   learning_rate = 0.01
2025-05-25 03:39:57   batch_size = 64
2025-05-25 03:39:57   max_epochs = 500
2025-05-25 03:39:57   early_stopping_patience = 20
2025-05-25 03:39:57   --- Creating loaders ---
2025-05-25 03:39:57   --- nvidia-smi output ---
2025-05-25 03:39:57   nvidia-smi cannot be run: Command 'nvidia-smi' returned non-zero exit status 18.
2025-05-25 03:39:57   --- Training start ---
2025-05-25 03:39:57   Start training using cuda device.
2025-05-25 03:39:57   Number of model parameters: 10672401.
2025-05-25 03:39:57   Epoch   Train loss   Valid loss   Valid acc    F1-score        Lr   Best
2025-05-25 03:39:57   ------------------------------------------------------------------------
2025-05-25 03:39:58       1        0.703        0.704       0.372       0.000   0.00000      *
2025-05-25 03:40:00       2        0.258        0.390       0.841       0.871   0.00250      *
2025-05-25 03:40:01       3        0.129        0.358       0.867       0.896   0.00500      *
2025-05-25 03:40:03       4        0.069        0.449       0.846       0.876   0.00750       
2025-05-25 03:40:04       5        0.040        0.580       0.841       0.872   0.01000       
2025-05-25 03:40:05       6        0.024        0.744       0.836       0.866   0.00990       
2025-05-25 03:40:07       7        0.017        1.069       0.818       0.859   0.00980       
2025-05-25 03:40:08       8        0.035        1.591       0.833       0.876   0.00970       
2025-05-25 03:40:09       9        0.102        2.475       0.797       0.851   0.00961       
2025-05-25 03:40:10      10        0.019        1.419       0.815       0.863   0.00951       
2025-05-25 03:40:12      11        0.005        1.439       0.833       0.874   0.00941       
2025-05-25 03:40:13      12        0.003        1.230       0.833       0.871   0.00932       
2025-05-25 03:40:14      13        0.001        1.200       0.833       0.869   0.00923       
2025-05-25 03:40:16      14        0.001        1.252       0.841       0.876   0.00914       
2025-05-25 03:40:17      15        0.001        1.288       0.833       0.869   0.00904       
2025-05-25 03:40:18      16        0.000        1.329       0.831       0.866   0.00895       
2025-05-25 03:40:19      17        0.000        1.321       0.831       0.867   0.00886       
2025-05-25 03:40:20      18        0.000        1.331       0.828       0.863   0.00878       
2025-05-25 03:40:22      19        0.000        1.345       0.828       0.863   0.00869       
2025-05-25 03:40:23      20        0.000        1.376       0.833       0.868   0.00860       
2025-05-25 03:40:24      21        0.000        1.360       0.838       0.872   0.00851       
2025-05-25 03:40:25      22        0.000        1.404       0.836       0.873   0.00843       
2025-05-25 03:40:27      23        0.000        1.381       0.838       0.875   0.00835       
2025-05-25 03:40:27   --- Training ended ---
2025-05-25 03:40:27   Number of model parameters: 10672401
2025-05-25 03:40:27   Training time: 0:00:30
2025-05-25 03:40:27   Best epoch: 3
2025-05-25 03:40:27   Best valid loss: 0.358
2025-05-25 03:40:27   Best valid accuracy (macro): 0.867
2025-05-25 03:40:27   Best F1 score: 0.896
