2025-05-25 05:07:02   --- Hyperparameters ---
2025-05-25 05:07:02   model = AAConvNet(
2025-05-25 05:07:02     (conv_layer): Sequential(
2025-05-25 05:07:02       (0): Conv1d(22, 64, kernel_size=(1,), stride=(1,))
2025-05-25 05:07:02       (1): ReLU()
2025-05-25 05:07:02       (2): AvgPool1d(kernel_size=(4851,), stride=(4851,), padding=(0,))
2025-05-25 05:07:02       (3): Dropout(p=0.2, inplace=False)
2025-05-25 05:07:02     )
2025-05-25 05:07:02     (dense_layer): Linear(in_features=64, out_features=1, bias=True)
2025-05-25 05:07:02   )
2025-05-25 05:07:02   split_proportion = 0.9
2025-05-25 05:07:02   batch_pad_sequences = False
2025-05-25 05:07:02   learning_rate = 0.01
2025-05-25 05:07:02   batch_size = 64
2025-05-25 05:07:02   max_epochs = 500
2025-05-25 05:07:02   early_stopping_patience = 20
2025-05-25 05:07:02   --- Creating loaders ---
2025-05-25 05:07:02   --- nvidia-smi output ---
2025-05-25 05:07:02   nvidia-smi cannot be run: Command 'nvidia-smi' returned non-zero exit status 18.
2025-05-25 05:07:02   --- Training start ---
2025-05-25 05:07:02   Start training using cuda device.
2025-05-25 05:07:02   Number of model parameters: 1537.
2025-05-25 05:07:02   Epoch   Train loss   Valid loss   Valid acc    F1-score        Lr   Best
2025-05-25 05:07:02   ------------------------------------------------------------------------
2025-05-25 05:07:05       1        0.695        0.696       0.369       0.000   0.00000      *
2025-05-25 05:07:06       2        0.666        0.661       0.367       0.000   0.00250      *
2025-05-25 05:07:07       3        0.665        0.659       0.369       0.000   0.00500      *
2025-05-25 05:07:09       4        0.662        0.655       0.379       0.024   0.00750      *
2025-05-25 05:07:10       5        0.658        0.650       0.459       0.431   0.01000      *
2025-05-25 05:07:12       6        0.653        0.639       0.674       0.793   0.00990      *
2025-05-25 05:07:13       7        0.641        0.630       0.667       0.784   0.00980      *
2025-05-25 05:07:14       8        0.628        0.616       0.679       0.787   0.00970      *
2025-05-25 05:07:16       9        0.615        0.601       0.664       0.788   0.00961      *
2025-05-25 05:07:17      10        0.602        0.588       0.687       0.799   0.00951      *
2025-05-25 05:07:19      11        0.589        0.576       0.710       0.811   0.00941      *
2025-05-25 05:07:20      12        0.579        0.565       0.692       0.803   0.00932      *
2025-05-25 05:07:22      13        0.567        0.550       0.723       0.818   0.00923      *
2025-05-25 05:07:24      14        0.558        0.539       0.772       0.844   0.00914      *
2025-05-25 05:07:25      15        0.548        0.530       0.744       0.828   0.00904      *
2025-05-25 05:07:27      16        0.541        0.520       0.790       0.854   0.00895      *
2025-05-25 05:07:28      17        0.536        0.519       0.803       0.859   0.00886      *
2025-05-25 05:07:30      18        0.529        0.514       0.774       0.846   0.00878      *
2025-05-25 05:07:31      19        0.523        0.509       0.803       0.862   0.00869      *
2025-05-25 05:07:33      20        0.518        0.498       0.795       0.856   0.00860      *
2025-05-25 05:07:34      21        0.513        0.492       0.800       0.857   0.00851      *
2025-05-25 05:07:35      22        0.509        0.493       0.795       0.857   0.00843       
2025-05-25 05:07:37      23        0.505        0.491       0.808       0.864   0.00835      *
2025-05-25 05:07:38      24        0.501        0.478       0.803       0.859   0.00826      *
2025-05-25 05:07:40      25        0.500        0.469       0.818       0.866   0.00818      *
2025-05-25 05:07:41      26        0.494        0.474       0.808       0.862   0.00810       
2025-05-25 05:07:42      27        0.491        0.466       0.815       0.867   0.00802      *
2025-05-25 05:07:44      28        0.489        0.466       0.805       0.861   0.00794      *
2025-05-25 05:07:45      29        0.489        0.468       0.803       0.862   0.00786       
2025-05-25 05:07:47      30        0.486        0.460       0.808       0.864   0.00778      *
2025-05-25 05:07:48      31        0.482        0.457       0.813       0.864   0.00770      *
2025-05-25 05:07:50      32        0.481        0.462       0.810       0.864   0.00762       
2025-05-25 05:07:51      33        0.481        0.471       0.808       0.863   0.00755       
2025-05-25 05:07:53      34        0.477        0.455       0.815       0.867   0.00747      *
2025-05-25 05:07:54      35        0.475        0.451       0.821       0.868   0.00740      *
2025-05-25 05:07:56      36        0.473        0.446       0.826       0.872   0.00732      *
2025-05-25 05:07:57      37        0.473        0.440       0.831       0.874   0.00725      *
2025-05-25 05:07:59      38        0.471        0.444       0.826       0.872   0.00718       
2025-05-25 05:08:00      39        0.469        0.440       0.826       0.872   0.00711       
2025-05-25 05:08:02      40        0.468        0.432       0.831       0.874   0.00703      *
2025-05-25 05:08:03      41        0.467        0.442       0.826       0.874   0.00696       
2025-05-25 05:08:05      42        0.466        0.435       0.831       0.876   0.00689       
2025-05-25 05:08:06      43        0.465        0.441       0.823       0.872   0.00683       
2025-05-25 05:08:08      44        0.463        0.436       0.828       0.874   0.00676       
2025-05-25 05:08:10      45        0.464        0.435       0.821       0.871   0.00669       
2025-05-25 05:08:11      46        0.461        0.429       0.831       0.875   0.00662      *
2025-05-25 05:08:13      47        0.460        0.428       0.833       0.878   0.00656      *
2025-05-25 05:08:14      48        0.459        0.430       0.831       0.876   0.00649       
2025-05-25 05:08:15      49        0.459        0.422       0.836       0.878   0.00643      *
2025-05-25 05:08:17      50        0.458        0.423       0.831       0.875   0.00636       
2025-05-25 05:08:18      51        0.458        0.416       0.828       0.872   0.00630      *
2025-05-25 05:08:19      52        0.457        0.429       0.831       0.876   0.00624       
2025-05-25 05:08:21      53        0.456        0.423       0.831       0.875   0.00617       
2025-05-25 05:08:22      54        0.455        0.428       0.833       0.878   0.00611       
2025-05-25 05:08:23      55        0.454        0.424       0.831       0.876   0.00605       
2025-05-25 05:08:25      56        0.454        0.417       0.833       0.877   0.00599       
2025-05-25 05:08:26      57        0.453        0.417       0.838       0.881   0.00593       
2025-05-25 05:08:28      58        0.453        0.422       0.836       0.880   0.00587       
2025-05-25 05:08:29      59        0.455        0.431       0.828       0.876   0.00581       
2025-05-25 05:08:30      60        0.452        0.422       0.831       0.876   0.00575       
2025-05-25 05:08:32      61        0.452        0.421       0.831       0.875   0.00570       
2025-05-25 05:08:33      62        0.452        0.430       0.831       0.876   0.00564       
2025-05-25 05:08:34      63        0.451        0.427       0.833       0.878   0.00558       
2025-05-25 05:08:36      64        0.450        0.415       0.836       0.878   0.00553      *
2025-05-25 05:08:37      65        0.450        0.415       0.849       0.886   0.00547       
2025-05-25 05:08:38      66        0.449        0.412       0.838       0.879   0.00542      *
2025-05-25 05:08:40      67        0.449        0.412       0.838       0.880   0.00536       
2025-05-25 05:08:41      68        0.448        0.410       0.836       0.879   0.00531      *
2025-05-25 05:08:43      69        0.448        0.412       0.836       0.879   0.00526       
2025-05-25 05:08:44      70        0.447        0.410       0.841       0.882   0.00520       
2025-05-25 05:08:45      71        0.447        0.416       0.833       0.878   0.00515       
2025-05-25 05:08:47      72        0.447        0.410       0.846       0.884   0.00510      *
2025-05-25 05:08:48      73        0.446        0.408       0.849       0.886   0.00505      *
2025-05-25 05:08:49      74        0.446        0.412       0.838       0.880   0.00500       
2025-05-25 05:08:51      75        0.445        0.411       0.846       0.884   0.00495       
2025-05-25 05:08:52      76        0.445        0.414       0.836       0.880   0.00490       
2025-05-25 05:08:54      77        0.445        0.406       0.846       0.885   0.00485      *
2025-05-25 05:08:55      78        0.444        0.402       0.844       0.883   0.00480      *
2025-05-25 05:08:57      79        0.444        0.404       0.846       0.885   0.00475       
2025-05-25 05:08:58      80        0.444        0.414       0.833       0.878   0.00471       
2025-05-25 05:09:00      81        0.443        0.401       0.851       0.888   0.00466      *
2025-05-25 05:09:01      82        0.443        0.409       0.836       0.879   0.00461       
2025-05-25 05:09:03      83        0.443        0.407       0.841       0.883   0.00457       
2025-05-25 05:09:04      84        0.442        0.404       0.844       0.884   0.00452       
2025-05-25 05:09:06      85        0.442        0.407       0.836       0.879   0.00448       
2025-05-25 05:09:07      86        0.441        0.404       0.849       0.887   0.00443       
2025-05-25 05:09:08      87        0.442        0.412       0.836       0.880   0.00439       
2025-05-25 05:09:10      88        0.441        0.403       0.854       0.890   0.00434       
2025-05-25 05:09:11      89        0.443        0.419       0.831       0.876   0.00430       
2025-05-25 05:09:12      90        0.440        0.407       0.849       0.887   0.00426       
2025-05-25 05:09:14      91        0.440        0.410       0.844       0.884   0.00421       
2025-05-25 05:09:15      92        0.440        0.406       0.849       0.887   0.00417       
2025-05-25 05:09:16      93        0.439        0.402       0.846       0.885   0.00413       
2025-05-25 05:09:18      94        0.439        0.400       0.854       0.890   0.00409      *
2025-05-25 05:09:19      95        0.439        0.405       0.841       0.883   0.00405       
2025-05-25 05:09:20      96        0.438        0.403       0.846       0.885   0.00401       
2025-05-25 05:09:22      97        0.438        0.401       0.851       0.889   0.00397       
2025-05-25 05:09:23      98        0.439        0.412       0.836       0.880   0.00393       
2025-05-25 05:09:24      99        0.438        0.402       0.849       0.887   0.00389       
2025-05-25 05:09:26     100        0.437        0.401       0.851       0.889   0.00385       
2025-05-25 05:09:27     101        0.437        0.402       0.846       0.885   0.00381       
2025-05-25 05:09:29     102        0.437        0.404       0.844       0.884   0.00377       
2025-05-25 05:09:30     103        0.437        0.407       0.849       0.888   0.00373       
2025-05-25 05:09:31     104        0.436        0.404       0.851       0.889   0.00370       
2025-05-25 05:09:33     105        0.436        0.401       0.851       0.889   0.00366       
2025-05-25 05:09:34     106        0.436        0.398       0.849       0.886   0.00362      *
2025-05-25 05:09:35     107        0.435        0.401       0.846       0.885   0.00359       
2025-05-25 05:09:37     108        0.435        0.403       0.846       0.886   0.00355       
2025-05-25 05:09:38     109        0.435        0.397       0.854       0.890   0.00352      *
2025-05-25 05:09:39     110        0.435        0.395       0.851       0.888   0.00348      *
2025-05-25 05:09:41     111        0.435        0.397       0.854       0.891   0.00345       
2025-05-25 05:09:42     112        0.435        0.400       0.846       0.886   0.00341       
2025-05-25 05:09:43     113        0.434        0.396       0.854       0.890   0.00338       
2025-05-25 05:09:45     114        0.435        0.406       0.841       0.883   0.00334       
2025-05-25 05:09:46     115        0.434        0.398       0.851       0.889   0.00331       
2025-05-25 05:09:47     116        0.433        0.395       0.851       0.888   0.00328       
2025-05-25 05:09:49     117        0.433        0.393       0.854       0.890   0.00324      *
2025-05-25 05:09:50     118        0.433        0.397       0.851       0.889   0.00321       
2025-05-25 05:09:51     119        0.433        0.397       0.849       0.887   0.00318       
2025-05-25 05:09:53     120        0.433        0.389       0.859       0.893   0.00315      *
2025-05-25 05:09:54     121        0.432        0.395       0.849       0.887   0.00312       
2025-05-25 05:09:56     122        0.432        0.394       0.854       0.891   0.00309       
2025-05-25 05:09:57     123        0.432        0.398       0.849       0.888   0.00305       
2025-05-25 05:09:58     124        0.432        0.394       0.851       0.888   0.00302       
2025-05-25 05:10:00     125        0.432        0.397       0.849       0.888   0.00299       
2025-05-25 05:10:01     126        0.432        0.396       0.849       0.888   0.00296       
2025-05-25 05:10:03     127        0.434        0.393       0.849       0.884   0.00293       
2025-05-25 05:10:04     128        0.432        0.397       0.851       0.889   0.00290       
2025-05-25 05:10:05     129        0.431        0.392       0.854       0.890   0.00288       
2025-05-25 05:10:07     130        0.431        0.396       0.851       0.889   0.00285       
2025-05-25 05:10:08     131        0.431        0.392       0.851       0.888   0.00282       
2025-05-25 05:10:09     132        0.431        0.396       0.849       0.888   0.00279       
2025-05-25 05:10:11     133        0.431        0.395       0.851       0.889   0.00276       
2025-05-25 05:10:12     134        0.431        0.392       0.849       0.887   0.00273       
2025-05-25 05:10:13     135        0.431        0.391       0.846       0.885   0.00271       
2025-05-25 05:10:14     136        0.431        0.390       0.851       0.888   0.00268       
2025-05-25 05:10:16     137        0.430        0.392       0.849       0.887   0.00265       
2025-05-25 05:10:17     138        0.430        0.390       0.851       0.889   0.00263       
2025-05-25 05:10:18     139        0.430        0.393       0.849       0.887   0.00260       
2025-05-25 05:10:20     140        0.431        0.398       0.849       0.888   0.00257       
2025-05-25 05:10:20   --- Training ended ---
2025-05-25 05:10:20   Number of model parameters: 1537
2025-05-25 05:10:20   Training time: 0:03:17
2025-05-25 05:10:20   Best epoch: 120
2025-05-25 05:10:20   Best valid loss: 0.389
2025-05-25 05:10:20   Best valid accuracy (macro): 0.859
2025-05-25 05:10:20   Best F1 score: 0.893
