2025-05-25 05:28:31   --- Hyperparameters ---
2025-05-25 05:28:31   model = AAConvNet(
2025-05-25 05:28:31     (conv_layer): Sequential(
2025-05-25 05:28:31       (0): Conv1d(22, 64, kernel_size=(1,), stride=(1,))
2025-05-25 05:28:31       (1): ReLU()
2025-05-25 05:28:31       (2): AvgPool1d(kernel_size=(4851,), stride=(4851,), padding=(0,))
2025-05-25 05:28:31       (3): Dropout(p=0.2, inplace=False)
2025-05-25 05:28:31     )
2025-05-25 05:28:31     (dense_layer): Linear(in_features=64, out_features=1, bias=True)
2025-05-25 05:28:31   )
2025-05-25 05:28:31   split_proportion = 0.9
2025-05-25 05:28:31   batch_pad_sequences = False
2025-05-25 05:28:31   learning_rate = 0.01
2025-05-25 05:28:31   batch_size = 64
2025-05-25 05:28:31   max_epochs = 500
2025-05-25 05:28:31   early_stopping_patience = 20
2025-05-25 05:28:31   --- Creating loaders ---
2025-05-25 05:28:31   --- nvidia-smi output ---
2025-05-25 05:28:31   nvidia-smi cannot be run: Command 'nvidia-smi' returned non-zero exit status 18.
2025-05-25 05:28:31   --- Training start ---
2025-05-25 05:28:31   Start training using cuda device.
2025-05-25 05:28:31   Number of model parameters: 1537.
2025-05-25 05:28:31   Epoch   Train loss   Valid loss   Valid acc    F1-score        Lr   Best
2025-05-25 05:28:31   ------------------------------------------------------------------------
2025-05-25 05:28:33       1        0.688        0.687       0.372       0.000   0.00000      *
2025-05-25 05:28:35       2        0.665        0.659       0.372       0.000   0.00250      *
2025-05-25 05:28:36       3        0.659        0.649       0.464       0.437   0.00500      *
2025-05-25 05:28:37       4        0.642        0.626       0.628       0.739   0.00750      *
2025-05-25 05:28:39       5        0.612        0.585       0.695       0.805   0.01000      *
2025-05-25 05:28:40       6        0.587        0.559       0.779       0.848   0.00990      *
2025-05-25 05:28:41       7        0.548        0.518       0.792       0.858   0.00980      *
2025-05-25 05:28:43       8        0.511        0.484       0.826       0.878   0.00970      *
2025-05-25 05:28:44       9        0.473        0.441       0.805       0.866   0.00961      *
2025-05-25 05:28:46      10        0.434        0.403       0.833       0.883   0.00951      *
2025-05-25 05:28:47      11        0.398        0.372       0.879       0.912   0.00941      *
2025-05-25 05:28:48      12        0.366        0.339       0.879       0.912   0.00932      *
2025-05-25 05:28:50      13        0.338        0.313       0.903       0.928   0.00923      *
2025-05-25 05:28:51      14        0.314        0.290       0.921       0.940   0.00914      *
2025-05-25 05:28:53      15        0.294        0.269       0.923       0.942   0.00904      *
2025-05-25 05:28:55      16        0.276        0.251       0.913       0.935   0.00895      *
2025-05-25 05:28:56      17        0.261        0.237       0.933       0.950   0.00886      *
2025-05-25 05:28:57      18        0.248        0.224       0.936       0.951   0.00878      *
2025-05-25 05:28:59      19        0.236        0.213       0.951       0.963   0.00869      *
2025-05-25 05:29:00      20        0.224        0.205       0.967       0.974   0.00860      *
2025-05-25 05:29:02      21        0.214        0.194       0.956       0.966   0.00851      *
2025-05-25 05:29:03      22        0.206        0.187       0.962       0.970   0.00843      *
2025-05-25 05:29:04      23        0.197        0.179       0.959       0.968   0.00835      *
2025-05-25 05:29:06      24        0.190        0.174       0.972       0.978   0.00826      *
2025-05-25 05:29:07      25        0.183        0.165       0.969       0.976   0.00818      *
2025-05-25 05:29:08      26        0.176        0.160       0.969       0.976   0.00810      *
2025-05-25 05:29:10      27        0.170        0.155       0.977       0.982   0.00802      *
2025-05-25 05:29:11      28        0.165        0.151       0.977       0.982   0.00794      *
2025-05-25 05:29:12      29        0.161        0.147       0.977       0.982   0.00786      *
2025-05-25 05:29:14      30        0.156        0.143       0.977       0.982   0.00778      *
2025-05-25 05:29:16      31        0.151        0.138       0.979       0.984   0.00770      *
2025-05-25 05:29:18      32        0.147        0.134       0.979       0.984   0.00762      *
2025-05-25 05:29:20      33        0.143        0.132       0.982       0.986   0.00755      *
2025-05-25 05:29:22      34        0.139        0.128       0.979       0.984   0.00747      *
2025-05-25 05:29:23      35        0.136        0.126       0.982       0.986   0.00740      *
2025-05-25 05:29:24      36        0.134        0.122       0.979       0.984   0.00732      *
2025-05-25 05:29:26      37        0.131        0.121       0.982       0.986   0.00725      *
2025-05-25 05:29:28      38        0.128        0.118       0.979       0.984   0.00718      *
2025-05-25 05:29:29      39        0.126        0.117       0.982       0.986   0.00711      *
2025-05-25 05:29:31      40        0.123        0.114       0.982       0.986   0.00703      *
2025-05-25 05:29:32      41        0.121        0.113       0.982       0.986   0.00696      *
2025-05-25 05:29:33      42        0.120        0.110       0.979       0.984   0.00689      *
2025-05-25 05:29:35      43        0.117        0.109       0.982       0.986   0.00683      *
2025-05-25 05:29:36      44        0.116        0.107       0.979       0.984   0.00676      *
2025-05-25 05:29:37      45        0.115        0.107       0.985       0.988   0.00669       
2025-05-25 05:29:39      46        0.113        0.104       0.979       0.984   0.00662      *
2025-05-25 05:29:40      47        0.111        0.103       0.982       0.986   0.00656      *
2025-05-25 05:29:41      48        0.111        0.102       0.979       0.984   0.00649      *
2025-05-25 05:29:43      49        0.109        0.100       0.979       0.984   0.00643      *
2025-05-25 05:29:44      50        0.107        0.099       0.979       0.984   0.00636      *
2025-05-25 05:29:46      51        0.106        0.098       0.982       0.986   0.00630      *
2025-05-25 05:29:47      52        0.105        0.097       0.982       0.986   0.00624      *
2025-05-25 05:29:48      53        0.104        0.097       0.985       0.988   0.00617      *
2025-05-25 05:29:50      54        0.103        0.095       0.982       0.986   0.00611      *
2025-05-25 05:29:51      55        0.102        0.094       0.985       0.988   0.00605      *
2025-05-25 05:29:52      56        0.100        0.093       0.985       0.988   0.00599      *
2025-05-25 05:29:54      57        0.099        0.094       0.985       0.988   0.00593       
2025-05-25 05:29:55      58        0.099        0.093       0.985       0.988   0.00587      *
2025-05-25 05:29:56      59        0.098        0.091       0.985       0.988   0.00581      *
2025-05-25 05:29:58      60        0.097        0.090       0.985       0.988   0.00575      *
2025-05-25 05:29:59      61        0.096        0.090       0.985       0.988   0.00570      *
2025-05-25 05:30:00      62        0.095        0.089       0.985       0.988   0.00564      *
2025-05-25 05:30:02      63        0.094        0.089       0.985       0.988   0.00558      *
2025-05-25 05:30:03      64        0.094        0.088       0.985       0.988   0.00553      *
2025-05-25 05:30:04      65        0.093        0.088       0.985       0.988   0.00547      *
2025-05-25 05:30:06      66        0.092        0.087       0.985       0.988   0.00542      *
2025-05-25 05:30:07      67        0.091        0.087       0.985       0.988   0.00536      *
2025-05-25 05:30:09      68        0.091        0.086       0.985       0.988   0.00531      *
2025-05-25 05:30:10      69        0.090        0.085       0.985       0.988   0.00526      *
2025-05-25 05:30:12      70        0.089        0.085       0.985       0.988   0.00520      *
2025-05-25 05:30:13      71        0.089        0.084       0.985       0.988   0.00515      *
2025-05-25 05:30:14      72        0.088        0.085       0.987       0.990   0.00510       
2025-05-25 05:30:16      73        0.089        0.083       0.985       0.988   0.00505      *
2025-05-25 05:30:17      74        0.087        0.083       0.985       0.988   0.00500      *
2025-05-25 05:30:18      75        0.087        0.082       0.985       0.988   0.00495      *
2025-05-25 05:30:20      76        0.086        0.082       0.985       0.988   0.00490       
2025-05-25 05:30:21      77        0.086        0.082       0.985       0.988   0.00485      *
2025-05-25 05:30:22      78        0.085        0.081       0.985       0.988   0.00480      *
2025-05-25 05:30:24      79        0.085        0.081       0.987       0.990   0.00475       
2025-05-25 05:30:25      80        0.084        0.080       0.985       0.988   0.00471      *
2025-05-25 05:30:26      81        0.084        0.080       0.985       0.988   0.00466      *
2025-05-25 05:30:28      82        0.084        0.079       0.985       0.988   0.00461      *
2025-05-25 05:30:29      83        0.083        0.079       0.987       0.990   0.00457      *
2025-05-25 05:30:31      84        0.083        0.079       0.985       0.988   0.00452      *
2025-05-25 05:30:32      85        0.082        0.079       0.985       0.988   0.00448      *
2025-05-25 05:30:33      86        0.082        0.078       0.985       0.988   0.00443      *
2025-05-25 05:30:35      87        0.081        0.078       0.987       0.990   0.00439       
2025-05-25 05:30:36      88        0.081        0.077       0.985       0.988   0.00434      *
2025-05-25 05:30:38      89        0.082        0.077       0.985       0.988   0.00430      *
2025-05-25 05:30:39      90        0.080        0.077       0.987       0.990   0.00426       
2025-05-25 05:30:40      91        0.080        0.077       0.987       0.990   0.00421       
2025-05-25 05:30:41      92        0.080        0.077       0.987       0.990   0.00417      *
2025-05-25 05:30:43      93        0.081        0.079       0.992       0.994   0.00413       
2025-05-25 05:30:44      94        0.079        0.076       0.987       0.990   0.00409      *
2025-05-25 05:30:45      95        0.079        0.076       0.985       0.988   0.00405      *
2025-05-25 05:30:47      96        0.078        0.076       0.987       0.990   0.00401       
2025-05-25 05:30:48      97        0.078        0.076       0.987       0.990   0.00397       
2025-05-25 05:30:49      98        0.078        0.075       0.985       0.988   0.00393      *
2025-05-25 05:30:51      99        0.078        0.075       0.987       0.990   0.00389      *
2025-05-25 05:30:52     100        0.077        0.075       0.987       0.990   0.00385       
2025-05-25 05:30:53     101        0.077        0.074       0.987       0.990   0.00381      *
2025-05-25 05:30:54     102        0.077        0.074       0.987       0.990   0.00377      *
2025-05-25 05:30:56     103        0.077        0.074       0.987       0.990   0.00373      *
2025-05-25 05:30:57     104        0.076        0.074       0.987       0.990   0.00370       
2025-05-25 05:30:58     105        0.077        0.073       0.985       0.988   0.00366      *
2025-05-25 05:31:00     106        0.076        0.073       0.987       0.990   0.00362      *
2025-05-25 05:31:01     107        0.076        0.073       0.985       0.988   0.00359      *
2025-05-25 05:31:02     108        0.076        0.073       0.987       0.990   0.00355      *
2025-05-25 05:31:04     109        0.075        0.072       0.987       0.990   0.00352      *
2025-05-25 05:31:05     110        0.075        0.072       0.987       0.990   0.00348       
2025-05-25 05:31:06     111        0.075        0.072       0.987       0.990   0.00345      *
2025-05-25 05:31:08     112        0.074        0.072       0.987       0.990   0.00341       
2025-05-25 05:31:10     113        0.075        0.071       0.985       0.988   0.00338      *
2025-05-25 05:31:12     114        0.075        0.071       0.987       0.990   0.00334      *
2025-05-25 05:31:13     115        0.074        0.071       0.987       0.990   0.00331      *
2025-05-25 05:31:15     116        0.074        0.071       0.987       0.990   0.00328       
2025-05-25 05:31:16     117        0.073        0.071       0.987       0.990   0.00324       
2025-05-25 05:31:17     118        0.073        0.071       0.987       0.990   0.00321      *
2025-05-25 05:31:19     119        0.073        0.071       0.987       0.990   0.00318       
2025-05-25 05:31:20     120        0.073        0.071       0.987       0.990   0.00315      *
2025-05-25 05:31:21     121        0.073        0.070       0.987       0.990   0.00312      *
2025-05-25 05:31:23     122        0.073        0.071       0.987       0.990   0.00309       
2025-05-25 05:31:24     123        0.072        0.071       0.987       0.990   0.00305       
2025-05-25 05:31:25     124        0.072        0.071       0.987       0.990   0.00302       
2025-05-25 05:31:27     125        0.072        0.070       0.987       0.990   0.00299      *
2025-05-25 05:31:28     126        0.073        0.070       0.985       0.988   0.00296      *
2025-05-25 05:31:29     127        0.072        0.069       0.987       0.990   0.00293      *
2025-05-25 05:31:31     128        0.072        0.070       0.987       0.990   0.00290       
2025-05-25 05:31:32     129        0.072        0.070       0.987       0.990   0.00288       
2025-05-25 05:31:33     130        0.071        0.070       0.987       0.990   0.00285       
2025-05-25 05:31:35     131        0.071        0.070       0.987       0.990   0.00282       
2025-05-25 05:31:36     132        0.071        0.069       0.987       0.990   0.00279      *
2025-05-25 05:31:37     133        0.071        0.069       0.987       0.990   0.00276       
2025-05-25 05:31:39     134        0.072        0.070       0.985       0.988   0.00273       
2025-05-25 05:31:40     135        0.071        0.069       0.987       0.990   0.00271      *
2025-05-25 05:31:41     136        0.071        0.069       0.987       0.990   0.00268       
2025-05-25 05:31:43     137        0.070        0.069       0.987       0.990   0.00265      *
2025-05-25 05:31:44     138        0.070        0.069       0.987       0.990   0.00263      *
2025-05-25 05:31:45     139        0.071        0.068       0.987       0.990   0.00260      *
2025-05-25 05:31:47     140        0.070        0.068       0.987       0.990   0.00257      *
2025-05-25 05:31:48     141        0.070        0.068       0.987       0.990   0.00255       
2025-05-25 05:31:50     142        0.070        0.068       0.987       0.990   0.00252       
2025-05-25 05:31:51     143        0.070        0.068       0.987       0.990   0.00250      *
2025-05-25 05:31:53     144        0.070        0.068       0.987       0.990   0.00247      *
2025-05-25 05:31:55     145        0.070        0.068       0.987       0.990   0.00245      *
2025-05-25 05:31:56     146        0.069        0.068       0.987       0.990   0.00242       
2025-05-25 05:31:58     147        0.069        0.067       0.987       0.990   0.00240      *
2025-05-25 05:31:59     148        0.069        0.067       0.987       0.990   0.00238      *
2025-05-25 05:32:01     149        0.069        0.067       0.987       0.990   0.00235       
2025-05-25 05:32:03     150        0.069        0.067       0.987       0.990   0.00233       
2025-05-25 05:32:04     151        0.069        0.067       0.987       0.990   0.00231       
2025-05-25 05:32:05     152        0.069        0.067       0.987       0.990   0.00228      *
2025-05-25 05:32:07     153        0.069        0.067       0.987       0.990   0.00226      *
2025-05-25 05:32:08     154        0.069        0.067       0.987       0.990   0.00224       
2025-05-25 05:32:09     155        0.069        0.067       0.987       0.990   0.00221       
2025-05-25 05:32:11     156        0.068        0.067       0.987       0.990   0.00219      *
2025-05-25 05:32:12     157        0.068        0.067       0.987       0.990   0.00217      *
2025-05-25 05:32:14     158        0.068        0.067       0.987       0.990   0.00215      *
2025-05-25 05:32:15     159        0.068        0.067       0.987       0.990   0.00213      *
2025-05-25 05:32:16     160        0.068        0.067       0.987       0.990   0.00211       
2025-05-25 05:32:17     161        0.068        0.067       0.987       0.990   0.00208       
2025-05-25 05:32:19     162        0.068        0.067       0.987       0.990   0.00206       
2025-05-25 05:32:21     163        0.068        0.067       0.987       0.990   0.00204       
2025-05-25 05:32:22     164        0.068        0.067       0.987       0.990   0.00202      *
2025-05-25 05:32:23     165        0.068        0.066       0.987       0.990   0.00200      *
2025-05-25 05:32:25     166        0.068        0.067       0.987       0.990   0.00198       
2025-05-25 05:32:26     167        0.068        0.066       0.987       0.990   0.00196       
2025-05-25 05:32:27     168        0.068        0.066       0.987       0.990   0.00194      *
2025-05-25 05:32:29     169        0.068        0.066       0.987       0.990   0.00192       
2025-05-25 05:32:30     170        0.068        0.066       0.987       0.990   0.00190      *
2025-05-25 05:32:31     171        0.067        0.066       0.987       0.990   0.00189      *
2025-05-25 05:32:33     172        0.067        0.066       0.987       0.990   0.00187      *
2025-05-25 05:32:34     173        0.067        0.066       0.987       0.990   0.00185      *
2025-05-25 05:32:36     174        0.067        0.066       0.987       0.990   0.00183      *
2025-05-25 05:32:38     175        0.067        0.066       0.987       0.990   0.00181       
2025-05-25 05:32:40     176        0.067        0.066       0.987       0.990   0.00179      *
2025-05-25 05:32:41     177        0.067        0.066       0.987       0.990   0.00178       
2025-05-25 05:32:42     178        0.067        0.066       0.987       0.990   0.00176       
2025-05-25 05:32:44     179        0.067        0.066       0.987       0.990   0.00174       
2025-05-25 05:32:45     180        0.067        0.066       0.987       0.990   0.00172       
2025-05-25 05:32:47     181        0.067        0.066       0.987       0.990   0.00171       
2025-05-25 05:32:48     182        0.067        0.065       0.987       0.990   0.00169      *
2025-05-25 05:32:49     183        0.066        0.065       0.987       0.990   0.00167       
2025-05-25 05:32:51     184        0.066        0.065       0.987       0.990   0.00165      *
2025-05-25 05:32:52     185        0.066        0.065       0.987       0.990   0.00164       
2025-05-25 05:32:53     186        0.066        0.065       0.987       0.990   0.00162      *
2025-05-25 05:32:55     187        0.066        0.065       0.987       0.990   0.00161      *
2025-05-25 05:32:56     188        0.066        0.065       0.987       0.990   0.00159      *
2025-05-25 05:32:57     189        0.066        0.065       0.987       0.990   0.00157       
2025-05-25 05:32:58     190        0.066        0.064       0.987       0.990   0.00156      *
2025-05-25 05:33:00     191        0.066        0.064       0.987       0.990   0.00154      *
2025-05-25 05:33:01     192        0.066        0.065       0.987       0.990   0.00153       
2025-05-25 05:33:02     193        0.066        0.064       0.987       0.990   0.00151      *
2025-05-25 05:33:04     194        0.066        0.064       0.987       0.990   0.00150       
2025-05-25 05:33:05     195        0.066        0.064       0.987       0.990   0.00148       
2025-05-25 05:33:06     196        0.066        0.064       0.987       0.990   0.00147       
2025-05-25 05:33:08     197        0.066        0.064       0.987       0.990   0.00145       
2025-05-25 05:33:09     198        0.066        0.064       0.987       0.990   0.00144      *
2025-05-25 05:33:10     199        0.066        0.064       0.987       0.990   0.00142      *
2025-05-25 05:33:12     200        0.066        0.064       0.987       0.990   0.00141      *
2025-05-25 05:33:13     201        0.065        0.064       0.987       0.990   0.00139       
2025-05-25 05:33:14     202        0.065        0.064       0.990       0.992   0.00138       
2025-05-25 05:33:15     203        0.066        0.065       0.992       0.994   0.00137       
2025-05-25 05:33:17     204        0.065        0.064       0.987       0.990   0.00135      *
2025-05-25 05:33:18     205        0.065        0.064       0.990       0.992   0.00134       
2025-05-25 05:33:20     206        0.065        0.064       0.987       0.990   0.00133       
2025-05-25 05:33:22     207        0.065        0.064       0.987       0.990   0.00131      *
2025-05-25 05:33:23     208        0.065        0.064       0.987       0.990   0.00130      *
2025-05-25 05:33:25     209        0.065        0.064       0.987       0.990   0.00129      *
2025-05-25 05:33:27     210        0.065        0.063       0.987       0.990   0.00127      *
2025-05-25 05:33:28     211        0.065        0.064       0.987       0.990   0.00126       
2025-05-25 05:33:30     212        0.065        0.063       0.987       0.990   0.00125      *
2025-05-25 05:33:31     213        0.065        0.063       0.987       0.990   0.00124      *
2025-05-25 05:33:32     214        0.065        0.063       0.987       0.990   0.00122       
2025-05-25 05:33:34     215        0.065        0.063       0.987       0.990   0.00121      *
2025-05-25 05:33:35     216        0.065        0.063       0.987       0.990   0.00120       
2025-05-25 05:33:36     217        0.065        0.063       0.987       0.990   0.00119       
2025-05-25 05:33:38     218        0.065        0.064       0.990       0.992   0.00118       
2025-05-25 05:33:40     219        0.065        0.063       0.987       0.990   0.00116      *
2025-05-25 05:33:41     220        0.064        0.063       0.987       0.990   0.00115      *
2025-05-25 05:33:43     221        0.064        0.063       0.987       0.990   0.00114       
2025-05-25 05:33:44     222        0.064        0.063       0.987       0.990   0.00113       
2025-05-25 05:33:45     223        0.064        0.063       0.987       0.990   0.00112      *
2025-05-25 05:33:47     224        0.064        0.063       0.987       0.990   0.00111       
2025-05-25 05:33:48     225        0.064        0.063       0.987       0.990   0.00110       
2025-05-25 05:33:49     226        0.064        0.063       0.987       0.990   0.00108       
2025-05-25 05:33:51     227        0.064        0.063       0.987       0.990   0.00107       
2025-05-25 05:33:52     228        0.064        0.063       0.987       0.990   0.00106       
2025-05-25 05:33:54     229        0.064        0.064       0.990       0.992   0.00105       
2025-05-25 05:33:56     230        0.064        0.063       0.987       0.990   0.00104      *
2025-05-25 05:33:57     231        0.064        0.063       0.987       0.990   0.00103      *
2025-05-25 05:33:58     232        0.064        0.063       0.987       0.990   0.00102       
2025-05-25 05:34:00     233        0.064        0.063       0.987       0.990   0.00101       
2025-05-25 05:34:01     234        0.064        0.063       0.987       0.990   0.00100       
2025-05-25 05:34:02     235        0.064        0.063       0.987       0.990   0.00099      *
2025-05-25 05:34:04     236        0.064        0.063       0.987       0.990   0.00098      *
2025-05-25 05:34:06     237        0.064        0.063       0.987       0.990   0.00097       
2025-05-25 05:34:07     238        0.064        0.063       0.987       0.990   0.00096      *
2025-05-25 05:34:08     239        0.064        0.063       0.987       0.990   0.00095      *
2025-05-25 05:34:10     240        0.064        0.063       0.987       0.990   0.00094       
2025-05-25 05:34:11     241        0.064        0.063       0.987       0.990   0.00093      *
2025-05-25 05:34:12     242        0.064        0.063       0.987       0.990   0.00092       
2025-05-25 05:34:14     243        0.064        0.063       0.987       0.990   0.00091       
2025-05-25 05:34:15     244        0.064        0.063       0.987       0.990   0.00091      *
2025-05-25 05:34:16     245        0.064        0.063       0.987       0.990   0.00090      *
2025-05-25 05:34:18     246        0.064        0.063       0.987       0.990   0.00089       
2025-05-25 05:34:19     247        0.064        0.063       0.987       0.990   0.00088       
2025-05-25 05:34:20     248        0.064        0.063       0.987       0.990   0.00087      *
2025-05-25 05:34:22     249        0.064        0.063       0.987       0.990   0.00086      *
2025-05-25 05:34:23     250        0.064        0.063       0.987       0.990   0.00085       
2025-05-25 05:34:24     251        0.064        0.063       0.987       0.990   0.00084       
2025-05-25 05:34:26     252        0.064        0.063       0.987       0.990   0.00084      *
2025-05-25 05:34:27     253        0.064        0.063       0.987       0.990   0.00083       
2025-05-25 05:34:28     254        0.064        0.063       0.987       0.990   0.00082      *
2025-05-25 05:34:30     255        0.064        0.063       0.987       0.990   0.00081       
2025-05-25 05:34:31     256        0.064        0.063       0.987       0.990   0.00080      *
2025-05-25 05:34:32     257        0.064        0.063       0.987       0.990   0.00079       
2025-05-25 05:34:34     258        0.064        0.062       0.987       0.990   0.00079      *
2025-05-25 05:34:35     259        0.064        0.063       0.987       0.990   0.00078       
2025-05-25 05:34:36     260        0.063        0.063       0.990       0.992   0.00077       
2025-05-25 05:34:38     261        0.064        0.063       0.987       0.990   0.00076       
2025-05-25 05:34:39     262        0.063        0.063       0.987       0.990   0.00076       
2025-05-25 05:34:40     263        0.063        0.063       0.987       0.990   0.00075       
2025-05-25 05:34:41     264        0.064        0.062       0.987       0.990   0.00074      *
2025-05-25 05:34:43     265        0.063        0.062       0.987       0.990   0.00073       
2025-05-25 05:34:44     266        0.063        0.062       0.990       0.992   0.00073       
2025-05-25 05:34:45     267        0.063        0.062       0.987       0.990   0.00072       
2025-05-25 05:34:47     268        0.063        0.062       0.987       0.990   0.00071      *
2025-05-25 05:34:48     269        0.063        0.062       0.987       0.990   0.00070      *
2025-05-25 05:34:50     270        0.063        0.062       0.987       0.990   0.00070       
2025-05-25 05:34:51     271        0.063        0.062       0.987       0.990   0.00069       
2025-05-25 05:34:52     272        0.063        0.062       0.987       0.990   0.00068       
2025-05-25 05:34:53     273        0.063        0.062       0.987       0.990   0.00068      *
2025-05-25 05:34:55     274        0.063        0.062       0.987       0.990   0.00067       
2025-05-25 05:34:56     275        0.063        0.062       0.987       0.990   0.00066      *
2025-05-25 05:34:57     276        0.063        0.062       0.987       0.990   0.00066       
2025-05-25 05:35:00     277        0.063        0.062       0.987       0.990   0.00065      *
2025-05-25 05:35:01     278        0.063        0.062       0.987       0.990   0.00064       
2025-05-25 05:35:03     279        0.063        0.062       0.987       0.990   0.00064       
2025-05-25 05:35:05     280        0.063        0.062       0.987       0.990   0.00063       
2025-05-25 05:35:06     281        0.063        0.062       0.987       0.990   0.00062       
2025-05-25 05:35:08     282        0.063        0.062       0.987       0.990   0.00062       
2025-05-25 05:35:09     283        0.063        0.062       0.987       0.990   0.00061       
2025-05-25 05:35:10     284        0.063        0.062       0.987       0.990   0.00061       
2025-05-25 05:35:12     285        0.063        0.062       0.987       0.990   0.00060      *
2025-05-25 05:35:14     286        0.063        0.062       0.987       0.990   0.00059       
2025-05-25 05:35:15     287        0.063        0.062       0.987       0.990   0.00059       
2025-05-25 05:35:16     288        0.063        0.062       0.987       0.990   0.00058      *
2025-05-25 05:35:18     289        0.063        0.062       0.987       0.990   0.00058      *
2025-05-25 05:35:19     290        0.063        0.062       0.987       0.990   0.00057      *
2025-05-25 05:35:20     291        0.063        0.062       0.987       0.990   0.00056       
2025-05-25 05:35:22     292        0.063        0.062       0.987       0.990   0.00056      *
2025-05-25 05:35:23     293        0.063        0.062       0.987       0.990   0.00055       
2025-05-25 05:35:24     294        0.063        0.062       0.987       0.990   0.00055       
2025-05-25 05:35:26     295        0.063        0.062       0.987       0.990   0.00054       
2025-05-25 05:35:27     296        0.063        0.062       0.987       0.990   0.00054      *
2025-05-25 05:35:28     297        0.063        0.062       0.990       0.992   0.00053       
2025-05-25 05:35:30     298        0.063        0.062       0.987       0.990   0.00053       
2025-05-25 05:35:31     299        0.063        0.062       0.987       0.990   0.00052       
2025-05-25 05:35:32     300        0.063        0.062       0.987       0.990   0.00052      *
2025-05-25 05:35:34     301        0.063        0.062       0.987       0.990   0.00051      *
2025-05-25 05:35:35     302        0.063        0.062       0.987       0.990   0.00051       
2025-05-25 05:35:36     303        0.063        0.062       0.987       0.990   0.00050      *
2025-05-25 05:35:38     304        0.063        0.062       0.987       0.990   0.00050       
2025-05-25 05:35:39     305        0.063        0.062       0.987       0.990   0.00049      *
2025-05-25 05:35:40     306        0.063        0.062       0.987       0.990   0.00049      *
2025-05-25 05:35:42     307        0.063        0.062       0.987       0.990   0.00048       
2025-05-25 05:35:43     308        0.063        0.062       0.987       0.990   0.00048       
2025-05-25 05:35:44     309        0.063        0.062       0.987       0.990   0.00047       
2025-05-25 05:35:46     310        0.063        0.062       0.987       0.990   0.00047       
2025-05-25 05:35:47     311        0.063        0.062       0.987       0.990   0.00046       
2025-05-25 05:35:48     312        0.063        0.062       0.990       0.992   0.00046       
2025-05-25 05:35:49     313        0.063        0.062       0.990       0.992   0.00045       
2025-05-25 05:35:51     314        0.063        0.062       0.987       0.990   0.00045       
2025-05-25 05:35:53     315        0.063        0.062       0.987       0.990   0.00044      *
2025-05-25 05:35:54     316        0.063        0.062       0.987       0.990   0.00044       
2025-05-25 05:35:56     317        0.063        0.062       0.987       0.990   0.00043       
2025-05-25 05:35:57     318        0.063        0.062       0.987       0.990   0.00043       
2025-05-25 05:35:58     319        0.063        0.062       0.987       0.990   0.00043      *
2025-05-25 05:36:00     320        0.063        0.062       0.987       0.990   0.00042       
2025-05-25 05:36:01     321        0.063        0.062       0.987       0.990   0.00042       
2025-05-25 05:36:03     322        0.063        0.062       0.990       0.992   0.00041       
2025-05-25 05:36:04     323        0.063        0.062       0.987       0.990   0.00041       
2025-05-25 05:36:05     324        0.063        0.062       0.987       0.990   0.00041       
2025-05-25 05:36:06     325        0.063        0.062       0.987       0.990   0.00040       
2025-05-25 05:36:08     326        0.063        0.062       0.987       0.990   0.00040      *
2025-05-25 05:36:09     327        0.063        0.062       0.987       0.990   0.00039      *
2025-05-25 05:36:10     328        0.063        0.062       0.987       0.990   0.00039       
2025-05-25 05:36:12     329        0.063        0.062       0.987       0.990   0.00039      *
2025-05-25 05:36:13     330        0.063        0.062       0.987       0.990   0.00038       
2025-05-25 05:36:14     331        0.062        0.062       0.990       0.992   0.00038       
2025-05-25 05:36:16     332        0.063        0.062       0.987       0.990   0.00037      *
2025-05-25 05:36:17     333        0.063        0.062       0.987       0.990   0.00037      *
2025-05-25 05:36:18     334        0.063        0.062       0.987       0.990   0.00037       
2025-05-25 05:36:20     335        0.063        0.061       0.987       0.990   0.00036      *
2025-05-25 05:36:21     336        0.063        0.062       0.987       0.990   0.00036       
2025-05-25 05:36:22     337        0.063        0.062       0.987       0.990   0.00036       
2025-05-25 05:36:24     338        0.062        0.062       0.987       0.990   0.00035       
2025-05-25 05:36:25     339        0.062        0.062       0.987       0.990   0.00035       
2025-05-25 05:36:26     340        0.062        0.062       0.990       0.992   0.00034       
2025-05-25 05:36:28     341        0.062        0.062       0.987       0.990   0.00034       
2025-05-25 05:36:29     342        0.063        0.061       0.987       0.990   0.00034      *
2025-05-25 05:36:30     343        0.062        0.061       0.987       0.990   0.00033      *
2025-05-25 05:36:32     344        0.063        0.061       0.987       0.990   0.00033      *
2025-05-25 05:36:33     345        0.062        0.061       0.987       0.990   0.00033       
2025-05-25 05:36:34     346        0.062        0.062       0.987       0.990   0.00032       
2025-05-25 05:36:36     347        0.062        0.062       0.987       0.990   0.00032       
2025-05-25 05:36:37     348        0.062        0.061       0.987       0.990   0.00032       
2025-05-25 05:36:38     349        0.062        0.061       0.987       0.990   0.00032       
2025-05-25 05:36:39     350        0.062        0.061       0.987       0.990   0.00031       
2025-05-25 05:36:41     351        0.062        0.061       0.987       0.990   0.00031       
2025-05-25 05:36:42     352        0.062        0.061       0.987       0.990   0.00031       
2025-05-25 05:36:43     353        0.062        0.062       0.987       0.990   0.00030       
2025-05-25 05:36:45     354        0.062        0.062       0.990       0.992   0.00030       
2025-05-25 05:36:46     355        0.062        0.062       0.987       0.990   0.00030       
2025-05-25 05:36:47     356        0.062        0.061       0.987       0.990   0.00029       
2025-05-25 05:36:49     357        0.062        0.061       0.987       0.990   0.00029       
2025-05-25 05:36:50     358        0.062        0.061       0.987       0.990   0.00029       
2025-05-25 05:36:51     359        0.062        0.061       0.987       0.990   0.00029       
2025-05-25 05:36:52     360        0.062        0.061       0.987       0.990   0.00028       
2025-05-25 05:36:54     361        0.062        0.061       0.990       0.992   0.00028       
2025-05-25 05:36:55     362        0.062        0.062       0.990       0.992   0.00028       
2025-05-25 05:36:57     363        0.062        0.062       0.990       0.992   0.00027       
2025-05-25 05:36:58     364        0.062        0.061       0.990       0.992   0.00027       
2025-05-25 05:36:58   --- Training ended ---
2025-05-25 05:36:58   Number of model parameters: 1537
2025-05-25 05:36:58   Training time: 0:08:27
2025-05-25 05:36:58   Best epoch: 344
2025-05-25 05:36:58   Best valid loss: 0.061
2025-05-25 05:36:58   Best valid accuracy (macro): 0.987
2025-05-25 05:36:58   Best F1 score: 0.990
