2025-05-25 02:52:48   --- Hyperparameters ---
2025-05-25 02:52:48   model = DenseMsaNet(
2025-05-25 02:52:48     (dense_layer1): Sequential(
2025-05-25 02:52:48       (0): Linear(in_features=22, out_features=100, bias=True)
2025-05-25 02:52:48       (1): ReLU()
2025-05-25 02:52:48       (2): Dropout(p=0.2, inplace=False)
2025-05-25 02:52:48     )
2025-05-25 02:52:48     (dense_layer2): Linear(in_features=100, out_features=1, bias=True)
2025-05-25 02:52:48   )
2025-05-25 02:52:48   split_proportion = 0.9
2025-05-25 02:52:48   batch_pad_sequences = False
2025-05-25 02:52:48   learning_rate = 0.01
2025-05-25 02:52:48   batch_size = 64
2025-05-25 02:52:48   max_epochs = 500
2025-05-25 02:52:48   early_stopping_patience = 20
2025-05-25 02:52:48   --- Creating loaders ---
2025-05-25 02:52:49   --- nvidia-smi output ---
2025-05-25 02:52:49   nvidia-smi cannot be run: Command 'nvidia-smi' returned non-zero exit status 18.
2025-05-25 02:52:49   --- Training start ---
2025-05-25 02:52:49   Start training using cuda device.
2025-05-25 02:52:49   Number of model parameters: 2401.
2025-05-25 02:52:49   Epoch   Train loss   Valid loss   Valid acc    F1-score        Lr   Best
2025-05-25 02:52:49   ------------------------------------------------------------------------
2025-05-25 02:53:04       1        0.701        0.702       0.372       0.000   0.00000      *
2025-05-25 02:53:05       2        0.655        0.651       0.441       0.199   0.00250      *
2025-05-25 02:53:05       3        0.571        0.576       0.697       0.801   0.00500      *
2025-05-25 02:53:05       4        0.481        0.495       0.774       0.829   0.00750      *
2025-05-25 02:53:06       5        0.464        0.482       0.782       0.832   0.01000      *
2025-05-25 02:53:06       6        0.460        0.480       0.785       0.837   0.00990      *
2025-05-25 02:53:06       7        0.457        0.480       0.785       0.831   0.00980       
2025-05-25 02:53:07       8        0.474        0.490       0.762       0.829   0.00970       
2025-05-25 02:53:07       9        0.459        0.479       0.785       0.839   0.00961      *
2025-05-25 02:53:07      10        0.454        0.478       0.782       0.830   0.00951      *
2025-05-25 02:53:07      11        0.455        0.482       0.769       0.817   0.00941       
2025-05-25 02:53:08      12        0.453        0.478       0.787       0.835   0.00932       
2025-05-25 02:53:08      13        0.460        0.480       0.777       0.836   0.00923       
2025-05-25 02:53:08      14        0.448        0.475       0.785       0.831   0.00914      *
2025-05-25 02:53:09      15        0.447        0.470       0.787       0.839   0.00904      *
2025-05-25 02:53:09      16        0.443        0.470       0.795       0.838   0.00895      *
2025-05-25 02:53:09      17        0.440        0.465       0.782       0.830   0.00886      *
2025-05-25 02:53:10      18        0.440        0.459       0.790       0.842   0.00878      *
2025-05-25 02:53:10      19        0.439        0.467       0.787       0.831   0.00869       
2025-05-25 02:53:10      20        0.432        0.455       0.797       0.843   0.00860      *
2025-05-25 02:53:10      21        0.430        0.451       0.790       0.839   0.00851      *
2025-05-25 02:53:11      22        0.428        0.450       0.805       0.849   0.00843      *
2025-05-25 02:53:11      23        0.428        0.455       0.805       0.847   0.00835       
2025-05-25 02:53:11      24        0.428        0.451       0.803       0.849   0.00826       
2025-05-25 02:53:12      25        0.423        0.446       0.805       0.849   0.00818      *
2025-05-25 02:53:12      26        0.422        0.447       0.805       0.849   0.00810       
2025-05-25 02:53:12      27        0.421        0.446       0.803       0.848   0.00802       
2025-05-25 02:53:12      28        0.424        0.442       0.808       0.854   0.00794      *
2025-05-25 02:53:13      29        0.432        0.463       0.787       0.825   0.00786       
2025-05-25 02:53:13      30        0.417        0.442       0.803       0.848   0.00778      *
2025-05-25 02:53:13      31        0.420        0.452       0.808       0.847   0.00770       
2025-05-25 02:53:13      32        0.415        0.437       0.808       0.851   0.00762      *
2025-05-25 02:53:14      33        0.421        0.450       0.797       0.836   0.00755       
2025-05-25 02:53:14      34        0.414        0.443       0.813       0.852   0.00747       
2025-05-25 02:53:14      35        0.422        0.444       0.818       0.864   0.00740       
2025-05-25 02:53:15      36        0.410        0.440       0.803       0.845   0.00732       
2025-05-25 02:53:15      37        0.416        0.449       0.813       0.848   0.00725       
2025-05-25 02:53:15      38        0.409        0.438       0.813       0.852   0.00718       
2025-05-25 02:53:15      39        0.409        0.444       0.818       0.854   0.00711       
2025-05-25 02:53:16      40        0.408        0.442       0.815       0.852   0.00703       
2025-05-25 02:53:16      41        0.407        0.442       0.815       0.855   0.00696       
2025-05-25 02:53:16      42        0.405        0.438       0.810       0.851   0.00689       
2025-05-25 02:53:16      43        0.401        0.435       0.813       0.853   0.00683      *
2025-05-25 02:53:17      44        0.399        0.438       0.818       0.857   0.00676       
2025-05-25 02:53:17      45        0.398        0.434       0.818       0.855   0.00669      *
2025-05-25 02:53:17      46        0.404        0.436       0.821       0.864   0.00662       
2025-05-25 02:53:17      47        0.397        0.440       0.818       0.855   0.00656       
2025-05-25 02:53:18      48        0.405        0.438       0.813       0.860   0.00649       
2025-05-25 02:53:18      49        0.395        0.434       0.813       0.855   0.00643       
2025-05-25 02:53:18      50        0.395        0.438       0.813       0.849   0.00636       
2025-05-25 02:53:19      51        0.392        0.435       0.821       0.858   0.00630       
2025-05-25 02:53:19      52        0.391        0.436       0.821       0.857   0.00624       
2025-05-25 02:53:19      53        0.388        0.432       0.818       0.857   0.00617      *
2025-05-25 02:53:20      54        0.390        0.434       0.826       0.863   0.00611       
2025-05-25 02:53:20      55        0.392        0.431       0.815       0.860   0.00605      *
2025-05-25 02:53:20      56        0.388        0.437       0.833       0.865   0.00599       
2025-05-25 02:53:21      57        0.388        0.439       0.813       0.848   0.00593       
2025-05-25 02:53:21      58        0.388        0.443       0.815       0.851   0.00587       
2025-05-25 02:53:22      59        0.383        0.428       0.831       0.867   0.00581      *
2025-05-25 02:53:22      60        0.387        0.439       0.813       0.848   0.00575       
2025-05-25 02:53:22      61        0.389        0.444       0.808       0.842   0.00570       
2025-05-25 02:53:23      62        0.383        0.431       0.821       0.858   0.00564       
2025-05-25 02:53:23      63        0.382        0.438       0.821       0.855   0.00558       
2025-05-25 02:53:23      64        0.383        0.437       0.818       0.852   0.00553       
2025-05-25 02:53:24      65        0.381        0.430       0.831       0.869   0.00547       
2025-05-25 02:53:24      66        0.381        0.438       0.821       0.855   0.00542       
2025-05-25 02:53:24      67        0.381        0.435       0.831       0.864   0.00536       
2025-05-25 02:53:25      68        0.381        0.442       0.831       0.863   0.00531       
2025-05-25 02:53:25      69        0.382        0.429       0.823       0.864   0.00526       
2025-05-25 02:53:25      70        0.377        0.432       0.828       0.865   0.00520       
2025-05-25 02:53:25      71        0.377        0.436       0.831       0.864   0.00515       
2025-05-25 02:53:26      72        0.375        0.428       0.826       0.863   0.00510       
2025-05-25 02:53:26      73        0.374        0.433       0.833       0.865   0.00505       
2025-05-25 02:53:26      74        0.375        0.427       0.823       0.861   0.00500      *
2025-05-25 02:53:27      75        0.380        0.436       0.821       0.862   0.00495       
2025-05-25 02:53:27      76        0.377        0.443       0.808       0.841   0.00490       
2025-05-25 02:53:27      77        0.373        0.429       0.828       0.866   0.00485       
2025-05-25 02:53:27      78        0.374        0.432       0.813       0.853   0.00480       
2025-05-25 02:53:28      79        0.376        0.429       0.823       0.864   0.00475       
2025-05-25 02:53:28      80        0.373        0.429       0.823       0.863   0.00471       
2025-05-25 02:53:28      81        0.371        0.437       0.826       0.859   0.00466       
2025-05-25 02:53:28      82        0.369        0.432       0.821       0.857   0.00461       
2025-05-25 02:53:29      83        0.375        0.446       0.808       0.841   0.00457       
2025-05-25 02:53:29      84        0.369        0.433       0.833       0.866   0.00452       
2025-05-25 02:53:29      85        0.369        0.433       0.821       0.857   0.00448       
2025-05-25 02:53:30      86        0.369        0.434       0.828       0.861   0.00443       
2025-05-25 02:53:30      87        0.374        0.447       0.805       0.837   0.00439       
2025-05-25 02:53:30      88        0.369        0.430       0.831       0.867   0.00434       
2025-05-25 02:53:30      89        0.368        0.437       0.821       0.854   0.00430       
2025-05-25 02:53:31      90        0.368        0.429       0.826       0.863   0.00426       
2025-05-25 02:53:31      91        0.367        0.429       0.838       0.872   0.00421       
2025-05-25 02:53:31      92        0.370        0.442       0.808       0.840   0.00417       
2025-05-25 02:53:31      93        0.369        0.439       0.818       0.850   0.00413       
2025-05-25 02:53:32      94        0.365        0.429       0.836       0.871   0.00409       
2025-05-25 02:53:32   --- Training ended ---
2025-05-25 02:53:32   Number of model parameters: 2401
2025-05-25 02:53:32   Training time: 0:00:43
2025-05-25 02:53:32   Best epoch: 74
2025-05-25 02:53:32   Best valid loss: 0.427
2025-05-25 02:53:32   Best valid accuracy (macro): 0.823
2025-05-25 02:53:32   Best F1 score: 0.861
