2025-05-25 02:53:34   --- Hyperparameters ---
2025-05-25 02:53:34   model = DenseSiteNet(
2025-05-25 02:53:34     (dense_layer1): Sequential(
2025-05-25 02:53:34       (0): Linear(in_features=106722, out_features=100, bias=True)
2025-05-25 02:53:34       (1): ReLU()
2025-05-25 02:53:34       (2): Dropout(p=0.2, inplace=False)
2025-05-25 02:53:34     )
2025-05-25 02:53:34     (dense_layer2): Linear(in_features=100, out_features=1, bias=True)
2025-05-25 02:53:34   )
2025-05-25 02:53:34   split_proportion = 0.9
2025-05-25 02:53:34   batch_pad_sequences = False
2025-05-25 02:53:34   learning_rate = 0.01
2025-05-25 02:53:34   batch_size = 64
2025-05-25 02:53:34   max_epochs = 500
2025-05-25 02:53:34   early_stopping_patience = 20
2025-05-25 02:53:34   --- Creating loaders ---
2025-05-25 02:53:34   --- nvidia-smi output ---
2025-05-25 02:53:34   nvidia-smi cannot be run: Command 'nvidia-smi' returned non-zero exit status 18.
2025-05-25 02:53:34   --- Training start ---
2025-05-25 02:53:34   Start training using cuda device.
2025-05-25 02:53:34   Number of model parameters: 10672401.
2025-05-25 02:53:34   Epoch   Train loss   Valid loss   Valid acc    F1-score        Lr   Best
2025-05-25 02:53:34   ------------------------------------------------------------------------
2025-05-25 02:53:36       1        0.688        0.688       0.415       0.260   0.00000      *
2025-05-25 02:53:37       2        0.238        0.439       0.774       0.820   0.00250      *
2025-05-25 02:53:39       3        0.125        0.500       0.790       0.831   0.00500       
2025-05-25 02:53:40       4        0.077        0.634       0.785       0.817   0.00750       
2025-05-25 02:53:41       5        0.093        0.846       0.769       0.801   0.01000       
2025-05-25 02:53:43       6        0.026        0.884       0.792       0.837   0.00990       
2025-05-25 02:53:44       7        0.012        1.063       0.787       0.822   0.00980       
2025-05-25 02:53:46       8        0.006        1.289       0.779       0.825   0.00970       
2025-05-25 02:53:47       9        0.003        1.535       0.787       0.826   0.00961       
2025-05-25 02:53:48      10        0.016        1.665       0.749       0.792   0.00951       
2025-05-25 02:53:50      11        0.063        1.698       0.762       0.800   0.00941       
2025-05-25 02:53:51      12        0.009        1.321       0.792       0.840   0.00932       
2025-05-25 02:53:53      13        0.003        1.641       0.800       0.838   0.00923       
2025-05-25 02:53:54      14        0.001        1.618       0.790       0.831   0.00914       
2025-05-25 02:53:55      15        0.002        1.898       0.797       0.842   0.00904       
2025-05-25 02:53:57      16        0.001        1.679       0.797       0.838   0.00895       
2025-05-25 02:53:58      17        0.004        2.067       0.797       0.840   0.00886       
2025-05-25 02:54:00      18        0.001        1.994       0.803       0.842   0.00878       
2025-05-25 02:54:01      19        0.001        2.103       0.792       0.833   0.00869       
2025-05-25 02:54:02      20        0.001        1.976       0.790       0.836   0.00860       
2025-05-25 02:54:04      21        0.001        1.825       0.795       0.834   0.00851       
2025-05-25 02:54:05      22        0.001        1.805       0.790       0.833   0.00843       
2025-05-25 02:54:05   --- Training ended ---
2025-05-25 02:54:05   Number of model parameters: 10672401
2025-05-25 02:54:05   Training time: 0:00:32
2025-05-25 02:54:05   Best epoch: 2
2025-05-25 02:54:05   Best valid loss: 0.439
2025-05-25 02:54:05   Best valid accuracy (macro): 0.774
2025-05-25 02:54:05   Best F1 score: 0.820
