2025-05-25 05:19:36   --- Hyperparameters ---
2025-05-25 05:19:36   model = DenseSiteNet(
2025-05-25 05:19:36     (dense_layer1): Sequential(
2025-05-25 05:19:36       (0): Linear(in_features=106722, out_features=100, bias=True)
2025-05-25 05:19:36       (1): ReLU()
2025-05-25 05:19:36       (2): Dropout(p=0.2, inplace=False)
2025-05-25 05:19:36     )
2025-05-25 05:19:36     (dense_layer2): Linear(in_features=100, out_features=1, bias=True)
2025-05-25 05:19:36   )
2025-05-25 05:19:36   split_proportion = 0.9
2025-05-25 05:19:36   batch_pad_sequences = False
2025-05-25 05:19:36   learning_rate = 0.01
2025-05-25 05:19:36   batch_size = 64
2025-05-25 05:19:36   max_epochs = 500
2025-05-25 05:19:36   early_stopping_patience = 20
2025-05-25 05:19:36   --- Creating loaders ---
2025-05-25 05:19:36   --- nvidia-smi output ---
2025-05-25 05:19:36   nvidia-smi cannot be run: Command 'nvidia-smi' returned non-zero exit status 18.
2025-05-25 05:19:36   --- Training start ---
2025-05-25 05:19:36   Start training using cuda device.
2025-05-25 05:19:36   Number of model parameters: 10672401.
2025-05-25 05:19:36   Epoch   Train loss   Valid loss   Valid acc    F1-score        Lr   Best
2025-05-25 05:19:36   ------------------------------------------------------------------------
2025-05-25 05:19:38       1        0.686        0.685       0.372       0.000   0.00000      *
2025-05-25 05:19:39       2        0.279        0.412       0.813       0.835   0.00250      *
2025-05-25 05:19:41       3        0.103        0.393       0.846       0.880   0.00500      *
2025-05-25 05:19:43       4        0.078        0.531       0.818       0.845   0.00750       
2025-05-25 05:19:44       5        0.046        0.610       0.828       0.864   0.01000       
2025-05-25 05:19:45       6        0.021        0.696       0.831       0.862   0.00990       
2025-05-25 05:19:47       7        0.014        0.650       0.846       0.873   0.00980       
2025-05-25 05:19:48       8        0.005        0.821       0.854       0.881   0.00970       
2025-05-25 05:19:50       9        0.004        0.851       0.831       0.860   0.00961       
2025-05-25 05:19:51      10        0.007        0.992       0.831       0.858   0.00951       
2025-05-25 05:19:52      11        0.007        0.993       0.833       0.861   0.00941       
2025-05-25 05:19:53      12        0.006        1.040       0.833       0.864   0.00932       
2025-05-25 05:19:54      13        0.008        1.215       0.828       0.867   0.00923       
2025-05-25 05:19:56      14        0.002        1.086       0.844       0.874   0.00914       
2025-05-25 05:19:57      15        0.028        1.096       0.833       0.858   0.00904       
2025-05-25 05:19:58      16        0.004        1.025       0.833       0.864   0.00895       
2025-05-25 05:20:00      17        0.004        1.138       0.838       0.870   0.00886       
2025-05-25 05:20:01      18        0.002        1.137       0.844       0.876   0.00878       
2025-05-25 05:20:02      19        0.001        1.053       0.851       0.881   0.00869       
2025-05-25 05:20:03      20        0.001        1.260       0.854       0.884   0.00860       
2025-05-25 05:20:05      21        0.000        1.146       0.856       0.886   0.00851       
2025-05-25 05:20:06      22        0.000        1.156       0.854       0.882   0.00843       
2025-05-25 05:20:07      23        0.000        1.182       0.844       0.877   0.00835       
2025-05-25 05:20:07   --- Training ended ---
2025-05-25 05:20:07   Number of model parameters: 10672401
2025-05-25 05:20:07   Training time: 0:00:31
2025-05-25 05:20:07   Best epoch: 3
2025-05-25 05:20:07   Best valid loss: 0.393
2025-05-25 05:20:07   Best valid accuracy (macro): 0.846
2025-05-25 05:20:07   Best F1 score: 0.880
