2025-05-25 05:11:38   --- Preprocessing base data ---
2025-05-25 05:11:38   Tokenizing real alignments...
2025-05-25 05:11:38   Removing sequences with ambiguous tokens...
2025-05-25 05:11:38   0/20290 sequences have been removed from 0/1497 alignements due to ambiguous sites.
2025-05-25 05:11:38   Tokenizing simulated alignments...
2025-05-25 05:11:39   Removing sequences with ambiguous tokens...
2025-05-25 05:11:39   0/17109 sequences have been removed from 0/2413 alignements due to ambiguous sites.
2025-05-25 05:11:39   Checking alignments...
2025-05-25 05:11:39   30 renamed keys in simulated aligns.
2025-05-25 05:11:39   Creating labels...
2025-05-25 05:11:39   Merging aligns and labels...
2025-05-25 05:11:39   Total number of alignments: 3910
2025-05-25 05:11:39   --- Start running LogisticRegressionClassifier ---
2025-05-25 05:11:40   --- End running LogisticRegressionClassifier ---
2025-05-25 05:11:40   --- Start running DenseMsaClassifier ---
2025-05-25 05:12:27   --- End running DenseMsaClassifier ---
2025-05-25 05:12:27   --- Start running DenseSiteClassifier ---
2025-05-25 05:12:59   --- End running DenseSiteClassifier ---
2025-05-25 05:12:59   --- Start running AACnnClassifier ---
2025-05-25 05:16:30   --- End running AACnnClassifier ---
