2025-05-25 03:24:18   --- Hyperparameters ---
2025-05-25 03:24:18   model = AAConvNet(
2025-05-25 03:24:18     (conv_layer): Sequential(
2025-05-25 03:24:18       (0): Conv1d(22, 64, kernel_size=(1,), stride=(1,))
2025-05-25 03:24:18       (1): ReLU()
2025-05-25 03:24:18       (2): AvgPool1d(kernel_size=(4851,), stride=(4851,), padding=(0,))
2025-05-25 03:24:18       (3): Dropout(p=0.2, inplace=False)
2025-05-25 03:24:18     )
2025-05-25 03:24:18     (dense_layer): Linear(in_features=64, out_features=1, bias=True)
2025-05-25 03:24:18   )
2025-05-25 03:24:18   split_proportion = 0.9
2025-05-25 03:24:18   batch_pad_sequences = False
2025-05-25 03:24:18   learning_rate = 0.01
2025-05-25 03:24:18   batch_size = 64
2025-05-25 03:24:18   max_epochs = 500
2025-05-25 03:24:18   early_stopping_patience = 20
2025-05-25 03:24:18   --- Creating loaders ---
2025-05-25 03:24:18   --- nvidia-smi output ---
2025-05-25 03:24:18   nvidia-smi cannot be run: Command 'nvidia-smi' returned non-zero exit status 18.
2025-05-25 03:24:18   --- Training start ---
2025-05-25 03:24:18   Start training using cuda device.
2025-05-25 03:24:18   Number of model parameters: 1537.
2025-05-25 03:24:18   Epoch   Train loss   Valid loss   Valid acc    F1-score        Lr   Best
2025-05-25 03:24:18   ------------------------------------------------------------------------
2025-05-25 03:24:20       1        0.685        0.684       0.372       0.000   0.00000      *
2025-05-25 03:24:22       2        0.666        0.660       0.367       0.000   0.00250      *
2025-05-25 03:24:23       3        0.665        0.659       0.628       0.772   0.00500      *
2025-05-25 03:24:25       4        0.661        0.654       0.431       0.178   0.00750      *
2025-05-25 03:24:26       5        0.654        0.646       0.495       0.332   0.01000      *
2025-05-25 03:24:28       6        0.644        0.638       0.741       0.826   0.00990      *
2025-05-25 03:24:29       7        0.633        0.624       0.697       0.793   0.00980      *
2025-05-25 03:24:30       8        0.621        0.615       0.656       0.784   0.00970      *
2025-05-25 03:24:32       9        0.609        0.598       0.672       0.791   0.00961      *
2025-05-25 03:24:33      10        0.600        0.600       0.651       0.783   0.00951       
2025-05-25 03:24:35      11        0.587        0.582       0.697       0.804   0.00941      *
2025-05-25 03:24:36      12        0.580        0.571       0.782       0.848   0.00932      *
2025-05-25 03:24:38      13        0.566        0.564       0.710       0.811   0.00923      *
2025-05-25 03:24:39      14        0.557        0.555       0.741       0.826   0.00914      *
2025-05-25 03:24:41      15        0.551        0.545       0.790       0.852   0.00904      *
2025-05-25 03:24:42      16        0.542        0.541       0.782       0.849   0.00895      *
2025-05-25 03:24:44      17        0.535        0.538       0.759       0.837   0.00886      *
2025-05-25 03:24:45      18        0.528        0.532       0.769       0.843   0.00878      *
2025-05-25 03:24:47      19        0.521        0.517       0.803       0.859   0.00869      *
2025-05-25 03:24:48      20        0.515        0.513       0.805       0.862   0.00860      *
2025-05-25 03:24:50      21        0.510        0.508       0.808       0.864   0.00851      *
2025-05-25 03:24:51      22        0.506        0.508       0.818       0.870   0.00843       
2025-05-25 03:24:53      23        0.502        0.502       0.826       0.874   0.00835      *
2025-05-25 03:24:54      24        0.498        0.493       0.813       0.868   0.00826      *
2025-05-25 03:24:55      25        0.496        0.501       0.818       0.871   0.00818       
2025-05-25 03:24:57      26        0.492        0.494       0.826       0.875   0.00810       
2025-05-25 03:24:58      27        0.488        0.484       0.823       0.873   0.00802      *
2025-05-25 03:25:00      28        0.485        0.486       0.828       0.876   0.00794       
2025-05-25 03:25:01      29        0.483        0.481       0.821       0.869   0.00786      *
2025-05-25 03:25:03      30        0.480        0.479       0.823       0.871   0.00778      *
2025-05-25 03:25:05      31        0.478        0.479       0.821       0.868   0.00770       
2025-05-25 03:25:06      32        0.476        0.471       0.818       0.865   0.00762      *
2025-05-25 03:25:08      33        0.475        0.465       0.813       0.860   0.00755      *
2025-05-25 03:25:09      34        0.473        0.462       0.818       0.864   0.00747      *
2025-05-25 03:25:11      35        0.470        0.464       0.828       0.874   0.00740       
2025-05-25 03:25:12      36        0.470        0.477       0.826       0.875   0.00732       
2025-05-25 03:25:14      37        0.466        0.463       0.818       0.866   0.00725       
2025-05-25 03:25:16      38        0.465        0.464       0.826       0.873   0.00718       
2025-05-25 03:25:17      39        0.465        0.447       0.821       0.865   0.00711      *
2025-05-25 03:25:19      40        0.462        0.459       0.826       0.873   0.00703       
2025-05-25 03:25:20      41        0.460        0.449       0.818       0.865   0.00696       
2025-05-25 03:25:22      42        0.459        0.449       0.831       0.876   0.00689       
2025-05-25 03:25:23      43        0.457        0.445       0.821       0.867   0.00683      *
2025-05-25 03:25:25      44        0.456        0.452       0.818       0.866   0.00676       
2025-05-25 03:25:26      45        0.455        0.453       0.826       0.873   0.00669       
2025-05-25 03:25:28      46        0.454        0.445       0.823       0.869   0.00662      *
2025-05-25 03:25:29      47        0.456        0.449       0.841       0.877   0.00656       
2025-05-25 03:25:31      48        0.452        0.447       0.821       0.867   0.00649       
2025-05-25 03:25:32      49        0.452        0.446       0.831       0.876   0.00643       
2025-05-25 03:25:34      50        0.451        0.434       0.831       0.873   0.00636      *
2025-05-25 03:25:35      51        0.451        0.451       0.831       0.877   0.00630       
2025-05-25 03:25:36      52        0.449        0.442       0.826       0.872   0.00624       
2025-05-25 03:25:38      53        0.449        0.445       0.826       0.872   0.00617       
2025-05-25 03:25:39      54        0.448        0.447       0.823       0.869   0.00611       
2025-05-25 03:25:41      55        0.447        0.436       0.836       0.876   0.00605       
2025-05-25 03:25:42      56        0.446        0.443       0.821       0.867   0.00599       
2025-05-25 03:25:44      57        0.445        0.432       0.838       0.878   0.00593      *
2025-05-25 03:25:45      58        0.444        0.444       0.828       0.874   0.00587       
2025-05-25 03:25:47      59        0.443        0.437       0.818       0.864   0.00581       
2025-05-25 03:25:48      60        0.442        0.439       0.823       0.870   0.00575       
2025-05-25 03:25:50      61        0.441        0.433       0.826       0.869   0.00570       
2025-05-25 03:25:51      62        0.441        0.439       0.826       0.871   0.00564       
2025-05-25 03:25:52      63        0.440        0.435       0.818       0.864   0.00558       
2025-05-25 03:25:54      64        0.439        0.430       0.836       0.876   0.00553      *
2025-05-25 03:25:55      65        0.439        0.426       0.836       0.876   0.00547      *
2025-05-25 03:25:57      66        0.438        0.421       0.833       0.874   0.00542      *
2025-05-25 03:25:58      67        0.438        0.431       0.828       0.874   0.00536       
2025-05-25 03:26:00      68        0.437        0.427       0.826       0.870   0.00531       
2025-05-25 03:26:01      69        0.436        0.428       0.831       0.873   0.00526       
2025-05-25 03:26:03      70        0.436        0.429       0.828       0.871   0.00520       
2025-05-25 03:26:04      71        0.435        0.425       0.836       0.876   0.00515       
2025-05-25 03:26:06      72        0.435        0.431       0.826       0.869   0.00510       
2025-05-25 03:26:07      73        0.434        0.428       0.836       0.876   0.00505       
2025-05-25 03:26:08      74        0.434        0.429       0.826       0.869   0.00500       
2025-05-25 03:26:10      75        0.433        0.429       0.826       0.869   0.00495       
2025-05-25 03:26:11      76        0.433        0.426       0.833       0.874   0.00490       
2025-05-25 03:26:13      77        0.433        0.421       0.841       0.879   0.00485       
2025-05-25 03:26:14      78        0.436        0.446       0.833       0.878   0.00480       
2025-05-25 03:26:16      79        0.432        0.424       0.833       0.874   0.00475       
2025-05-25 03:26:17      80        0.432        0.418       0.836       0.876   0.00471      *
2025-05-25 03:26:18      81        0.431        0.422       0.833       0.874   0.00466       
2025-05-25 03:26:20      82        0.431        0.420       0.836       0.876   0.00461       
2025-05-25 03:26:21      83        0.430        0.419       0.836       0.876   0.00457       
2025-05-25 03:26:23      84        0.430        0.428       0.831       0.873   0.00452       
2025-05-25 03:26:24      85        0.430        0.421       0.833       0.874   0.00448       
2025-05-25 03:26:26      86        0.429        0.416       0.841       0.879   0.00443      *
2025-05-25 03:26:27      87        0.429        0.422       0.836       0.876   0.00439       
2025-05-25 03:26:29      88        0.429        0.424       0.833       0.875   0.00434       
2025-05-25 03:26:30      89        0.429        0.426       0.831       0.874   0.00430       
2025-05-25 03:26:31      90        0.428        0.417       0.836       0.876   0.00426       
2025-05-25 03:26:33      91        0.428        0.425       0.833       0.875   0.00421       
2025-05-25 03:26:34      92        0.427        0.422       0.833       0.874   0.00417       
2025-05-25 03:26:36      93        0.427        0.417       0.841       0.879   0.00413       
2025-05-25 03:26:37      94        0.427        0.421       0.833       0.875   0.00409       
2025-05-25 03:26:39      95        0.426        0.418       0.838       0.879   0.00405       
2025-05-25 03:26:40      96        0.426        0.419       0.833       0.875   0.00401       
2025-05-25 03:26:42      97        0.426        0.415       0.836       0.876   0.00397      *
2025-05-25 03:26:43      98        0.425        0.411       0.838       0.878   0.00393      *
2025-05-25 03:26:44      99        0.425        0.414       0.838       0.878   0.00389       
2025-05-25 03:26:46     100        0.425        0.415       0.838       0.878   0.00385       
2025-05-25 03:26:47     101        0.425        0.416       0.838       0.878   0.00381       
2025-05-25 03:26:49     102        0.424        0.414       0.838       0.878   0.00377       
2025-05-25 03:26:50     103        0.424        0.413       0.838       0.878   0.00373       
2025-05-25 03:26:52     104        0.424        0.414       0.838       0.878   0.00370       
2025-05-25 03:26:53     105        0.423        0.414       0.838       0.878   0.00366       
2025-05-25 03:26:54     106        0.423        0.411       0.838       0.878   0.00362       
2025-05-25 03:26:56     107        0.423        0.420       0.833       0.875   0.00359       
2025-05-25 03:26:57     108        0.423        0.407       0.841       0.879   0.00355      *
2025-05-25 03:26:59     109        0.422        0.413       0.838       0.878   0.00352       
2025-05-25 03:27:00     110        0.422        0.408       0.841       0.879   0.00348       
2025-05-25 03:27:02     111        0.422        0.412       0.841       0.880   0.00345       
2025-05-25 03:27:03     112        0.422        0.403       0.841       0.879   0.00341      *
2025-05-25 03:27:05     113        0.422        0.412       0.841       0.880   0.00338       
2025-05-25 03:27:06     114        0.421        0.412       0.841       0.880   0.00334       
2025-05-25 03:27:08     115        0.421        0.407       0.838       0.878   0.00331       
2025-05-25 03:27:09     116        0.421        0.413       0.838       0.879   0.00328       
2025-05-25 03:27:11     117        0.421        0.412       0.844       0.882   0.00324       
2025-05-25 03:27:12     118        0.420        0.405       0.838       0.878   0.00321       
2025-05-25 03:27:14     119        0.421        0.419       0.836       0.877   0.00318       
2025-05-25 03:27:15     120        0.420        0.407       0.846       0.883   0.00315       
2025-05-25 03:27:16     121        0.420        0.407       0.841       0.879   0.00312       
2025-05-25 03:27:18     122        0.419        0.410       0.841       0.880   0.00309       
2025-05-25 03:27:19     123        0.419        0.407       0.841       0.880   0.00305       
2025-05-25 03:27:21     124        0.421        0.421       0.836       0.877   0.00302       
2025-05-25 03:27:22     125        0.419        0.408       0.841       0.880   0.00299       
2025-05-25 03:27:24     126        0.419        0.402       0.844       0.881   0.00296      *
2025-05-25 03:27:25     127        0.418        0.409       0.844       0.882   0.00293       
2025-05-25 03:27:27     128        0.418        0.408       0.844       0.882   0.00290       
2025-05-25 03:27:28     129        0.418        0.406       0.841       0.880   0.00288       
2025-05-25 03:27:30     130        0.418        0.411       0.844       0.882   0.00285       
2025-05-25 03:27:31     131        0.417        0.410       0.844       0.882   0.00282       
2025-05-25 03:27:32     132        0.417        0.408       0.841       0.880   0.00279       
2025-05-25 03:27:34     133        0.417        0.408       0.844       0.882   0.00276       
2025-05-25 03:27:35     134        0.417        0.406       0.841       0.880   0.00273       
2025-05-25 03:27:37     135        0.417        0.406       0.844       0.882   0.00271       
2025-05-25 03:27:38     136        0.416        0.405       0.841       0.880   0.00268       
2025-05-25 03:27:39     137        0.416        0.402       0.846       0.883   0.00265       
2025-05-25 03:27:41     138        0.416        0.400       0.844       0.881   0.00263      *
2025-05-25 03:27:42     139        0.416        0.402       0.844       0.882   0.00260       
2025-05-25 03:27:44     140        0.417        0.411       0.844       0.882   0.00257       
2025-05-25 03:27:45     141        0.416        0.409       0.846       0.884   0.00255       
2025-05-25 03:27:47     142        0.416        0.399       0.844       0.881   0.00252      *
2025-05-25 03:27:48     143        0.416        0.410       0.844       0.882   0.00250       
2025-05-25 03:27:50     144        0.416        0.411       0.844       0.882   0.00247       
2025-05-25 03:27:51     145        0.415        0.404       0.844       0.882   0.00245       
2025-05-25 03:27:53     146        0.415        0.406       0.844       0.882   0.00242       
2025-05-25 03:27:54     147        0.415        0.405       0.844       0.882   0.00240       
2025-05-25 03:27:55     148        0.415        0.410       0.844       0.882   0.00238       
2025-05-25 03:27:57     149        0.415        0.409       0.846       0.884   0.00235       
2025-05-25 03:27:58     150        0.414        0.408       0.844       0.882   0.00233       
2025-05-25 03:28:00     151        0.414        0.404       0.844       0.882   0.00231       
2025-05-25 03:28:01     152        0.415        0.409       0.844       0.882   0.00228       
2025-05-25 03:28:03     153        0.415        0.409       0.844       0.882   0.00226       
2025-05-25 03:28:04     154        0.414        0.404       0.846       0.884   0.00224       
2025-05-25 03:28:06     155        0.414        0.401       0.851       0.887   0.00221       
2025-05-25 03:28:07     156        0.414        0.401       0.849       0.885   0.00219       
2025-05-25 03:28:08     157        0.414        0.403       0.844       0.882   0.00217       
2025-05-25 03:28:10     158        0.414        0.403       0.844       0.882   0.00215       
2025-05-25 03:28:11     159        0.414        0.395       0.849       0.885   0.00213      *
2025-05-25 03:28:13     160        0.414        0.400       0.844       0.884   0.00211       
2025-05-25 03:28:14     161        0.413        0.401       0.844       0.882   0.00208       
2025-05-25 03:28:16     162        0.413        0.405       0.846       0.884   0.00206       
2025-05-25 03:28:17     163        0.413        0.406       0.846       0.884   0.00204       
2025-05-25 03:28:18     164        0.413        0.404       0.846       0.884   0.00202       
2025-05-25 03:28:20     165        0.413        0.403       0.846       0.884   0.00200       
2025-05-25 03:28:21     166        0.413        0.407       0.846       0.884   0.00198       
2025-05-25 03:28:23     167        0.413        0.404       0.846       0.884   0.00196       
2025-05-25 03:28:24     168        0.412        0.401       0.849       0.885   0.00194       
2025-05-25 03:28:26     169        0.413        0.394       0.849       0.884   0.00192      *
2025-05-25 03:28:27     170        0.412        0.398       0.844       0.882   0.00190       
2025-05-25 03:28:29     171        0.412        0.400       0.844       0.882   0.00189       
2025-05-25 03:28:30     172        0.412        0.399       0.844       0.882   0.00187       
2025-05-25 03:28:32     173        0.412        0.400       0.844       0.882   0.00185       
2025-05-25 03:28:33     174        0.412        0.399       0.844       0.882   0.00183       
2025-05-25 03:28:34     175        0.412        0.401       0.846       0.884   0.00181       
2025-05-25 03:28:36     176        0.412        0.398       0.844       0.882   0.00179       
2025-05-25 03:28:37     177        0.412        0.399       0.844       0.882   0.00178       
2025-05-25 03:28:39     178        0.412        0.399       0.844       0.882   0.00176       
2025-05-25 03:28:40     179        0.411        0.399       0.844       0.882   0.00174       
2025-05-25 03:28:42     180        0.411        0.398       0.849       0.885   0.00172       
2025-05-25 03:28:43     181        0.411        0.400       0.844       0.882   0.00171       
2025-05-25 03:28:45     182        0.411        0.402       0.846       0.884   0.00169       
2025-05-25 03:28:46     183        0.411        0.396       0.851       0.887   0.00167       
2025-05-25 03:28:48     184        0.411        0.394       0.851       0.887   0.00165      *
2025-05-25 03:28:49     185        0.411        0.395       0.846       0.884   0.00164       
2025-05-25 03:28:50     186        0.411        0.395       0.844       0.882   0.00162       
2025-05-25 03:28:52     187        0.411        0.399       0.846       0.884   0.00161       
2025-05-25 03:28:53     188        0.411        0.402       0.846       0.884   0.00159       
2025-05-25 03:28:55     189        0.410        0.399       0.851       0.887   0.00157       
2025-05-25 03:28:56     190        0.410        0.394       0.849       0.885   0.00156       
2025-05-25 03:28:58     191        0.410        0.398       0.846       0.884   0.00154       
2025-05-25 03:28:59     192        0.410        0.395       0.849       0.885   0.00153       
2025-05-25 03:29:01     193        0.410        0.395       0.849       0.885   0.00151       
2025-05-25 03:29:02     194        0.410        0.397       0.846       0.884   0.00150       
2025-05-25 03:29:03     195        0.410        0.394       0.846       0.884   0.00148       
2025-05-25 03:29:05     196        0.410        0.395       0.846       0.884   0.00147       
2025-05-25 03:29:06     197        0.410        0.400       0.846       0.884   0.00145       
2025-05-25 03:29:08     198        0.410        0.396       0.844       0.882   0.00144       
2025-05-25 03:29:09     199        0.410        0.397       0.846       0.884   0.00142       
2025-05-25 03:29:11     200        0.410        0.398       0.846       0.884   0.00141       
2025-05-25 03:29:12     201        0.410        0.395       0.846       0.884   0.00139       
2025-05-25 03:29:14     202        0.410        0.397       0.851       0.888   0.00138       
2025-05-25 03:29:15     203        0.409        0.394       0.849       0.885   0.00137       
2025-05-25 03:29:16     204        0.409        0.394       0.849       0.885   0.00135       
2025-05-25 03:29:16   --- Training ended ---
2025-05-25 03:29:16   Number of model parameters: 1537
2025-05-25 03:29:16   Training time: 0:04:58
2025-05-25 03:29:16   Best epoch: 184
2025-05-25 03:29:16   Best valid loss: 0.394
2025-05-25 03:29:16   Best valid accuracy (macro): 0.851
2025-05-25 03:29:16   Best F1 score: 0.887
