2025-05-24 20:51:56   --- Hyperparameters ---
2025-05-24 20:51:56   model = DenseSiteNet(
2025-05-24 20:51:56     (dense_layer1): Sequential(
2025-05-24 20:51:56       (0): Linear(in_features=106722, out_features=100, bias=True)
2025-05-24 20:51:56       (1): ReLU()
2025-05-24 20:51:56       (2): Dropout(p=0.2, inplace=False)
2025-05-24 20:51:56     )
2025-05-24 20:51:56     (dense_layer2): Linear(in_features=100, out_features=1, bias=True)
2025-05-24 20:51:56   )
2025-05-24 20:51:56   split_proportion = 0.9
2025-05-24 20:51:56   batch_pad_sequences = False
2025-05-24 20:51:56   learning_rate = 0.01
2025-05-24 20:51:56   batch_size = 64
2025-05-24 20:51:56   max_epochs = 500
2025-05-24 20:51:56   early_stopping_patience = 20
2025-05-24 20:51:56   --- Creating loaders ---
2025-05-24 20:51:56   --- nvidia-smi output ---
2025-05-24 20:51:56   nvidia-smi cannot be run: Command 'nvidia-smi' returned non-zero exit status 18.
2025-05-24 20:51:56   --- Training start ---
2025-05-24 20:51:56   Start training using cuda device.
2025-05-24 20:51:56   Number of model parameters: 10672401.
2025-05-24 20:51:56   Epoch   Train loss   Valid loss   Valid acc    F1-score        Lr   Best
2025-05-24 20:51:56   ------------------------------------------------------------------------
2025-05-24 20:51:58       1        0.686        0.685       0.372       0.000   0.00000      *
2025-05-24 20:52:00       2        0.248        0.430       0.792       0.834   0.00250      *
2025-05-24 20:52:01       3        0.146        0.604       0.767       0.823   0.00500       
2025-05-24 20:52:02       4        0.088        0.727       0.774       0.827   0.00750       
2025-05-24 20:52:04       5        0.053        0.789       0.774       0.810   0.01000       
2025-05-24 20:52:05       6        0.019        1.021       0.759       0.803   0.00990       
2025-05-24 20:52:06       7        0.008        1.274       0.764       0.813   0.00980       
2025-05-24 20:52:07       8        0.007        1.414       0.762       0.812   0.00970       
2025-05-24 20:52:08       9        0.010        1.447       0.777       0.818   0.00961       
2025-05-24 20:52:09      10        0.013        1.536       0.769       0.810   0.00951       
2025-05-24 20:52:10      11        0.008        1.622       0.764       0.807   0.00941       
2025-05-24 20:52:11      12        0.004        1.680       0.751       0.802   0.00932       
2025-05-24 20:52:13      13        0.010        1.832       0.754       0.810   0.00923       
2025-05-24 20:52:14      14        0.002        1.801       0.754       0.800   0.00914       
2025-05-24 20:52:15      15        0.001        1.874       0.762       0.813   0.00904       
2025-05-24 20:52:16      16        0.001        1.896       0.756       0.806   0.00895       
2025-05-24 20:52:17      17        0.001        1.896       0.756       0.804   0.00886       
2025-05-24 20:52:18      18        0.001        1.917       0.762       0.810   0.00878       
2025-05-24 20:52:19      19        0.001        1.918       0.759       0.807   0.00869       
2025-05-24 20:52:20      20        0.001        1.942       0.762       0.807   0.00860       
2025-05-24 20:52:22      21        0.001        1.943       0.754       0.798   0.00851       
2025-05-24 20:52:23      22        0.001        1.950       0.767       0.814   0.00843       
2025-05-24 20:52:23   --- Training ended ---
2025-05-24 20:52:23   Number of model parameters: 10672401
2025-05-24 20:52:23   Training time: 0:00:27
2025-05-24 20:52:23   Best epoch: 2
2025-05-24 20:52:23   Best valid loss: 0.430
2025-05-24 20:52:23   Best valid accuracy (macro): 0.792
2025-05-24 20:52:23   Best F1 score: 0.834
