2025-05-25 04:16:49   --- Preprocessing base data ---
2025-05-25 04:16:49   Tokenizing real alignments...
2025-05-25 04:16:50   Removing sequences with ambiguous tokens...
2025-05-25 04:16:50   0/20290 sequences have been removed from 0/1497 alignements due to ambiguous sites.
2025-05-25 04:16:50   Tokenizing simulated alignments...
2025-05-25 04:16:50   Removing sequences with ambiguous tokens...
2025-05-25 04:16:50   0/17109 sequences have been removed from 0/2413 alignements due to ambiguous sites.
2025-05-25 04:16:50   Checking alignments...
2025-05-25 04:16:50   30 renamed keys in simulated aligns.
2025-05-25 04:16:50   Creating labels...
2025-05-25 04:16:50   Merging aligns and labels...
2025-05-25 04:16:50   Total number of alignments: 3910
2025-05-25 04:16:50   --- Start running LogisticRegressionClassifier ---
2025-05-25 04:16:51   --- End running LogisticRegressionClassifier ---
2025-05-25 04:16:51   --- Start running DenseMsaClassifier ---
2025-05-25 04:17:34   --- End running DenseMsaClassifier ---
2025-05-25 04:17:34   --- Start running DenseSiteClassifier ---
2025-05-25 04:18:04   --- End running DenseSiteClassifier ---
2025-05-25 04:18:04   --- Start running AACnnClassifier ---
2025-05-25 04:24:55   --- End running AACnnClassifier ---
