2025-05-25 05:12:28   --- Hyperparameters ---
2025-05-25 05:12:28   model = DenseSiteNet(
2025-05-25 05:12:28     (dense_layer1): Sequential(
2025-05-25 05:12:28       (0): Linear(in_features=106722, out_features=100, bias=True)
2025-05-25 05:12:28       (1): ReLU()
2025-05-25 05:12:28       (2): Dropout(p=0.2, inplace=False)
2025-05-25 05:12:28     )
2025-05-25 05:12:28     (dense_layer2): Linear(in_features=100, out_features=1, bias=True)
2025-05-25 05:12:28   )
2025-05-25 05:12:28   split_proportion = 0.9
2025-05-25 05:12:28   batch_pad_sequences = False
2025-05-25 05:12:28   learning_rate = 0.01
2025-05-25 05:12:28   batch_size = 64
2025-05-25 05:12:28   max_epochs = 500
2025-05-25 05:12:28   early_stopping_patience = 20
2025-05-25 05:12:28   --- Creating loaders ---
2025-05-25 05:12:28   --- nvidia-smi output ---
2025-05-25 05:12:28   nvidia-smi cannot be run: Command 'nvidia-smi' returned non-zero exit status 18.
2025-05-25 05:12:28   --- Training start ---
2025-05-25 05:12:28   Start training using cuda device.
2025-05-25 05:12:28   Number of model parameters: 10672401.
2025-05-25 05:12:28   Epoch   Train loss   Valid loss   Valid acc    F1-score        Lr   Best
2025-05-25 05:12:28   ------------------------------------------------------------------------
2025-05-25 05:12:31       1        0.703        0.704       0.372       0.000   0.00000      *
2025-05-25 05:12:33       2        0.309        0.412       0.808       0.860   0.00250      *
2025-05-25 05:12:34       3        0.173        0.441       0.813       0.859   0.00500       
2025-05-25 05:12:35       4        0.068        0.491       0.826       0.860   0.00750       
2025-05-25 05:12:37       5        0.043        0.684       0.821       0.858   0.01000       
2025-05-25 05:12:38       6        0.023        0.709       0.828       0.860   0.00990       
2025-05-25 05:12:39       7        0.011        0.816       0.808       0.843   0.00980       
2025-05-25 05:12:40       8        0.008        0.917       0.808       0.843   0.00970       
2025-05-25 05:12:42       9        0.005        0.994       0.810       0.846   0.00961       
2025-05-25 05:12:43      10        0.003        1.032       0.810       0.843   0.00951       
2025-05-25 05:12:44      11        0.003        1.127       0.808       0.839   0.00941       
2025-05-25 05:12:45      12        0.002        1.223       0.805       0.837   0.00932       
2025-05-25 05:12:47      13        0.001        1.260       0.803       0.836   0.00923       
2025-05-25 05:12:48      14        0.001        1.243       0.805       0.842   0.00914       
2025-05-25 05:12:49      15        0.001        1.279       0.800       0.836   0.00904       
2025-05-25 05:12:51      16        0.001        1.253       0.813       0.849   0.00895       
2025-05-25 05:12:52      17        0.001        1.263       0.808       0.842   0.00886       
2025-05-25 05:12:53      18        0.001        1.362       0.821       0.857   0.00878       
2025-05-25 05:12:55      19        0.001        1.395       0.815       0.852   0.00869       
2025-05-25 05:12:56      20        0.001        1.344       0.813       0.847   0.00860       
2025-05-25 05:12:58      21        0.001        1.365       0.808       0.841   0.00851       
2025-05-25 05:12:59      22        0.001        1.442       0.810       0.845   0.00843       
2025-05-25 05:12:59   --- Training ended ---
2025-05-25 05:12:59   Number of model parameters: 10672401
2025-05-25 05:12:59   Training time: 0:00:31
2025-05-25 05:12:59   Best epoch: 2
2025-05-25 05:12:59   Best valid loss: 0.412
2025-05-25 05:12:59   Best valid accuracy (macro): 0.808
2025-05-25 05:12:59   Best F1 score: 0.860
