2025-11-13 10:22:37   --- Hyperparameters ---
2025-11-13 10:22:37   model = DenseSiteNet(
2025-11-13 10:22:37     (dense_layer1): Sequential(
2025-11-13 10:22:37       (0): Linear(in_features=40194, out_features=100, bias=True)
2025-11-13 10:22:37       (1): ReLU()
2025-11-13 10:22:37       (2): Dropout(p=0.2, inplace=False)
2025-11-13 10:22:37     )
2025-11-13 10:22:37     (dense_layer2): Linear(in_features=100, out_features=1, bias=True)
2025-11-13 10:22:37   )
2025-11-13 10:22:37   split_proportion = 0.9
2025-11-13 10:22:37   batch_pad_sequences = False
2025-11-13 10:22:37   learning_rate = 0.01
2025-11-13 10:22:37   batch_size = 64
2025-11-13 10:22:37   max_epochs = 500
2025-11-13 10:22:37   early_stopping_patience = 20
2025-11-13 10:22:37   --- Creating loaders ---
2025-11-13 10:22:37   --- Training start ---
2025-11-13 10:22:37   Start training using cpu device.
2025-11-13 10:22:37   Number of model parameters: 4019601.
2025-11-13 10:22:37   Epoch   Train loss   Valid loss   Valid acc    F1-score        Lr   Best
2025-11-13 10:22:37   ------------------------------------------------------------------------
2025-11-13 10:22:38       1        0.694        0.696       0.471       0.000   0.00000      *
2025-11-13 10:22:39       2        0.258        0.726       0.564       0.571   0.00250       
2025-11-13 10:22:43       3        0.078        1.287       0.523       0.481   0.00500       
2025-11-13 10:22:44       4        0.032        1.700       0.541       0.515   0.00750       
2025-11-13 10:22:45       5        0.033        2.095       0.570       0.637   0.01000       
2025-11-13 10:22:46       6        0.029        2.219       0.552       0.570   0.00990       
2025-11-13 10:22:47       7        0.032        2.462       0.593       0.624   0.00980       
2025-11-13 10:22:48       8        0.018        2.868       0.570       0.606   0.00970       
2025-11-13 10:22:49       9        0.008        2.863       0.570       0.611   0.00961       
2025-11-13 10:22:50      10        0.005        3.149       0.529       0.509   0.00951       
2025-11-13 10:22:51      11        0.001        3.395       0.547       0.552   0.00941       
2025-11-13 10:22:52      12        0.004        3.817       0.570       0.634   0.00932       
2025-11-13 10:22:53      13        0.017        3.640       0.512       0.440   0.00923       
2025-11-13 10:22:54      14        0.002        3.429       0.517       0.561   0.00914       
2025-11-13 10:22:55      15        0.002        3.443       0.564       0.619   0.00904       
2025-11-13 10:22:56      16        0.002        4.065       0.541       0.607   0.00895       
2025-11-13 10:22:57      17        0.000        3.952       0.523       0.564   0.00886       
2025-11-13 10:22:58      18        0.000        3.906       0.535       0.570   0.00878       
2025-11-13 10:22:59      19        0.000        3.978       0.529       0.580   0.00869       
2025-11-13 10:23:00      20        0.000        3.868       0.529       0.557   0.00860       
2025-11-13 10:23:01      21        0.000        3.853       0.529       0.557   0.00851       
2025-11-13 10:23:01   --- Training ended ---
2025-11-13 10:23:01   Number of model parameters: 4019601
2025-11-13 10:23:01   Training time: 0:00:24
2025-11-13 10:23:01   Best epoch: 1
2025-11-13 10:23:01   Best valid loss: 0.696
2025-11-13 10:23:01   Best valid accuracy (macro): 0.471
2025-11-13 10:23:01   Best F1 score: 0.000
