2025-05-25 03:09:41   --- Hyperparameters ---
2025-05-25 03:09:41   model = DenseMsaNet(
2025-05-25 03:09:41     (dense_layer1): Sequential(
2025-05-25 03:09:41       (0): Linear(in_features=22, out_features=100, bias=True)
2025-05-25 03:09:41       (1): ReLU()
2025-05-25 03:09:41       (2): Dropout(p=0.2, inplace=False)
2025-05-25 03:09:41     )
2025-05-25 03:09:41     (dense_layer2): Linear(in_features=100, out_features=1, bias=True)
2025-05-25 03:09:41   )
2025-05-25 03:09:41   split_proportion = 0.9
2025-05-25 03:09:41   batch_pad_sequences = False
2025-05-25 03:09:41   learning_rate = 0.01
2025-05-25 03:09:41   batch_size = 64
2025-05-25 03:09:41   max_epochs = 500
2025-05-25 03:09:41   early_stopping_patience = 20
2025-05-25 03:09:41   --- Creating loaders ---
2025-05-25 03:09:41   --- nvidia-smi output ---
2025-05-25 03:09:41   nvidia-smi cannot be run: Command 'nvidia-smi' returned non-zero exit status 18.
2025-05-25 03:09:41   --- Training start ---
2025-05-25 03:09:41   Start training using cuda device.
2025-05-25 03:09:41   Number of model parameters: 2401.
2025-05-25 03:09:41   Epoch   Train loss   Valid loss   Valid acc    F1-score        Lr   Best
2025-05-25 03:09:41   ------------------------------------------------------------------------
2025-05-25 03:09:43       1        0.686        0.685       0.372       0.000   0.00000      *
2025-05-25 03:09:43       2        0.647        0.638       0.774       0.836   0.00250      *
2025-05-25 03:09:43       3        0.542        0.522       0.767       0.834   0.00500      *
2025-05-25 03:09:44       4        0.472        0.433       0.803       0.853   0.00750      *
2025-05-25 03:09:44       5        0.460        0.421       0.805       0.856   0.01000      *
2025-05-25 03:09:44       6        0.455        0.416       0.815       0.863   0.00990      *
2025-05-25 03:09:45       7        0.453        0.413       0.815       0.857   0.00980      *
2025-05-25 03:09:45       8        0.452        0.411       0.826       0.868   0.00970      *
2025-05-25 03:09:45       9        0.449        0.411       0.815       0.855   0.00961      *
2025-05-25 03:09:46      10        0.451        0.414       0.815       0.863   0.00951       
2025-05-25 03:09:46      11        0.461        0.417       0.818       0.852   0.00941       
2025-05-25 03:09:46      12        0.445        0.408       0.815       0.861   0.00932      *
2025-05-25 03:09:47      13        0.447        0.411       0.815       0.862   0.00923       
2025-05-25 03:09:47      14        0.445        0.409       0.818       0.864   0.00914       
2025-05-25 03:09:47      15        0.450        0.416       0.810       0.861   0.00904       
2025-05-25 03:09:48      16        0.440        0.404       0.818       0.858   0.00895      *
2025-05-25 03:09:48      17        0.439        0.406       0.821       0.863   0.00886       
2025-05-25 03:09:48      18        0.437        0.405       0.813       0.859   0.00878       
2025-05-25 03:09:48      19        0.444        0.405       0.836       0.867   0.00869       
2025-05-25 03:09:49      20        0.438        0.408       0.826       0.863   0.00860       
2025-05-25 03:09:49      21        0.433        0.400       0.818       0.861   0.00851      *
2025-05-25 03:09:49      22        0.436        0.406       0.808       0.857   0.00843       
2025-05-25 03:09:50      23        0.445        0.418       0.803       0.857   0.00835       
2025-05-25 03:09:50      24        0.430        0.397       0.828       0.864   0.00826      *
2025-05-25 03:09:50      25        0.429        0.396       0.818       0.858   0.00818      *
2025-05-25 03:09:50      26        0.428        0.393       0.821       0.859   0.00810      *
2025-05-25 03:09:51      27        0.433        0.406       0.831       0.866   0.00802       
2025-05-25 03:09:51      28        0.426        0.397       0.826       0.866   0.00794       
2025-05-25 03:09:51      29        0.433        0.400       0.826       0.858   0.00786       
2025-05-25 03:09:52      30        0.425        0.389       0.821       0.859   0.00778      *
2025-05-25 03:09:52      31        0.426        0.395       0.818       0.863   0.00770       
2025-05-25 03:09:52      32        0.425        0.397       0.815       0.859   0.00762       
2025-05-25 03:09:52      33        0.429        0.398       0.826       0.860   0.00755       
2025-05-25 03:09:53      34        0.422        0.389       0.826       0.865   0.00747      *
2025-05-25 03:09:53      35        0.421        0.392       0.818       0.860   0.00740       
2025-05-25 03:09:53      36        0.422        0.396       0.823       0.862   0.00732       
2025-05-25 03:09:53      37        0.433        0.401       0.826       0.855   0.00725       
2025-05-25 03:09:54      38        0.422        0.393       0.826       0.866   0.00718       
2025-05-25 03:09:54      39        0.418        0.388       0.821       0.859   0.00711      *
2025-05-25 03:09:54      40        0.418        0.391       0.815       0.855   0.00703       
2025-05-25 03:09:55      41        0.421        0.399       0.823       0.861   0.00696       
2025-05-25 03:09:55      42        0.436        0.411       0.818       0.868   0.00689       
2025-05-25 03:09:55      43        0.417        0.391       0.823       0.863   0.00683       
2025-05-25 03:09:55      44        0.414        0.390       0.823       0.862   0.00676       
2025-05-25 03:09:56      45        0.415        0.386       0.815       0.855   0.00669      *
2025-05-25 03:09:56      46        0.414        0.390       0.818       0.857   0.00662       
2025-05-25 03:09:56      47        0.424        0.396       0.836       0.865   0.00656       
2025-05-25 03:09:56      48        0.416        0.392       0.815       0.855   0.00649       
2025-05-25 03:09:57      49        0.414        0.385       0.826       0.861   0.00643      *
2025-05-25 03:09:57      50        0.423        0.399       0.813       0.861   0.00636       
2025-05-25 03:09:57      51        0.423        0.399       0.826       0.871   0.00630       
2025-05-25 03:09:58      52        0.415        0.392       0.810       0.855   0.00624       
2025-05-25 03:09:58      53        0.417        0.392       0.836       0.866   0.00617       
2025-05-25 03:09:58      54        0.409        0.386       0.823       0.862   0.00611       
2025-05-25 03:09:58      55        0.409        0.385       0.823       0.861   0.00605      *
2025-05-25 03:09:59      56        0.415        0.391       0.818       0.862   0.00599       
2025-05-25 03:09:59      57        0.411        0.390       0.826       0.865   0.00593       
2025-05-25 03:09:59      58        0.408        0.386       0.821       0.861   0.00587       
2025-05-25 03:09:59      59        0.409        0.390       0.828       0.863   0.00581       
2025-05-25 03:10:00      60        0.411        0.389       0.831       0.869   0.00575       
2025-05-25 03:10:00      61        0.418        0.394       0.831       0.861   0.00570       
2025-05-25 03:10:00      62        0.408        0.387       0.828       0.865   0.00564       
2025-05-25 03:10:00      63        0.407        0.386       0.815       0.854   0.00558       
2025-05-25 03:10:01      64        0.406        0.389       0.815       0.858   0.00553       
2025-05-25 03:10:01      65        0.406        0.389       0.828       0.864   0.00547       
2025-05-25 03:10:01      66        0.407        0.383       0.826       0.865   0.00542      *
2025-05-25 03:10:02      67        0.411        0.390       0.831       0.863   0.00536       
2025-05-25 03:10:02      68        0.405        0.382       0.826       0.865   0.00531      *
2025-05-25 03:10:02      69        0.404        0.389       0.826       0.864   0.00526       
2025-05-25 03:10:02      70        0.409        0.390       0.828       0.862   0.00520       
2025-05-25 03:10:03      71        0.407        0.389       0.805       0.853   0.00515       
2025-05-25 03:10:03      72        0.406        0.389       0.805       0.852   0.00510       
2025-05-25 03:10:03      73        0.403        0.387       0.818       0.861   0.00505       
2025-05-25 03:10:03      74        0.403        0.383       0.828       0.863   0.00500       
2025-05-25 03:10:04      75        0.405        0.388       0.836       0.869   0.00495       
2025-05-25 03:10:04      76        0.404        0.384       0.838       0.871   0.00490       
2025-05-25 03:10:04      77        0.402        0.385       0.815       0.859   0.00485       
2025-05-25 03:10:05      78        0.402        0.384       0.828       0.866   0.00480       
2025-05-25 03:10:05      79        0.404        0.386       0.841       0.872   0.00475       
2025-05-25 03:10:05      80        0.402        0.383       0.810       0.855   0.00471       
2025-05-25 03:10:05      81        0.404        0.390       0.826       0.860   0.00466       
2025-05-25 03:10:06      82        0.400        0.386       0.836       0.868   0.00461       
2025-05-25 03:10:06      83        0.409        0.400       0.808       0.858   0.00457       
2025-05-25 03:10:06      84        0.397        0.383       0.823       0.863   0.00452       
2025-05-25 03:10:06      85        0.403        0.389       0.813       0.859   0.00448       
2025-05-25 03:10:07      86        0.396        0.381       0.841       0.874   0.00443      *
2025-05-25 03:10:07      87        0.396        0.381       0.831       0.869   0.00439       
2025-05-25 03:10:07      88        0.397        0.382       0.823       0.863   0.00434       
2025-05-25 03:10:08      89        0.395        0.379       0.844       0.876   0.00430      *
2025-05-25 03:10:08      90        0.395        0.384       0.815       0.857   0.00426       
2025-05-25 03:10:08      91        0.397        0.384       0.815       0.859   0.00421       
2025-05-25 03:10:08      92        0.398        0.389       0.818       0.862   0.00417       
2025-05-25 03:10:09      93        0.393        0.376       0.841       0.874   0.00413      *
2025-05-25 03:10:09      94        0.402        0.392       0.805       0.855   0.00409       
2025-05-25 03:10:09      95        0.393        0.382       0.836       0.870   0.00405       
2025-05-25 03:10:10      96        0.404        0.391       0.823       0.856   0.00401       
2025-05-25 03:10:10      97        0.393        0.382       0.838       0.872   0.00397       
2025-05-25 03:10:10      98        0.393        0.381       0.833       0.869   0.00393       
2025-05-25 03:10:10      99        0.391        0.378       0.838       0.873   0.00389       
2025-05-25 03:10:11     100        0.392        0.379       0.836       0.870   0.00385       
2025-05-25 03:10:11     101        0.393        0.380       0.836       0.873   0.00381       
2025-05-25 03:10:11     102        0.393        0.383       0.828       0.868   0.00377       
2025-05-25 03:10:11     103        0.390        0.378       0.841       0.874   0.00373       
2025-05-25 03:10:12     104        0.393        0.382       0.836       0.870   0.00370       
2025-05-25 03:10:12     105        0.391        0.375       0.836       0.871   0.00366      *
2025-05-25 03:10:12     106        0.390        0.381       0.836       0.871   0.00362       
2025-05-25 03:10:13     107        0.390        0.379       0.833       0.869   0.00359       
2025-05-25 03:10:13     108        0.390        0.381       0.841       0.875   0.00355       
2025-05-25 03:10:13     109        0.391        0.383       0.826       0.867   0.00352       
2025-05-25 03:10:13     110        0.389        0.378       0.841       0.874   0.00348       
2025-05-25 03:10:14     111        0.393        0.384       0.826       0.867   0.00345       
2025-05-25 03:10:14     112        0.391        0.383       0.826       0.865   0.00341       
2025-05-25 03:10:14     113        0.390        0.383       0.838       0.875   0.00338       
2025-05-25 03:10:14     114        0.388        0.376       0.841       0.874   0.00334       
2025-05-25 03:10:15     115        0.388        0.377       0.841       0.874   0.00331       
2025-05-25 03:10:15     116        0.388        0.380       0.838       0.872   0.00328       
2025-05-25 03:10:15     117        0.388        0.379       0.838       0.872   0.00324       
2025-05-25 03:10:16     118        0.388        0.379       0.831       0.868   0.00321       
2025-05-25 03:10:16     119        0.388        0.377       0.836       0.870   0.00318       
2025-05-25 03:10:16     120        0.398        0.392       0.808       0.857   0.00315       
2025-05-25 03:10:16     121        0.389        0.382       0.836       0.869   0.00312       
2025-05-25 03:10:17     122        0.386        0.377       0.846       0.879   0.00309       
2025-05-25 03:10:17     123        0.387        0.378       0.836       0.873   0.00305       
2025-05-25 03:10:17     124        0.386        0.380       0.836       0.870   0.00302       
2025-05-25 03:10:17     125        0.388        0.383       0.815       0.859   0.00299       
2025-05-25 03:10:17   --- Training ended ---
2025-05-25 03:10:17   Number of model parameters: 2401
2025-05-25 03:10:17   Training time: 0:00:36
2025-05-25 03:10:17   Best epoch: 105
2025-05-25 03:10:17   Best valid loss: 0.375
2025-05-25 03:10:17   Best valid accuracy (macro): 0.836
2025-05-25 03:10:17   Best F1 score: 0.871
