2025-05-25 05:20:09   --- Hyperparameters ---
2025-05-25 05:20:09   model = AAConvNet(
2025-05-25 05:20:09     (conv_layer): Sequential(
2025-05-25 05:20:09       (0): Conv1d(22, 64, kernel_size=(1,), stride=(1,))
2025-05-25 05:20:09       (1): ReLU()
2025-05-25 05:20:09       (2): AvgPool1d(kernel_size=(4851,), stride=(4851,), padding=(0,))
2025-05-25 05:20:09       (3): Dropout(p=0.2, inplace=False)
2025-05-25 05:20:09     )
2025-05-25 05:20:09     (dense_layer): Linear(in_features=64, out_features=1, bias=True)
2025-05-25 05:20:09   )
2025-05-25 05:20:09   split_proportion = 0.9
2025-05-25 05:20:09   batch_pad_sequences = False
2025-05-25 05:20:09   learning_rate = 0.01
2025-05-25 05:20:09   batch_size = 64
2025-05-25 05:20:09   max_epochs = 500
2025-05-25 05:20:09   early_stopping_patience = 20
2025-05-25 05:20:09   --- Creating loaders ---
2025-05-25 05:20:09   --- nvidia-smi output ---
2025-05-25 05:20:09   nvidia-smi cannot be run: Command 'nvidia-smi' returned non-zero exit status 18.
2025-05-25 05:20:09   --- Training start ---
2025-05-25 05:20:09   Start training using cuda device.
2025-05-25 05:20:09   Number of model parameters: 1537.
2025-05-25 05:20:09   Epoch   Train loss   Valid loss   Valid acc    F1-score        Lr   Best
2025-05-25 05:20:09   ------------------------------------------------------------------------
2025-05-25 05:20:12       1        0.689        0.689       0.372       0.000   0.00000      *
2025-05-25 05:20:13       2        0.666        0.660       0.628       0.772   0.00250      *
2025-05-25 05:20:14       3        0.665        0.660       0.372       0.000   0.00500      *
2025-05-25 05:20:16       4        0.666        0.660       0.415       0.260   0.00750       
2025-05-25 05:20:17       5        0.654        0.648       0.469       0.279   0.01000      *
2025-05-25 05:20:19       6        0.640        0.631       0.662       0.737   0.00990      *
2025-05-25 05:20:20       7        0.624        0.616       0.636       0.774   0.00980      *
2025-05-25 05:20:22       8        0.609        0.601       0.664       0.784   0.00970      *
2025-05-25 05:20:23       9        0.594        0.589       0.685       0.795   0.00961      *
2025-05-25 05:20:25      10        0.579        0.580       0.690       0.799   0.00951      *
2025-05-25 05:20:26      11        0.567        0.563       0.749       0.830   0.00941      *
2025-05-25 05:20:28      12        0.556        0.562       0.726       0.816   0.00932      *
2025-05-25 05:20:29      13        0.546        0.546       0.736       0.822   0.00923      *
2025-05-25 05:20:30      14        0.538        0.541       0.762       0.837   0.00914      *
2025-05-25 05:20:32      15        0.530        0.526       0.759       0.836   0.00904      *
2025-05-25 05:20:33      16        0.522        0.519       0.790       0.852   0.00895      *
2025-05-25 05:20:35      17        0.515        0.518       0.805       0.861   0.00886      *
2025-05-25 05:20:37      18        0.510        0.502       0.808       0.862   0.00878      *
2025-05-25 05:20:38      19        0.504        0.499       0.810       0.864   0.00869      *
2025-05-25 05:20:39      20        0.498        0.498       0.803       0.860   0.00860      *
2025-05-25 05:20:41      21        0.494        0.493       0.813       0.865   0.00851      *
2025-05-25 05:20:42      22        0.490        0.487       0.821       0.869   0.00843      *
2025-05-25 05:20:44      23        0.486        0.486       0.805       0.861   0.00835      *
2025-05-25 05:20:45      24        0.484        0.487       0.800       0.858   0.00826       
2025-05-25 05:20:46      25        0.480        0.473       0.808       0.863   0.00818      *
2025-05-25 05:20:48      26        0.477        0.471       0.828       0.873   0.00810      *
2025-05-25 05:20:49      27        0.480        0.466       0.828       0.868   0.00802      *
2025-05-25 05:20:51      28        0.472        0.464       0.828       0.873   0.00794      *
2025-05-25 05:20:53      29        0.469        0.463       0.821       0.870   0.00786      *
2025-05-25 05:20:54      30        0.467        0.462       0.823       0.871   0.00778      *
2025-05-25 05:20:56      31        0.465        0.461       0.823       0.872   0.00770      *
2025-05-25 05:20:58      32        0.463        0.453       0.826       0.871   0.00762      *
2025-05-25 05:20:59      33        0.461        0.452       0.828       0.873   0.00755      *
2025-05-25 05:21:01      34        0.459        0.454       0.823       0.871   0.00747       
2025-05-25 05:21:02      35        0.457        0.448       0.826       0.872   0.00740      *
2025-05-25 05:21:04      36        0.456        0.451       0.831       0.877   0.00732       
2025-05-25 05:21:05      37        0.454        0.439       0.838       0.880   0.00725      *
2025-05-25 05:21:06      38        0.454        0.445       0.828       0.875   0.00718       
2025-05-25 05:21:08      39        0.453        0.445       0.823       0.873   0.00711       
2025-05-25 05:21:09      40        0.452        0.447       0.828       0.876   0.00703       
2025-05-25 05:21:10      41        0.450        0.440       0.826       0.872   0.00696       
2025-05-25 05:21:12      42        0.450        0.444       0.828       0.875   0.00689       
2025-05-25 05:21:13      43        0.448        0.433       0.836       0.878   0.00683      *
2025-05-25 05:21:15      44        0.447        0.433       0.841       0.881   0.00676      *
2025-05-25 05:21:16      45        0.446        0.435       0.833       0.876   0.00669       
2025-05-25 05:21:18      46        0.449        0.454       0.821       0.871   0.00662       
2025-05-25 05:21:19      47        0.444        0.431       0.846       0.885   0.00656      *
2025-05-25 05:21:21      48        0.445        0.444       0.836       0.880   0.00649       
2025-05-25 05:21:22      49        0.443        0.436       0.836       0.879   0.00643       
2025-05-25 05:21:24      50        0.442        0.434       0.836       0.879   0.00636       
2025-05-25 05:21:25      51        0.441        0.429       0.838       0.880   0.00630      *
2025-05-25 05:21:27      52        0.442        0.438       0.841       0.883   0.00624       
2025-05-25 05:21:28      53        0.439        0.422       0.844       0.883   0.00617      *
2025-05-25 05:21:30      54        0.439        0.416       0.851       0.888   0.00611      *
2025-05-25 05:21:31      55        0.438        0.425       0.833       0.878   0.00605       
2025-05-25 05:21:32      56        0.438        0.416       0.859       0.893   0.00599      *
2025-05-25 05:21:34      57        0.436        0.416       0.846       0.885   0.00593      *
2025-05-25 05:21:35      58        0.436        0.415       0.846       0.885   0.00587      *
2025-05-25 05:21:37      59        0.435        0.417       0.849       0.887   0.00581       
2025-05-25 05:21:39      60        0.434        0.412       0.846       0.885   0.00575      *
2025-05-25 05:21:40      61        0.434        0.410       0.851       0.888   0.00570      *
2025-05-25 05:21:41      62        0.433        0.411       0.849       0.887   0.00564       
2025-05-25 05:21:43      63        0.433        0.409       0.854       0.890   0.00558      *
2025-05-25 05:21:44      64        0.433        0.407       0.859       0.893   0.00553      *
2025-05-25 05:21:45      65        0.432        0.412       0.849       0.887   0.00547       
2025-05-25 05:21:47      66        0.431        0.416       0.846       0.885   0.00542       
2025-05-25 05:21:48      67        0.432        0.417       0.836       0.879   0.00536       
2025-05-25 05:21:49      68        0.430        0.412       0.851       0.889   0.00531       
2025-05-25 05:21:51      69        0.430        0.406       0.856       0.891   0.00526      *
2025-05-25 05:21:52      70        0.429        0.407       0.856       0.892   0.00520       
2025-05-25 05:21:53      71        0.429        0.409       0.851       0.888   0.00515       
2025-05-25 05:21:55      72        0.429        0.411       0.849       0.887   0.00510       
2025-05-25 05:21:56      73        0.428        0.405       0.856       0.892   0.00505      *
2025-05-25 05:21:57      74        0.431        0.408       0.867       0.897   0.00500       
2025-05-25 05:21:59      75        0.427        0.404       0.856       0.892   0.00495      *
2025-05-25 05:22:00      76        0.427        0.407       0.851       0.889   0.00490       
2025-05-25 05:22:01      77        0.427        0.409       0.849       0.887   0.00485       
2025-05-25 05:22:03      78        0.426        0.403       0.859       0.893   0.00480      *
2025-05-25 05:22:05      79        0.426        0.403       0.856       0.892   0.00475      *
2025-05-25 05:22:06      80        0.425        0.403       0.856       0.892   0.00471      *
2025-05-25 05:22:08      81        0.425        0.404       0.856       0.892   0.00466       
2025-05-25 05:22:10      82        0.424        0.404       0.859       0.894   0.00461       
2025-05-25 05:22:11      83        0.425        0.410       0.851       0.889   0.00457       
2025-05-25 05:22:12      84        0.424        0.400       0.854       0.890   0.00452      *
2025-05-25 05:22:14      85        0.423        0.399       0.859       0.893   0.00448      *
2025-05-25 05:22:15      86        0.423        0.403       0.862       0.896   0.00443       
2025-05-25 05:22:17      87        0.423        0.402       0.859       0.894   0.00439       
2025-05-25 05:22:18      88        0.423        0.404       0.856       0.892   0.00434       
2025-05-25 05:22:19      89        0.422        0.402       0.859       0.893   0.00430       
2025-05-25 05:22:21      90        0.422        0.402       0.859       0.894   0.00426       
2025-05-25 05:22:22      91        0.422        0.401       0.859       0.894   0.00421       
2025-05-25 05:22:24      92        0.422        0.402       0.859       0.894   0.00417       
2025-05-25 05:22:25      93        0.421        0.401       0.862       0.896   0.00413       
2025-05-25 05:22:27      94        0.421        0.399       0.862       0.895   0.00409      *
2025-05-25 05:22:28      95        0.421        0.399       0.864       0.897   0.00405      *
2025-05-25 05:22:30      96        0.420        0.399       0.862       0.896   0.00401       
2025-05-25 05:22:31      97        0.420        0.399       0.862       0.896   0.00397       
2025-05-25 05:22:33      98        0.420        0.399       0.862       0.896   0.00393      *
2025-05-25 05:22:34      99        0.420        0.397       0.862       0.895   0.00389      *
2025-05-25 05:22:36     100        0.419        0.397       0.862       0.895   0.00385       
2025-05-25 05:22:37     101        0.419        0.397       0.862       0.895   0.00381       
2025-05-25 05:22:39     102        0.419        0.402       0.856       0.892   0.00377       
2025-05-25 05:22:40     103        0.419        0.399       0.859       0.894   0.00373       
2025-05-25 05:22:42     104        0.419        0.400       0.856       0.892   0.00370       
2025-05-25 05:22:43     105        0.418        0.398       0.862       0.896   0.00366       
2025-05-25 05:22:44     106        0.418        0.394       0.862       0.895   0.00362      *
2025-05-25 05:22:46     107        0.418        0.395       0.862       0.896   0.00359       
2025-05-25 05:22:47     108        0.418        0.393       0.859       0.894   0.00355      *
2025-05-25 05:22:49     109        0.417        0.396       0.859       0.894   0.00352       
2025-05-25 05:22:50     110        0.417        0.391       0.864       0.897   0.00348      *
2025-05-25 05:22:52     111        0.417        0.393       0.862       0.895   0.00345       
2025-05-25 05:22:53     112        0.417        0.393       0.862       0.895   0.00341       
2025-05-25 05:22:55     113        0.417        0.397       0.859       0.894   0.00338       
2025-05-25 05:22:56     114        0.417        0.396       0.864       0.897   0.00334       
2025-05-25 05:22:57     115        0.416        0.395       0.864       0.897   0.00331       
2025-05-25 05:22:59     116        0.417        0.398       0.862       0.896   0.00328       
2025-05-25 05:23:00     117        0.416        0.395       0.864       0.897   0.00324       
2025-05-25 05:23:01     118        0.416        0.395       0.867       0.899   0.00321       
2025-05-25 05:23:03     119        0.416        0.392       0.864       0.897   0.00318       
2025-05-25 05:23:04     120        0.416        0.395       0.867       0.899   0.00315       
2025-05-25 05:23:06     121        0.416        0.392       0.864       0.897   0.00312       
2025-05-25 05:23:07     122        0.415        0.395       0.867       0.899   0.00309       
2025-05-25 05:23:09     123        0.415        0.392       0.864       0.897   0.00305       
2025-05-25 05:23:10     124        0.415        0.393       0.867       0.899   0.00302       
2025-05-25 05:23:12     125        0.415        0.394       0.867       0.899   0.00299       
2025-05-25 05:23:13     126        0.414        0.391       0.864       0.897   0.00296      *
2025-05-25 05:23:14     127        0.414        0.393       0.867       0.899   0.00293       
2025-05-25 05:23:16     128        0.414        0.391       0.867       0.899   0.00290       
2025-05-25 05:23:17     129        0.415        0.399       0.862       0.896   0.00288       
2025-05-25 05:23:18     130        0.414        0.396       0.867       0.899   0.00285       
2025-05-25 05:23:20     131        0.414        0.394       0.867       0.899   0.00282       
2025-05-25 05:23:21     132        0.413        0.393       0.867       0.899   0.00279       
2025-05-25 05:23:23     133        0.413        0.393       0.867       0.899   0.00276       
2025-05-25 05:23:24     134        0.413        0.393       0.867       0.899   0.00273       
2025-05-25 05:23:26     135        0.413        0.390       0.864       0.897   0.00271      *
2025-05-25 05:23:27     136        0.413        0.390       0.867       0.899   0.00268       
2025-05-25 05:23:29     137        0.413        0.391       0.867       0.899   0.00265       
2025-05-25 05:23:30     138        0.413        0.389       0.867       0.899   0.00263      *
2025-05-25 05:23:31     139        0.413        0.388       0.867       0.899   0.00260      *
2025-05-25 05:23:33     140        0.412        0.388       0.867       0.899   0.00257      *
2025-05-25 05:23:34     141        0.412        0.390       0.867       0.899   0.00255       
2025-05-25 05:23:35     142        0.412        0.389       0.867       0.899   0.00252       
2025-05-25 05:23:37     143        0.412        0.390       0.867       0.899   0.00250       
2025-05-25 05:23:38     144        0.412        0.386       0.864       0.897   0.00247      *
2025-05-25 05:23:39     145        0.412        0.386       0.867       0.899   0.00245       
2025-05-25 05:23:41     146        0.412        0.388       0.867       0.899   0.00242       
2025-05-25 05:23:43     147        0.412        0.386       0.867       0.899   0.00240      *
2025-05-25 05:23:44     148        0.412        0.388       0.867       0.899   0.00238       
2025-05-25 05:23:46     149        0.412        0.391       0.867       0.899   0.00235       
2025-05-25 05:23:47     150        0.411        0.389       0.867       0.899   0.00233       
2025-05-25 05:23:49     151        0.411        0.388       0.867       0.899   0.00231       
2025-05-25 05:23:50     152        0.411        0.387       0.867       0.899   0.00228       
2025-05-25 05:23:51     153        0.411        0.389       0.867       0.899   0.00226       
2025-05-25 05:23:53     154        0.412        0.393       0.872       0.903   0.00224       
2025-05-25 05:23:54     155        0.411        0.390       0.867       0.899   0.00221       
2025-05-25 05:23:55     156        0.411        0.394       0.869       0.901   0.00219       
2025-05-25 05:23:57     157        0.411        0.394       0.869       0.901   0.00217       
2025-05-25 05:23:58     158        0.410        0.388       0.864       0.897   0.00215       
2025-05-25 05:24:00     159        0.410        0.389       0.864       0.897   0.00213       
2025-05-25 05:24:01     160        0.410        0.390       0.864       0.897   0.00211       
2025-05-25 05:24:02     161        0.410        0.388       0.864       0.897   0.00208       
2025-05-25 05:24:04     162        0.410        0.387       0.864       0.897   0.00206       
2025-05-25 05:24:05     163        0.410        0.387       0.867       0.899   0.00204       
2025-05-25 05:24:06     164        0.410        0.386       0.864       0.897   0.00202      *
2025-05-25 05:24:08     165        0.410        0.389       0.867       0.899   0.00200       
2025-05-25 05:24:09     166        0.410        0.386       0.867       0.899   0.00198      *
2025-05-25 05:24:10     167        0.411        0.393       0.872       0.903   0.00196       
2025-05-25 05:24:12     168        0.410        0.390       0.867       0.899   0.00194       
2025-05-25 05:24:13     169        0.410        0.387       0.864       0.897   0.00192       
2025-05-25 05:24:14     170        0.410        0.389       0.867       0.899   0.00190       
2025-05-25 05:24:16     171        0.409        0.387       0.867       0.899   0.00189       
2025-05-25 05:24:17     172        0.410        0.390       0.867       0.899   0.00187       
2025-05-25 05:24:18     173        0.409        0.387       0.867       0.899   0.00185       
2025-05-25 05:24:19     174        0.409        0.389       0.867       0.899   0.00183       
2025-05-25 05:24:21     175        0.409        0.388       0.867       0.899   0.00181       
2025-05-25 05:24:22     176        0.409        0.385       0.864       0.897   0.00179      *
2025-05-25 05:24:23     177        0.409        0.387       0.867       0.899   0.00178       
2025-05-25 05:24:25     178        0.409        0.388       0.867       0.899   0.00176       
2025-05-25 05:24:26     179        0.409        0.386       0.867       0.899   0.00174       
2025-05-25 05:24:27     180        0.409        0.385       0.867       0.899   0.00172       
2025-05-25 05:24:29     181        0.409        0.385       0.867       0.899   0.00171      *
2025-05-25 05:24:30     182        0.408        0.387       0.867       0.899   0.00169       
2025-05-25 05:24:31     183        0.408        0.384       0.867       0.899   0.00167      *
2025-05-25 05:24:33     184        0.408        0.383       0.864       0.897   0.00165      *
2025-05-25 05:24:34     185        0.408        0.383       0.867       0.899   0.00164      *
2025-05-25 05:24:35     186        0.408        0.384       0.867       0.899   0.00162       
2025-05-25 05:24:37     187        0.408        0.385       0.867       0.899   0.00161       
2025-05-25 05:24:38     188        0.408        0.385       0.867       0.899   0.00159       
2025-05-25 05:24:40     189        0.408        0.386       0.867       0.899   0.00157       
2025-05-25 05:24:41     190        0.408        0.386       0.867       0.899   0.00156       
2025-05-25 05:24:42     191        0.408        0.385       0.867       0.899   0.00154       
2025-05-25 05:24:44     192        0.408        0.384       0.867       0.899   0.00153       
2025-05-25 05:24:45     193        0.408        0.386       0.867       0.899   0.00151       
2025-05-25 05:24:46     194        0.408        0.387       0.867       0.899   0.00150       
2025-05-25 05:24:48     195        0.408        0.385       0.867       0.899   0.00148       
2025-05-25 05:24:49     196        0.408        0.388       0.869       0.901   0.00147       
2025-05-25 05:24:50     197        0.408        0.383       0.864       0.897   0.00145      *
2025-05-25 05:24:52     198        0.408        0.382       0.864       0.897   0.00144      *
2025-05-25 05:24:53     199        0.407        0.384       0.867       0.899   0.00142       
2025-05-25 05:24:55     200        0.408        0.386       0.867       0.899   0.00141       
2025-05-25 05:24:56     201        0.407        0.385       0.867       0.899   0.00139       
2025-05-25 05:24:57     202        0.407        0.387       0.869       0.901   0.00138       
2025-05-25 05:24:59     203        0.407        0.386       0.867       0.899   0.00137       
2025-05-25 05:25:00     204        0.407        0.386       0.869       0.901   0.00135       
2025-05-25 05:25:02     205        0.407        0.384       0.864       0.897   0.00134       
2025-05-25 05:25:03     206        0.407        0.383       0.867       0.899   0.00133       
2025-05-25 05:25:05     207        0.407        0.381       0.864       0.897   0.00131      *
2025-05-25 05:25:06     208        0.407        0.381       0.864       0.897   0.00130      *
2025-05-25 05:25:07     209        0.407        0.383       0.867       0.899   0.00129       
2025-05-25 05:25:09     210        0.407        0.383       0.867       0.899   0.00127       
2025-05-25 05:25:10     211        0.407        0.383       0.867       0.899   0.00126       
2025-05-25 05:25:12     212        0.407        0.384       0.869       0.901   0.00125       
2025-05-25 05:25:13     213        0.407        0.383       0.869       0.901   0.00124       
2025-05-25 05:25:14     214        0.407        0.384       0.869       0.901   0.00122       
2025-05-25 05:25:16     215        0.407        0.382       0.867       0.899   0.00121       
2025-05-25 05:25:17     216        0.407        0.384       0.867       0.899   0.00120       
2025-05-25 05:25:18     217        0.407        0.383       0.867       0.899   0.00119       
2025-05-25 05:25:20     218        0.407        0.383       0.867       0.899   0.00118       
2025-05-25 05:25:21     219        0.407        0.384       0.869       0.901   0.00116       
2025-05-25 05:25:23     220        0.407        0.383       0.867       0.899   0.00115       
2025-05-25 05:25:24     221        0.407        0.384       0.869       0.901   0.00114       
2025-05-25 05:25:25     222        0.407        0.385       0.869       0.901   0.00113       
2025-05-25 05:25:27     223        0.407        0.387       0.869       0.901   0.00112       
2025-05-25 05:25:28     224        0.406        0.383       0.867       0.899   0.00111       
2025-05-25 05:25:29     225        0.406        0.384       0.869       0.901   0.00110       
2025-05-25 05:25:31     226        0.406        0.384       0.867       0.899   0.00108       
2025-05-25 05:25:32     227        0.406        0.383       0.867       0.899   0.00107       
2025-05-25 05:25:33     228        0.406        0.384       0.867       0.899   0.00106       
2025-05-25 05:25:33   --- Training ended ---
2025-05-25 05:25:33   Number of model parameters: 1537
2025-05-25 05:25:33   Training time: 0:05:24
2025-05-25 05:25:33   Best epoch: 208
2025-05-25 05:25:33   Best valid loss: 0.381
2025-05-25 05:25:33   Best valid accuracy (macro): 0.864
2025-05-25 05:25:33   Best F1 score: 0.897
