2025-05-25 04:42:01   --- Hyperparameters ---
2025-05-25 04:42:01   model = DenseMsaNet(
2025-05-25 04:42:01     (dense_layer1): Sequential(
2025-05-25 04:42:01       (0): Linear(in_features=22, out_features=100, bias=True)
2025-05-25 04:42:01       (1): ReLU()
2025-05-25 04:42:01       (2): Dropout(p=0.2, inplace=False)
2025-05-25 04:42:01     )
2025-05-25 04:42:01     (dense_layer2): Linear(in_features=100, out_features=1, bias=True)
2025-05-25 04:42:01   )
2025-05-25 04:42:01   split_proportion = 0.9
2025-05-25 04:42:01   batch_pad_sequences = False
2025-05-25 04:42:01   learning_rate = 0.01
2025-05-25 04:42:01   batch_size = 64
2025-05-25 04:42:01   max_epochs = 500
2025-05-25 04:42:01   early_stopping_patience = 20
2025-05-25 04:42:01   --- Creating loaders ---
2025-05-25 04:42:02   --- nvidia-smi output ---
2025-05-25 04:42:02   nvidia-smi cannot be run: Command 'nvidia-smi' returned non-zero exit status 18.
2025-05-25 04:42:02   --- Training start ---
2025-05-25 04:42:02   Start training using cuda device.
2025-05-25 04:42:02   Number of model parameters: 2401.
2025-05-25 04:42:02   Epoch   Train loss   Valid loss   Valid acc    F1-score        Lr   Best
2025-05-25 04:42:02   ------------------------------------------------------------------------
2025-05-25 04:42:03       1        0.694        0.694       0.428       0.244   0.00000      *
2025-05-25 04:42:03       2        0.646        0.639       0.656       0.653   0.00250      *
2025-05-25 04:42:04       3        0.547        0.529       0.792       0.843   0.00500      *
2025-05-25 04:42:04       4        0.479        0.442       0.795       0.840   0.00750      *
2025-05-25 04:42:04       5        0.460        0.422       0.823       0.863   0.01000      *
2025-05-25 04:42:05       6        0.456        0.422       0.808       0.858   0.00990       
2025-05-25 04:42:05       7        0.449        0.412       0.826       0.867   0.00980      *
2025-05-25 04:42:06       8        0.458        0.416       0.810       0.846   0.00970       
2025-05-25 04:42:06       9        0.453        0.413       0.818       0.854   0.00961       
2025-05-25 04:42:06      10        0.444        0.405       0.826       0.866   0.00951      *
2025-05-25 04:42:07      11        0.442        0.407       0.831       0.871   0.00941       
2025-05-25 04:42:07      12        0.439        0.406       0.826       0.866   0.00932       
2025-05-25 04:42:07      13        0.438        0.402       0.821       0.863   0.00923      *
2025-05-25 04:42:08      14        0.440        0.402       0.828       0.862   0.00914      *
2025-05-25 04:42:08      15        0.435        0.402       0.823       0.866   0.00904       
2025-05-25 04:42:08      16        0.444        0.413       0.813       0.863   0.00895       
2025-05-25 04:42:09      17        0.433        0.399       0.823       0.865   0.00886      *
2025-05-25 04:42:09      18        0.430        0.397       0.826       0.866   0.00878      *
2025-05-25 04:42:09      19        0.431        0.396       0.828       0.868   0.00869      *
2025-05-25 04:42:10      20        0.438        0.407       0.821       0.858   0.00860       
2025-05-25 04:42:10      21        0.439        0.410       0.813       0.863   0.00851       
2025-05-25 04:42:10      22        0.428        0.396       0.831       0.866   0.00843      *
2025-05-25 04:42:11      23        0.427        0.397       0.828       0.865   0.00835       
2025-05-25 04:42:11      24        0.430        0.403       0.815       0.862   0.00826       
2025-05-25 04:42:12      25        0.424        0.392       0.828       0.867   0.00818      *
2025-05-25 04:42:12      26        0.430        0.396       0.833       0.867   0.00810       
2025-05-25 04:42:12      27        0.424        0.389       0.823       0.862   0.00802      *
2025-05-25 04:42:13      28        0.421        0.391       0.813       0.855   0.00794       
2025-05-25 04:42:13      29        0.422        0.391       0.826       0.863   0.00786       
2025-05-25 04:42:14      30        0.419        0.387       0.823       0.863   0.00778      *
2025-05-25 04:42:14      31        0.424        0.392       0.836       0.867   0.00770       
2025-05-25 04:42:14      32        0.422        0.393       0.821       0.864   0.00762       
2025-05-25 04:42:15      33        0.417        0.386       0.821       0.859   0.00755      *
2025-05-25 04:42:15      34        0.418        0.392       0.823       0.866   0.00747       
2025-05-25 04:42:15      35        0.420        0.396       0.813       0.858   0.00740       
2025-05-25 04:42:16      36        0.417        0.392       0.815       0.860   0.00732       
2025-05-25 04:42:16      37        0.413        0.384       0.821       0.860   0.00725      *
2025-05-25 04:42:17      38        0.413        0.387       0.823       0.862   0.00718       
2025-05-25 04:42:17      39        0.418        0.390       0.836       0.867   0.00711       
2025-05-25 04:42:17      40        0.415        0.396       0.823       0.865   0.00703       
2025-05-25 04:42:18      41        0.412        0.392       0.818       0.861   0.00696       
2025-05-25 04:42:18      42        0.410        0.387       0.821       0.859   0.00689       
2025-05-25 04:42:18      43        0.412        0.393       0.823       0.865   0.00683       
2025-05-25 04:42:19      44        0.408        0.389       0.818       0.860   0.00676       
2025-05-25 04:42:19      45        0.411        0.392       0.815       0.860   0.00669       
2025-05-25 04:42:19      46        0.411        0.394       0.815       0.861   0.00662       
2025-05-25 04:42:20      47        0.411        0.387       0.836       0.868   0.00656       
2025-05-25 04:42:20      48        0.412        0.396       0.813       0.859   0.00649       
2025-05-25 04:42:21      49        0.406        0.389       0.826       0.865   0.00643       
2025-05-25 04:42:21      50        0.414        0.399       0.813       0.861   0.00636       
2025-05-25 04:42:21      51        0.405        0.386       0.815       0.857   0.00630       
2025-05-25 04:42:22      52        0.404        0.388       0.826       0.861   0.00624       
2025-05-25 04:42:22      53        0.402        0.385       0.823       0.861   0.00617       
2025-05-25 04:42:22      54        0.401        0.385       0.818       0.857   0.00611       
2025-05-25 04:42:23      55        0.402        0.387       0.831       0.865   0.00605       
2025-05-25 04:42:23      56        0.400        0.386       0.826       0.863   0.00599       
2025-05-25 04:42:24      57        0.406        0.397       0.805       0.854   0.00593       
2025-05-25 04:42:24   --- Training ended ---
2025-05-25 04:42:24   Number of model parameters: 2401
2025-05-25 04:42:24   Training time: 0:00:22
2025-05-25 04:42:24   Best epoch: 37
2025-05-25 04:42:24   Best valid loss: 0.384
2025-05-25 04:42:24   Best valid accuracy (macro): 0.821
2025-05-25 04:42:24   Best F1 score: 0.860
