2025-05-25 03:16:52   --- Hyperparameters ---
2025-05-25 03:16:52   model = DenseSiteNet(
2025-05-25 03:16:52     (dense_layer1): Sequential(
2025-05-25 03:16:52       (0): Linear(in_features=106722, out_features=100, bias=True)
2025-05-25 03:16:52       (1): ReLU()
2025-05-25 03:16:52       (2): Dropout(p=0.2, inplace=False)
2025-05-25 03:16:52     )
2025-05-25 03:16:52     (dense_layer2): Linear(in_features=100, out_features=1, bias=True)
2025-05-25 03:16:52   )
2025-05-25 03:16:52   split_proportion = 0.9
2025-05-25 03:16:52   batch_pad_sequences = False
2025-05-25 03:16:52   learning_rate = 0.01
2025-05-25 03:16:52   batch_size = 64
2025-05-25 03:16:52   max_epochs = 500
2025-05-25 03:16:52   early_stopping_patience = 20
2025-05-25 03:16:52   --- Creating loaders ---
2025-05-25 03:16:52   --- nvidia-smi output ---
2025-05-25 03:16:52   nvidia-smi cannot be run: Command 'nvidia-smi' returned non-zero exit status 18.
2025-05-25 03:16:52   --- Training start ---
2025-05-25 03:16:52   Start training using cuda device.
2025-05-25 03:16:52   Number of model parameters: 10672401.
2025-05-25 03:16:52   Epoch   Train loss   Valid loss   Valid acc    F1-score        Lr   Best
2025-05-25 03:16:52   ------------------------------------------------------------------------
2025-05-25 03:16:55       1        0.703        0.704       0.372       0.000   0.00000      *
2025-05-25 03:16:57       2        0.360        0.443       0.813       0.851   0.00250      *
2025-05-25 03:16:58       3        0.218        0.490       0.782       0.816   0.00500       
2025-05-25 03:17:00       4        0.092        0.569       0.777       0.819   0.00750       
2025-05-25 03:17:01       5        0.064        0.698       0.779       0.824   0.01000       
2025-05-25 03:17:02       6        0.026        1.129       0.741       0.787   0.00990       
2025-05-25 03:17:04       7        0.030        1.564       0.754       0.812   0.00980       
2025-05-25 03:17:05       8        0.012        1.331       0.779       0.817   0.00970       
2025-05-25 03:17:07       9        0.005        1.442       0.792       0.834   0.00961       
2025-05-25 03:17:08      10        0.002        1.559       0.779       0.820   0.00951       
2025-05-25 03:17:09      11        0.002        1.656       0.774       0.819   0.00941       
2025-05-25 03:17:11      12        0.001        1.700       0.774       0.819   0.00932       
2025-05-25 03:17:12      13        0.001        1.759       0.764       0.807   0.00923       
2025-05-25 03:17:13      14        0.001        1.819       0.779       0.823   0.00914       
2025-05-25 03:17:15      15        0.000        1.799       0.772       0.815   0.00904       
2025-05-25 03:17:16      16        0.000        1.810       0.777       0.821   0.00895       
2025-05-25 03:17:17      17        0.000        1.891       0.772       0.818   0.00886       
2025-05-25 03:17:19      18        0.000        1.844       0.769       0.815   0.00878       
2025-05-25 03:17:20      19        0.000        1.852       0.774       0.817   0.00869       
2025-05-25 03:17:21      20        0.000        1.860       0.774       0.817   0.00860       
2025-05-25 03:17:23      21        0.000        1.848       0.777       0.823   0.00851       
2025-05-25 03:17:24      22        0.000        1.848       0.777       0.819   0.00843       
2025-05-25 03:17:24   --- Training ended ---
2025-05-25 03:17:24   Number of model parameters: 10672401
2025-05-25 03:17:24   Training time: 0:00:32
2025-05-25 03:17:24   Best epoch: 2
2025-05-25 03:17:24   Best valid loss: 0.443
2025-05-25 03:17:24   Best valid accuracy (macro): 0.813
2025-05-25 03:17:24   Best F1 score: 0.851
