2025-05-25 04:32:32   --- Hyperparameters ---
2025-05-25 04:32:32   model = DenseSiteNet(
2025-05-25 04:32:32     (dense_layer1): Sequential(
2025-05-25 04:32:32       (0): Linear(in_features=106722, out_features=100, bias=True)
2025-05-25 04:32:32       (1): ReLU()
2025-05-25 04:32:32       (2): Dropout(p=0.2, inplace=False)
2025-05-25 04:32:32     )
2025-05-25 04:32:32     (dense_layer2): Linear(in_features=100, out_features=1, bias=True)
2025-05-25 04:32:32   )
2025-05-25 04:32:32   split_proportion = 0.9
2025-05-25 04:32:32   batch_pad_sequences = False
2025-05-25 04:32:32   learning_rate = 0.01
2025-05-25 04:32:32   batch_size = 64
2025-05-25 04:32:32   max_epochs = 500
2025-05-25 04:32:32   early_stopping_patience = 20
2025-05-25 04:32:32   --- Creating loaders ---
2025-05-25 04:32:32   --- nvidia-smi output ---
2025-05-25 04:32:32   nvidia-smi cannot be run: Command 'nvidia-smi' returned non-zero exit status 18.
2025-05-25 04:32:32   --- Training start ---
2025-05-25 04:32:32   Start training using cuda device.
2025-05-25 04:32:32   Number of model parameters: 10672401.
2025-05-25 04:32:32   Epoch   Train loss   Valid loss   Valid acc    F1-score        Lr   Best
2025-05-25 04:32:32   ------------------------------------------------------------------------
2025-05-25 04:32:33       1        0.687        0.686       0.372       0.000   0.00000      *
2025-05-25 04:32:35       2        0.271        0.446       0.813       0.855   0.00250      *
2025-05-25 04:32:36       3        0.198        0.562       0.726       0.749   0.00500       
2025-05-25 04:32:37       4        0.083        0.709       0.756       0.801   0.00750       
2025-05-25 04:32:38       5        0.058        0.889       0.782       0.830   0.01000       
2025-05-25 04:32:39       6        0.032        1.217       0.736       0.790   0.00990       
2025-05-25 04:32:40       7        0.024        1.281       0.756       0.792   0.00980       
2025-05-25 04:32:42       8        0.012        1.389       0.777       0.819   0.00970       
2025-05-25 04:32:43       9        0.012        1.482       0.785       0.832   0.00961       
2025-05-25 04:32:44      10        0.014        1.969       0.762       0.814   0.00951       
2025-05-25 04:32:46      11        0.020        1.863       0.774       0.826   0.00941       
2025-05-25 04:32:47      12        0.014        2.268       0.754       0.806   0.00932       
2025-05-25 04:32:48      13        0.013        2.596       0.746       0.792   0.00923       
2025-05-25 04:32:49      14        0.003        2.188       0.764       0.811   0.00914       
2025-05-25 04:32:50      15        0.008        1.710       0.764       0.807   0.00904       
2025-05-25 04:32:51      16        0.002        1.747       0.790       0.831   0.00895       
2025-05-25 04:32:53      17        0.001        1.791       0.787       0.827   0.00886       
2025-05-25 04:32:54      18        0.001        1.875       0.779       0.821   0.00878       
2025-05-25 04:32:55      19        0.001        1.921       0.785       0.824   0.00869       
2025-05-25 04:32:56      20        0.001        2.409       0.772       0.824   0.00860       
2025-05-25 04:32:57      21        0.001        2.062       0.764       0.809   0.00851       
2025-05-25 04:32:58      22        0.001        2.152       0.767       0.812   0.00843       
2025-05-25 04:32:58   --- Training ended ---
2025-05-25 04:32:58   Number of model parameters: 10672401
2025-05-25 04:32:58   Training time: 0:00:26
2025-05-25 04:32:58   Best epoch: 2
2025-05-25 04:32:58   Best valid loss: 0.446
2025-05-25 04:32:58   Best valid accuracy (macro): 0.813
2025-05-25 04:32:58   Best F1 score: 0.855
