2025-05-25 03:31:00   --- Hyperparameters ---
2025-05-25 03:31:00   model = DenseMsaNet(
2025-05-25 03:31:00     (dense_layer1): Sequential(
2025-05-25 03:31:00       (0): Linear(in_features=22, out_features=100, bias=True)
2025-05-25 03:31:00       (1): ReLU()
2025-05-25 03:31:00       (2): Dropout(p=0.2, inplace=False)
2025-05-25 03:31:00     )
2025-05-25 03:31:00     (dense_layer2): Linear(in_features=100, out_features=1, bias=True)
2025-05-25 03:31:00   )
2025-05-25 03:31:00   split_proportion = 0.9
2025-05-25 03:31:00   batch_pad_sequences = False
2025-05-25 03:31:00   learning_rate = 0.01
2025-05-25 03:31:00   batch_size = 64
2025-05-25 03:31:00   max_epochs = 500
2025-05-25 03:31:00   early_stopping_patience = 20
2025-05-25 03:31:00   --- Creating loaders ---
2025-05-25 03:31:01   --- nvidia-smi output ---
2025-05-25 03:31:01   nvidia-smi cannot be run: Command 'nvidia-smi' returned non-zero exit status 18.
2025-05-25 03:31:01   --- Training start ---
2025-05-25 03:31:01   Start training using cuda device.
2025-05-25 03:31:01   Number of model parameters: 2401.
2025-05-25 03:31:01   Epoch   Train loss   Valid loss   Valid acc    F1-score        Lr   Best
2025-05-25 03:31:01   ------------------------------------------------------------------------
2025-05-25 03:31:02       1        0.689        0.688       0.372       0.000   0.00000      *
2025-05-25 03:31:02       2        0.649        0.642       0.674       0.668   0.00250      *
2025-05-25 03:31:02       3        0.554        0.537       0.756       0.833   0.00500      *
2025-05-25 03:31:03       4        0.474        0.447       0.792       0.846   0.00750      *
2025-05-25 03:31:03       5        0.460        0.432       0.790       0.837   0.01000      *
2025-05-25 03:31:03       6        0.473        0.452       0.803       0.860   0.00990       
2025-05-25 03:31:04       7        0.464        0.436       0.785       0.824   0.00980       
2025-05-25 03:31:04       8        0.457        0.429       0.790       0.832   0.00970      *
2025-05-25 03:31:04       9        0.458        0.434       0.795       0.849   0.00961       
2025-05-25 03:31:05      10        0.453        0.430       0.797       0.844   0.00951       
2025-05-25 03:31:05      11        0.451        0.426       0.800       0.845   0.00941      *
2025-05-25 03:31:05      12        0.457        0.435       0.803       0.856   0.00932       
2025-05-25 03:31:06      13        0.452        0.429       0.805       0.850   0.00923       
2025-05-25 03:31:06      14        0.448        0.422       0.803       0.852   0.00914      *
2025-05-25 03:31:06      15        0.445        0.423       0.810       0.854   0.00904       
2025-05-25 03:31:06      16        0.448        0.426       0.792       0.844   0.00895       
2025-05-25 03:31:07      17        0.451        0.428       0.795       0.836   0.00886       
2025-05-25 03:31:07      18        0.442        0.416       0.803       0.844   0.00878      *
2025-05-25 03:31:07      19        0.441        0.416       0.797       0.848   0.00869      *
2025-05-25 03:31:07      20        0.449        0.428       0.808       0.860   0.00860       
2025-05-25 03:31:08      21        0.437        0.414       0.803       0.851   0.00851      *
2025-05-25 03:31:08      22        0.434        0.410       0.808       0.850   0.00843      *
2025-05-25 03:31:08      23        0.448        0.423       0.797       0.832   0.00835       
2025-05-25 03:31:08      24        0.441        0.420       0.805       0.858   0.00826       
2025-05-25 03:31:09      25        0.437        0.415       0.797       0.838   0.00818       
2025-05-25 03:31:09      26        0.434        0.411       0.803       0.852   0.00810       
2025-05-25 03:31:09      27        0.438        0.414       0.808       0.843   0.00802       
2025-05-25 03:31:10      28        0.441        0.422       0.810       0.863   0.00794       
2025-05-25 03:31:10      29        0.424        0.400       0.808       0.850   0.00786      *
2025-05-25 03:31:10      30        0.424        0.402       0.808       0.851   0.00778       
2025-05-25 03:31:10      31        0.423        0.400       0.808       0.850   0.00770      *
2025-05-25 03:31:11      32        0.424        0.403       0.818       0.857   0.00762       
2025-05-25 03:31:11      33        0.420        0.400       0.815       0.858   0.00755      *
2025-05-25 03:31:11      34        0.425        0.407       0.818       0.865   0.00747       
2025-05-25 03:31:12      35        0.421        0.396       0.815       0.854   0.00740      *
2025-05-25 03:31:12      36        0.417        0.398       0.815       0.857   0.00732       
2025-05-25 03:31:12      37        0.422        0.404       0.810       0.859   0.00725       
2025-05-25 03:31:13      38        0.421        0.398       0.815       0.854   0.00718       
2025-05-25 03:31:13      39        0.414        0.396       0.813       0.855   0.00711      *
2025-05-25 03:31:13      40        0.415        0.398       0.828       0.866   0.00703       
2025-05-25 03:31:14      41        0.413        0.398       0.821       0.861   0.00696       
2025-05-25 03:31:14      42        0.416        0.399       0.826       0.863   0.00689       
2025-05-25 03:31:14      43        0.411        0.396       0.818       0.861   0.00683      *
2025-05-25 03:31:14      44        0.413        0.398       0.828       0.867   0.00676       
2025-05-25 03:31:15      45        0.411        0.395       0.821       0.859   0.00669      *
2025-05-25 03:31:15      46        0.427        0.414       0.792       0.851   0.00662       
2025-05-25 03:31:15      47        0.411        0.392       0.828       0.864   0.00656      *
2025-05-25 03:31:16      48        0.410        0.396       0.831       0.867   0.00649       
2025-05-25 03:31:16      49        0.408        0.389       0.823       0.864   0.00643      *
2025-05-25 03:31:16      50        0.413        0.398       0.815       0.849   0.00636       
2025-05-25 03:31:17      51        0.405        0.392       0.821       0.863   0.00630       
2025-05-25 03:31:17      52        0.407        0.392       0.813       0.861   0.00624       
2025-05-25 03:31:17      53        0.405        0.390       0.815       0.859   0.00617       
2025-05-25 03:31:18      54        0.402        0.386       0.821       0.863   0.00611      *
2025-05-25 03:31:18      55        0.402        0.387       0.828       0.866   0.00605       
2025-05-25 03:31:18      56        0.403        0.389       0.823       0.867   0.00599       
2025-05-25 03:31:19      57        0.401        0.386       0.815       0.858   0.00593       
2025-05-25 03:31:19      58        0.399        0.385       0.826       0.865   0.00587      *
2025-05-25 03:31:19      59        0.409        0.402       0.808       0.860   0.00581       
2025-05-25 03:31:19      60        0.400        0.388       0.828       0.864   0.00575       
2025-05-25 03:31:20      61        0.398        0.387       0.815       0.860   0.00570       
2025-05-25 03:31:20      62        0.398        0.387       0.828       0.865   0.00564       
2025-05-25 03:31:20      63        0.400        0.391       0.808       0.858   0.00558       
2025-05-25 03:31:20      64        0.395        0.385       0.823       0.864   0.00553       
2025-05-25 03:31:21      65        0.401        0.387       0.838       0.870   0.00547       
2025-05-25 03:31:21      66        0.393        0.383       0.826       0.864   0.00542      *
2025-05-25 03:31:21      67        0.404        0.400       0.800       0.854   0.00536       
2025-05-25 03:31:22      68        0.395        0.389       0.821       0.858   0.00531       
2025-05-25 03:31:22      69        0.401        0.395       0.810       0.861   0.00526       
2025-05-25 03:31:22      70        0.416        0.403       0.818       0.848   0.00520       
2025-05-25 03:31:22      71        0.392        0.383       0.821       0.858   0.00515       
2025-05-25 03:31:23      72        0.393        0.384       0.828       0.863   0.00510       
2025-05-25 03:31:23      73        0.402        0.387       0.810       0.844   0.00505       
2025-05-25 03:31:23      74        0.390        0.382       0.818       0.860   0.00500      *
2025-05-25 03:31:24      75        0.389        0.380       0.828       0.864   0.00495      *
2025-05-25 03:31:24      76        0.391        0.381       0.828       0.864   0.00490       
2025-05-25 03:31:24      77        0.389        0.382       0.826       0.864   0.00485       
2025-05-25 03:31:24      78        0.392        0.383       0.826       0.861   0.00480       
2025-05-25 03:31:25      79        0.387        0.381       0.818       0.859   0.00475       
2025-05-25 03:31:25      80        0.388        0.383       0.818       0.862   0.00471       
2025-05-25 03:31:25      81        0.387        0.379       0.813       0.857   0.00466      *
2025-05-25 03:31:26      82        0.386        0.379       0.821       0.861   0.00461      *
2025-05-25 03:31:26      83        0.385        0.381       0.821       0.863   0.00457       
2025-05-25 03:31:26      84        0.385        0.381       0.821       0.863   0.00452       
2025-05-25 03:31:27      85        0.385        0.379       0.823       0.864   0.00448       
2025-05-25 03:31:27      86        0.395        0.385       0.831       0.863   0.00443       
2025-05-25 03:31:27      87        0.390        0.390       0.808       0.857   0.00439       
2025-05-25 03:31:28      88        0.388        0.379       0.836       0.869   0.00434      *
2025-05-25 03:31:28      89        0.384        0.380       0.823       0.865   0.00430       
2025-05-25 03:31:28      90        0.384        0.380       0.828       0.870   0.00426       
2025-05-25 03:31:29      91        0.385        0.385       0.818       0.863   0.00421       
2025-05-25 03:31:29      92        0.383        0.381       0.826       0.864   0.00417       
2025-05-25 03:31:29      93        0.384        0.377       0.813       0.858   0.00413      *
2025-05-25 03:31:29      94        0.385        0.383       0.815       0.863   0.00409       
2025-05-25 03:31:30      95        0.382        0.378       0.831       0.868   0.00405       
2025-05-25 03:31:30      96        0.383        0.381       0.818       0.862   0.00401       
2025-05-25 03:31:30      97        0.381        0.382       0.815       0.859   0.00397       
2025-05-25 03:31:31      98        0.383        0.381       0.813       0.859   0.00393       
2025-05-25 03:31:31      99        0.382        0.378       0.821       0.862   0.00389       
2025-05-25 03:31:31     100        0.381        0.376       0.826       0.866   0.00385      *
2025-05-25 03:31:32     101        0.380        0.373       0.826       0.867   0.00381      *
2025-05-25 03:31:32     102        0.380        0.379       0.823       0.866   0.00377       
2025-05-25 03:31:32     103        0.382        0.378       0.813       0.859   0.00373       
2025-05-25 03:31:32     104        0.381        0.374       0.833       0.868   0.00370       
2025-05-25 03:31:33     105        0.379        0.375       0.810       0.857   0.00366       
2025-05-25 03:31:33     106        0.382        0.380       0.821       0.866   0.00362       
2025-05-25 03:31:33     107        0.388        0.385       0.836       0.868   0.00359       
2025-05-25 03:31:34     108        0.385        0.377       0.841       0.872   0.00355       
2025-05-25 03:31:34     109        0.377        0.372       0.831       0.870   0.00352      *
2025-05-25 03:31:34     110        0.381        0.372       0.831       0.866   0.00348      *
2025-05-25 03:31:35     111        0.378        0.373       0.826       0.867   0.00345       
2025-05-25 03:31:35     112        0.381        0.378       0.813       0.860   0.00341       
2025-05-25 03:31:35     113        0.377        0.371       0.833       0.868   0.00338      *
2025-05-25 03:31:35     114        0.377        0.373       0.831       0.867   0.00334       
2025-05-25 03:31:36     115        0.379        0.380       0.815       0.863   0.00331       
2025-05-25 03:31:36     116        0.376        0.373       0.836       0.872   0.00328       
2025-05-25 03:31:36     117        0.376        0.372       0.826       0.866   0.00324       
2025-05-25 03:31:37     118        0.379        0.377       0.823       0.868   0.00321       
2025-05-25 03:31:37     119        0.376        0.373       0.826       0.867   0.00318       
2025-05-25 03:31:37     120        0.376        0.372       0.828       0.865   0.00315       
2025-05-25 03:31:37     121        0.376        0.374       0.823       0.861   0.00312       
2025-05-25 03:31:38     122        0.374        0.371       0.836       0.873   0.00309      *
2025-05-25 03:31:38     123        0.375        0.370       0.833       0.872   0.00305      *
2025-05-25 03:31:38     124        0.374        0.373       0.823       0.863   0.00302       
2025-05-25 03:31:38     125        0.375        0.375       0.821       0.865   0.00299       
2025-05-25 03:31:39     126        0.375        0.371       0.821       0.863   0.00296       
2025-05-25 03:31:39     127        0.375        0.370       0.826       0.867   0.00293      *
2025-05-25 03:31:39     128        0.373        0.371       0.826       0.866   0.00290       
2025-05-25 03:31:40     129        0.375        0.371       0.831       0.866   0.00288       
2025-05-25 03:31:40     130        0.380        0.380       0.821       0.866   0.00285       
2025-05-25 03:31:40     131        0.373        0.372       0.836       0.873   0.00282       
2025-05-25 03:31:41     132        0.374        0.373       0.823       0.867   0.00279       
2025-05-25 03:31:41     133        0.377        0.374       0.833       0.867   0.00276       
2025-05-25 03:31:41     134        0.374        0.374       0.821       0.865   0.00273       
2025-05-25 03:31:41     135        0.375        0.374       0.823       0.867   0.00271       
2025-05-25 03:31:42     136        0.373        0.372       0.831       0.868   0.00268       
2025-05-25 03:31:42     137        0.372        0.370       0.826       0.867   0.00265       
2025-05-25 03:31:42     138        0.372        0.368       0.828       0.867   0.00263      *
2025-05-25 03:31:42     139        0.372        0.368       0.831       0.869   0.00260      *
2025-05-25 03:31:43     140        0.372        0.368       0.833       0.869   0.00257      *
2025-05-25 03:31:43     141        0.376        0.372       0.828       0.861   0.00255       
2025-05-25 03:31:43     142        0.372        0.373       0.821       0.865   0.00252       
2025-05-25 03:31:43     143        0.371        0.370       0.821       0.862   0.00250       
2025-05-25 03:31:44     144        0.371        0.370       0.831       0.870   0.00247       
2025-05-25 03:31:44     145        0.371        0.367       0.836       0.872   0.00245      *
2025-05-25 03:31:44     146        0.371        0.370       0.828       0.867   0.00242       
2025-05-25 03:31:44     147        0.375        0.375       0.823       0.868   0.00240       
2025-05-25 03:31:45     148        0.370        0.371       0.823       0.863   0.00238       
2025-05-25 03:31:45     149        0.370        0.367       0.833       0.870   0.00235      *
2025-05-25 03:31:45     150        0.371        0.370       0.823       0.867   0.00233       
2025-05-25 03:31:46     151        0.370        0.367       0.828       0.867   0.00231       
2025-05-25 03:31:46     152        0.376        0.371       0.836       0.867   0.00228       
2025-05-25 03:31:46     153        0.370        0.369       0.828       0.866   0.00226       
2025-05-25 03:31:46     154        0.369        0.368       0.828       0.867   0.00224       
2025-05-25 03:31:47     155        0.369        0.370       0.826       0.867   0.00221       
2025-05-25 03:31:47     156        0.370        0.368       0.828       0.867   0.00219       
2025-05-25 03:31:47     157        0.371        0.369       0.828       0.871   0.00217       
2025-05-25 03:31:47     158        0.369        0.369       0.826       0.867   0.00215       
2025-05-25 03:31:48     159        0.371        0.371       0.826       0.869   0.00213       
2025-05-25 03:31:48     160        0.368        0.368       0.831       0.871   0.00211       
2025-05-25 03:31:48     161        0.367        0.366       0.833       0.870   0.00208      *
2025-05-25 03:31:48     162        0.368        0.368       0.831       0.870   0.00206       
2025-05-25 03:31:49     163        0.368        0.367       0.836       0.873   0.00204       
2025-05-25 03:31:49     164        0.368        0.370       0.831       0.870   0.00202       
2025-05-25 03:31:49     165        0.369        0.369       0.828       0.865   0.00200       
2025-05-25 03:31:50     166        0.367        0.368       0.826       0.865   0.00198       
2025-05-25 03:31:50     167        0.369        0.370       0.831       0.865   0.00196       
2025-05-25 03:31:50     168        0.368        0.372       0.815       0.860   0.00194       
2025-05-25 03:31:50     169        0.368        0.368       0.826       0.867   0.00192       
2025-05-25 03:31:51     170        0.369        0.366       0.831       0.866   0.00190       
2025-05-25 03:31:51     171        0.367        0.370       0.828       0.868   0.00189       
2025-05-25 03:31:51     172        0.366        0.368       0.823       0.864   0.00187       
2025-05-25 03:31:52     173        0.367        0.369       0.828       0.867   0.00185       
2025-05-25 03:31:52     174        0.370        0.372       0.833       0.875   0.00183       
2025-05-25 03:31:52     175        0.368        0.365       0.841       0.874   0.00181      *
2025-05-25 03:31:53     176        0.366        0.367       0.818       0.861   0.00179       
2025-05-25 03:31:53     177        0.365        0.368       0.828       0.868   0.00178       
2025-05-25 03:31:53     178        0.366        0.366       0.826       0.866   0.00176       
2025-05-25 03:31:54     179        0.367        0.368       0.836       0.871   0.00174       
2025-05-25 03:31:54     180        0.366        0.369       0.828       0.870   0.00172       
2025-05-25 03:31:54     181        0.365        0.368       0.828       0.868   0.00171       
2025-05-25 03:31:54     182        0.365        0.366       0.836       0.872   0.00169       
2025-05-25 03:31:55     183        0.365        0.366       0.831       0.868   0.00167       
2025-05-25 03:31:55     184        0.365        0.367       0.826       0.865   0.00165       
2025-05-25 03:31:55     185        0.367        0.371       0.831       0.874   0.00164       
2025-05-25 03:31:56     186        0.368        0.372       0.833       0.876   0.00162       
2025-05-25 03:31:56     187        0.365        0.367       0.833       0.869   0.00161       
2025-05-25 03:31:56     188        0.365        0.369       0.823       0.865   0.00159       
2025-05-25 03:31:57     189        0.366        0.370       0.833       0.875   0.00157       
2025-05-25 03:31:57     190        0.367        0.367       0.833       0.868   0.00156       
2025-05-25 03:31:57     191        0.365        0.368       0.828       0.870   0.00154       
2025-05-25 03:31:58     192        0.365        0.366       0.831       0.869   0.00153       
2025-05-25 03:31:58     193        0.364        0.366       0.831       0.869   0.00151       
2025-05-25 03:31:58     194        0.364        0.367       0.828       0.867   0.00150       
2025-05-25 03:31:58     195        0.364        0.366       0.831       0.871   0.00148       
2025-05-25 03:31:58   --- Training ended ---
2025-05-25 03:31:58   Number of model parameters: 2401
2025-05-25 03:31:58   Training time: 0:00:58
2025-05-25 03:31:58   Best epoch: 175
2025-05-25 03:31:58   Best valid loss: 0.365
2025-05-25 03:31:58   Best valid accuracy (macro): 0.841
2025-05-25 03:31:58   Best F1 score: 0.874
