2025-05-24 21:03:36   --- Preprocessing base data ---
2025-05-24 21:03:36   Tokenizing real alignments...
2025-05-24 21:03:36   Removing sequences with ambiguous tokens...
2025-05-24 21:03:36   0/20290 sequences have been removed from 0/1497 alignements due to ambiguous sites.
2025-05-24 21:03:36   Tokenizing simulated alignments...
2025-05-24 21:03:37   Removing sequences with ambiguous tokens...
2025-05-24 21:03:37   0/17109 sequences have been removed from 0/2413 alignements due to ambiguous sites.
2025-05-24 21:03:37   Checking alignments...
2025-05-24 21:03:37   30 renamed keys in simulated aligns.
2025-05-24 21:03:37   Creating labels...
2025-05-24 21:03:37   Merging aligns and labels...
2025-05-24 21:03:37   Total number of alignments: 3910
2025-05-24 21:03:37   --- Start running LogisticRegressionClassifier ---
2025-05-24 21:03:37   --- End running LogisticRegressionClassifier ---
2025-05-24 21:03:37   --- Start running DenseMsaClassifier ---
2025-05-24 21:04:08   --- End running DenseMsaClassifier ---
2025-05-24 21:04:08   --- Start running DenseSiteClassifier ---
2025-05-24 21:04:45   --- End running DenseSiteClassifier ---
2025-05-24 21:04:45   --- Start running AACnnClassifier ---
2025-05-24 21:07:49   --- End running AACnnClassifier ---
