2025-05-25 03:00:33   --- Hyperparameters ---
2025-05-25 03:00:33   model = AAConvNet(
2025-05-25 03:00:33     (conv_layer): Sequential(
2025-05-25 03:00:33       (0): Conv1d(22, 64, kernel_size=(1,), stride=(1,))
2025-05-25 03:00:33       (1): ReLU()
2025-05-25 03:00:33       (2): AvgPool1d(kernel_size=(4851,), stride=(4851,), padding=(0,))
2025-05-25 03:00:33       (3): Dropout(p=0.2, inplace=False)
2025-05-25 03:00:33     )
2025-05-25 03:00:33     (dense_layer): Linear(in_features=64, out_features=1, bias=True)
2025-05-25 03:00:33   )
2025-05-25 03:00:33   split_proportion = 0.9
2025-05-25 03:00:33   batch_pad_sequences = False
2025-05-25 03:00:33   learning_rate = 0.01
2025-05-25 03:00:33   batch_size = 64
2025-05-25 03:00:33   max_epochs = 500
2025-05-25 03:00:33   early_stopping_patience = 20
2025-05-25 03:00:33   --- Creating loaders ---
2025-05-25 03:00:33   --- nvidia-smi output ---
2025-05-25 03:00:33   nvidia-smi cannot be run: Command 'nvidia-smi' returned non-zero exit status 18.
2025-05-25 03:00:33   --- Training start ---
2025-05-25 03:00:33   Start training using cuda device.
2025-05-25 03:00:33   Number of model parameters: 1537.
2025-05-25 03:00:33   Epoch   Train loss   Valid loss   Valid acc    F1-score        Lr   Best
2025-05-25 03:00:33   ------------------------------------------------------------------------
2025-05-25 03:00:35       1        0.678        0.676       0.372       0.000   0.00000      *
2025-05-25 03:00:37       2        0.666        0.661       0.372       0.000   0.00250      *
2025-05-25 03:00:39       3        0.665        0.660       0.369       0.000   0.00500      *
2025-05-25 03:00:40       4        0.663        0.658       0.369       0.000   0.00750      *
2025-05-25 03:00:42       5        0.658        0.652       0.664       0.789   0.01000      *
2025-05-25 03:00:43       6        0.652        0.643       0.659       0.787   0.00990      *
2025-05-25 03:00:45       7        0.637        0.630       0.710       0.806   0.00980      *
2025-05-25 03:00:47       8        0.627        0.619       0.687       0.801   0.00970      *
2025-05-25 03:00:48       9        0.607        0.603       0.667       0.788   0.00961      *
2025-05-25 03:00:50      10        0.594        0.588       0.721       0.816   0.00951      *
2025-05-25 03:00:51      11        0.577        0.575       0.754       0.834   0.00941      *
2025-05-25 03:00:53      12        0.564        0.563       0.736       0.826   0.00932      *
2025-05-25 03:00:54      13        0.551        0.549       0.744       0.831   0.00923      *
2025-05-25 03:00:56      14        0.544        0.536       0.808       0.863   0.00914      *
2025-05-25 03:00:58      15        0.531        0.536       0.764       0.842   0.00904       
2025-05-25 03:00:59      16        0.522        0.517       0.821       0.873   0.00895      *
2025-05-25 03:01:01      17        0.512        0.523       0.808       0.866   0.00886       
2025-05-25 03:01:02      18        0.505        0.503       0.797       0.861   0.00878      *
2025-05-25 03:01:04      19        0.506        0.517       0.772       0.846   0.00869       
2025-05-25 03:01:05      20        0.494        0.503       0.823       0.874   0.00860      *
2025-05-25 03:01:07      21        0.488        0.494       0.813       0.868   0.00851      *
2025-05-25 03:01:08      22        0.483        0.492       0.838       0.884   0.00843      *
2025-05-25 03:01:10      23        0.479        0.488       0.838       0.884   0.00835      *
2025-05-25 03:01:11      24        0.475        0.481       0.826       0.876   0.00826      *
2025-05-25 03:01:13      25        0.472        0.477       0.831       0.879   0.00818      *
2025-05-25 03:01:15      26        0.475        0.476       0.790       0.856   0.00810      *
2025-05-25 03:01:16      27        0.467        0.481       0.813       0.869   0.00802       
2025-05-25 03:01:18      28        0.463        0.470       0.831       0.879   0.00794      *
2025-05-25 03:01:19      29        0.460        0.471       0.836       0.879   0.00786       
2025-05-25 03:01:21      30        0.458        0.476       0.836       0.881   0.00778       
2025-05-25 03:01:22      31        0.456        0.471       0.833       0.880   0.00770       
2025-05-25 03:01:24      32        0.453        0.467       0.833       0.879   0.00762      *
2025-05-25 03:01:25      33        0.452        0.466       0.836       0.880   0.00755      *
2025-05-25 03:01:27      34        0.450        0.465       0.833       0.878   0.00747      *
2025-05-25 03:01:28      35        0.448        0.458       0.841       0.883   0.00740      *
2025-05-25 03:01:30      36        0.447        0.461       0.831       0.877   0.00732       
2025-05-25 03:01:31      37        0.446        0.465       0.841       0.879   0.00725       
2025-05-25 03:01:33      38        0.443        0.460       0.838       0.882   0.00718       
2025-05-25 03:01:34      39        0.441        0.451       0.838       0.881   0.00711      *
2025-05-25 03:01:36      40        0.441        0.458       0.836       0.881   0.00703       
2025-05-25 03:01:37      41        0.440        0.465       0.836       0.881   0.00696       
2025-05-25 03:01:39      42        0.438        0.451       0.849       0.888   0.00689       
2025-05-25 03:01:40      43        0.436        0.453       0.846       0.886   0.00683       
2025-05-25 03:01:41      44        0.435        0.454       0.844       0.884   0.00676       
2025-05-25 03:01:43      45        0.437        0.435       0.838       0.876   0.00669      *
2025-05-25 03:01:44      46        0.433        0.456       0.836       0.881   0.00662       
2025-05-25 03:01:46      47        0.431        0.451       0.849       0.888   0.00656       
2025-05-25 03:01:47      48        0.430        0.451       0.851       0.889   0.00649       
2025-05-25 03:01:49      49        0.431        0.455       0.838       0.883   0.00643       
2025-05-25 03:01:50      50        0.429        0.452       0.846       0.886   0.00636       
2025-05-25 03:01:52      51        0.427        0.449       0.851       0.889   0.00630       
2025-05-25 03:01:53      52        0.426        0.447       0.851       0.889   0.00624       
2025-05-25 03:01:55      53        0.425        0.444       0.851       0.889   0.00617       
2025-05-25 03:01:57      54        0.424        0.438       0.859       0.894   0.00611       
2025-05-25 03:01:58      55        0.426        0.454       0.841       0.885   0.00605       
2025-05-25 03:02:00      56        0.423        0.445       0.854       0.891   0.00599       
2025-05-25 03:02:01      57        0.424        0.452       0.841       0.884   0.00593       
2025-05-25 03:02:03      58        0.422        0.439       0.856       0.892   0.00587       
2025-05-25 03:02:04      59        0.422        0.446       0.856       0.893   0.00581       
2025-05-25 03:02:06      60        0.423        0.456       0.849       0.889   0.00575       
2025-05-25 03:02:07      61        0.420        0.443       0.854       0.890   0.00570       
2025-05-25 03:02:09      62        0.419        0.443       0.851       0.889   0.00564       
2025-05-25 03:02:10      63        0.419        0.443       0.851       0.889   0.00558       
2025-05-25 03:02:12      64        0.418        0.446       0.859       0.895   0.00553       
2025-05-25 03:02:13      65        0.418        0.447       0.849       0.889   0.00547       
2025-05-25 03:02:13   --- Training ended ---
2025-05-25 03:02:13   Number of model parameters: 1537
2025-05-25 03:02:13   Training time: 0:01:40
2025-05-25 03:02:13   Best epoch: 45
2025-05-25 03:02:13   Best valid loss: 0.435
2025-05-25 03:02:13   Best valid accuracy (macro): 0.838
2025-05-25 03:02:13   Best F1 score: 0.876
