2025-05-24 20:59:13   --- Hyperparameters ---
2025-05-24 20:59:13   model = AAConvNet(
2025-05-24 20:59:13     (conv_layer): Sequential(
2025-05-24 20:59:13       (0): Conv1d(22, 64, kernel_size=(1,), stride=(1,))
2025-05-24 20:59:13       (1): ReLU()
2025-05-24 20:59:13       (2): AvgPool1d(kernel_size=(4851,), stride=(4851,), padding=(0,))
2025-05-24 20:59:13       (3): Dropout(p=0.2, inplace=False)
2025-05-24 20:59:13     )
2025-05-24 20:59:13     (dense_layer): Linear(in_features=64, out_features=1, bias=True)
2025-05-24 20:59:13   )
2025-05-24 20:59:13   split_proportion = 0.9
2025-05-24 20:59:13   batch_pad_sequences = False
2025-05-24 20:59:13   learning_rate = 0.01
2025-05-24 20:59:13   batch_size = 64
2025-05-24 20:59:13   max_epochs = 500
2025-05-24 20:59:13   early_stopping_patience = 20
2025-05-24 20:59:13   --- Creating loaders ---
2025-05-24 20:59:13   --- nvidia-smi output ---
2025-05-24 20:59:13   nvidia-smi cannot be run: Command 'nvidia-smi' returned non-zero exit status 18.
2025-05-24 20:59:13   --- Training start ---
2025-05-24 20:59:13   Start training using cuda device.
2025-05-24 20:59:13   Number of model parameters: 1537.
2025-05-24 20:59:13   Epoch   Train loss   Valid loss   Valid acc    F1-score        Lr   Best
2025-05-24 20:59:13   ------------------------------------------------------------------------
2025-05-24 20:59:15       1        0.682        0.680       0.372       0.000   0.00000      *
2025-05-24 20:59:17       2        0.666        0.660       0.628       0.772   0.00250      *
2025-05-24 20:59:19       3        0.666        0.659       0.628       0.772   0.00500      *
2025-05-24 20:59:21       4        0.664        0.656       0.641       0.778   0.00750      *
2025-05-24 20:59:22       5        0.660        0.655       0.372       0.000   0.01000      *
2025-05-24 20:59:23       6        0.652        0.645       0.772       0.844   0.00990      *
2025-05-24 20:59:25       7        0.644        0.637       0.585       0.576   0.00980      *
2025-05-24 20:59:26       8        0.634        0.627       0.621       0.736   0.00970      *
2025-05-24 20:59:28       9        0.625        0.618       0.659       0.782   0.00961      *
2025-05-24 20:59:30      10        0.613        0.607       0.677       0.791   0.00951      *
2025-05-24 20:59:31      11        0.599        0.592       0.672       0.792   0.00941      *
2025-05-24 20:59:33      12        0.586        0.580       0.692       0.801   0.00932      *
2025-05-24 20:59:34      13        0.576        0.576       0.690       0.801   0.00923      *
2025-05-24 20:59:35      14        0.562        0.553       0.731       0.822   0.00914      *
2025-05-24 20:59:37      15        0.551        0.539       0.738       0.827   0.00904      *
2025-05-24 20:59:38      16        0.546        0.543       0.797       0.853   0.00895       
2025-05-24 20:59:40      17        0.534        0.532       0.738       0.827   0.00886      *
2025-05-24 20:59:41      18        0.524        0.525       0.800       0.857   0.00878      *
2025-05-24 20:59:43      19        0.515        0.515       0.805       0.863   0.00869      *
2025-05-24 20:59:44      20        0.507        0.511       0.792       0.856   0.00860      *
2025-05-24 20:59:45      21        0.499        0.504       0.805       0.863   0.00851      *
2025-05-24 20:59:47      22        0.493        0.499       0.803       0.858   0.00843      *
2025-05-24 20:59:48      23        0.489        0.500       0.792       0.856   0.00835       
2025-05-24 20:59:50      24        0.482        0.493       0.805       0.859   0.00826      *
2025-05-24 20:59:51      25        0.478        0.485       0.813       0.864   0.00818      *
2025-05-24 20:59:53      26        0.475        0.492       0.800       0.858   0.00810       
2025-05-24 20:59:54      27        0.471        0.489       0.797       0.856   0.00802       
2025-05-24 20:59:56      28        0.467        0.479       0.826       0.872   0.00794      *
2025-05-24 20:59:57      29        0.463        0.479       0.818       0.868   0.00786       
2025-05-24 20:59:59      30        0.464        0.493       0.800       0.858   0.00778       
2025-05-24 21:00:00      31        0.459        0.491       0.813       0.865   0.00770       
2025-05-24 21:00:02      32        0.455        0.472       0.818       0.868   0.00762      *
2025-05-24 21:00:03      33        0.453        0.469       0.846       0.884   0.00755      *
2025-05-24 21:00:04      34        0.449        0.473       0.833       0.877   0.00747       
2025-05-24 21:00:06      35        0.447        0.470       0.838       0.880   0.00740       
2025-05-24 21:00:07      36        0.446        0.474       0.815       0.866   0.00732       
2025-05-24 21:00:08      37        0.445        0.470       0.815       0.866   0.00725       
2025-05-24 21:00:10      38        0.442        0.473       0.844       0.884   0.00718       
2025-05-24 21:00:11      39        0.441        0.471       0.836       0.879   0.00711       
2025-05-24 21:00:13      40        0.439        0.469       0.836       0.879   0.00703      *
2025-05-24 21:00:14      41        0.437        0.460       0.844       0.882   0.00696      *
2025-05-24 21:00:16      42        0.439        0.473       0.815       0.866   0.00689       
2025-05-24 21:00:17      43        0.437        0.473       0.833       0.878   0.00683       
2025-05-24 21:00:18      44        0.434        0.458       0.844       0.884   0.00676      *
2025-05-24 21:00:20      45        0.432        0.458       0.844       0.884   0.00669       
2025-05-24 21:00:21      46        0.431        0.459       0.841       0.882   0.00662       
2025-05-24 21:00:22      47        0.431        0.460       0.849       0.888   0.00656       
2025-05-24 21:00:24      48        0.429        0.452       0.846       0.885   0.00649      *
2025-05-24 21:00:25      49        0.428        0.455       0.841       0.881   0.00643       
2025-05-24 21:00:27      50        0.431        0.461       0.823       0.871   0.00636       
2025-05-24 21:00:28      51        0.428        0.459       0.841       0.883   0.00630       
2025-05-24 21:00:30      52        0.426        0.448       0.846       0.885   0.00624      *
2025-05-24 21:00:31      53        0.426        0.446       0.846       0.885   0.00617      *
2025-05-24 21:00:33      54        0.425        0.450       0.841       0.882   0.00611       
2025-05-24 21:00:34      55        0.425        0.452       0.841       0.882   0.00605       
2025-05-24 21:00:36      56        0.426        0.453       0.833       0.878   0.00599       
2025-05-24 21:00:37      57        0.423        0.449       0.844       0.883   0.00593       
2025-05-24 21:00:38      58        0.424        0.456       0.844       0.884   0.00587       
2025-05-24 21:00:40      59        0.422        0.439       0.846       0.884   0.00581      *
2025-05-24 21:00:42      60        0.421        0.445       0.846       0.885   0.00575       
2025-05-24 21:00:43      61        0.421        0.450       0.841       0.881   0.00570       
2025-05-24 21:00:44      62        0.422        0.456       0.846       0.886   0.00564       
2025-05-24 21:00:46      63        0.420        0.448       0.844       0.883   0.00558       
2025-05-24 21:00:47      64        0.419        0.451       0.841       0.881   0.00553       
2025-05-24 21:00:48      65        0.419        0.443       0.849       0.885   0.00547       
2025-05-24 21:00:49      66        0.418        0.449       0.841       0.881   0.00542       
2025-05-24 21:00:51      67        0.418        0.440       0.851       0.887   0.00536       
2025-05-24 21:00:52      68        0.418        0.445       0.844       0.884   0.00531       
2025-05-24 21:00:53      69        0.417        0.443       0.846       0.885   0.00526       
2025-05-24 21:00:55      70        0.416        0.437       0.849       0.885   0.00520      *
2025-05-24 21:00:56      71        0.416        0.445       0.846       0.885   0.00515       
2025-05-24 21:00:58      72        0.416        0.444       0.844       0.883   0.00510       
2025-05-24 21:00:59      73        0.415        0.444       0.849       0.886   0.00505       
2025-05-24 21:01:01      74        0.415        0.445       0.844       0.883   0.00500       
2025-05-24 21:01:03      75        0.414        0.440       0.849       0.886   0.00495       
2025-05-24 21:01:04      76        0.414        0.444       0.844       0.883   0.00490       
2025-05-24 21:01:06      77        0.414        0.446       0.844       0.883   0.00485       
2025-05-24 21:01:07      78        0.413        0.442       0.851       0.888   0.00480       
2025-05-24 21:01:08      79        0.413        0.443       0.849       0.886   0.00475       
2025-05-24 21:01:10      80        0.412        0.437       0.849       0.886   0.00471       
2025-05-24 21:01:12      81        0.412        0.436       0.851       0.887   0.00466      *
2025-05-24 21:01:13      82        0.411        0.433       0.849       0.886   0.00461      *
2025-05-24 21:01:14      83        0.411        0.441       0.844       0.883   0.00457       
2025-05-24 21:01:16      84        0.411        0.434       0.851       0.887   0.00452       
2025-05-24 21:01:17      85        0.410        0.434       0.851       0.888   0.00448       
2025-05-24 21:01:18      86        0.410        0.437       0.844       0.883   0.00443       
2025-05-24 21:01:20      87        0.410        0.431       0.851       0.887   0.00439      *
2025-05-24 21:01:22      88        0.410        0.437       0.849       0.886   0.00434       
2025-05-24 21:01:23      89        0.410        0.436       0.849       0.886   0.00430       
2025-05-24 21:01:24      90        0.410        0.439       0.849       0.887   0.00426       
2025-05-24 21:01:26      91        0.411        0.446       0.841       0.882   0.00421       
2025-05-24 21:01:27      92        0.412        0.454       0.844       0.884   0.00417       
2025-05-24 21:01:28      93        0.410        0.446       0.846       0.885   0.00413       
2025-05-24 21:01:30      94        0.408        0.436       0.846       0.883   0.00409       
2025-05-24 21:01:31      95        0.409        0.442       0.844       0.884   0.00405       
2025-05-24 21:01:32      96        0.409        0.445       0.844       0.883   0.00401       
2025-05-24 21:01:34      97        0.407        0.437       0.854       0.889   0.00397       
2025-05-24 21:01:35      98        0.410        0.446       0.833       0.878   0.00393       
2025-05-24 21:01:36      99        0.407        0.435       0.854       0.889   0.00389       
2025-05-24 21:01:38     100        0.407        0.434       0.854       0.889   0.00385       
2025-05-24 21:01:39     101        0.406        0.432       0.851       0.887   0.00381       
2025-05-24 21:01:40     102        0.406        0.436       0.854       0.889   0.00377       
2025-05-24 21:01:42     103        0.408        0.448       0.849       0.887   0.00373       
2025-05-24 21:01:43     104        0.406        0.434       0.849       0.885   0.00370       
2025-05-24 21:01:45     105        0.406        0.439       0.849       0.886   0.00366       
2025-05-24 21:01:46     106        0.405        0.430       0.849       0.885   0.00362      *
2025-05-24 21:01:47     107        0.405        0.436       0.851       0.888   0.00359       
2025-05-24 21:01:49     108        0.406        0.427       0.854       0.888   0.00355      *
2025-05-24 21:01:50     109        0.405        0.431       0.849       0.886   0.00352       
2025-05-24 21:01:52     110        0.404        0.428       0.854       0.889   0.00348       
2025-05-24 21:01:53     111        0.405        0.435       0.851       0.888   0.00345       
2025-05-24 21:01:54     112        0.404        0.435       0.851       0.888   0.00341       
2025-05-24 21:01:56     113        0.404        0.436       0.849       0.886   0.00338       
2025-05-24 21:01:57     114        0.404        0.432       0.856       0.891   0.00334       
2025-05-24 21:01:59     115        0.404        0.437       0.849       0.886   0.00331       
2025-05-24 21:02:00     116        0.404        0.428       0.851       0.886   0.00328       
2025-05-24 21:02:01     117        0.403        0.431       0.854       0.889   0.00324       
2025-05-24 21:02:03     118        0.404        0.436       0.849       0.886   0.00321       
2025-05-24 21:02:05     119        0.403        0.435       0.851       0.888   0.00318       
2025-05-24 21:02:06     120        0.403        0.426       0.854       0.888   0.00315      *
2025-05-24 21:02:08     121        0.403        0.424       0.856       0.890   0.00312      *
2025-05-24 21:02:10     122        0.403        0.433       0.851       0.888   0.00309       
2025-05-24 21:02:11     123        0.403        0.432       0.851       0.888   0.00305       
2025-05-24 21:02:12     124        0.403        0.438       0.846       0.885   0.00302       
2025-05-24 21:02:14     125        0.402        0.429       0.854       0.889   0.00299       
2025-05-24 21:02:15     126        0.402        0.433       0.851       0.888   0.00296       
2025-05-24 21:02:16     127        0.402        0.432       0.851       0.888   0.00293       
2025-05-24 21:02:18     128        0.401        0.429       0.856       0.891   0.00290       
2025-05-24 21:02:19     129        0.402        0.432       0.851       0.888   0.00288       
2025-05-24 21:02:21     130        0.401        0.427       0.856       0.891   0.00285       
2025-05-24 21:02:22     131        0.403        0.439       0.846       0.885   0.00282       
2025-05-24 21:02:23     132        0.401        0.430       0.854       0.889   0.00279       
2025-05-24 21:02:25     133        0.401        0.432       0.854       0.890   0.00276       
2025-05-24 21:02:26     134        0.401        0.434       0.851       0.888   0.00273       
2025-05-24 21:02:27     135        0.401        0.436       0.849       0.886   0.00271       
2025-05-24 21:02:29     136        0.401        0.436       0.844       0.882   0.00268       
2025-05-24 21:02:30     137        0.402        0.439       0.844       0.883   0.00265       
2025-05-24 21:02:32     138        0.401        0.437       0.844       0.882   0.00263       
2025-05-24 21:02:33     139        0.401        0.433       0.849       0.887   0.00260       
2025-05-24 21:02:34     140        0.400        0.431       0.856       0.891   0.00257       
2025-05-24 21:02:36     141        0.400        0.430       0.856       0.891   0.00255       
2025-05-24 21:02:36   --- Training ended ---
2025-05-24 21:02:36   Number of model parameters: 1537
2025-05-24 21:02:36   Training time: 0:03:23
2025-05-24 21:02:36   Best epoch: 121
2025-05-24 21:02:36   Best valid loss: 0.424
2025-05-24 21:02:36   Best valid accuracy (macro): 0.856
2025-05-24 21:02:36   Best F1 score: 0.890
