2025-05-25 04:17:36   --- Hyperparameters ---
2025-05-25 04:17:36   model = DenseSiteNet(
2025-05-25 04:17:36     (dense_layer1): Sequential(
2025-05-25 04:17:36       (0): Linear(in_features=106722, out_features=100, bias=True)
2025-05-25 04:17:36       (1): ReLU()
2025-05-25 04:17:36       (2): Dropout(p=0.2, inplace=False)
2025-05-25 04:17:36     )
2025-05-25 04:17:36     (dense_layer2): Linear(in_features=100, out_features=1, bias=True)
2025-05-25 04:17:36   )
2025-05-25 04:17:36   split_proportion = 0.9
2025-05-25 04:17:36   batch_pad_sequences = False
2025-05-25 04:17:36   learning_rate = 0.01
2025-05-25 04:17:36   batch_size = 64
2025-05-25 04:17:36   max_epochs = 500
2025-05-25 04:17:36   early_stopping_patience = 20
2025-05-25 04:17:36   --- Creating loaders ---
2025-05-25 04:17:36   --- nvidia-smi output ---
2025-05-25 04:17:36   nvidia-smi cannot be run: Command 'nvidia-smi' returned non-zero exit status 18.
2025-05-25 04:17:36   --- Training start ---
2025-05-25 04:17:36   Start training using cuda device.
2025-05-25 04:17:36   Number of model parameters: 10672401.
2025-05-25 04:17:36   Epoch   Train loss   Valid loss   Valid acc    F1-score        Lr   Best
2025-05-25 04:17:36   ------------------------------------------------------------------------
2025-05-25 04:17:38       1        0.692        0.692       0.628       0.760   0.00000      *
2025-05-25 04:17:40       2        0.246        0.371       0.833       0.870   0.00250      *
2025-05-25 04:17:41       3        0.148        0.376       0.838       0.870   0.00500       
2025-05-25 04:17:42       4        0.070        0.594       0.841       0.878   0.00750       
2025-05-25 04:17:43       5        0.041        0.541       0.851       0.884   0.01000       
2025-05-25 04:17:45       6        0.018        0.590       0.846       0.878   0.00990       
2025-05-25 04:17:46       7        0.013        0.757       0.833       0.863   0.00980       
2025-05-25 04:17:47       8        0.010        0.805       0.826       0.857   0.00970       
2025-05-25 04:17:48       9        0.004        1.085       0.826       0.862   0.00961       
2025-05-25 04:17:49      10        0.004        1.040       0.823       0.860   0.00951       
2025-05-25 04:17:51      11        0.002        1.031       0.821       0.858   0.00941       
2025-05-25 04:17:52      12        0.002        1.084       0.833       0.870   0.00932       
2025-05-25 04:17:53      13        0.007        1.554       0.821       0.867   0.00923       
2025-05-25 04:17:54      14        0.145        1.175       0.846       0.880   0.00914       
2025-05-25 04:17:55      15        0.014        0.711       0.828       0.863   0.00904       
2025-05-25 04:17:56      16        0.005        0.954       0.810       0.851   0.00895       
2025-05-25 04:17:58      17        0.002        0.861       0.831       0.867   0.00886       
2025-05-25 04:17:59      18        0.002        1.168       0.833       0.871   0.00878       
2025-05-25 04:18:00      19        0.001        1.074       0.831       0.866   0.00869       
2025-05-25 04:18:01      20        0.001        1.071       0.833       0.870   0.00860       
2025-05-25 04:18:02      21        0.001        1.108       0.833       0.872   0.00851       
2025-05-25 04:18:04      22        0.001        1.084       0.833       0.870   0.00843       
2025-05-25 04:18:04   --- Training ended ---
2025-05-25 04:18:04   Number of model parameters: 10672401
2025-05-25 04:18:04   Training time: 0:00:28
2025-05-25 04:18:04   Best epoch: 2
2025-05-25 04:18:04   Best valid loss: 0.371
2025-05-25 04:18:04   Best valid accuracy (macro): 0.833
2025-05-25 04:18:04   Best F1 score: 0.870
