2025-05-25 04:27:12   --- Hyperparameters ---
2025-05-25 04:27:12   model = AAConvNet(
2025-05-25 04:27:12     (conv_layer): Sequential(
2025-05-25 04:27:12       (0): Conv1d(22, 64, kernel_size=(1,), stride=(1,))
2025-05-25 04:27:12       (1): ReLU()
2025-05-25 04:27:12       (2): AvgPool1d(kernel_size=(4851,), stride=(4851,), padding=(0,))
2025-05-25 04:27:12       (3): Dropout(p=0.2, inplace=False)
2025-05-25 04:27:12     )
2025-05-25 04:27:12     (dense_layer): Linear(in_features=64, out_features=1, bias=True)
2025-05-25 04:27:12   )
2025-05-25 04:27:12   split_proportion = 0.9
2025-05-25 04:27:12   batch_pad_sequences = False
2025-05-25 04:27:12   learning_rate = 0.01
2025-05-25 04:27:12   batch_size = 64
2025-05-25 04:27:12   max_epochs = 500
2025-05-25 04:27:12   early_stopping_patience = 20
2025-05-25 04:27:12   --- Creating loaders ---
2025-05-25 04:27:12   --- nvidia-smi output ---
2025-05-25 04:27:12   nvidia-smi cannot be run: Command 'nvidia-smi' returned non-zero exit status 18.
2025-05-25 04:27:12   --- Training start ---
2025-05-25 04:27:12   Start training using cuda device.
2025-05-25 04:27:12   Number of model parameters: 1537.
2025-05-25 04:27:12   Epoch   Train loss   Valid loss   Valid acc    F1-score        Lr   Best
2025-05-25 04:27:12   ------------------------------------------------------------------------
2025-05-25 04:27:14       1        0.702        0.703       0.372       0.000   0.00000      *
2025-05-25 04:27:16       2        0.666        0.660       0.638       0.777   0.00250      *
2025-05-25 04:27:18       3        0.665        0.659       0.690       0.739   0.00500      *
2025-05-25 04:27:19       4        0.660        0.655       0.605       0.572   0.00750      *
2025-05-25 04:27:21       5        0.652        0.645       0.705       0.808   0.01000      *
2025-05-25 04:27:22       6        0.637        0.630       0.697       0.804   0.00990      *
2025-05-25 04:27:23       7        0.623        0.614       0.633       0.774   0.00980      *
2025-05-25 04:27:25       8        0.604        0.599       0.641       0.777   0.00970      *
2025-05-25 04:27:26       9        0.594        0.584       0.762       0.834   0.00961      *
2025-05-25 04:27:28      10        0.576        0.566       0.692       0.801   0.00951      *
2025-05-25 04:27:30      11        0.565        0.556       0.721       0.813   0.00941      *
2025-05-25 04:27:31      12        0.556        0.542       0.756       0.832   0.00932      *
2025-05-25 04:27:32      13        0.548        0.538       0.779       0.846   0.00923      *
2025-05-25 04:27:34      14        0.540        0.528       0.779       0.846   0.00914      *
2025-05-25 04:27:35      15        0.534        0.521       0.803       0.859   0.00904      *
2025-05-25 04:27:36      16        0.528        0.518       0.790       0.852   0.00895      *
2025-05-25 04:27:38      17        0.523        0.518       0.787       0.852   0.00886      *
2025-05-25 04:27:40      18        0.521        0.516       0.774       0.844   0.00878      *
2025-05-25 04:27:41      19        0.514        0.507       0.800       0.859   0.00869      *
2025-05-25 04:27:42      20        0.510        0.503       0.805       0.861   0.00860      *
2025-05-25 04:27:44      21        0.507        0.482       0.815       0.863   0.00851      *
2025-05-25 04:27:45      22        0.502        0.486       0.805       0.858   0.00843       
2025-05-25 04:27:47      23        0.499        0.481       0.803       0.856   0.00835      *
2025-05-25 04:27:48      24        0.496        0.472       0.815       0.864   0.00826      *
2025-05-25 04:27:49      25        0.493        0.473       0.818       0.864   0.00818       
2025-05-25 04:27:50      26        0.490        0.477       0.810       0.861   0.00810       
2025-05-25 04:27:52      27        0.487        0.472       0.805       0.858   0.00802       
2025-05-25 04:27:53      28        0.485        0.472       0.810       0.863   0.00794       
2025-05-25 04:27:55      29        0.482        0.461       0.818       0.866   0.00786      *
2025-05-25 04:27:56      30        0.481        0.463       0.818       0.868   0.00778       
2025-05-25 04:27:57      31        0.479        0.463       0.810       0.861   0.00770       
2025-05-25 04:27:59      32        0.478        0.460       0.815       0.866   0.00762      *
2025-05-25 04:28:00      33        0.476        0.460       0.810       0.861   0.00755       
2025-05-25 04:28:01      34        0.474        0.451       0.823       0.869   0.00747      *
2025-05-25 04:28:02      35        0.472        0.458       0.818       0.868   0.00740       
2025-05-25 04:28:04      36        0.470        0.454       0.818       0.866   0.00732       
2025-05-25 04:28:05      37        0.473        0.462       0.808       0.863   0.00725       
2025-05-25 04:28:07      38        0.467        0.445       0.826       0.872   0.00718      *
2025-05-25 04:28:08      39        0.466        0.445       0.826       0.870   0.00711       
2025-05-25 04:28:09      40        0.466        0.458       0.823       0.870   0.00703       
2025-05-25 04:28:11      41        0.464        0.446       0.823       0.869   0.00696       
2025-05-25 04:28:12      42        0.463        0.445       0.826       0.871   0.00689       
2025-05-25 04:28:13      43        0.462        0.444       0.826       0.871   0.00683      *
2025-05-25 04:28:14      44        0.461        0.437       0.823       0.869   0.00676      *
2025-05-25 04:28:16      45        0.461        0.448       0.823       0.871   0.00669       
2025-05-25 04:28:17      46        0.460        0.428       0.833       0.873   0.00662      *
2025-05-25 04:28:18      47        0.458        0.437       0.823       0.869   0.00656       
2025-05-25 04:28:19      48        0.459        0.427       0.838       0.876   0.00649      *
2025-05-25 04:28:21      49        0.457        0.429       0.836       0.876   0.00643       
2025-05-25 04:28:22      50        0.464        0.432       0.836       0.869   0.00636       
2025-05-25 04:28:24      51        0.456        0.434       0.823       0.870   0.00630       
2025-05-25 04:28:25      52        0.455        0.429       0.828       0.872   0.00624       
2025-05-25 04:28:27      53        0.454        0.433       0.828       0.873   0.00617       
2025-05-25 04:28:28      54        0.453        0.433       0.833       0.877   0.00611       
2025-05-25 04:28:29      55        0.452        0.431       0.826       0.870   0.00605       
2025-05-25 04:28:30      56        0.452        0.428       0.826       0.870   0.00599       
2025-05-25 04:28:32      57        0.451        0.425       0.833       0.875   0.00593      *
2025-05-25 04:28:33      58        0.451        0.418       0.831       0.871   0.00587      *
2025-05-25 04:28:35      59        0.450        0.420       0.833       0.874   0.00581       
2025-05-25 04:28:36      60        0.451        0.438       0.831       0.875   0.00575       
2025-05-25 04:28:37      61        0.449        0.419       0.836       0.876   0.00570       
2025-05-25 04:28:38      62        0.448        0.420       0.833       0.875   0.00564       
2025-05-25 04:28:40      63        0.448        0.424       0.826       0.870   0.00558       
2025-05-25 04:28:41      64        0.447        0.422       0.826       0.870   0.00553       
2025-05-25 04:28:43      65        0.447        0.416       0.833       0.874   0.00547      *
2025-05-25 04:28:44      66        0.446        0.417       0.833       0.874   0.00542       
2025-05-25 04:28:45      67        0.446        0.412       0.833       0.874   0.00536      *
2025-05-25 04:28:47      68        0.449        0.436       0.833       0.879   0.00531       
2025-05-25 04:28:48      69        0.446        0.413       0.836       0.875   0.00526       
2025-05-25 04:28:49      70        0.445        0.418       0.833       0.875   0.00520       
2025-05-25 04:28:50      71        0.445        0.419       0.833       0.875   0.00515       
2025-05-25 04:28:52      72        0.445        0.427       0.828       0.873   0.00510       
2025-05-25 04:28:53      73        0.444        0.413       0.833       0.873   0.00505       
2025-05-25 04:28:54      74        0.444        0.421       0.838       0.879   0.00500       
2025-05-25 04:28:55      75        0.444        0.423       0.841       0.881   0.00495       
2025-05-25 04:28:57      76        0.443        0.411       0.836       0.876   0.00490      *
2025-05-25 04:28:59      77        0.443        0.414       0.833       0.874   0.00485       
2025-05-25 04:29:00      78        0.443        0.421       0.838       0.880   0.00480       
2025-05-25 04:29:01      79        0.443        0.424       0.831       0.875   0.00475       
2025-05-25 04:29:02      80        0.443        0.423       0.831       0.875   0.00471       
2025-05-25 04:29:03      81        0.444        0.432       0.833       0.877   0.00466       
2025-05-25 04:29:05      82        0.441        0.415       0.831       0.873   0.00461       
2025-05-25 04:29:06      83        0.441        0.417       0.831       0.873   0.00457       
2025-05-25 04:29:07      84        0.441        0.419       0.841       0.881   0.00452       
2025-05-25 04:29:08      85        0.441        0.409       0.836       0.875   0.00448      *
2025-05-25 04:29:10      86        0.441        0.410       0.836       0.875   0.00443       
2025-05-25 04:29:11      87        0.441        0.419       0.838       0.879   0.00439       
2025-05-25 04:29:12      88        0.441        0.423       0.838       0.880   0.00434       
2025-05-25 04:29:13      89        0.440        0.414       0.831       0.873   0.00430       
2025-05-25 04:29:15      90        0.441        0.405       0.836       0.874   0.00426      *
2025-05-25 04:29:16      91        0.443        0.423       0.836       0.881   0.00421       
2025-05-25 04:29:17      92        0.439        0.411       0.836       0.876   0.00417       
2025-05-25 04:29:19      93        0.439        0.403       0.831       0.872   0.00413      *
2025-05-25 04:29:20      94        0.438        0.412       0.833       0.875   0.00409       
2025-05-25 04:29:21      95        0.438        0.416       0.836       0.878   0.00405       
2025-05-25 04:29:22      96        0.438        0.418       0.836       0.878   0.00401       
2025-05-25 04:29:24      97        0.438        0.404       0.836       0.875   0.00397       
2025-05-25 04:29:25      98        0.438        0.416       0.836       0.878   0.00393       
2025-05-25 04:29:26      99        0.438        0.415       0.841       0.881   0.00389       
2025-05-25 04:29:27     100        0.437        0.410       0.833       0.875   0.00385       
2025-05-25 04:29:28     101        0.437        0.412       0.838       0.879   0.00381       
2025-05-25 04:29:30     102        0.437        0.403       0.836       0.875   0.00377      *
2025-05-25 04:29:31     103        0.437        0.409       0.833       0.874   0.00373       
2025-05-25 04:29:32     104        0.437        0.408       0.833       0.874   0.00370       
2025-05-25 04:29:33     105        0.437        0.408       0.836       0.877   0.00366       
2025-05-25 04:29:34     106        0.436        0.406       0.836       0.876   0.00362       
2025-05-25 04:29:36     107        0.437        0.401       0.833       0.874   0.00359      *
2025-05-25 04:29:37     108        0.436        0.400       0.828       0.870   0.00355      *
2025-05-25 04:29:38     109        0.436        0.398       0.831       0.872   0.00352      *
2025-05-25 04:29:40     110        0.436        0.401       0.836       0.877   0.00348       
2025-05-25 04:29:41     111        0.436        0.403       0.833       0.875   0.00345       
2025-05-25 04:29:42     112        0.436        0.411       0.836       0.877   0.00341       
2025-05-25 04:29:43     113        0.435        0.405       0.836       0.876   0.00338       
2025-05-25 04:29:44     114        0.435        0.402       0.836       0.876   0.00334       
2025-05-25 04:29:46     115        0.435        0.398       0.833       0.873   0.00331      *
2025-05-25 04:29:47     116        0.435        0.403       0.833       0.874   0.00328       
2025-05-25 04:29:48     117        0.436        0.415       0.844       0.884   0.00324       
2025-05-25 04:29:49     118        0.435        0.400       0.836       0.875   0.00321       
2025-05-25 04:29:50     119        0.434        0.405       0.838       0.879   0.00318       
2025-05-25 04:29:52     120        0.434        0.404       0.833       0.874   0.00315       
2025-05-25 04:29:53     121        0.434        0.407       0.838       0.879   0.00312       
2025-05-25 04:29:54     122        0.434        0.402       0.838       0.878   0.00309       
2025-05-25 04:29:56     123        0.434        0.401       0.836       0.875   0.00305       
2025-05-25 04:29:57     124        0.435        0.413       0.838       0.880   0.00302       
2025-05-25 04:29:58     125        0.434        0.403       0.836       0.876   0.00299       
2025-05-25 04:29:59     126        0.433        0.402       0.836       0.875   0.00296       
2025-05-25 04:30:01     127        0.434        0.410       0.841       0.881   0.00293       
2025-05-25 04:30:02     128        0.433        0.408       0.838       0.879   0.00290       
2025-05-25 04:30:03     129        0.433        0.402       0.838       0.877   0.00288       
2025-05-25 04:30:04     130        0.433        0.405       0.841       0.880   0.00285       
2025-05-25 04:30:05     131        0.434        0.413       0.841       0.881   0.00282       
2025-05-25 04:30:07     132        0.434        0.396       0.841       0.878   0.00279      *
2025-05-25 04:30:08     133        0.433        0.397       0.836       0.875   0.00276       
2025-05-25 04:30:09     134        0.433        0.398       0.833       0.873   0.00273       
2025-05-25 04:30:10     135        0.433        0.408       0.838       0.879   0.00271       
2025-05-25 04:30:11     136        0.432        0.404       0.841       0.880   0.00268       
2025-05-25 04:30:13     137        0.432        0.401       0.838       0.877   0.00265       
2025-05-25 04:30:14     138        0.432        0.398       0.836       0.875   0.00263       
2025-05-25 04:30:15     139        0.432        0.407       0.838       0.879   0.00260       
2025-05-25 04:30:16     140        0.432        0.402       0.836       0.876   0.00257       
2025-05-25 04:30:17     141        0.432        0.406       0.838       0.879   0.00255       
2025-05-25 04:30:19     142        0.432        0.406       0.838       0.879   0.00252       
2025-05-25 04:30:20     143        0.432        0.407       0.838       0.879   0.00250       
2025-05-25 04:30:21     144        0.431        0.406       0.838       0.878   0.00247       
2025-05-25 04:30:22     145        0.431        0.406       0.841       0.880   0.00245       
2025-05-25 04:30:23     146        0.431        0.402       0.836       0.875   0.00242       
2025-05-25 04:30:25     147        0.431        0.401       0.841       0.879   0.00240       
2025-05-25 04:30:26     148        0.431        0.406       0.838       0.879   0.00238       
2025-05-25 04:30:27     149        0.431        0.397       0.836       0.875   0.00235       
2025-05-25 04:30:28     150        0.431        0.401       0.838       0.878   0.00233       
2025-05-25 04:30:29     151        0.431        0.402       0.838       0.878   0.00231       
2025-05-25 04:30:31     152        0.432        0.410       0.844       0.884   0.00228       
2025-05-25 04:30:31   --- Training ended ---
2025-05-25 04:30:31   Number of model parameters: 1537
2025-05-25 04:30:31   Training time: 0:03:19
2025-05-25 04:30:31   Best epoch: 132
2025-05-25 04:30:31   Best valid loss: 0.396
2025-05-25 04:30:31   Best valid accuracy (macro): 0.841
2025-05-25 04:30:31   Best F1 score: 0.878
