2025-05-25 05:01:30   --- Hyperparameters ---
2025-05-25 05:01:30   model = AAConvNet(
2025-05-25 05:01:30     (conv_layer): Sequential(
2025-05-25 05:01:30       (0): Conv1d(22, 64, kernel_size=(1,), stride=(1,))
2025-05-25 05:01:30       (1): ReLU()
2025-05-25 05:01:30       (2): AvgPool1d(kernel_size=(4851,), stride=(4851,), padding=(0,))
2025-05-25 05:01:30       (3): Dropout(p=0.2, inplace=False)
2025-05-25 05:01:30     )
2025-05-25 05:01:30     (dense_layer): Linear(in_features=64, out_features=1, bias=True)
2025-05-25 05:01:30   )
2025-05-25 05:01:30   split_proportion = 0.9
2025-05-25 05:01:30   batch_pad_sequences = False
2025-05-25 05:01:30   learning_rate = 0.01
2025-05-25 05:01:30   batch_size = 64
2025-05-25 05:01:30   max_epochs = 500
2025-05-25 05:01:30   early_stopping_patience = 20
2025-05-25 05:01:30   --- Creating loaders ---
2025-05-25 05:01:30   --- nvidia-smi output ---
2025-05-25 05:01:30   nvidia-smi cannot be run: Command 'nvidia-smi' returned non-zero exit status 18.
2025-05-25 05:01:30   --- Training start ---
2025-05-25 05:01:30   Start training using cuda device.
2025-05-25 05:01:30   Number of model parameters: 1537.
2025-05-25 05:01:30   Epoch   Train loss   Valid loss   Valid acc    F1-score        Lr   Best
2025-05-25 05:01:30   ------------------------------------------------------------------------
2025-05-25 05:01:33       1        0.682        0.681       0.372       0.000   0.00000      *
2025-05-25 05:01:35       2        0.666        0.660       0.392       0.106   0.00250      *
2025-05-25 05:01:36       3        0.665        0.658       0.656       0.784   0.00500      *
2025-05-25 05:01:38       4        0.664        0.658       0.459       0.431   0.00750       
2025-05-25 05:01:39       5        0.661        0.648       0.644       0.779   0.01000      *
2025-05-25 05:01:40       6        0.647        0.637       0.685       0.761   0.00990      *
2025-05-25 05:01:42       7        0.636        0.625       0.644       0.738   0.00980      *
2025-05-25 05:01:43       8        0.622        0.615       0.644       0.778   0.00970      *
2025-05-25 05:01:45       9        0.608        0.599       0.674       0.793   0.00961      *
2025-05-25 05:01:46      10        0.596        0.589       0.674       0.793   0.00951      *
2025-05-25 05:01:48      11        0.583        0.573       0.710       0.809   0.00941      *
2025-05-25 05:01:49      12        0.572        0.561       0.733       0.821   0.00932      *
2025-05-25 05:01:51      13        0.561        0.550       0.721       0.816   0.00923      *
2025-05-25 05:01:52      14        0.552        0.542       0.774       0.844   0.00914      *
2025-05-25 05:01:54      15        0.544        0.532       0.795       0.857   0.00904      *
2025-05-25 05:01:55      16        0.540        0.535       0.726       0.818   0.00895       
2025-05-25 05:01:57      17        0.529        0.518       0.803       0.861   0.00886      *
2025-05-25 05:01:58      18        0.528        0.515       0.810       0.855   0.00878      *
2025-05-25 05:02:00      19        0.518        0.504       0.803       0.862   0.00869      *
2025-05-25 05:02:01      20        0.513        0.498       0.800       0.856   0.00860      *
2025-05-25 05:02:02      21        0.509        0.492       0.797       0.855   0.00851      *
2025-05-25 05:02:04      22        0.505        0.489       0.797       0.856   0.00843      *
2025-05-25 05:02:05      23        0.502        0.487       0.803       0.859   0.00835      *
2025-05-25 05:02:07      24        0.498        0.476       0.808       0.859   0.00826      *
2025-05-25 05:02:08      25        0.496        0.471       0.813       0.861   0.00818      *
2025-05-25 05:02:10      26        0.495        0.482       0.797       0.857   0.00810       
2025-05-25 05:02:12      27        0.491        0.477       0.800       0.856   0.00802       
2025-05-25 05:02:13      28        0.489        0.465       0.831       0.874   0.00794      *
2025-05-25 05:02:15      29        0.485        0.463       0.826       0.871   0.00786      *
2025-05-25 05:02:16      30        0.483        0.463       0.823       0.869   0.00778      *
2025-05-25 05:02:17      31        0.483        0.469       0.813       0.863   0.00770       
2025-05-25 05:02:19      32        0.480        0.454       0.828       0.871   0.00762      *
2025-05-25 05:02:20      33        0.478        0.453       0.826       0.870   0.00755      *
2025-05-25 05:02:21      34        0.477        0.451       0.826       0.871   0.00747      *
2025-05-25 05:02:23      35        0.475        0.453       0.821       0.867   0.00740       
2025-05-25 05:02:24      36        0.479        0.440       0.844       0.880   0.00732      *
2025-05-25 05:02:26      37        0.473        0.448       0.823       0.869   0.00725       
2025-05-25 05:02:27      38        0.472        0.440       0.831       0.874   0.00718       
2025-05-25 05:02:28      39        0.470        0.440       0.828       0.872   0.00711      *
2025-05-25 05:02:30      40        0.470        0.449       0.821       0.867   0.00703       
2025-05-25 05:02:31      41        0.468        0.442       0.831       0.874   0.00696       
2025-05-25 05:02:32      42        0.467        0.441       0.823       0.869   0.00689       
2025-05-25 05:02:33      43        0.466        0.439       0.828       0.872   0.00683      *
2025-05-25 05:02:35      44        0.465        0.437       0.826       0.871   0.00676      *
2025-05-25 05:02:36      45        0.465        0.437       0.828       0.872   0.00669      *
2025-05-25 05:02:37      46        0.464        0.435       0.831       0.874   0.00662      *
2025-05-25 05:02:39      47        0.466        0.433       0.849       0.884   0.00656      *
2025-05-25 05:02:40      48        0.462        0.433       0.828       0.872   0.00649       
2025-05-25 05:02:41      49        0.462        0.429       0.828       0.871   0.00643      *
2025-05-25 05:02:43      50        0.463        0.428       0.844       0.881   0.00636      *
2025-05-25 05:02:44      51        0.461        0.435       0.821       0.868   0.00630       
2025-05-25 05:02:45      52        0.460        0.427       0.833       0.875   0.00624      *
2025-05-25 05:02:47      53        0.460        0.437       0.823       0.870   0.00617       
2025-05-25 05:02:48      54        0.459        0.431       0.828       0.872   0.00611       
2025-05-25 05:02:49      55        0.458        0.424       0.831       0.873   0.00605      *
2025-05-25 05:02:51      56        0.457        0.427       0.831       0.874   0.00599       
2025-05-25 05:02:52      57        0.457        0.425       0.833       0.875   0.00593       
2025-05-25 05:02:53      58        0.459        0.418       0.836       0.876   0.00587      *
2025-05-25 05:02:55      59        0.456        0.425       0.828       0.872   0.00581       
2025-05-25 05:02:56      60        0.456        0.431       0.823       0.869   0.00575       
2025-05-25 05:02:57      61        0.455        0.426       0.836       0.877   0.00570       
2025-05-25 05:02:58      62        0.454        0.427       0.836       0.877   0.00564       
2025-05-25 05:03:00      63        0.454        0.426       0.831       0.874   0.00558       
2025-05-25 05:03:01      64        0.460        0.434       0.813       0.865   0.00553       
2025-05-25 05:03:02      65        0.453        0.420       0.841       0.880   0.00547       
2025-05-25 05:03:04      66        0.453        0.424       0.833       0.875   0.00542       
2025-05-25 05:03:05      67        0.453        0.429       0.826       0.871   0.00536       
2025-05-25 05:03:06      68        0.453        0.431       0.826       0.871   0.00531       
2025-05-25 05:03:07      69        0.452        0.421       0.836       0.877   0.00526       
2025-05-25 05:03:09      70        0.452        0.424       0.828       0.872   0.00520       
2025-05-25 05:03:10      71        0.452        0.429       0.823       0.869   0.00515       
2025-05-25 05:03:12      72        0.451        0.421       0.833       0.875   0.00510       
2025-05-25 05:03:13      73        0.450        0.419       0.838       0.879   0.00505       
2025-05-25 05:03:14      74        0.452        0.415       0.841       0.879   0.00500      *
2025-05-25 05:03:16      75        0.450        0.421       0.828       0.872   0.00495       
2025-05-25 05:03:17      76        0.449        0.421       0.836       0.877   0.00490       
2025-05-25 05:03:18      77        0.449        0.422       0.831       0.874   0.00485       
2025-05-25 05:03:20      78        0.449        0.422       0.841       0.880   0.00480       
2025-05-25 05:03:21      79        0.448        0.418       0.841       0.880   0.00475       
2025-05-25 05:03:23      80        0.448        0.420       0.831       0.874   0.00471       
2025-05-25 05:03:24      81        0.448        0.417       0.841       0.880   0.00466       
2025-05-25 05:03:26      82        0.447        0.418       0.841       0.880   0.00461       
2025-05-25 05:03:27      83        0.448        0.415       0.844       0.882   0.00457       
2025-05-25 05:03:29      84        0.447        0.414       0.838       0.879   0.00452      *
2025-05-25 05:03:30      85        0.448        0.429       0.826       0.871   0.00448       
2025-05-25 05:03:31      86        0.447        0.421       0.836       0.877   0.00443       
2025-05-25 05:03:33      87        0.446        0.420       0.838       0.879   0.00439       
2025-05-25 05:03:34      88        0.446        0.414       0.844       0.882   0.00434       
2025-05-25 05:03:36      89        0.447        0.425       0.823       0.869   0.00430       
2025-05-25 05:03:37      90        0.446        0.422       0.838       0.879   0.00426       
2025-05-25 05:03:38      91        0.445        0.414       0.838       0.879   0.00421       
2025-05-25 05:03:40      92        0.446        0.411       0.844       0.882   0.00417      *
2025-05-25 05:03:41      93        0.445        0.418       0.836       0.877   0.00413       
2025-05-25 05:03:43      94        0.446        0.429       0.823       0.869   0.00409       
2025-05-25 05:03:44      95        0.448        0.432       0.818       0.867   0.00405       
2025-05-25 05:03:46      96        0.444        0.417       0.838       0.879   0.00401       
2025-05-25 05:03:47      97        0.444        0.418       0.838       0.879   0.00397       
2025-05-25 05:03:49      98        0.445        0.410       0.846       0.883   0.00393      *
2025-05-25 05:03:50      99        0.444        0.412       0.841       0.880   0.00389       
2025-05-25 05:03:51     100        0.443        0.417       0.838       0.879   0.00385       
2025-05-25 05:03:53     101        0.443        0.417       0.838       0.879   0.00381       
2025-05-25 05:03:54     102        0.443        0.418       0.826       0.870   0.00377       
2025-05-25 05:03:55     103        0.443        0.418       0.838       0.879   0.00373       
2025-05-25 05:03:57     104        0.442        0.415       0.838       0.879   0.00370       
2025-05-25 05:03:58     105        0.442        0.413       0.841       0.880   0.00366       
2025-05-25 05:03:59     106        0.442        0.418       0.838       0.879   0.00362       
2025-05-25 05:04:01     107        0.442        0.413       0.841       0.880   0.00359       
2025-05-25 05:04:02     108        0.447        0.410       0.849       0.882   0.00355      *
2025-05-25 05:04:03     109        0.442        0.411       0.841       0.880   0.00352       
2025-05-25 05:04:05     110        0.442        0.412       0.841       0.880   0.00348       
2025-05-25 05:04:06     111        0.442        0.408       0.844       0.882   0.00345      *
2025-05-25 05:04:08     112        0.441        0.413       0.838       0.879   0.00341       
2025-05-25 05:04:09     113        0.441        0.418       0.836       0.877   0.00338       
2025-05-25 05:04:10     114        0.441        0.413       0.838       0.879   0.00334       
2025-05-25 05:04:12     115        0.441        0.411       0.838       0.879   0.00331       
2025-05-25 05:04:13     116        0.441        0.414       0.838       0.879   0.00328       
2025-05-25 05:04:14     117        0.441        0.413       0.838       0.879   0.00324       
2025-05-25 05:04:16     118        0.441        0.416       0.838       0.879   0.00321       
2025-05-25 05:04:17     119        0.441        0.419       0.836       0.877   0.00318       
2025-05-25 05:04:18     120        0.440        0.408       0.844       0.882   0.00315       
2025-05-25 05:04:20     121        0.440        0.411       0.838       0.879   0.00312       
2025-05-25 05:04:21     122        0.440        0.413       0.838       0.879   0.00309       
2025-05-25 05:04:23     123        0.440        0.408       0.841       0.880   0.00305       
2025-05-25 05:04:24     124        0.439        0.411       0.838       0.879   0.00302       
2025-05-25 05:04:26     125        0.440        0.417       0.833       0.875   0.00299       
2025-05-25 05:04:27     126        0.440        0.419       0.831       0.874   0.00296       
2025-05-25 05:04:28     127        0.439        0.414       0.838       0.879   0.00293       
2025-05-25 05:04:30     128        0.440        0.417       0.833       0.875   0.00290       
2025-05-25 05:04:31     129        0.439        0.413       0.838       0.879   0.00288       
2025-05-25 05:04:32     130        0.439        0.410       0.838       0.879   0.00285       
2025-05-25 05:04:34     131        0.439        0.410       0.838       0.879   0.00282       
2025-05-25 05:04:34   --- Training ended ---
2025-05-25 05:04:34   Number of model parameters: 1537
2025-05-25 05:04:34   Training time: 0:03:04
2025-05-25 05:04:34   Best epoch: 111
2025-05-25 05:04:34   Best valid loss: 0.408
2025-05-25 05:04:34   Best valid accuracy (macro): 0.844
2025-05-25 05:04:34   Best F1 score: 0.882
