2025-05-24 20:58:12   --- Hyperparameters ---
2025-05-24 20:58:12   model = DenseMsaNet(
2025-05-24 20:58:12     (dense_layer1): Sequential(
2025-05-24 20:58:12       (0): Linear(in_features=22, out_features=100, bias=True)
2025-05-24 20:58:12       (1): ReLU()
2025-05-24 20:58:12       (2): Dropout(p=0.2, inplace=False)
2025-05-24 20:58:12     )
2025-05-24 20:58:12     (dense_layer2): Linear(in_features=100, out_features=1, bias=True)
2025-05-24 20:58:12   )
2025-05-24 20:58:12   split_proportion = 0.9
2025-05-24 20:58:12   batch_pad_sequences = False
2025-05-24 20:58:12   learning_rate = 0.01
2025-05-24 20:58:12   batch_size = 64
2025-05-24 20:58:12   max_epochs = 500
2025-05-24 20:58:12   early_stopping_patience = 20
2025-05-24 20:58:12   --- Creating loaders ---
2025-05-24 20:58:12   --- nvidia-smi output ---
2025-05-24 20:58:13   nvidia-smi cannot be run: Command 'nvidia-smi' returned non-zero exit status 18.
2025-05-24 20:58:13   --- Training start ---
2025-05-24 20:58:13   Start training using cuda device.
2025-05-24 20:58:13   Number of model parameters: 2401.
2025-05-24 20:58:13   Epoch   Train loss   Valid loss   Valid acc    F1-score        Lr   Best
2025-05-24 20:58:13   ------------------------------------------------------------------------
2025-05-24 20:58:14       1        0.680        0.678       0.372       0.000   0.00000      *
2025-05-24 20:58:14       2        0.653        0.648       0.779       0.835   0.00250      *
2025-05-24 20:58:15       3        0.553        0.552       0.710       0.810   0.00500      *
2025-05-24 20:58:15       4        0.473        0.490       0.792       0.828   0.00750      *
2025-05-24 20:58:15       5        0.449        0.462       0.800       0.852   0.01000      *
2025-05-24 20:58:16       6        0.444        0.458       0.805       0.856   0.00990      *
2025-05-24 20:58:16       7        0.433        0.453       0.810       0.851   0.00980      *
2025-05-24 20:58:17       8        0.429        0.449       0.815       0.858   0.00970      *
2025-05-24 20:58:17       9        0.428        0.450       0.813       0.851   0.00961       
2025-05-24 20:58:17      10        0.442        0.453       0.779       0.841   0.00951       
2025-05-24 20:58:18      11        0.411        0.430       0.821       0.861   0.00941      *
2025-05-24 20:58:18      12        0.408        0.427       0.828       0.867   0.00932      *
2025-05-24 20:58:18      13        0.405        0.430       0.828       0.866   0.00923       
2025-05-24 20:58:18      14        0.404        0.419       0.833       0.871   0.00914      *
2025-05-24 20:58:19      15        0.407        0.434       0.826       0.858   0.00904       
2025-05-24 20:58:19      16        0.413        0.431       0.790       0.845   0.00895       
2025-05-24 20:58:19      17        0.392        0.413       0.836       0.871   0.00886      *
2025-05-24 20:58:20      18        0.391        0.411       0.831       0.870   0.00878      *
2025-05-24 20:58:20      19        0.393        0.414       0.826       0.867   0.00869       
2025-05-24 20:58:21      20        0.385        0.408       0.841       0.876   0.00860      *
2025-05-24 20:58:21      21        0.398        0.430       0.818       0.851   0.00851       
2025-05-24 20:58:21      22        0.384        0.415       0.831       0.866   0.00843       
2025-05-24 20:58:22      23        0.387        0.411       0.833       0.868   0.00835       
2025-05-24 20:58:22      24        0.384        0.407       0.828       0.866   0.00826      *
2025-05-24 20:58:22      25        0.387        0.417       0.823       0.858   0.00818       
2025-05-24 20:58:23      26        0.380        0.408       0.831       0.867   0.00810       
2025-05-24 20:58:23      27        0.379        0.408       0.836       0.873   0.00802       
2025-05-24 20:58:23      28        0.378        0.411       0.826       0.862   0.00794       
2025-05-24 20:58:24      29        0.377        0.405       0.831       0.869   0.00786      *
2025-05-24 20:58:24      30        0.391        0.414       0.805       0.854   0.00778       
2025-05-24 20:58:25      31        0.379        0.413       0.823       0.859   0.00770       
2025-05-24 20:58:25      32        0.388        0.418       0.818       0.851   0.00762       
2025-05-24 20:58:25      33        0.381        0.404       0.831       0.870   0.00755      *
2025-05-24 20:58:26      34        0.376        0.405       0.836       0.874   0.00747       
2025-05-24 20:58:26      35        0.374        0.405       0.836       0.873   0.00740       
2025-05-24 20:58:26      36        0.376        0.405       0.828       0.864   0.00732       
2025-05-24 20:58:27      37        0.375        0.407       0.831       0.869   0.00725       
2025-05-24 20:58:27      38        0.373        0.405       0.831       0.869   0.00718       
2025-05-24 20:58:28      39        0.372        0.405       0.841       0.877   0.00711       
2025-05-24 20:58:28      40        0.370        0.405       0.833       0.869   0.00703       
2025-05-24 20:58:28      41        0.372        0.408       0.826       0.861   0.00696       
2025-05-24 20:58:29      42        0.379        0.408       0.818       0.862   0.00689       
2025-05-24 20:58:29      43        0.370        0.410       0.821       0.857   0.00683       
2025-05-24 20:58:29      44        0.367        0.410       0.826       0.863   0.00676       
2025-05-24 20:58:30      45        0.367        0.404       0.833       0.870   0.00669       
2025-05-24 20:58:30      46        0.369        0.406       0.828       0.866   0.00662       
2025-05-24 20:58:30      47        0.366        0.408       0.828       0.864   0.00656       
2025-05-24 20:58:31      48        0.367        0.404       0.831       0.868   0.00649       
2025-05-24 20:58:31      49        0.368        0.405       0.836       0.872   0.00643       
2025-05-24 20:58:31      50        0.366        0.407       0.838       0.873   0.00636       
2025-05-24 20:58:32      51        0.366        0.407       0.828       0.867   0.00630       
2025-05-24 20:58:32      52        0.366        0.405       0.833       0.871   0.00624       
2025-05-24 20:58:33      53        0.367        0.401       0.826       0.866   0.00617      *
2025-05-24 20:58:33      54        0.366        0.410       0.821       0.856   0.00611       
2025-05-24 20:58:33      55        0.365        0.408       0.838       0.871   0.00605       
2025-05-24 20:58:34      56        0.365        0.412       0.828       0.862   0.00599       
2025-05-24 20:58:34      57        0.363        0.404       0.833       0.871   0.00593       
2025-05-24 20:58:34      58        0.376        0.431       0.823       0.854   0.00587       
2025-05-24 20:58:35      59        0.360        0.404       0.831       0.868   0.00581       
2025-05-24 20:58:35      60        0.361        0.406       0.828       0.866   0.00575       
2025-05-24 20:58:35      61        0.362        0.404       0.823       0.863   0.00570       
2025-05-24 20:58:36      62        0.360        0.404       0.831       0.868   0.00564       
2025-05-24 20:58:36      63        0.361        0.412       0.826       0.861   0.00558       
2025-05-24 20:58:36      64        0.361        0.408       0.828       0.864   0.00553       
2025-05-24 20:58:37      65        0.359        0.404       0.828       0.865   0.00547       
2025-05-24 20:58:37      66        0.359        0.413       0.831       0.864   0.00542       
2025-05-24 20:58:37      67        0.359        0.406       0.828       0.865   0.00536       
2025-05-24 20:58:38      68        0.358        0.403       0.826       0.863   0.00531       
2025-05-24 20:58:38      69        0.359        0.403       0.831       0.869   0.00526       
2025-05-24 20:58:38      70        0.357        0.406       0.826       0.863   0.00520       
2025-05-24 20:58:38      71        0.356        0.404       0.831       0.866   0.00515       
2025-05-24 20:58:39      72        0.356        0.404       0.828       0.864   0.00510       
2025-05-24 20:58:39      73        0.358        0.404       0.833       0.871   0.00505       
2025-05-24 20:58:39   --- Training ended ---
2025-05-24 20:58:39   Number of model parameters: 2401
2025-05-24 20:58:39   Training time: 0:00:26
2025-05-24 20:58:39   Best epoch: 53
2025-05-24 20:58:39   Best valid loss: 0.401
2025-05-24 20:58:39   Best valid accuracy (macro): 0.826
2025-05-24 20:58:39   Best F1 score: 0.866
