2025-05-25 05:45:43   --- Hyperparameters ---
2025-05-25 05:45:43   model = DenseSiteNet(
2025-05-25 05:45:43     (dense_layer1): Sequential(
2025-05-25 05:45:43       (0): Linear(in_features=106722, out_features=100, bias=True)
2025-05-25 05:45:43       (1): ReLU()
2025-05-25 05:45:43       (2): Dropout(p=0.2, inplace=False)
2025-05-25 05:45:43     )
2025-05-25 05:45:43     (dense_layer2): Linear(in_features=100, out_features=1, bias=True)
2025-05-25 05:45:43   )
2025-05-25 05:45:43   split_proportion = 0.9
2025-05-25 05:45:43   batch_pad_sequences = False
2025-05-25 05:45:43   learning_rate = 0.01
2025-05-25 05:45:43   batch_size = 64
2025-05-25 05:45:43   max_epochs = 500
2025-05-25 05:45:43   early_stopping_patience = 20
2025-05-25 05:45:43   --- Creating loaders ---
2025-05-25 05:45:43   --- nvidia-smi output ---
2025-05-25 05:45:43   nvidia-smi cannot be run: Command 'nvidia-smi' returned non-zero exit status 18.
2025-05-25 05:45:43   --- Training start ---
2025-05-25 05:45:43   Start training using cuda device.
2025-05-25 05:45:43   Number of model parameters: 10672401.
2025-05-25 05:45:43   Epoch   Train loss   Valid loss   Valid acc    F1-score        Lr   Best
2025-05-25 05:45:43   ------------------------------------------------------------------------
2025-05-25 05:45:45       1        0.687        0.686       0.372       0.000   0.00000      *
2025-05-25 05:45:46       2        0.355        0.488       0.785       0.827   0.00250      *
2025-05-25 05:45:48       3        0.219        0.526       0.762       0.818   0.00500       
2025-05-25 05:45:49       4        0.102        0.695       0.718       0.760   0.00750       
2025-05-25 05:45:50       5        0.045        0.993       0.751       0.797   0.01000       
2025-05-25 05:45:51       6        0.024        1.321       0.754       0.803   0.00990       
2025-05-25 05:45:53       7        0.007        1.334       0.744       0.784   0.00980       
2025-05-25 05:45:54       8        0.003        1.442       0.749       0.791   0.00970       
2025-05-25 05:45:55       9        0.002        1.532       0.754       0.797   0.00961       
2025-05-25 05:45:56      10        0.001        1.648       0.756       0.796   0.00951       
2025-05-25 05:45:58      11        0.001        1.773       0.738       0.771   0.00941       
2025-05-25 05:45:59      12        0.001        1.704       0.762       0.801   0.00932       
2025-05-25 05:46:00      13        0.002        1.830       0.764       0.815   0.00923       
2025-05-25 05:46:01      14        0.001        1.831       0.759       0.803   0.00914       
2025-05-25 05:46:03      15        0.001        1.833       0.762       0.811   0.00904       
2025-05-25 05:46:04      16        0.028        2.037       0.767       0.821   0.00895       
2025-05-25 05:46:05      17        0.083        2.286       0.756       0.815   0.00886       
2025-05-25 05:46:06      18        0.032        1.804       0.754       0.812   0.00878       
2025-05-25 05:46:07      19        0.018        1.532       0.759       0.797   0.00869       
2025-05-25 05:46:08      20        0.004        1.835       0.744       0.789   0.00860       
2025-05-25 05:46:09      21        0.002        1.894       0.744       0.794   0.00851       
2025-05-25 05:46:11      22        0.003        1.687       0.751       0.796   0.00843       
2025-05-25 05:46:11   --- Training ended ---
2025-05-25 05:46:11   Number of model parameters: 10672401
2025-05-25 05:46:11   Training time: 0:00:28
2025-05-25 05:46:11   Best epoch: 2
2025-05-25 05:46:11   Best valid loss: 0.488
2025-05-25 05:46:11   Best valid accuracy (macro): 0.785
2025-05-25 05:46:11   Best F1 score: 0.827
