2025-05-25 03:03:56   --- Hyperparameters ---
2025-05-25 03:03:56   model = DenseMsaNet(
2025-05-25 03:03:56     (dense_layer1): Sequential(
2025-05-25 03:03:56       (0): Linear(in_features=22, out_features=100, bias=True)
2025-05-25 03:03:56       (1): ReLU()
2025-05-25 03:03:56       (2): Dropout(p=0.2, inplace=False)
2025-05-25 03:03:56     )
2025-05-25 03:03:56     (dense_layer2): Linear(in_features=100, out_features=1, bias=True)
2025-05-25 03:03:56   )
2025-05-25 03:03:56   split_proportion = 0.9
2025-05-25 03:03:56   batch_pad_sequences = False
2025-05-25 03:03:56   learning_rate = 0.01
2025-05-25 03:03:56   batch_size = 64
2025-05-25 03:03:56   max_epochs = 500
2025-05-25 03:03:56   early_stopping_patience = 20
2025-05-25 03:03:56   --- Creating loaders ---
2025-05-25 03:03:57   --- nvidia-smi output ---
2025-05-25 03:03:57   nvidia-smi cannot be run: Command 'nvidia-smi' returned non-zero exit status 18.
2025-05-25 03:03:57   --- Training start ---
2025-05-25 03:03:57   Start training using cuda device.
2025-05-25 03:03:57   Number of model parameters: 2401.
2025-05-25 03:03:57   Epoch   Train loss   Valid loss   Valid acc    F1-score        Lr   Best
2025-05-25 03:03:57   ------------------------------------------------------------------------
2025-05-25 03:03:58       1        0.702        0.703       0.372       0.000   0.00000      *
2025-05-25 03:03:59       2        0.647        0.639       0.756       0.824   0.00250      *
2025-05-25 03:03:59       3        0.545        0.527       0.746       0.822   0.00500      *
2025-05-25 03:03:59       4        0.494        0.469       0.767       0.821   0.00750      *
2025-05-25 03:04:00       5        0.493        0.469       0.772       0.809   0.01000       
2025-05-25 03:04:00       6        0.487        0.465       0.777       0.833   0.00990      *
2025-05-25 03:04:00       7        0.491        0.469       0.769       0.803   0.00980       
2025-05-25 03:04:01       8        0.480        0.458       0.777       0.828   0.00970      *
2025-05-25 03:04:01       9        0.484        0.462       0.782       0.818   0.00961       
2025-05-25 03:04:02      10        0.476        0.455       0.779       0.826   0.00951      *
2025-05-25 03:04:02      11        0.487        0.467       0.769       0.802   0.00941       
2025-05-25 03:04:02      12        0.475        0.454       0.785       0.834   0.00932      *
2025-05-25 03:04:03      13        0.478        0.458       0.777       0.813   0.00923       
2025-05-25 03:04:03      14        0.476        0.457       0.769       0.804   0.00914       
2025-05-25 03:04:03      15        0.467        0.450       0.787       0.827   0.00904      *
2025-05-25 03:04:04      16        0.472        0.457       0.782       0.836   0.00895       
2025-05-25 03:04:04      17        0.468        0.452       0.782       0.816   0.00886       
2025-05-25 03:04:04      18        0.466        0.449       0.792       0.842   0.00878      *
2025-05-25 03:04:05      19        0.456        0.443       0.810       0.848   0.00869      *
2025-05-25 03:04:05      20        0.453        0.443       0.808       0.843   0.00860       
2025-05-25 03:04:05      21        0.454        0.441       0.805       0.849   0.00851      *
2025-05-25 03:04:05      22        0.450        0.442       0.803       0.838   0.00843       
2025-05-25 03:04:06      23        0.450        0.443       0.805       0.849   0.00835       
2025-05-25 03:04:06      24        0.448        0.445       0.797       0.835   0.00826       
2025-05-25 03:04:06      25        0.440        0.435       0.805       0.847   0.00818      *
2025-05-25 03:04:06      26        0.439        0.432       0.818       0.856   0.00810      *
2025-05-25 03:04:07      27        0.437        0.435       0.805       0.842   0.00802       
2025-05-25 03:04:07      28        0.435        0.435       0.805       0.840   0.00794       
2025-05-25 03:04:07      29        0.432        0.434       0.805       0.842   0.00786       
2025-05-25 03:04:08      30        0.431        0.430       0.803       0.842   0.00778      *
2025-05-25 03:04:08      31        0.429        0.434       0.805       0.843   0.00770       
2025-05-25 03:04:08      32        0.429        0.435       0.808       0.843   0.00762       
2025-05-25 03:04:08      33        0.429        0.439       0.797       0.834   0.00755       
2025-05-25 03:04:09      34        0.426        0.438       0.808       0.842   0.00747       
2025-05-25 03:04:09      35        0.421        0.431       0.805       0.841   0.00740       
2025-05-25 03:04:09      36        0.420        0.429       0.800       0.840   0.00732      *
2025-05-25 03:04:09      37        0.421        0.429       0.805       0.846   0.00725      *
2025-05-25 03:04:10      38        0.418        0.428       0.805       0.842   0.00718      *
2025-05-25 03:04:10      39        0.416        0.433       0.808       0.844   0.00711       
2025-05-25 03:04:10      40        0.416        0.427       0.805       0.843   0.00703      *
2025-05-25 03:04:11      41        0.429        0.436       0.795       0.846   0.00696       
2025-05-25 03:04:11      42        0.412        0.426       0.803       0.839   0.00689      *
2025-05-25 03:04:11      43        0.414        0.430       0.800       0.835   0.00683       
2025-05-25 03:04:11      44        0.426        0.445       0.795       0.825   0.00676       
2025-05-25 03:04:12      45        0.410        0.429       0.795       0.835   0.00669       
2025-05-25 03:04:12      46        0.410        0.430       0.805       0.842   0.00662       
2025-05-25 03:04:12      47        0.412        0.433       0.810       0.843   0.00656       
2025-05-25 03:04:13      48        0.409        0.432       0.800       0.840   0.00649       
2025-05-25 03:04:13      49        0.405        0.429       0.803       0.841   0.00643       
2025-05-25 03:04:13      50        0.405        0.430       0.805       0.844   0.00636       
2025-05-25 03:04:13      51        0.404        0.428       0.808       0.847   0.00630       
2025-05-25 03:04:14      52        0.402        0.428       0.800       0.841   0.00624       
2025-05-25 03:04:14      53        0.399        0.424       0.805       0.842   0.00617      *
2025-05-25 03:04:14      54        0.398        0.431       0.797       0.836   0.00611       
2025-05-25 03:04:14      55        0.399        0.426       0.805       0.844   0.00605       
2025-05-25 03:04:15      56        0.398        0.427       0.815       0.849   0.00599       
2025-05-25 03:04:15      57        0.396        0.429       0.797       0.834   0.00593       
2025-05-25 03:04:15      58        0.400        0.427       0.813       0.853   0.00587       
2025-05-25 03:04:16      59        0.395        0.425       0.810       0.845   0.00581       
2025-05-25 03:04:16      60        0.400        0.433       0.803       0.845   0.00575       
2025-05-25 03:04:16      61        0.396        0.430       0.805       0.840   0.00570       
2025-05-25 03:04:16      62        0.396        0.431       0.810       0.845   0.00564       
2025-05-25 03:04:17      63        0.391        0.424       0.810       0.848   0.00558      *
2025-05-25 03:04:17      64        0.393        0.425       0.810       0.845   0.00553       
2025-05-25 03:04:17      65        0.390        0.420       0.813       0.849   0.00547      *
2025-05-25 03:04:18      66        0.395        0.439       0.797       0.831   0.00542       
2025-05-25 03:04:18      67        0.388        0.426       0.803       0.840   0.00536       
2025-05-25 03:04:18      68        0.389        0.424       0.805       0.846   0.00531       
2025-05-25 03:04:18      69        0.387        0.430       0.808       0.843   0.00526       
2025-05-25 03:04:19      70        0.392        0.428       0.808       0.848   0.00520       
2025-05-25 03:04:19      71        0.385        0.430       0.805       0.843   0.00515       
2025-05-25 03:04:19      72        0.384        0.426       0.808       0.843   0.00510       
2025-05-25 03:04:19      73        0.394        0.433       0.803       0.845   0.00505       
2025-05-25 03:04:20      74        0.382        0.429       0.810       0.846   0.00500       
2025-05-25 03:04:20      75        0.383        0.427       0.797       0.838   0.00495       
2025-05-25 03:04:20      76        0.384        0.426       0.803       0.841   0.00490       
2025-05-25 03:04:21      77        0.385        0.422       0.813       0.851   0.00485       
2025-05-25 03:04:21      78        0.382        0.428       0.808       0.843   0.00480       
2025-05-25 03:04:21      79        0.381        0.422       0.800       0.837   0.00475       
2025-05-25 03:04:21      80        0.381        0.429       0.808       0.842   0.00471       
2025-05-25 03:04:22      81        0.379        0.430       0.810       0.846   0.00466       
2025-05-25 03:04:22      82        0.380        0.422       0.805       0.846   0.00461       
2025-05-25 03:04:22      83        0.380        0.428       0.805       0.844   0.00457       
2025-05-25 03:04:23      84        0.378        0.422       0.808       0.847   0.00452       
2025-05-25 03:04:23      85        0.378        0.427       0.800       0.838   0.00448       
2025-05-25 03:04:23   --- Training ended ---
2025-05-25 03:04:23   Number of model parameters: 2401
2025-05-25 03:04:23   Training time: 0:00:26
2025-05-25 03:04:23   Best epoch: 65
2025-05-25 03:04:23   Best valid loss: 0.420
2025-05-25 03:04:23   Best valid accuracy (macro): 0.813
2025-05-25 03:04:23   Best F1 score: 0.849
