2025-05-24 20:58:10   --- Preprocessing base data ---
2025-05-24 20:58:10   Tokenizing real alignments...
2025-05-24 20:58:11   Removing sequences with ambiguous tokens...
2025-05-24 20:58:11   0/20290 sequences have been removed from 0/1497 alignements due to ambiguous sites.
2025-05-24 20:58:11   Tokenizing simulated alignments...
2025-05-24 20:58:11   Removing sequences with ambiguous tokens...
2025-05-24 20:58:11   0/17109 sequences have been removed from 0/2413 alignements due to ambiguous sites.
2025-05-24 20:58:11   Checking alignments...
2025-05-24 20:58:11   30 renamed keys in simulated aligns.
2025-05-24 20:58:11   Creating labels...
2025-05-24 20:58:11   Merging aligns and labels...
2025-05-24 20:58:11   Total number of alignments: 3910
2025-05-24 20:58:11   --- Start running LogisticRegressionClassifier ---
2025-05-24 20:58:12   --- End running LogisticRegressionClassifier ---
2025-05-24 20:58:12   --- Start running DenseMsaClassifier ---
2025-05-24 20:58:39   --- End running DenseMsaClassifier ---
2025-05-24 20:58:39   --- Start running DenseSiteClassifier ---
2025-05-24 20:59:11   --- End running DenseSiteClassifier ---
2025-05-24 20:59:11   --- Start running AACnnClassifier ---
2025-05-24 21:02:36   --- End running AACnnClassifier ---
